[logger] 2020-12-07T00:09:52.624Z POST /user/login?_t=1607299791529 200 584 - 779.466 ms
[logger] 2020-12-07T00:12:24.995Z POST /user/login?_t=1607299944547 200 584 - 121.419 ms
[logger] 2020-12-07T00:12:25.848Z GET /vue-element-admin/transaction/list?_t=1607299945528 404 173 - 3.201 ms
[logger] 2020-12-07T00:48:29.951Z GET /vue-element-admin/transaction/list?_t=1607302109698 404 173 - 0.716 ms
[logger] 2020-12-07T00:48:46.271Z POST /user/login?_t=1607302126178 200 584 - 83.090 ms
[logger] 2020-12-07T00:48:46.870Z GET /vue-element-admin/transaction/list?_t=1607302126397 404 173 - 0.475 ms
[logger] 2020-12-07T00:48:55.275Z GET /vue-element-admin/transaction/list?_t=1607302135057 404 173 - 0.713 ms
[logger] 2020-12-07T01:12:26.996Z GET /vue-element-admin/transaction/list?_t=1607303546525 404 173 - 0.985 ms
[logger] 2020-12-07T01:21:36.058Z GET /vue-element-admin/transaction/list?_t=1607304095837 404 173 - 1.176 ms
[logger] 2020-12-07T01:25:41.783Z GET /vue-element-admin/transaction/list?_t=1607304341551 404 173 - 0.409 ms
[logger] 2020-12-07T02:15:34.215Z POST /user/login?_t=1607307334106 200 584 - 85.484 ms
[logger] 2020-12-07T02:15:34.893Z GET /vue-element-admin/transaction/list?_t=1607307334711 404 173 - 0.764 ms
[logger] 2020-12-07T02:18:18.423Z GET /vue-element-admin/transaction/list?_t=1607307498414 404 173 - 0.592 ms
[logger] 2020-12-07T02:18:24.860Z GET /vue-element-admin/transaction/list?_t=1607307504315 404 173 - 0.393 ms
[logger] 2020-12-07T02:23:32.643Z GET /vue-element-admin/transaction/list?_t=1607307812181 404 173 - 0.989 ms
[logger] 2020-12-07T07:09:59.708Z POST /sys/dictMain/list?_t=1607324936551 - - - - ms
[logger] 2020-12-07T07:10:01.116Z POST /sys/dictMain/list?_t=1607325001079 200 308 - 10.257 ms
[logger] 2020-12-07T07:10:01.196Z POST /sys/dictionary/list?_t=1607325001182 200 349 - 6.528 ms
[logger] 2020-12-07T07:10:25.362Z POST /sys/dictMain/list?_t=1607325025325 200 308 - 3.646 ms
[logger] 2020-12-07T07:10:25.402Z POST /sys/dictionary/list?_t=1607325025392 200 349 - 3.137 ms
[logger] 2020-12-07T07:10:49.277Z POST /sys/dictionary/list?_t=1607325049266 200 319 - 2.293 ms
[logger] 2020-12-07T07:11:38.050Z POST /sys/dictMain/list?_t=1607325098034 200 308 - 1.983 ms
[logger] 2020-12-07T07:11:38.088Z POST /sys/dictionary/list?_t=1607325098080 200 349 - 2.595 ms
[logger] 2020-12-07T07:12:43.407Z POST /sys/dictMain/list?_t=1607325163377 200 308 - 3.773 ms
[logger] 2020-12-07T07:12:43.491Z POST /sys/dictionary/list?_t=1607325163481 200 349 - 4.218 ms
[logger] 2020-12-07T07:13:15.708Z POST /sys/dictMain/list?_t=1607325195223 200 308 - 3.475 ms
[logger] 2020-12-07T07:13:16.140Z POST /sys/dictionary/list?_t=1607325195855 200 349 - 3.712 ms
[logger] 2020-12-07T07:13:24.813Z POST /sys/dictMain/list?_t=1607325204778 200 308 - 3.270 ms
[logger] 2020-12-07T07:13:24.870Z POST /sys/dictionary/list?_t=1607325204861 200 349 - 2.052 ms
[logger] 2020-12-07T07:13:42.503Z POST /sys/dictMain/list?_t=1607325222473 200 308 - 2.422 ms
[logger] 2020-12-07T07:13:42.559Z POST /sys/dictionary/list?_t=1607325222551 200 349 - 2.904 ms
[logger] 2020-12-07T07:14:03.438Z POST /sys/dictMain/list?_t=1607325243390 200 308 - 4.125 ms
[logger] 2020-12-07T07:14:03.532Z POST /sys/dictionary/list?_t=1607325243521 200 349 - 3.321 ms
[logger] 2020-12-07T07:15:54.425Z POST /sys/dictMain/list?_t=1607325354411 200 308 - 1.672 ms
[logger] 2020-12-07T07:15:54.570Z POST /sys/dictionary/list?_t=1607325354418 200 349 - 1.686 ms
[logger] 2020-12-07T07:15:54.734Z POST /sys/dictionary/list?_t=1607325354489 200 349 - 1.537 ms
[logger] 2020-12-07T07:16:05.441Z POST /sys/dictMain/list?_t=1607325365382 200 308 - 2.552 ms
[logger] 2020-12-07T07:16:05.517Z POST /sys/dictionary/list?_t=1607325365506 200 349 - 3.195 ms
[logger] 2020-12-07T07:16:52.135Z POST /sys/dictMain/list?_t=1607325412118 200 308 - 1.821 ms
[logger] 2020-12-07T07:16:52.449Z POST /sys/dictionary/list?_t=1607325412126 200 349 - 1.770 ms
[logger] 2020-12-07T07:16:52.514Z POST /sys/dictionary/list?_t=1607325412206 200 349 - 1.502 ms
[logger] 2020-12-07T07:17:06.985Z POST /sys/dictMain/list?_t=1607325426972 200 308 - 1.484 ms
[logger] 2020-12-07T07:17:07.298Z POST /sys/dictionary/list?_t=1607325426979 200 349 - 2.180 ms
[logger] 2020-12-07T07:17:07.317Z POST /sys/dictionary/list?_t=1607325427005 200 349 - 4.379 ms
[logger] 2020-12-07T07:17:10.862Z POST /sys/dictMain/list?_t=1607325430828 200 308 - 3.002 ms
[logger] 2020-12-07T07:17:10.931Z POST /sys/dictionary/list?_t=1607325430924 200 349 - 1.639 ms
[logger] 2020-12-07T07:19:27.557Z POST /sys/dictMain/list?_t=1607325567526 200 308 - 3.063 ms
[logger] 2020-12-07T07:19:27.630Z POST /sys/dictionary/list?_t=1607325567620 200 349 - 4.002 ms
[logger] 2020-12-07T07:19:41.295Z POST /sys/dictMain/list?_t=1607325581254 200 308 - 3.587 ms
[logger] 2020-12-07T07:19:41.371Z POST /sys/dictionary/list?_t=1607325581362 200 349 - 2.138 ms
[logger] 2020-12-07T07:19:52.557Z POST /sys/dictMain/list?_t=1607325592234 200 308 - 3.148 ms
[logger] 2020-12-07T07:19:52.810Z POST /sys/dictionary/list?_t=1607325592576 200 349 - 4.230 ms
[logger] 2020-12-07T07:26:32.772Z POST /sys/dictMain/list?_t=1607325992756 200 308 - 1.852 ms
[logger] 2020-12-07T07:26:33.081Z POST /sys/dictionary/list?_t=1607325992764 200 349 - 1.377 ms
[logger] 2020-12-07T07:26:33.146Z POST /sys/dictionary/list?_t=1607325992837 200 349 - 2.227 ms
[logger] 2020-12-07T07:26:36.715Z POST /sys/dictMain/list?_t=1607325996698 200 308 - 1.921 ms
[logger] 2020-12-07T07:26:37.035Z POST /sys/dictionary/list?_t=1607325996706 200 349 - 3.086 ms
[logger] 2020-12-07T07:26:37.052Z POST /sys/dictionary/list?_t=1607325996739 200 349 - 3.916 ms
[logger] 2020-12-07T07:26:41.043Z POST /sys/dictMain/list?_t=1607326001018 200 308 - 2.282 ms
[logger] 2020-12-07T07:26:41.097Z POST /sys/dictionary/list?_t=1607326001091 200 349 - 1.466 ms
[logger] 2020-12-07T07:28:33.635Z POST /sys/dictMain/list?_t=1607326113604 200 308 - 2.054 ms
[logger] 2020-12-07T07:28:33.714Z POST /sys/dictionary/list?_t=1607326113705 200 349 - 4.253 ms
[logger] 2020-12-07T07:33:04.214Z POST /sys/dictMain/list?_t=1607326384177 200 308 - 2.703 ms
[logger] 2020-12-07T07:33:04.290Z POST /sys/dictionary/list?_t=1607326384281 200 349 - 3.067 ms
[logger] 2020-12-07T07:34:31.768Z POST /sys/dictMain/list?_t=1607326471718 200 308 - 2.059 ms
[logger] 2020-12-07T07:34:31.788Z POST /sys/dictionary/list?_t=1607326471783 200 349 - 1.229 ms
[logger] 2020-12-07T07:34:36.287Z POST /sys/dictMain/list?_t=1607326476107 200 308 - 1.598 ms
[logger] 2020-12-07T07:34:36.447Z POST /sys/dictionary/list?_t=1607326476438 200 349 - 2.275 ms
[logger] 2020-12-07T07:34:48.695Z POST /sys/dictMain/list?_t=1607326488649 200 308 - 2.778 ms
[logger] 2020-12-07T07:34:48.731Z POST /sys/dictionary/list?_t=1607326488721 200 349 - 2.148 ms
[logger] 2020-12-07T07:35:13.950Z POST /sys/dictMain/list?_t=1607326513924 200 308 - 2.036 ms
[logger] 2020-12-07T07:35:14.003Z POST /sys/dictionary/list?_t=1607326513994 200 349 - 3.226 ms
[logger] 2020-12-07T07:36:44.298Z POST /sys/dictMain/list?_t=1607326604261 200 308 - 2.620 ms
[logger] 2020-12-07T07:36:44.326Z POST /sys/dictionary/list?_t=1607326604318 200 349 - 2.731 ms
[logger] 2020-12-07T07:41:06.502Z POST /sys/dictMain/list?_t=1607326866410 200 308 - 3.311 ms
[logger] 2020-12-07T07:41:06.546Z POST /sys/dictionary/list?_t=1607326866540 200 349 - 1.405 ms
[logger] 2020-12-07T07:41:23.964Z POST /sys/dictMain/list?_t=1607326883937 200 308 - 2.850 ms
[logger] 2020-12-07T07:41:23.990Z POST /sys/dictionary/list?_t=1607326883983 200 349 - 2.052 ms
[logger] 2020-12-07T07:41:31.257Z POST /sys/dictMain/list?_t=1607326891234 200 308 - 2.332 ms
[logger] 2020-12-07T07:41:31.316Z POST /sys/dictionary/list?_t=1607326891305 200 349 - 2.075 ms
[logger] 2020-12-07T07:44:43.495Z POST /sys/dictMain/list?_t=1607327083457 200 308 - 2.464 ms
[logger] 2020-12-07T07:44:43.549Z POST /sys/dictionary/list?_t=1607327083540 200 349 - 2.200 ms
[logger] 2020-12-07T07:46:14.544Z POST /sys/dictMain/list?_t=1607327174502 200 308 - 4.770 ms
[logger] 2020-12-07T07:46:14.579Z POST /sys/dictionary/list?_t=1607327174570 200 349 - 2.288 ms
[logger] 2020-12-07T07:46:47.091Z POST /sys/dictMain/list?_t=1607327207049 200 308 - 1.438 ms
[logger] 2020-12-07T07:46:47.161Z POST /sys/dictionary/list?_t=1607327207152 200 349 - 2.283 ms
[logger] 2020-12-07T07:49:29.615Z POST /sys/dictMain/list?_t=1607327369574 200 308 - 2.459 ms
[logger] 2020-12-07T07:49:29.668Z POST /sys/dictionary/list?_t=1607327369659 200 349 - 2.042 ms
[logger] 2020-12-07T07:50:01.202Z POST /sys/dictMain/list?_t=1607327401149 200 308 - 4.192 ms
[logger] 2020-12-07T07:50:01.256Z POST /sys/dictionary/list?_t=1607327401242 200 349 - 2.537 ms
[logger] 2020-12-07T07:51:24.423Z POST /sys/dictionary/list?_t=1607327484102 200 349 - 1.519 ms
[logger] 2020-12-07T07:51:24.623Z POST /sys/dictionary/list?_t=1607327484313 200 349 - 2.301 ms
[logger] 2020-12-07T07:51:25.139Z POST /sys/dictionary/list?_t=1607327485127 200 349 - 3.453 ms
[logger] 2020-12-07T07:55:51.264Z POST /sys/dictMain/list?_t=1607327750972 200 308 - 2.478 ms
[logger] 2020-12-07T07:55:51.265Z POST /sys/dictionary/list?_t=1607327750981 200 349 - 2.332 ms
[logger] 2020-12-07T07:55:51.464Z POST /sys/dictionary/list?_t=1607327751313 200 349 - 2.417 ms
[logger] 2020-12-07T07:57:36.696Z POST /sys/dictMain/list?_t=1607327856661 200 308 - 2.443 ms
[logger] 2020-12-07T07:57:36.755Z POST /sys/dictionary/list?_t=1607327856749 200 349 - 1.751 ms
[logger] 2020-12-07T07:59:17.652Z POST /sys/dictMain/list?_t=1607327957611 200 308 - 2.134 ms
[logger] 2020-12-07T07:59:17.702Z POST /sys/dictionary/list?_t=1607327957692 200 349 - 3.283 ms
[logger] 2020-12-07T08:01:56.123Z POST /sys/dictMain/list?_t=1607328116028 200 308 - 1.463 ms
[logger] 2020-12-07T08:01:56.314Z POST /sys/dictionary/list?_t=1607328116166 200 349 - 1.466 ms
[logger] 2020-12-07T08:02:57.530Z POST /sys/dictMain/list?_t=1607328177467 200 308 - 1.989 ms
[logger] 2020-12-07T08:02:57.777Z POST /sys/dictionary/list?_t=1607328177593 200 349 - 1.206 ms
[logger] 2020-12-07T08:19:19.362Z POST /sys/dictMain/list?_t=1607329158959 200 308 - 2.553 ms
[logger] 2020-12-07T08:19:19.392Z POST /sys/dictionary/list?_t=1607329159386 200 349 - 1.423 ms
[logger] 2020-12-07T08:19:22.618Z POST /sys/dictMain/list?_t=1607329162581 200 308 - 2.083 ms
[logger] 2020-12-07T08:19:22.679Z POST /sys/dictionary/list?_t=1607329162671 200 349 - 2.069 ms
[logger] 2020-12-07T08:20:38.835Z POST /sys/dictMain/list?_t=1607329238801 200 308 - 1.818 ms
[logger] 2020-12-07T08:20:38.908Z POST /sys/dictionary/list?_t=1607329238901 200 349 - 1.367 ms
[logger] 2020-12-07T08:20:43.065Z POST /sys/dictMain/list?_t=1607329243037 200 308 - 1.378 ms
[logger] 2020-12-07T08:20:43.151Z POST /sys/dictionary/list?_t=1607329243144 200 349 - 1.772 ms
[logger] 2020-12-07T08:23:40.748Z POST /sys/dictMain/list?_t=1607329420662 200 308 - 1.768 ms
[logger] 2020-12-07T08:23:40.784Z POST /sys/dictionary/list?_t=1607329420777 200 349 - 2.260 ms
[logger] 2020-12-07T08:23:52.659Z POST /sys/dictMain/list?_t=1607329432616 200 308 - 2.385 ms
[logger] 2020-12-07T08:23:52.818Z POST /sys/dictionary/list?_t=1607329432808 200 349 - 3.457 ms
[logger] 2020-12-07T08:24:35.330Z POST /sys/dictMain/list?_t=1607329475280 200 308 - 2.658 ms
[logger] 2020-12-07T08:24:35.410Z POST /sys/dictionary/list?_t=1607329475403 200 349 - 1.847 ms
[logger] 2020-12-07T08:34:12.767Z POST /sys/dictMain/list?_t=1607330052742 200 308 - 2.606 ms
[logger] 2020-12-07T08:34:12.840Z POST /sys/dictionary/list?_t=1607330052833 200 349 - 1.705 ms
[logger] 2020-12-07T08:36:43.291Z POST /sys/dictMain/list?_t=1607330203260 200 308 - 2.567 ms
[logger] 2020-12-07T08:36:43.341Z POST /sys/dictionary/list?_t=1607330203334 200 349 - 2.078 ms
[logger] 2020-12-07T08:39:57.235Z POST /sys/dictMain/list?_t=1607330397197 200 308 - 2.541 ms
[logger] 2020-12-07T08:39:57.315Z POST /sys/dictionary/list?_t=1607330397307 200 349 - 2.222 ms
[logger] 2020-12-07T08:42:39.415Z POST /sys/dictionary/list?_t=1607330559097 200 319 - 2.450 ms
[logger] 2020-12-07T08:45:17.608Z POST /sys/dictMain/list?_t=1607330717574 200 308 - 2.461 ms
[logger] 2020-12-07T08:45:17.935Z POST /sys/dictionary/list?_t=1607330717626 200 349 - 1.598 ms
[logger] 2020-12-07T08:46:12.428Z POST /sys/dictMain/list?_t=1607330772388 200 308 - 3.269 ms
[logger] 2020-12-07T08:46:12.471Z POST /sys/dictionary/list?_t=1607330772464 200 349 - 1.625 ms
[logger] 2020-12-07T08:47:59.788Z POST /sys/dictMain/list?_t=1607330879750 200 308 - 1.942 ms
[logger] 2020-12-07T08:47:59.822Z POST /sys/dictionary/list?_t=1607330879813 200 349 - 1.290 ms
[logger] 2020-12-07T08:50:01.190Z POST /sys/dictMain/list?_t=1607331001150 200 308 - 2.091 ms
[logger] 2020-12-07T08:50:01.251Z POST /sys/dictionary/list?_t=1607331001243 200 349 - 2.088 ms
[logger] 2020-12-07T08:51:32.827Z POST /sys/dictMain/list?_t=1607331092786 200 308 - 2.658 ms
[logger] 2020-12-07T08:51:32.863Z POST /sys/dictionary/list?_t=1607331092857 200 349 - 1.305 ms
[logger] 2020-12-07T08:52:06.134Z POST /sys/dictMain/list?_t=1607331126070 200 308 - 3.532 ms
[logger] 2020-12-07T08:52:06.198Z POST /sys/dictionary/list?_t=1607331126189 200 349 - 2.149 ms
[logger] 2020-12-07T08:54:10.679Z POST /sys/dictMain/list?_t=1607331250536 200 308 - 2.118 ms
[logger] 2020-12-07T08:54:10.700Z POST /sys/dictionary/list?_t=1607331250692 200 349 - 1.372 ms
[logger] 2020-12-07T08:56:24.923Z POST /sys/dictMain/list?_t=1607331384767 200 308 - 1.874 ms
[logger] 2020-12-07T08:56:25.158Z POST /sys/dictionary/list?_t=1607331384985 200 349 - 1.234 ms
[logger] 2020-12-07T08:56:30.458Z POST /sys/dictMain/list?_t=1607331390444 200 308 - 1.472 ms
[logger] 2020-12-07T08:56:30.802Z POST /sys/dictionary/list?_t=1607331390490 200 349 - 1.976 ms
[logger] 2020-12-07T08:56:35.230Z POST /sys/dictMain/list?_t=1607331395191 200 308 - 3.270 ms
[logger] 2020-12-07T08:56:35.286Z POST /sys/dictionary/list?_t=1607331395278 200 349 - 2.349 ms
[logger] 2020-12-07T08:56:39.416Z POST /sys/dictMain/list?_t=1607331399403 200 308 - 1.153 ms
[logger] 2020-12-07T08:56:39.499Z POST /sys/dictionary/list?_t=1607331399491 200 349 - 1.611 ms
[logger] 2020-12-07T08:56:43.573Z POST /sys/dictMain/list?_t=1607331403541 200 308 - 1.821 ms
[logger] 2020-12-07T08:56:43.614Z POST /sys/dictionary/list?_t=1607331403606 200 349 - 1.859 ms
[logger] 2020-12-07T08:56:54.973Z POST /sys/dictionary/list?_t=1607331414662 200 319 - 1.981 ms
[logger] 2020-12-07T08:58:02.311Z POST /sys/dictMain/list?_t=1607331482287 200 308 - 1.861 ms
[logger] 2020-12-07T08:58:02.349Z POST /sys/dictionary/list?_t=1607331482337 200 349 - 3.708 ms
[logger] 2020-12-07T08:58:10.141Z POST /sys/dictMain/list?_t=1607331490112 200 308 - 3.048 ms
[logger] 2020-12-07T08:58:10.306Z POST /sys/dictionary/list?_t=1607331490297 200 349 - 2.955 ms
[logger] 2020-12-07T08:58:31.819Z POST /sys/dictMain/list?_t=1607331511803 200 308 - 1.411 ms
[logger] 2020-12-07T08:58:32.158Z POST /sys/dictionary/list?_t=1607331511851 200 349 - 1.345 ms
[logger] 2020-12-07T08:58:40.241Z POST /sys/dictMain/list?_t=1607331520219 200 308 - 1.273 ms
[logger] 2020-12-07T08:58:40.303Z POST /sys/dictionary/list?_t=1607331520294 200 349 - 1.771 ms
[logger] 2020-12-07T08:58:48.287Z POST /sys/dictMain/list?_t=1607331528265 200 308 - 1.552 ms
[logger] 2020-12-07T08:58:48.631Z POST /sys/dictionary/list?_t=1607331528317 200 349 - 4.548 ms
[logger] 2020-12-07T08:58:58.368Z POST /sys/dictMain/list?_t=1607331538350 200 308 - 1.690 ms
[logger] 2020-12-07T08:58:58.722Z POST /sys/dictionary/list?_t=1607331538408 200 349 - 2.749 ms
