[logger] 2021-05-26T00:55:47.082Z POST /product/search/list - - - - ms
[logger] 2021-05-26T00:56:37.869Z POST /product/search/list - - - - ms
[logger] 2021-05-26T00:56:48.172Z POST /product/search/list - - - - ms
[logger] 2021-05-26T00:57:27.882Z POST /product/search/list - - - - ms
[logger] 2021-05-26T00:57:59.545Z POST /product/search/list - - - - ms
[logger] 2021-05-26T00:58:26.558Z POST /product/search/list - - - - ms
[logger] 2021-05-26T00:58:37.461Z POST /product/search/list 200 69 - 56.775 ms
[logger] 2021-05-26T00:59:08.097Z POST /product/search/list - - - - ms
[logger] 2021-05-26T00:59:30.742Z POST /product/search/list - - - - ms
[logger] 2021-05-26T00:59:42.067Z POST /product/search/list - - - - ms
[logger] 2021-05-26T01:00:19.727Z POST /product/search/list 200 81 - 53.609 ms
[logger] 2021-05-26T01:00:41.018Z POST /product/search/list 200 81 - 34.893 ms
[logger] 2021-05-26T01:00:42.300Z POST /product/search/list 200 81 - 29.995 ms
[logger] 2021-05-26T01:00:50.569Z POST /product/search/list 200 81 - 142.663 ms
[logger] 2021-05-26T01:00:51.676Z POST /product/search/list 200 81 - 36.491 ms
[logger] 2021-05-26T01:00:52.951Z POST /product/search/list 200 81 - 28.687 ms
[logger] 2021-05-26T01:01:05.848Z POST /product/search/list 200 81 - 37.125 ms
[logger] 2021-05-26T01:01:57.084Z POST /product/search/list 200 81 - 27.542 ms
[logger] 2021-05-26T01:02:03.980Z POST /product/search/list 200 81 - 30.738 ms
[logger] 2021-05-26T01:02:05.495Z POST /product/search/list 200 81 - 28.833 ms
[logger] 2021-05-26T01:02:21.222Z POST /product/search/list 200 81 - 32.474 ms
[logger] 2021-05-26T01:02:25.297Z POST /product/search/list 200 81 - 32.720 ms
[logger] 2021-05-26T01:02:32.601Z POST /product/search/list 200 81 - 31.196 ms
[logger] 2021-05-26T01:03:10.478Z POST /product/search/list 200 81 - 29.459 ms
[logger] 2021-05-26T01:03:34.823Z POST /product/search/list 200 81 - 40.524 ms
[logger] 2021-05-26T01:04:38.081Z POST /product/search/list 200 81 - 27.928 ms
[logger] 2021-05-26T01:05:14.010Z POST /product/search/list 200 81 - 27.003 ms
[logger] 2021-05-26T01:05:22.622Z POST /product/search/creat 500 12 - 1.917 ms
[logger] 2021-05-26T01:06:10.877Z POST /product/search/list 200 81 - 27.890 ms
[logger] 2021-05-26T01:06:26.766Z POST /product/search/list 200 81 - 30.032 ms
[logger] 2021-05-26T01:06:37.997Z POST /product/search/creat 500 12 - 0.958 ms
[logger] 2021-05-26T01:07:06.098Z POST /product/search/creat 500 12 - 14.177 ms
[logger] 2021-05-26T01:07:38.823Z POST /product/search/creat 500 12 - 44.599 ms
[logger] 2021-05-26T01:07:59.128Z POST /product/search/creat - - - - ms
[logger] 2021-05-26T01:09:40.335Z POST /product/search/creat - - - - ms
[logger] 2021-05-26T01:10:37.612Z POST /product/search/creat - - - - ms
[logger] 2021-05-26T01:17:11.437Z POST /product/search/creat - - - - ms
[logger] 2021-05-26T01:37:22.810Z POST /product/search/creat - - - - ms
[logger] 2021-05-26T01:38:07.500Z POST /product/search/creat 200 61 - 101.723 ms
[logger] 2021-05-26T01:38:57.588Z POST /product/search/creat 200 61 - 70.683 ms
[logger] 2021-05-26T01:39:53.841Z POST /product/search/creat 200 61 - 62.394 ms
[logger] 2021-05-26T01:40:16.026Z POST /product/search/creat 200 61 - 48.757 ms
[logger] 2021-05-26T01:40:44.246Z POST /product/search/creat 200 61 - 46.233 ms
[logger] 2021-05-26T01:40:52.611Z POST /product/search/creat 200 61 - 33.754 ms
[logger] 2021-05-26T01:41:05.979Z POST /product/search/creat 200 58 - 165.981 ms
[logger] 2021-05-26T01:41:26.388Z POST /product/search/creat 200 61 - 42.531 ms
[logger] 2021-05-26T01:41:42.073Z POST /product/search/creat 200 58 - 73.094 ms
[logger] 2021-05-26T01:54:09.888Z POST /product/search/list - - - - ms
[logger] 2021-05-26T01:54:10.785Z POST /product/search/list 200 655 - 31.430 ms
[logger] 2021-05-26T01:55:48.770Z POST /product/search/list 200 507 - 57.916 ms
[logger] 2021-05-26T01:56:27.626Z POST /product/search/list 200 507 - 34.541 ms
[logger] 2021-05-26T01:56:31.112Z POST /product/search/creat 200 58 - 77.639 ms
[logger] 2021-05-26T01:56:42.622Z POST /product/search/list 200 613 - 33.585 ms
[logger] 2021-05-26T01:56:48.921Z POST /product/search/list 200 613 - 33.965 ms
[logger] 2021-05-26T01:56:51.051Z POST /product/search/creat 200 61 - 46.082 ms
[logger] 2021-05-26T01:57:26.532Z POST /product/search/creat 200 61 - 52.388 ms
[logger] 2021-05-26T01:57:40.870Z POST /product/search/creat 200 58 - 55.544 ms
[logger] 2021-05-26T02:02:30.036Z POST /product/search/creat 200 58 - 79.503 ms
[logger] 2021-05-26T02:03:04.296Z POST /product/search/list 200 613 - 51.828 ms
[logger] 2021-05-26T02:03:25.231Z POST /product/search/creat 200 58 - 53.858 ms
[logger] 2021-05-26T02:03:33.265Z POST /product/search/list 200 613 - 28.121 ms
[logger] 2021-05-26T02:04:00.009Z POST /product/search/list 200 613 - 71.964 ms
[logger] 2021-05-26T02:04:08.009Z POST /product/search/creat 200 58 - 84.961 ms
[logger] 2021-05-26T02:04:10.937Z POST /product/search/list 200 613 - 40.712 ms
[logger] 2021-05-26T02:07:40.410Z POST /product/search/creat 200 58 - 78.678 ms
[logger] 2021-05-26T02:08:36.959Z POST /product/search/creat 200 58 - 85.003 ms
[logger] 2021-05-26T02:10:23.285Z POST /product/search/creat 200 58 - 73.443 ms
[logger] 2021-05-26T02:26:54.728Z POST /product/search/creat - - - - ms
[logger] 2021-05-26T02:29:10.029Z POST /product/search/creat - - - - ms
[logger] 2021-05-26T02:29:37.504Z POST /product/search/creat - - - - ms
[logger] 2021-05-26T02:29:57.113Z POST /product/search/creat - - - - ms
[logger] 2021-05-26T02:32:54.426Z POST /product/search/creat 200 58 - 108.714 ms
[logger] 2021-05-26T02:33:19.709Z POST /product/search/list 200 707 - 44.908 ms
[logger] 2021-05-26T02:33:22.826Z POST /product/search/creat 200 58 - 92.418 ms
[logger] 2021-05-26T02:33:25.848Z POST /product/search/list 200 716 - 48.469 ms
[logger] 2021-05-26T02:34:16.662Z POST /product/search/list 200 81 - 41.967 ms
[logger] 2021-05-26T02:34:26.765Z POST /product/search/creat 200 58 - 209.529 ms
[logger] 2021-05-26T02:34:31.572Z POST /product/search/list 200 210 - 50.458 ms
[logger] 2021-05-26T02:34:40.690Z POST /product/search/creat 200 58 - 94.921 ms
[logger] 2021-05-26T02:34:43.815Z POST /product/search/list 200 342 - 50.069 ms
[logger] 2021-05-26T02:42:37.090Z POST /product/search/list 200 342 - 54.271 ms
[logger] 2021-05-26T02:42:46.502Z POST /product/search/list 200 342 - 28.851 ms
[logger] 2021-05-26T02:42:48.773Z POST /product/search/list 200 342 - 32.380 ms
[logger] 2021-05-26T02:43:26.053Z POST /product/search/list 200 342 - 27.827 ms
[logger] 2021-05-26T02:43:48.306Z POST /product/search/list 200 342 - 27.848 ms
[logger] 2021-05-26T02:45:20.917Z POST /product/search/list 200 342 - 27.604 ms
[logger] 2021-05-26T02:45:47.416Z POST /product/search/list 200 342 - 29.727 ms
[logger] 2021-05-26T02:46:23.933Z POST /product/search/list 200 342 - 32.688 ms
[logger] 2021-05-26T02:46:30.674Z POST /product/search/list 200 342 - 32.354 ms
[logger] 2021-05-26T02:46:34.545Z POST /product/search/list 200 342 - 27.943 ms
[logger] 2021-05-26T02:46:44.038Z POST /product/search/list 200 342 - 28.715 ms
[logger] 2021-05-26T02:48:13.548Z POST /product/search/list 200 342 - 28.605 ms
[logger] 2021-05-26T02:48:29.931Z POST /product/search/list 200 342 - 32.704 ms
[logger] 2021-05-26T02:48:50.114Z POST /product/search/list 200 342 - 29.390 ms
[logger] 2021-05-26T02:49:48.335Z POST /product/search/list 200 342 - 27.516 ms
[logger] 2021-05-26T02:49:51.219Z POST /product/search/list 200 342 - 29.566 ms
[logger] 2021-05-26T02:49:52.242Z POST /product/search/list 200 342 - 30.365 ms
[logger] 2021-05-26T02:50:02.363Z POST /product/search/list 200 342 - 29.062 ms
[logger] 2021-05-26T02:50:25.744Z POST /product/search/list 200 342 - 29.893 ms
[logger] 2021-05-26T02:51:17.073Z POST /product/search/list 200 342 - 27.787 ms
[logger] 2021-05-26T02:51:38.213Z POST /product/search/list 200 342 - 27.510 ms
[logger] 2021-05-26T02:51:47.947Z POST /product/search/list 200 342 - 27.332 ms
[logger] 2021-05-26T02:52:07.486Z POST /product/search/clear - - - - ms
[logger] 2021-05-26T02:53:47.869Z POST /product/search/clear 200 58 - 83.828 ms
[logger] 2021-05-26T02:54:39.536Z POST /product/search/list 200 81 - 34.869 ms
[logger] 2021-05-26T02:54:45.030Z POST /product/search/creat 200 58 - 73.311 ms
[logger] 2021-05-26T02:54:47.788Z POST /product/search/list 200 210 - 31.878 ms
[logger] 2021-05-26T02:54:50.210Z POST /product/search/clear 200 58 - 35.865 ms
[logger] 2021-05-26T02:55:00.808Z POST /product/search/creat 200 58 - 65.533 ms
[logger] 2021-05-26T02:56:09.792Z POST /product/search/list 200 210 - 35.262 ms
[logger] 2021-05-26T02:57:51.539Z POST /product/search/list 200 210 - 59.534 ms
[logger] 2021-05-26T02:57:53.480Z POST /product/search/creat 200 58 - 94.993 ms
[logger] 2021-05-26T02:57:57.554Z POST /product/search/list 200 345 - 37.919 ms
[logger] 2021-05-26T02:59:19.211Z POST /product/search/creat 200 58 - 86.193 ms
[logger] 2021-05-26T02:59:24.189Z POST /product/search/creat 200 58 - 76.730 ms
[logger] 2021-05-26T02:59:25.788Z POST /product/search/creat 200 58 - 66.703 ms
[logger] 2021-05-26T02:59:28.194Z POST /product/search/list 200 345 - 32.595 ms
[logger] 2021-05-26T03:32:17.351Z POST /search/list 404 151 - 23.284 ms
[logger] 2021-05-26T03:32:40.738Z POST /search/list 404 151 - 0.597 ms
[logger] 2021-05-26T03:32:42.611Z POST /product/search/list 404 159 - 0.939 ms
[logger] 2021-05-26T03:32:47.802Z POST /search/history/list 200 345 - 30.308 ms
[logger] 2021-05-26T05:42:44.676Z POST /search/history/list 200 345 - 48.700 ms
[logger] 2021-05-26T05:43:19.731Z POST /search/history/list 200 345 - 30.678 ms
[logger] 2021-05-26T05:43:41.119Z POST /search/history/list 200 345 - 27.722 ms
[logger] 2021-05-26T05:47:47.963Z POST /search/history/list 200 345 - 28.665 ms
[logger] 2021-05-26T05:59:45.941Z POST /search/history/list 200 345 - 48.924 ms
[logger] 2021-05-26T05:59:47.416Z POST /search/history/list 200 345 - 26.833 ms
[logger] 2021-05-26T05:59:53.884Z POST /search/history/list 200 345 - 27.216 ms
[logger] 2021-05-26T05:59:56.778Z POST /search/history/list 200 345 - 28.244 ms
[logger] 2021-05-26T05:59:58.404Z POST /search/history/list 200 345 - 28.178 ms
[logger] 2021-05-26T06:00:33.529Z POST /search/history/list 200 345 - 32.734 ms
[logger] 2021-05-26T06:00:37.562Z POST /search/history/list 200 345 - 27.695 ms
[logger] 2021-05-26T06:00:49.432Z POST /search/history/list 200 345 - 28.814 ms
[logger] 2021-05-26T06:01:00.989Z POST /search/history/list 200 345 - 39.804 ms
[logger] 2021-05-26T06:01:04.104Z POST /search/history/list 200 345 - 30.784 ms
[logger] 2021-05-26T06:01:40.517Z POST /search/history/list 200 345 - 30.311 ms
[logger] 2021-05-26T06:01:53.964Z POST /product/productBySearch - - - - ms
[logger] 2021-05-26T06:02:58.635Z POST /product/productBySearch 200 10644 - 100.756 ms
[logger] 2021-05-26T06:02:58.755Z POST /product/productBySearch 200 10644 - 56.989 ms
[logger] 2021-05-26T06:03:09.680Z POST /product/productBySearch 200 10644 - 56.894 ms
[logger] 2021-05-26T06:15:27.872Z POST /product/productBySearch 200 91 - 83.159 ms
[logger] 2021-05-26T06:15:37.189Z POST /product/productBySearch 200 10644 - 95.772 ms
[logger] 2021-05-26T06:15:40.060Z POST /product/productBySearch 200 10644 - 69.497 ms
[logger] 2021-05-26T06:16:00.065Z POST /search/history/list 200 345 - 31.726 ms
[logger] 2021-05-26T06:16:06.024Z POST /search/history/list 200 345 - 34.311 ms
[logger] 2021-05-26T06:18:16.566Z POST /search/history/list 200 345 - 31.221 ms
[logger] 2021-05-26T06:18:50.371Z POST /search/history/list 200 345 - 54.910 ms
[logger] 2021-05-26T06:18:55.824Z POST /search/history/list 200 345 - 41.648 ms
[logger] 2021-05-26T06:19:14.802Z POST /search/history/list 200 345 - 33.653 ms
[logger] 2021-05-26T06:19:20.044Z POST /product/productBySearch 200 10644 - 63.548 ms
[logger] 2021-05-26T06:20:25.206Z POST /search/history/list 200 345 - 30.975 ms
[logger] 2021-05-26T06:20:34.936Z POST /product/productBySearch 200 10644 - 129.588 ms
[logger] 2021-05-26T06:20:58.384Z POST /search/history/list 200 345 - 54.795 ms
[logger] 2021-05-26T06:21:11.273Z POST /product/productBySearch 200 10644 - 91.370 ms
[logger] 2021-05-26T06:22:00.845Z POST /search/history/list 200 345 - 78.494 ms
[logger] 2021-05-26T06:22:09.490Z POST /product/productBySearch 200 10644 - 87.029 ms
[logger] 2021-05-26T06:24:01.792Z POST /search/history/list 200 345 - 41.685 ms
[logger] 2021-05-26T06:24:07.127Z POST /product/productBySearch 200 10644 - 98.751 ms
[logger] 2021-05-26T06:24:22.375Z POST /search/history/list 200 345 - 34.481 ms
[logger] 2021-05-26T06:24:25.831Z POST /product/productBySearch 200 10644 - 94.901 ms
[logger] 2021-05-26T06:27:12.764Z POST /search/history/list 200 345 - 44.336 ms
[logger] 2021-05-26T06:27:15.779Z POST /product/productBySearch 200 10644 - 270.737 ms
[logger] 2021-05-26T06:32:01.766Z POST /search/history/list 200 345 - 33.187 ms
[logger] 2021-05-26T06:32:04.279Z POST /search/history/list 200 345 - 37.018 ms
[logger] 2021-05-26T06:32:10.572Z POST /product/productBySearch 200 10644 - 77.920 ms
[logger] 2021-05-26T06:38:16.967Z POST /product/productBySearch 200 10644 - 214.421 ms
[logger] 2021-05-26T06:38:43.654Z POST /search/history/list 200 345 - 184.211 ms
[logger] 2021-05-26T06:38:47.288Z POST /product/productBySearch 200 10644 - 183.396 ms
[logger] 2021-05-26T06:40:10.481Z POST /search/history/list 200 345 - 83.006 ms
[logger] 2021-05-26T06:40:15.855Z POST /product/productBySearch 200 10644 - 145.008 ms
[logger] 2021-05-26T06:40:29.915Z POST /search/history/list 200 345 - 39.438 ms
[logger] 2021-05-26T06:40:33.824Z POST /product/productBySearch 200 91 - 86.692 ms
[logger] 2021-05-26T06:40:36.340Z POST /product/productBySearch 200 10644 - 96.045 ms
[logger] 2021-05-26T06:40:42.176Z POST /product/productBySearch 200 91 - 84.964 ms
[logger] 2021-05-26T06:40:44.475Z POST /product/productBySearch 200 91 - 96.745 ms
[logger] 2021-05-26T06:40:48.878Z POST /product/productBySearch 200 91 - 97.124 ms
[logger] 2021-05-26T06:40:49.041Z POST /product/productBySearch 200 10644 - 89.745 ms
[logger] 2021-05-26T06:40:51.543Z POST /product/productBySearch 200 10644 - 103.099 ms
[logger] 2021-05-26T06:40:55.144Z POST /product/productBySearch 200 10644 - 114.258 ms
[logger] 2021-05-26T06:40:55.293Z POST /product/productBySearch 200 10644 - 121.238 ms
[logger] 2021-05-26T06:41:00.185Z POST /product/productBySearch 200 10644 - 147.148 ms
[logger] 2021-05-26T06:41:18.200Z POST /search/history/list 200 345 - 237.283 ms
[logger] 2021-05-26T06:41:21.629Z POST /product/productBySearch 200 10644 - 111.821 ms
[logger] 2021-05-26T06:42:00.896Z POST /search/history/list 200 345 - 40.041 ms
[logger] 2021-05-26T06:42:18.859Z POST /search/history/list 200 345 - 43.766 ms
[logger] 2021-05-26T06:42:27.184Z POST /search/history/list 200 345 - 46.011 ms
[logger] 2021-05-26T06:42:30.517Z POST /product/productBySearch 200 91 - 92.550 ms
[logger] 2021-05-26T06:42:33.183Z POST /product/productBySearch 200 91 - 81.891 ms
[logger] 2021-05-26T06:42:41.557Z POST /product/productBySearch 200 91 - 105.325 ms
[logger] 2021-05-26T06:42:41.721Z POST /product/productBySearch 200 10644 - 136.335 ms
[logger] 2021-05-26T06:42:43.853Z POST /product/productBySearch 200 10644 - 101.490 ms
[logger] 2021-05-26T06:42:59.564Z POST /search/history/list 200 345 - 55.989 ms
[logger] 2021-05-26T06:43:07.666Z POST /search/history/list 200 345 - 44.644 ms
[logger] 2021-05-26T06:43:12.967Z POST /product/productBySearch 200 10644 - 107.503 ms
[logger] 2021-05-26T06:43:24.756Z POST /search/history/list 200 345 - 40.445 ms
[logger] 2021-05-26T06:43:27.903Z POST /search/history/list 200 345 - 40.326 ms
[logger] 2021-05-26T06:43:49.415Z POST /search/history/list 200 345 - 40.274 ms
[logger] 2021-05-26T06:43:52.359Z POST /product/productBySearch 200 10644 - 87.629 ms
[logger] 2021-05-26T06:44:05.376Z POST /search/history/list 200 345 - 39.601 ms
[logger] 2021-05-26T06:44:21.372Z POST /search/history/list 200 345 - 42.807 ms
[logger] 2021-05-26T06:44:28.797Z POST /search/history/list 200 345 - 107.948 ms
[logger] 2021-05-26T06:44:33.820Z POST /product/productBySearch 200 10644 - 146.217 ms
[logger] 2021-05-26T06:44:45.576Z POST /search/history/list 200 345 - 50.482 ms
[logger] 2021-05-26T06:44:48.011Z POST /search/history/list 200 345 - 51.406 ms
[logger] 2021-05-26T06:44:50.674Z POST /search/history/list 200 345 - 59.165 ms
[logger] 2021-05-26T06:44:54.397Z POST /search/history/list 200 345 - 70.618 ms
[logger] 2021-05-26T06:44:57.621Z POST /product/productBySearch 200 10644 - 133.897 ms
[logger] 2021-05-26T06:45:15.340Z POST /search/history/list 200 345 - 44.753 ms
[logger] 2021-05-26T06:45:18.052Z POST /product/productBySearch 200 10644 - 87.401 ms
[logger] 2021-05-26T06:45:51.807Z POST /search/history/list 200 345 - 69.820 ms
[logger] 2021-05-26T06:46:04.593Z POST /product/productBySearch 200 10644 - 92.304 ms
[logger] 2021-05-26T06:46:53.538Z POST /search/history/list 200 345 - 50.638 ms
[logger] 2021-05-26T06:47:01.352Z POST /product/productBySearch 200 10644 - 126.800 ms
[logger] 2021-05-26T06:49:30.686Z POST /search/history/list 200 345 - 40.718 ms
[logger] 2021-05-26T06:49:34.133Z POST /product/productBySearch 200 10644 - 115.195 ms
[logger] 2021-05-26T06:49:59.558Z POST /search/history/list 200 345 - 43.875 ms
[logger] 2021-05-26T06:50:03.872Z POST /product/productBySearch 200 10644 - 84.642 ms
[logger] 2021-05-26T06:50:05.536Z POST /product/productBySearch 200 10644 - 88.559 ms
[logger] 2021-05-26T06:50:40.465Z POST /search/history/list 200 345 - 48.819 ms
[logger] 2021-05-26T06:50:43.690Z POST /product/productBySearch 200 10644 - 92.224 ms
[logger] 2021-05-26T06:56:57.935Z POST /product/productBySearch 200 10644 - 155.117 ms
[logger] 2021-05-26T06:59:22.772Z POST /search/history/list 200 345 - 33.638 ms
[logger] 2021-05-26T06:59:28.092Z POST /product/productBySearch 200 10644 - 98.998 ms
[logger] 2021-05-26T06:59:56.777Z POST /search/history/list 200 345 - 50.152 ms
[logger] 2021-05-26T07:00:01.125Z POST /product/productBySearch 200 10644 - 177.518 ms
[logger] 2021-05-26T07:01:38.307Z POST /search/history/list 200 345 - 95.328 ms
[logger] 2021-05-26T07:01:40.769Z POST /search/history/list 200 345 - 40.299 ms
[logger] 2021-05-26T07:01:47.216Z POST /product/productBySearch 200 10644 - 85.407 ms
[logger] 2021-05-26T07:02:23.418Z POST /search/history/list 200 345 - 30.716 ms
[logger] 2021-05-26T07:03:07.677Z POST /search/history/list 200 345 - 64.518 ms
[logger] 2021-05-26T07:03:22.063Z POST /search/history/list 200 345 - 56.015 ms
[logger] 2021-05-26T07:03:25.877Z POST /product/productBySearch 200 10644 - 110.289 ms
[logger] 2021-05-26T07:03:47.680Z POST /search/history/list 200 345 - 28.779 ms
[logger] 2021-05-26T07:04:13.804Z POST /search/history/list 200 345 - 27.721 ms
[logger] 2021-05-26T07:04:21.486Z POST /search/history/list 200 345 - 29.279 ms
[logger] 2021-05-26T07:04:25.210Z POST /product/productBySearch 200 10644 - 58.467 ms
[logger] 2021-05-26T07:04:48.597Z POST /search/history/list 200 345 - 40.836 ms
[logger] 2021-05-26T07:04:52.194Z POST /product/productBySearch 200 10644 - 91.728 ms
[logger] 2021-05-26T07:04:54.291Z POST /product/productBySearch 200 10644 - 71.581 ms
[logger] 2021-05-26T07:05:17.866Z POST /search/history/list 200 345 - 40.163 ms
[logger] 2021-05-26T07:05:19.800Z POST /product/productBySearch 200 91 - 74.434 ms
[logger] 2021-05-26T07:05:20.849Z POST /product/productBySearch 200 91 - 143.483 ms
[logger] 2021-05-26T07:05:21.336Z POST /product/productBySearch 200 91 - 113.588 ms
[logger] 2021-05-26T07:05:21.464Z POST /product/productBySearch 200 91 - 95.807 ms
[logger] 2021-05-26T07:05:21.612Z POST /product/productBySearch 200 91 - 92.338 ms
[logger] 2021-05-26T07:05:21.705Z POST /product/productBySearch 200 91 - 64.491 ms
[logger] 2021-05-26T07:05:22.184Z POST /product/productBySearch 200 10644 - 65.386 ms
[logger] 2021-05-26T07:05:23.666Z POST /product/productBySearch 200 91 - 64.796 ms
[logger] 2021-05-26T07:05:23.905Z POST /product/productBySearch 200 91 - 58.863 ms
[logger] 2021-05-26T07:05:24.444Z POST /product/productBySearch 200 91 - 65.712 ms
[logger] 2021-05-26T07:05:24.759Z POST /product/productBySearch 200 91 - 72.995 ms
[logger] 2021-05-26T07:05:24.973Z POST /product/productBySearch 200 91 - 83.129 ms
[logger] 2021-05-26T07:05:25.060Z POST /product/productBySearch 200 91 - 59.551 ms
[logger] 2021-05-26T07:05:26.765Z POST /product/productBySearch 200 91 - 60.824 ms
[logger] 2021-05-26T07:05:26.956Z POST /product/productBySearch 200 91 - 76.319 ms
[logger] 2021-05-26T07:05:27.106Z POST /product/productBySearch 200 91 - 79.878 ms
[logger] 2021-05-26T07:05:27.515Z POST /product/productBySearch 200 10644 - 89.247 ms
[logger] 2021-05-26T07:05:28.472Z POST /product/productBySearch 200 91 - 75.257 ms
[logger] 2021-05-26T07:05:28.669Z POST /product/productBySearch 200 91 - 67.939 ms
[logger] 2021-05-26T07:05:28.862Z POST /product/productBySearch 200 91 - 55.263 ms
[logger] 2021-05-26T07:05:28.996Z POST /product/productBySearch 200 91 - 61.185 ms
[logger] 2021-05-26T07:05:29.589Z POST /product/productBySearch 200 91 - 507.031 ms
[logger] 2021-05-26T07:05:29.761Z POST /product/productBySearch 200 91 - 467.419 ms
[logger] 2021-05-26T07:05:29.800Z POST /product/productBySearch 200 91 - 448.697 ms
[logger] 2021-05-26T07:05:29.830Z POST /product/productBySearch 200 91 - 211.920 ms
[logger] 2021-05-26T07:05:30.364Z POST /product/productBySearch 200 91 - 62.422 ms
[logger] 2021-05-26T07:05:30.898Z POST /product/productBySearch 200 91 - 101.065 ms
[logger] 2021-05-26T07:05:30.959Z POST /product/productBySearch 200 91 - 142.653 ms
[logger] 2021-05-26T07:05:31.054Z POST /product/productBySearch 200 91 - 211.669 ms
[logger] 2021-05-26T07:05:31.180Z POST /product/productBySearch 200 91 - 306.449 ms
[logger] 2021-05-26T07:05:31.219Z POST /product/productBySearch 200 91 - 315.619 ms
[logger] 2021-05-26T07:05:31.250Z POST /product/productBySearch 200 91 - 316.916 ms
[logger] 2021-05-26T07:05:31.283Z POST /product/productBySearch 200 10644 - 306.232 ms
[logger] 2021-05-26T07:05:32.941Z POST /product/productBySearch 200 10644 - 92.861 ms
[logger] 2021-05-26T07:06:18.290Z POST /search/history/list 200 345 - 34.010 ms
[logger] 2021-05-26T07:06:21.408Z POST /product/productBySearch 200 10644 - 69.156 ms
[logger] 2021-05-26T07:06:42.071Z POST /product/productBySearch 200 9838 - 61.561 ms
[logger] 2021-05-26T07:06:55.288Z POST /product/productBySearch 200 91 - 108.283 ms
[logger] 2021-05-26T07:07:25.384Z POST /search/history/list 200 345 - 52.210 ms
[logger] 2021-05-26T07:07:30.672Z POST /search/history/list 200 345 - 56.729 ms
[logger] 2021-05-26T07:07:35.347Z POST /product/productBySearch 200 10644 - 631.647 ms
[logger] 2021-05-26T07:07:40.413Z POST /product/productBySearch 200 91 - 61.581 ms
[logger] 2021-05-26T07:07:45.510Z POST /search/history/creat 200 58 - 121.597 ms
[logger] 2021-05-26T07:07:49.207Z POST /search/history/list 200 480 - 44.273 ms
[logger] 2021-05-26T07:07:52.344Z POST /product/productBySearch 200 10644 - 280.992 ms
[logger] 2021-05-26T07:07:53.335Z POST /product/productBySearch 200 10644 - 110.527 ms
[logger] 2021-05-26T07:07:53.758Z POST /product/productBySearch 200 10644 - 118.135 ms
[logger] 2021-05-26T07:07:57.123Z POST /product/productBySearch 200 10644 - 806.635 ms
[logger] 2021-05-26T07:07:57.966Z POST /product/productBySearch 200 10644 - 116.138 ms
[logger] 2021-05-26T07:08:40.063Z POST /search/history/list 200 480 - 31.863 ms
[logger] 2021-05-26T07:08:42.987Z POST /product/productBySearch 200 10644 - 61.854 ms
[logger] 2021-05-26T07:10:44.524Z POST /search/history/list 200 480 - 34.631 ms
[logger] 2021-05-26T07:10:50.644Z POST /product/productBySearch 200 10644 - 89.347 ms
[logger] 2021-05-26T07:10:59.327Z POST /search/history/list 200 480 - 48.346 ms
[logger] 2021-05-26T07:11:45.610Z POST /search/history/list 200 480 - 68.434 ms
[logger] 2021-05-26T07:11:49.412Z POST /product/productBySearch 200 10644 - 100.045 ms
[logger] 2021-05-26T07:11:57.548Z POST /search/history/list 200 480 - 50.408 ms
[logger] 2021-05-26T07:12:00.598Z POST /product/productBySearch 200 10644 - 67.218 ms
[logger] 2021-05-26T07:12:53.336Z POST /search/history/list 200 480 - 31.272 ms
[logger] 2021-05-26T07:13:15.015Z POST /search/history/list 200 480 - 31.144 ms
[logger] 2021-05-26T07:14:25.509Z POST /search/history/list 200 480 - 44.504 ms
[logger] 2021-05-26T07:15:12.438Z POST /search/history/list 200 480 - 27.074 ms
[logger] 2021-05-26T07:15:13.903Z POST /search/history/list 200 480 - 29.592 ms
[logger] 2021-05-26T07:15:22.281Z POST /search/history/list 200 480 - 27.780 ms
[logger] 2021-05-26T07:15:23.614Z POST /search/history/list 200 480 - 28.134 ms
[logger] 2021-05-26T07:15:43.150Z POST /search/history/list 200 480 - 29.818 ms
[logger] 2021-05-26T07:16:25.864Z POST /search/history/list 200 480 - 31.497 ms
[logger] 2021-05-26T07:16:30.704Z POST /search/history/list 200 480 - 31.853 ms
[logger] 2021-05-26T07:16:35.851Z POST /product/productBySearch 200 10644 - 63.974 ms
[logger] 2021-05-26T07:16:38.183Z POST /search/history/creat 200 58 - 77.408 ms
[logger] 2021-05-26T07:16:43.915Z POST /search/history/list 200 615 - 42.156 ms
[logger] 2021-05-26T07:18:15.984Z POST /search/history/list 200 615 - 32.600 ms
[logger] 2021-05-26T07:19:41.742Z POST /search/history/list 200 615 - 28.641 ms
[logger] 2021-05-26T07:19:45.337Z POST /product/productBySearch 200 10644 - 102.321 ms
[logger] 2021-05-26T07:19:47.102Z POST /product/productBySearch 200 10644 - 96.713 ms
[logger] 2021-05-26T07:21:51.570Z POST /search/history/list 200 615 - 30.684 ms
[logger] 2021-05-26T07:22:24.635Z POST /search/history/list 200 615 - 35.372 ms
[logger] 2021-05-26T07:26:58.744Z POST /search/history/list 200 615 - 31.803 ms
[logger] 2021-05-26T07:27:29.244Z POST /search/history/list 200 615 - 52.228 ms
[logger] 2021-05-26T07:27:37.976Z POST /search/history/list 200 615 - 56.172 ms
[logger] 2021-05-26T07:29:29.409Z POST /search/history/list 200 615 - 43.233 ms
[logger] 2021-05-26T07:29:34.525Z POST /search/history/list 200 615 - 28.113 ms
[logger] 2021-05-26T07:31:32.144Z POST /search/history/list 200 615 - 29.975 ms
[logger] 2021-05-26T07:31:55.386Z POST /search/history/list 200 615 - 33.465 ms
[logger] 2021-05-26T07:32:21.128Z POST /search/history/list 200 615 - 42.556 ms
[logger] 2021-05-26T07:32:37.921Z POST /search/history/list 200 615 - 44.799 ms
[logger] 2021-05-26T07:32:46.974Z POST /search/history/list 200 615 - 76.580 ms
[logger] 2021-05-26T07:33:21.837Z POST /search/history/list 200 615 - 27.521 ms
[logger] 2021-05-26T07:34:05.833Z POST /search/history/list 200 615 - 28.003 ms
[logger] 2021-05-26T07:34:54.078Z POST /search/history/list 200 615 - 31.184 ms
[logger] 2021-05-26T07:35:05.330Z POST /search/history/list 200 615 - 31.360 ms
[logger] 2021-05-26T07:35:14.606Z POST /search/history/list 200 615 - 30.837 ms
[logger] 2021-05-26T07:35:39.971Z POST /search/history/list 200 615 - 27.985 ms
[logger] 2021-05-26T07:35:42.625Z POST /search/history/list 200 615 - 44.678 ms
[logger] 2021-05-26T07:36:38.673Z POST /search/history/list 200 615 - 37.970 ms
[logger] 2021-05-26T07:36:50.954Z POST /search/history/list 200 615 - 35.786 ms
[logger] 2021-05-26T07:37:29.577Z POST /search/history/list 200 615 - 32.601 ms
[logger] 2021-05-26T07:37:42.407Z POST /search/history/list 200 615 - 31.172 ms
[logger] 2021-05-26T07:37:44.299Z POST /search/history/list 200 615 - 46.822 ms
[logger] 2021-05-26T07:39:35.082Z POST /search/history/list 200 615 - 30.702 ms
[logger] 2021-05-26T07:39:36.548Z POST /search/history/list 200 615 - 35.166 ms
[logger] 2021-05-26T07:39:43.527Z POST /search/history/list 200 615 - 30.308 ms
[logger] 2021-05-26T07:40:33.864Z POST /search/history/list 200 615 - 27.365 ms
[logger] 2021-05-26T07:40:35.441Z POST /search/history/list 200 615 - 38.268 ms
[logger] 2021-05-26T07:41:13.851Z POST /search/history/list 200 615 - 35.893 ms
[logger] 2021-05-26T07:41:20.772Z POST /search/history/creat 200 58 - 87.228 ms
[logger] 2021-05-26T07:42:58.836Z POST /search/history/list 200 615 - 44.660 ms
[logger] 2021-05-26T07:43:05.924Z POST /product/listByRecommend 200 894 - 90.690 ms
[logger] 2021-05-26T07:43:05.960Z POST /search/history/creat 200 58 - 113.879 ms
[logger] 2021-05-26T07:44:25.412Z POST /search/history/list 200 615 - 29.787 ms
[logger] 2021-05-26T07:44:46.209Z POST /search/history/list 200 615 - 39.041 ms
[logger] 2021-05-26T07:44:50.104Z POST /product/listByRecommend 200 894 - 215.241 ms
[logger] 2021-05-26T07:44:50.139Z POST /search/history/creat 200 58 - 238.267 ms
[logger] 2021-05-26T07:44:50.210Z POST /sys/rollList 200 396 - 62.336 ms
[logger] 2021-05-26T07:50:48.200Z POST /search/history/list 200 615 - 70.026 ms
[logger] 2021-05-26T07:51:31.626Z POST /search/history/list 200 615 - 38.821 ms
[logger] 2021-05-26T07:51:56.570Z POST /search/history/list 200 615 - 41.210 ms
[logger] 2021-05-26T07:52:24.381Z POST /search/history/list 200 615 - 39.459 ms
[logger] 2021-05-26T07:54:08.328Z POST /search/history/list 200 615 - 57.279 ms
[logger] 2021-05-26T07:54:22.787Z POST /search/history/list 200 615 - 53.377 ms
[logger] 2021-05-26T07:54:42.440Z POST /search/history/list 200 615 - 39.387 ms
[logger] 2021-05-26T07:54:49.420Z POST /search/history/list 200 615 - 50.065 ms
[logger] 2021-05-26T07:54:54.845Z POST /product/productBySearch 200 91 - 79.626 ms
[logger] 2021-05-26T07:54:55.022Z POST /product/productBySearch 200 91 - 74.091 ms
[logger] 2021-05-26T07:54:55.203Z POST /product/productBySearch 200 91 - 76.349 ms
[logger] 2021-05-26T07:54:55.280Z POST /product/productBySearch 200 91 - 86.553 ms
[logger] 2021-05-26T07:54:55.454Z POST /product/productBySearch 200 91 - 79.461 ms
[logger] 2021-05-26T07:54:55.670Z POST /product/productBySearch 200 91 - 78.498 ms
[logger] 2021-05-26T07:54:55.749Z POST /product/productBySearch 200 91 - 112.476 ms
[logger] 2021-05-26T07:54:56.119Z POST /product/productBySearch 200 91 - 89.820 ms
[logger] 2021-05-26T07:54:56.601Z POST /product/productBySearch 200 91 - 76.505 ms
[logger] 2021-05-26T07:54:56.793Z POST /product/productBySearch 200 91 - 224.732 ms
[logger] 2021-05-26T07:54:56.872Z POST /product/productBySearch 200 91 - 290.640 ms
[logger] 2021-05-26T07:54:56.912Z POST /product/productBySearch 200 91 - 310.386 ms
[logger] 2021-05-26T07:54:56.949Z POST /product/productBySearch 200 91 - 319.849 ms
[logger] 2021-05-26T07:54:57.001Z POST /product/productBySearch 200 10644 - 342.508 ms
[logger] 2021-05-26T07:54:58.545Z POST /product/productBySearch 200 10644 - 90.962 ms
[logger] 2021-05-26T07:54:59.957Z POST /product/listByRecommend 200 894 - 111.082 ms
[logger] 2021-05-26T07:54:59.995Z POST /search/history/creat 200 58 - 137.172 ms
[logger] 2021-05-26T07:55:36.111Z POST /search/history/list 200 747 - 54.506 ms
[logger] 2021-05-26T07:55:51.490Z POST /search/history/list 200 747 - 39.042 ms
[logger] 2021-05-26T07:56:21.663Z POST /search/history/list 200 747 - 44.133 ms
[logger] 2021-05-26T07:56:29.033Z POST /search/history/list 200 747 - 52.071 ms
[logger] 2021-05-26T07:56:35.191Z POST /search/history/list 200 747 - 54.515 ms
[logger] 2021-05-26T07:56:58.207Z POST /search/history/list 200 747 - 47.853 ms
[logger] 2021-05-26T07:57:59.286Z POST /search/history/list 200 747 - 43.722 ms
[logger] 2021-05-26T07:58:59.252Z POST /search/history/list 200 747 - 44.001 ms
[logger] 2021-05-26T07:59:03.565Z POST /search/history/list 200 747 - 39.028 ms
[logger] 2021-05-26T07:59:17.380Z POST /search/history/list 200 747 - 38.786 ms
[logger] 2021-05-26T07:59:25.615Z POST /search/history/list 200 747 - 37.780 ms
[logger] 2021-05-26T07:59:27.465Z POST /search/history/list 200 747 - 39.429 ms
[logger] 2021-05-26T08:00:33.951Z POST /search/history/list 200 747 - 40.458 ms
[logger] 2021-05-26T08:01:53.129Z POST /search/history/list 200 747 - 42.002 ms
[logger] 2021-05-26T08:01:57.440Z POST /search/history/list 200 747 - 37.260 ms
[logger] 2021-05-26T08:01:58.989Z POST /search/history/list 200 747 - 37.677 ms
[logger] 2021-05-26T08:02:03.271Z POST /search/history/list 200 747 - 45.963 ms
[logger] 2021-05-26T08:02:27.870Z POST /search/history/list 200 747 - 42.977 ms
[logger] 2021-05-26T08:03:21.844Z POST /search/history/list 200 747 - 42.960 ms
[logger] 2021-05-26T08:03:25.737Z POST /search/history/list 200 747 - 38.739 ms
[logger] 2021-05-26T08:03:30.114Z POST /search/history/list 200 747 - 38.061 ms
[logger] 2021-05-26T08:03:34.839Z POST /search/history/list 200 747 - 37.050 ms
[logger] 2021-05-26T08:04:11.286Z POST /search/history/list 200 747 - 43.040 ms
[logger] 2021-05-26T08:04:19.998Z POST /search/history/list 200 747 - 44.097 ms
[logger] 2021-05-26T08:04:31.425Z POST /search/history/list 200 747 - 41.581 ms
[logger] 2021-05-26T08:05:10.698Z POST /sys/rollList 200 396 - 57.989 ms
[logger] 2021-05-26T08:05:10.739Z POST /search/history/list 200 747 - 83.200 ms
[logger] 2021-05-26T08:05:23.253Z POST /sys/rollList 200 396 - 39.570 ms
[logger] 2021-05-26T08:05:23.298Z POST /search/history/list 200 747 - 74.662 ms
[logger] 2021-05-26T08:05:27.135Z POST /sys/rollList 200 396 - 38.886 ms
[logger] 2021-05-26T08:05:27.173Z POST /search/history/list 200 747 - 40.895 ms
[logger] 2021-05-26T08:05:40.804Z POST /sys/rollList 200 396 - 41.366 ms
[logger] 2021-05-26T08:05:40.841Z POST /search/history/list 200 747 - 63.276 ms
[logger] 2021-05-26T08:05:58.779Z POST /sys/rollList 200 396 - 44.482 ms
[logger] 2021-05-26T08:05:58.833Z POST /search/history/list 200 747 - 80.108 ms
[logger] 2021-05-26T08:06:35.999Z POST /sys/rollList 200 396 - 48.037 ms
[logger] 2021-05-26T08:06:36.037Z POST /search/history/list 200 747 - 63.114 ms
[logger] 2021-05-26T08:06:45.072Z POST /sys/rollList 200 396 - 44.610 ms
[logger] 2021-05-26T08:06:45.115Z POST /search/history/list 200 747 - 52.653 ms
[logger] 2021-05-26T08:06:57.154Z POST /sys/rollList 200 396 - 44.218 ms
[logger] 2021-05-26T08:06:57.262Z POST /search/history/list 200 747 - 107.041 ms
[logger] 2021-05-26T08:07:05.223Z POST /sys/rollList 200 396 - 50.867 ms
[logger] 2021-05-26T08:07:05.264Z POST /search/history/list 200 747 - 79.005 ms
[logger] 2021-05-26T08:07:27.025Z POST /sys/rollList 200 396 - 39.841 ms
[logger] 2021-05-26T08:07:27.060Z POST /search/history/list 200 747 - 44.957 ms
[logger] 2021-05-26T08:09:20.927Z POST /sys/rollList 200 396 - 41.593 ms
[logger] 2021-05-26T08:09:20.989Z POST /search/history/list 200 747 - 72.971 ms
[logger] 2021-05-26T08:09:43.742Z POST /sys/rollList 200 396 - 36.966 ms
[logger] 2021-05-26T08:09:43.779Z POST /search/history/list 200 747 - 58.061 ms
[logger] 2021-05-26T08:10:07.810Z POST /sys/rollList 200 396 - 41.291 ms
[logger] 2021-05-26T08:10:07.850Z POST /search/history/list 200 747 - 66.575 ms
[logger] 2021-05-26T08:10:13.042Z POST /sys/rollList 200 396 - 41.176 ms
[logger] 2021-05-26T08:10:13.084Z POST /search/history/list 200 747 - 62.687 ms
[logger] 2021-05-26T08:10:18.867Z POST /sys/rollList 200 396 - 41.591 ms
[logger] 2021-05-26T08:10:18.911Z POST /search/history/list 200 747 - 55.810 ms
[logger] 2021-05-26T08:10:26.855Z POST /sys/rollList 200 396 - 45.643 ms
[logger] 2021-05-26T08:10:26.903Z POST /search/history/list 200 747 - 64.254 ms
[logger] 2021-05-26T08:10:27.228Z POST /sys/rollList 200 396 - 40.958 ms
[logger] 2021-05-26T08:10:27.513Z POST /search/history/list 200 747 - 39.433 ms
[logger] 2021-05-26T08:10:44.269Z POST /sys/rollList 200 396 - 41.601 ms
[logger] 2021-05-26T08:10:44.417Z POST /search/history/list 200 747 - 40.907 ms
[logger] 2021-05-26T08:10:57.797Z POST /sys/rollList 200 396 - 50.016 ms
[logger] 2021-05-26T08:10:57.883Z POST /search/history/list 200 747 - 112.595 ms
[logger] 2021-05-26T08:11:22.711Z POST /sys/rollList 200 396 - 41.168 ms
[logger] 2021-05-26T08:11:22.757Z POST /search/history/list 200 747 - 70.722 ms
[logger] 2021-05-26T08:11:37.916Z POST /sys/rollList 200 396 - 40.528 ms
[logger] 2021-05-26T08:11:37.955Z POST /search/history/list 200 747 - 55.905 ms
[logger] 2021-05-26T08:11:50.124Z POST /sys/rollList 200 396 - 39.662 ms
[logger] 2021-05-26T08:11:50.167Z POST /search/history/list 200 747 - 48.129 ms
[logger] 2021-05-26T08:12:03.791Z POST /sys/rollList 200 396 - 49.419 ms
[logger] 2021-05-26T08:12:03.845Z POST /search/history/list 200 747 - 67.632 ms
[logger] 2021-05-26T08:12:07.485Z POST /sys/rollList 200 396 - 41.422 ms
[logger] 2021-05-26T08:12:07.528Z POST /search/history/list 200 747 - 66.120 ms
[logger] 2021-05-26T08:12:22.296Z POST /sys/rollList 200 396 - 43.256 ms
[logger] 2021-05-26T08:12:22.338Z POST /search/history/list 200 747 - 60.202 ms
[logger] 2021-05-26T08:13:22.988Z POST /sys/rollList 200 396 - 40.190 ms
[logger] 2021-05-26T08:13:23.026Z POST /search/history/list 200 747 - 59.780 ms
[logger] 2021-05-26T08:13:35.875Z POST /sys/rollList 200 396 - 40.700 ms
[logger] 2021-05-26T08:13:35.916Z POST /search/history/list 200 747 - 64.471 ms
[logger] 2021-05-26T08:14:03.866Z POST /sys/rollList 200 396 - 42.233 ms
[logger] 2021-05-26T08:14:03.908Z POST /search/history/list 200 747 - 63.162 ms
[logger] 2021-05-26T08:14:32.014Z POST /sys/rollList 200 396 - 51.352 ms
[logger] 2021-05-26T08:14:32.064Z POST /search/history/list 200 747 - 84.707 ms
[logger] 2021-05-26T08:16:40.032Z POST /sys/rollList 200 396 - 42.764 ms
[logger] 2021-05-26T08:16:40.073Z POST /search/history/list 200 747 - 54.669 ms
[logger] 2021-05-26T08:16:42.150Z POST /sys/rollList 200 396 - 47.893 ms
[logger] 2021-05-26T08:16:42.193Z POST /search/history/list 200 747 - 55.757 ms
[logger] 2021-05-26T08:16:48.825Z POST /sys/rollList 200 396 - 46.153 ms
[logger] 2021-05-26T08:16:48.868Z POST /search/history/list 200 747 - 73.613 ms
[logger] 2021-05-26T08:17:00.820Z POST /search/history/list 200 747 - 58.422 ms
[logger] 2021-05-26T08:17:04.592Z POST /search/history/list 200 747 - 48.336 ms
[logger] 2021-05-26T08:17:13.667Z POST /search/history/list 200 747 - 42.762 ms
[logger] 2021-05-26T08:17:15.622Z POST /search/history/list 200 747 - 44.841 ms
[logger] 2021-05-26T08:17:20.896Z POST /search/history/list 200 747 - 41.708 ms
[logger] 2021-05-26T08:17:28.866Z POST /search/history/list 200 747 - 42.472 ms
[logger] 2021-05-26T08:18:06.631Z POST /search/history/list 200 747 - 41.067 ms
[logger] 2021-05-26T08:18:12.741Z POST /search/history/list 200 747 - 43.093 ms
[logger] 2021-05-26T08:18:31.446Z POST /search/history/list 200 747 - 41.716 ms
[logger] 2021-05-26T08:18:53.736Z POST /search/history/list 200 747 - 44.266 ms
[logger] 2021-05-26T08:19:05.421Z POST /search/history/list 200 747 - 64.594 ms
[logger] 2021-05-26T08:19:12.514Z POST /search/history/list 200 747 - 44.683 ms
[logger] 2021-05-26T08:20:05.510Z POST /search/history/list 200 747 - 41.804 ms
[logger] 2021-05-26T08:20:29.079Z POST /search/history/list 200 747 - 44.973 ms
[logger] 2021-05-26T08:20:29.207Z POST /search/history/list 200 747 - 43.265 ms
[logger] 2021-05-26T08:20:44.912Z POST /search/history/list 200 747 - 42.968 ms
[logger] 2021-05-26T08:20:50.539Z POST /search/history/list 200 747 - 39.739 ms
[logger] 2021-05-26T08:20:55.542Z POST /search/history/list 200 747 - 46.268 ms
[logger] 2021-05-26T08:21:11.748Z POST /search/history/list 200 747 - 44.850 ms
[logger] 2021-05-26T08:21:17.162Z POST /search/history/list 200 747 - 42.767 ms
[logger] 2021-05-26T08:21:25.933Z POST /search/history/list 200 747 - 44.432 ms
[logger] 2021-05-26T08:21:49.898Z POST /search/history/list 200 747 - 42.926 ms
[logger] 2021-05-26T08:22:20.700Z POST /search/history/list 200 747 - 39.938 ms
[logger] 2021-05-26T08:22:29.974Z POST /search/history/list 200 747 - 42.061 ms
[logger] 2021-05-26T08:22:48.231Z POST /search/history/list 200 747 - 40.064 ms
[logger] 2021-05-26T08:22:54.876Z POST /search/history/list 200 747 - 42.555 ms
[logger] 2021-05-26T08:23:20.087Z POST /search/history/list 200 747 - 41.000 ms
[logger] 2021-05-26T08:23:29.508Z POST /search/history/list 200 747 - 42.452 ms
[logger] 2021-05-26T08:23:56.199Z POST /search/history/list 200 747 - 40.060 ms
[logger] 2021-05-26T08:24:02.555Z POST /search/history/list 200 747 - 42.677 ms
[logger] 2021-05-26T08:24:07.414Z POST /search/history/list 200 747 - 45.722 ms
[logger] 2021-05-26T08:24:12.242Z POST /search/history/list 200 747 - 51.547 ms
[logger] 2021-05-26T08:24:22.294Z POST /search/history/list 200 747 - 41.119 ms
[logger] 2021-05-26T08:24:25.328Z POST /search/history/list 200 747 - 41.515 ms
[logger] 2021-05-26T08:24:39.976Z POST /search/history/list 200 747 - 43.836 ms
[logger] 2021-05-26T08:25:02.460Z POST /search/history/list 200 747 - 40.936 ms
[logger] 2021-05-26T08:25:19.999Z POST /search/history/list 200 747 - 70.745 ms
[logger] 2021-05-26T08:25:29.359Z POST /search/history/list 200 747 - 62.056 ms
[logger] 2021-05-26T08:25:38.440Z POST /search/history/list 200 747 - 41.428 ms
[logger] 2021-05-26T08:25:42.287Z POST /search/history/list 200 747 - 43.392 ms
[logger] 2021-05-26T08:25:51.815Z POST /search/history/list 200 747 - 40.545 ms
[logger] 2021-05-26T08:25:55.330Z POST /search/history/list 200 747 - 40.792 ms
[logger] 2021-05-26T08:26:01.236Z POST /search/history/list 200 747 - 38.199 ms
[logger] 2021-05-26T08:26:04.727Z POST /search/history/list 200 747 - 42.957 ms
[logger] 2021-05-26T08:26:08.692Z POST /search/history/list 200 747 - 41.452 ms
[logger] 2021-05-26T08:26:12.468Z POST /search/history/list 200 747 - 48.917 ms
[logger] 2021-05-26T08:26:18.007Z POST /search/history/list 200 747 - 89.558 ms
[logger] 2021-05-26T08:26:40.697Z POST /search/history/list 200 747 - 120.295 ms
[logger] 2021-05-26T08:26:45.178Z POST /search/history/list 200 747 - 53.449 ms
[logger] 2021-05-26T08:27:11.869Z POST /search/history/list 200 747 - 44.357 ms
[logger] 2021-05-26T08:27:46.045Z POST /search/history/list 200 747 - 69.936 ms
[logger] 2021-05-26T08:28:32.109Z POST /search/history/list 200 747 - 48.707 ms
[logger] 2021-05-26T08:28:37.090Z POST /search/history/list 200 747 - 38.931 ms
[logger] 2021-05-26T08:29:14.092Z POST /search/history/list 200 747 - 40.583 ms
[logger] 2021-05-26T08:29:42.822Z POST /search/history/list 200 747 - 50.636 ms
[logger] 2021-05-26T08:29:45.755Z POST /search/history/list 200 747 - 57.235 ms
[logger] 2021-05-26T08:30:15.652Z POST /search/history/list 200 747 - 46.619 ms
[logger] 2021-05-26T08:30:18.795Z POST /search/history/list 200 747 - 87.975 ms
[logger] 2021-05-26T08:30:58.673Z POST /search/history/list 200 747 - 97.696 ms
[logger] 2021-05-26T08:31:04.158Z POST /product/listByRecommend 200 894 - 301.634 ms
[logger] 2021-05-26T08:31:04.297Z POST /search/history/creat 200 58 - 428.059 ms
[logger] 2021-05-26T08:33:07.245Z POST /search/history/list 200 747 - 41.736 ms
[logger] 2021-05-26T08:33:10.971Z POST /search/history/list 200 747 - 52.438 ms
[logger] 2021-05-26T08:33:25.968Z POST /search/history/list 200 747 - 45.189 ms
[logger] 2021-05-26T08:33:33.569Z POST /search/history/list 200 747 - 41.736 ms
