[logger] 2021-06-02T21:38:30.990Z POST /active/list 200 476 - 159.153 ms
[logger] 2021-06-02T21:38:30.996Z POST /active/list 200 476 - 163.883 ms
[logger] 2021-06-02T21:38:36.439Z POST /product/salesList 200 2515 - 97.020 ms
[logger] 2021-06-02T21:38:36.440Z POST /product/salesList 200 2515 - 57.746 ms
[logger] 2021-06-02T21:39:21.873Z POST /active/list 200 476 - 131.951 ms
[logger] 2021-06-02T21:39:22.004Z POST /product/salesList 200 2515 - 6.520 ms
[logger] 2021-06-02T21:39:58.904Z POST /cart/count 200 64 - 321.155 ms
[logger] 2021-06-02T21:39:58.932Z POST /sys/banner 200 399 - 289.692 ms
[logger] 2021-06-02T21:39:59.018Z POST /active/list 200 476 - 310.345 ms
[logger] 2021-06-02T21:39:59.022Z POST /product/listByRecommend 200 888 - 347.232 ms
[logger] 2021-06-02T21:39:59.553Z POST /search/hot/list 200 296 - 40.261 ms
[logger] 2021-06-02T21:39:59.672Z POST /search/hot/list 200 296 - 2.620 ms
[logger] 2021-06-02T21:39:59.707Z POST /cart/count 200 64 - 2.208 ms
[logger] 2021-06-02T21:39:59.744Z POST /cart/count 200 64 - 2.347 ms
[logger] 2021-06-02T21:40:00.766Z POST /product/salesList 200 2515 - 6.785 ms
[logger] 2021-06-02T21:40:00.832Z POST /active/list 200 476 - 2.438 ms
[logger] 2021-06-02T21:40:01.037Z POST /product/salesList 200 2515 - 6.764 ms
[logger] 2021-06-02T22:11:41.185Z POST /cart/count 200 64 - 44.408 ms
[logger] 2021-06-02T22:11:42.121Z POST /sys/banner 200 399 - 9.826 ms
[logger] 2021-06-02T22:11:42.288Z POST /product/listByRecommend 200 888 - 12.174 ms
[logger] 2021-06-02T22:11:42.520Z POST /active/list 200 476 - 13.984 ms
[logger] 2021-06-02T22:11:42.723Z POST /search/hot/list 200 296 - 8.306 ms
[logger] 2021-06-02T22:11:42.822Z POST /search/hot/list 200 296 - 3.007 ms
[logger] 2021-06-02T22:11:42.875Z POST /cart/count 200 64 - 2.188 ms
[logger] 2021-06-02T22:11:42.913Z POST /cart/count 200 64 - 2.287 ms
[logger] 2021-06-02T22:11:43.635Z POST /product/salesList 200 2515 - 9.304 ms
[logger] 2021-06-02T22:11:44.154Z POST /active/list 200 476 - 2.788 ms
[logger] 2021-06-02T22:11:44.231Z POST /product/salesList 200 2515 - 3.910 ms
[logger] 2021-06-02T22:14:23.984Z POST /cart/count 200 64 - 2.940 ms
[logger] 2021-06-02T22:14:24.011Z POST /sys/banner 200 399 - 2.176 ms
[logger] 2021-06-02T22:14:24.055Z POST /product/listByRecommend 200 888 - 7.097 ms
[logger] 2021-06-02T22:14:24.082Z POST /active/list 200 476 - 3.341 ms
[logger] 2021-06-02T22:14:24.124Z POST /search/hot/list 200 296 - 1.895 ms
[logger] 2021-06-02T22:14:24.160Z POST /search/hot/list 200 296 - 2.018 ms
[logger] 2021-06-02T22:14:24.225Z POST /cart/count 200 64 - 2.294 ms
[logger] 2021-06-02T22:14:24.269Z POST /cart/count 200 64 - 2.223 ms
[logger] 2021-06-02T22:14:25.030Z POST /product/salesList 200 2515 - 8.249 ms
[logger] 2021-06-02T22:14:25.098Z POST /active/list 200 476 - 2.996 ms
[logger] 2021-06-02T22:14:25.244Z POST /product/salesList 200 2515 - 6.775 ms
[logger] 2021-06-02T22:14:32.283Z POST /cart/count 200 64 - 2.350 ms
[logger] 2021-06-02T22:14:32.315Z POST /sys/banner 200 399 - 3.044 ms
[logger] 2021-06-02T22:14:32.347Z POST /product/listByRecommend 200 888 - 5.608 ms
[logger] 2021-06-02T22:14:32.377Z POST /active/list 200 476 - 2.719 ms
[logger] 2021-06-02T22:14:32.408Z POST /search/hot/list 200 296 - 2.002 ms
[logger] 2021-06-02T22:14:32.451Z POST /search/hot/list 200 296 - 2.900 ms
[logger] 2021-06-02T22:14:32.501Z POST /cart/count 200 64 - 1.835 ms
[logger] 2021-06-02T22:14:32.533Z POST /cart/count 200 64 - 1.955 ms
[logger] 2021-06-02T22:14:33.012Z POST /product/salesList 200 2515 - 5.587 ms
[logger] 2021-06-02T22:14:35.388Z POST /active/list 200 476 - 2.646 ms
[logger] 2021-06-02T22:14:35.869Z POST /product/salesList 200 2515 - 7.581 ms
[logger] 2021-06-02T22:17:54.387Z POST /cart/count 200 64 - 3.692 ms
[logger] 2021-06-02T22:17:54.447Z POST /sys/banner 200 399 - 1.247 ms
[logger] 2021-06-02T22:17:54.488Z POST /product/listByRecommend 200 888 - 8.142 ms
[logger] 2021-06-02T22:17:54.525Z POST /active/list 200 476 - 3.145 ms
[logger] 2021-06-02T22:17:54.566Z POST /search/hot/list 200 296 - 2.019 ms
[logger] 2021-06-02T22:17:54.602Z POST /search/hot/list 200 296 - 2.013 ms
[logger] 2021-06-02T22:17:54.687Z POST /cart/count 200 64 - 2.030 ms
[logger] 2021-06-02T22:17:54.733Z POST /cart/count 200 64 - 2.521 ms
[logger] 2021-06-02T22:17:55.243Z POST /product/salesList 200 2515 - 11.081 ms
[logger] 2021-06-02T22:17:55.310Z POST /active/list 200 476 - 2.471 ms
[logger] 2021-06-02T22:17:56.670Z POST /product/salesList 200 2515 - 11.019 ms
[logger] 2021-06-02T22:18:15.447Z POST /cart/count 200 64 - 1.988 ms
[logger] 2021-06-02T22:18:15.491Z POST /sys/banner 200 399 - 1.670 ms
[logger] 2021-06-02T22:18:15.662Z POST /product/listByRecommend 200 888 - 3.927 ms
[logger] 2021-06-02T22:18:15.691Z POST /active/list 200 476 - 2.336 ms
[logger] 2021-06-02T22:18:15.735Z POST /search/hot/list 200 296 - 2.065 ms
[logger] 2021-06-02T22:18:15.773Z POST /search/hot/list 200 296 - 1.892 ms
[logger] 2021-06-02T22:18:15.829Z POST /cart/count 200 64 - 2.189 ms
[logger] 2021-06-02T22:18:15.886Z POST /cart/count 200 64 - 2.270 ms
[logger] 2021-06-02T22:18:16.754Z POST /product/salesList 200 2515 - 12.344 ms
[logger] 2021-06-02T22:18:16.842Z POST /active/list 200 476 - 4.526 ms
[logger] 2021-06-02T22:18:17.103Z POST /product/salesList 200 2515 - 10.092 ms
[logger] 2021-06-02T22:18:30.089Z POST /cart/count 200 64 - 1.846 ms
[logger] 2021-06-02T22:18:30.131Z POST /sys/banner 200 399 - 1.799 ms
[logger] 2021-06-02T22:18:30.179Z POST /product/listByRecommend 200 888 - 5.677 ms
[logger] 2021-06-02T22:18:30.215Z POST /active/list 200 476 - 2.112 ms
[logger] 2021-06-02T22:18:30.252Z POST /search/hot/list 200 296 - 2.089 ms
[logger] 2021-06-02T22:18:30.297Z POST /search/hot/list 200 296 - 2.418 ms
[logger] 2021-06-02T22:18:30.347Z POST /cart/count 200 64 - 1.749 ms
[logger] 2021-06-02T22:18:30.394Z POST /cart/count 200 64 - 2.474 ms
[logger] 2021-06-02T22:18:31.142Z POST /product/salesList 200 2515 - 8.652 ms
[logger] 2021-06-02T22:18:35.493Z POST /cart/count 200 64 - 2.598 ms
[logger] 2021-06-02T22:18:35.555Z POST /sys/banner 200 399 - 2.663 ms
[logger] 2021-06-02T22:18:35.623Z POST /product/listByRecommend 200 888 - 7.828 ms
[logger] 2021-06-02T22:18:35.665Z POST /active/list 200 476 - 3.921 ms
[logger] 2021-06-02T22:18:35.720Z POST /search/hot/list 200 296 - 2.589 ms
[logger] 2021-06-02T22:18:35.788Z POST /search/hot/list 200 296 - 2.993 ms
[logger] 2021-06-02T22:18:35.851Z POST /cart/count 200 64 - 2.202 ms
[logger] 2021-06-02T22:18:35.913Z POST /cart/count 200 64 - 3.064 ms
[logger] 2021-06-02T22:18:36.651Z POST /product/salesList 200 2515 - 5.608 ms
[logger] 2021-06-02T22:18:36.715Z POST /active/list 200 476 - 3.396 ms
[logger] 2021-06-02T22:18:36.962Z POST /product/salesList 200 2515 - 11.687 ms
[logger] 2021-06-02T22:19:20.117Z POST /cart/count 200 64 - 1.683 ms
[logger] 2021-06-02T22:19:20.150Z POST /sys/banner 200 399 - 1.593 ms
[logger] 2021-06-02T22:19:20.201Z POST /product/listByRecommend 200 888 - 5.165 ms
[logger] 2021-06-02T22:19:20.232Z POST /active/list 200 476 - 2.803 ms
[logger] 2021-06-02T22:19:20.272Z POST /search/hot/list 200 296 - 1.819 ms
[logger] 2021-06-02T22:19:20.402Z POST /search/hot/list 200 296 - 4.774 ms
[logger] 2021-06-02T22:19:20.471Z POST /cart/count 200 64 - 1.592 ms
[logger] 2021-06-02T22:19:20.622Z POST /cart/count 200 64 - 1.498 ms
[logger] 2021-06-02T22:19:22.929Z POST /product/salesList 200 2515 - 6.220 ms
[logger] 2021-06-02T22:19:23.076Z POST /active/list 200 476 - 2.131 ms
[logger] 2021-06-02T22:19:23.181Z POST /product/salesList 200 2515 - 5.353 ms
[logger] 2021-06-02T22:21:29.230Z POST /cart/count 200 64 - 2.704 ms
[logger] 2021-06-02T22:21:29.282Z POST /sys/banner 200 399 - 5.386 ms
[logger] 2021-06-02T22:21:29.319Z POST /product/listByRecommend 200 888 - 4.992 ms
[logger] 2021-06-02T22:21:29.350Z POST /active/list 200 476 - 3.008 ms
[logger] 2021-06-02T22:21:29.392Z POST /search/hot/list 200 296 - 2.468 ms
[logger] 2021-06-02T22:21:29.434Z POST /search/hot/list 200 296 - 2.493 ms
[logger] 2021-06-02T22:21:29.491Z POST /cart/count 200 64 - 3.598 ms
[logger] 2021-06-02T22:21:29.592Z POST /cart/count 200 64 - 2.301 ms
[logger] 2021-06-02T22:21:29.750Z POST /product/salesList 200 2515 - 8.611 ms
[logger] 2021-06-02T22:21:30.051Z POST /active/list 200 476 - 2.587 ms
[logger] 2021-06-02T22:21:30.225Z POST /product/salesList 200 2515 - 4.810 ms
[logger] 2021-06-02T22:26:34.970Z POST /cart/count 200 64 - 2.418 ms
[logger] 2021-06-02T22:26:35.017Z POST /sys/banner 200 399 - 4.323 ms
[logger] 2021-06-02T22:26:35.054Z POST /product/listByRecommend 200 888 - 3.741 ms
[logger] 2021-06-02T22:26:35.096Z POST /active/list 200 476 - 3.190 ms
[logger] 2021-06-02T22:26:35.134Z POST /search/hot/list 200 296 - 2.162 ms
[logger] 2021-06-02T22:26:35.169Z POST /search/hot/list 200 296 - 1.799 ms
[logger] 2021-06-02T22:26:35.215Z POST /cart/count 200 64 - 1.775 ms
[logger] 2021-06-02T22:26:35.252Z POST /cart/count 200 64 - 1.995 ms
[logger] 2021-06-02T22:26:36.279Z POST /product/salesList 200 2515 - 7.221 ms
[logger] 2021-06-02T22:26:36.329Z POST /active/list 200 476 - 9.067 ms
[logger] 2021-06-02T22:26:36.490Z POST /product/salesList 200 2515 - 6.304 ms
[logger] 2021-06-02T22:27:24.757Z POST /cart/count 200 64 - 1.634 ms
[logger] 2021-06-02T22:27:24.812Z POST /sys/banner 200 399 - 1.781 ms
[logger] 2021-06-02T22:27:24.870Z POST /product/listByRecommend 200 888 - 4.332 ms
[logger] 2021-06-02T22:27:25.800Z POST /active/list 200 476 - 5.496 ms
[logger] 2021-06-02T22:27:25.923Z POST /search/hot/list 200 296 - 2.259 ms
[logger] 2021-06-02T22:27:26.190Z POST /search/hot/list 200 296 - 4.493 ms
[logger] 2021-06-02T22:27:26.296Z POST /cart/count 200 64 - 3.186 ms
[logger] 2021-06-02T22:27:26.338Z POST /cart/count 200 64 - 2.106 ms
[logger] 2021-06-02T22:27:27.655Z POST /product/salesList 200 2515 - 13.398 ms
[logger] 2021-06-02T22:27:27.724Z POST /active/list 200 476 - 2.423 ms
[logger] 2021-06-02T22:27:27.867Z POST /product/salesList 200 2515 - 3.186 ms
[logger] 2021-06-02T22:27:34.297Z POST /cart/count 200 64 - 1.912 ms
[logger] 2021-06-02T22:27:34.350Z POST /sys/banner 200 399 - 5.384 ms
[logger] 2021-06-02T22:27:34.391Z POST /product/listByRecommend 200 888 - 3.967 ms
[logger] 2021-06-02T22:27:34.446Z POST /active/list 200 476 - 2.846 ms
[logger] 2021-06-02T22:27:34.468Z POST /search/hot/list 200 296 - 1.785 ms
[logger] 2021-06-02T22:27:34.584Z POST /search/hot/list 200 296 - 2.120 ms
[logger] 2021-06-02T22:27:34.623Z POST /cart/count 200 64 - 2.178 ms
[logger] 2021-06-02T22:27:34.685Z POST /cart/count 200 64 - 2.166 ms
[logger] 2021-06-02T22:27:36.156Z POST /product/salesList 200 2515 - 6.104 ms
[logger] 2021-06-02T22:27:36.373Z POST /active/list 200 476 - 2.843 ms
[logger] 2021-06-02T22:27:37.105Z POST /product/salesList 200 2515 - 5.200 ms
[logger] 2021-06-02T22:27:50.165Z POST /cart/count 200 64 - 2.134 ms
[logger] 2021-06-02T22:27:50.218Z POST /sys/banner 200 399 - 2.447 ms
[logger] 2021-06-02T22:27:50.270Z POST /product/listByRecommend 200 888 - 11.414 ms
[logger] 2021-06-02T22:27:50.296Z POST /active/list 200 476 - 1.980 ms
[logger] 2021-06-02T22:27:50.459Z POST /search/hot/list 200 296 - 3.581 ms
[logger] 2021-06-02T22:27:50.505Z POST /search/hot/list 200 296 - 3.115 ms
[logger] 2021-06-02T22:27:51.945Z POST /cart/count 200 64 - 4.700 ms
[logger] 2021-06-02T22:27:52.207Z POST /cart/count 200 64 - 3.154 ms
[logger] 2021-06-02T22:27:52.782Z POST /active/list 200 476 - 1.685 ms
[logger] 2021-06-02T22:27:53.942Z POST /product/salesList 200 2515 - 5.791 ms
[logger] 2021-06-02T22:27:54.103Z POST /product/salesList 200 2515 - 8.266 ms
[logger] 2021-06-02T22:28:00.008Z POST /cart/count 200 64 - 3.088 ms
[logger] 2021-06-02T22:28:00.090Z POST /sys/banner 200 399 - 1.873 ms
[logger] 2021-06-02T22:28:00.115Z POST /product/listByRecommend 200 888 - 3.547 ms
[logger] 2021-06-02T22:28:00.145Z POST /active/list 200 476 - 1.827 ms
[logger] 2021-06-02T22:28:00.326Z POST /search/hot/list 200 296 - 2.193 ms
[logger] 2021-06-02T22:28:00.355Z POST /search/hot/list 200 296 - 2.594 ms
[logger] 2021-06-02T22:28:00.419Z POST /cart/count 200 64 - 2.076 ms
[logger] 2021-06-02T22:28:00.470Z POST /cart/count 200 64 - 3.620 ms
[logger] 2021-06-02T22:28:01.036Z POST /product/salesList 200 2515 - 5.537 ms
[logger] 2021-06-02T22:28:01.281Z POST /active/list 200 476 - 3.030 ms
[logger] 2021-06-02T22:28:02.200Z POST /product/salesList 200 2515 - 4.826 ms
[logger] 2021-06-02T22:28:26.703Z POST /cart/count 200 64 - 2.291 ms
[logger] 2021-06-02T22:28:26.817Z POST /sys/banner 200 399 - 3.918 ms
[logger] 2021-06-02T22:28:26.983Z POST /product/listByRecommend 200 888 - 4.941 ms
[logger] 2021-06-02T22:28:27.137Z POST /active/list 200 476 - 5.395 ms
[logger] 2021-06-02T22:28:27.182Z POST /search/hot/list 200 296 - 2.426 ms
[logger] 2021-06-02T22:28:27.367Z POST /search/hot/list 200 296 - 2.447 ms
[logger] 2021-06-02T22:28:27.415Z POST /cart/count 200 64 - 2.266 ms
[logger] 2021-06-02T22:28:27.459Z POST /cart/count 200 64 - 2.317 ms
[logger] 2021-06-02T22:28:28.241Z POST /product/salesList 200 2515 - 6.142 ms
[logger] 2021-06-02T22:28:28.280Z POST /active/list 200 476 - 2.255 ms
[logger] 2021-06-02T22:28:28.376Z POST /product/salesList 200 2515 - 3.784 ms
[logger] 2021-06-02T22:35:02.196Z POST /cart/count 200 64 - 3.157 ms
[logger] 2021-06-02T22:35:02.266Z POST /sys/banner 200 399 - 5.120 ms
[logger] 2021-06-02T22:35:02.364Z POST /product/listByRecommend 200 888 - 3.147 ms
[logger] 2021-06-02T22:35:02.412Z POST /active/list 200 476 - 2.386 ms
[logger] 2021-06-02T22:35:02.448Z POST /search/hot/list 200 296 - 1.687 ms
[logger] 2021-06-02T22:35:02.487Z POST /search/hot/list 200 296 - 2.244 ms
[logger] 2021-06-02T22:35:02.573Z POST /cart/count 200 64 - 1.989 ms
[logger] 2021-06-02T22:35:02.648Z POST /cart/count 200 64 - 2.590 ms
[logger] 2021-06-02T22:35:03.383Z POST /product/salesList 200 2515 - 5.412 ms
[logger] 2021-06-02T22:35:05.487Z POST /active/list 200 476 - 2.359 ms
[logger] 2021-06-02T22:35:05.947Z POST /product/salesList 200 2515 - 4.010 ms
[logger] 2021-06-02T22:35:12.400Z POST /cart/count 200 64 - 2.790 ms
[logger] 2021-06-02T22:35:12.449Z POST /sys/banner 200 399 - 1.610 ms
[logger] 2021-06-02T22:35:12.492Z POST /product/listByRecommend 200 888 - 5.928 ms
[logger] 2021-06-02T22:35:12.523Z POST /active/list 200 476 - 2.951 ms
[logger] 2021-06-02T22:35:12.559Z POST /search/hot/list 200 296 - 1.810 ms
[logger] 2021-06-02T22:35:12.696Z POST /search/hot/list 200 296 - 2.070 ms
[logger] 2021-06-02T22:35:12.731Z POST /cart/count 200 64 - 1.847 ms
[logger] 2021-06-02T22:35:12.769Z POST /cart/count 200 64 - 2.171 ms
[logger] 2021-06-02T22:35:14.669Z POST /product/salesList 200 2515 - 6.384 ms
[logger] 2021-06-02T22:35:14.934Z POST /active/list 200 476 - 4.142 ms
[logger] 2021-06-02T22:35:15.926Z POST /product/salesList 200 2515 - 6.471 ms
[logger] 2021-06-02T22:35:20.204Z POST /cart/count 200 64 - 1.817 ms
[logger] 2021-06-02T22:35:20.238Z POST /sys/banner 200 399 - 1.351 ms
[logger] 2021-06-02T22:35:20.268Z POST /product/listByRecommend 200 888 - 5.570 ms
[logger] 2021-06-02T22:35:20.292Z POST /active/list 200 476 - 1.786 ms
[logger] 2021-06-02T22:35:20.318Z POST /search/hot/list 200 296 - 1.870 ms
[logger] 2021-06-02T22:35:20.440Z POST /search/hot/list 200 296 - 2.759 ms
[logger] 2021-06-02T22:35:20.489Z POST /cart/count 200 64 - 2.207 ms
[logger] 2021-06-02T22:35:20.559Z POST /cart/count 200 64 - 2.823 ms
[logger] 2021-06-02T22:35:22.116Z POST /product/salesList 200 2515 - 6.309 ms
[logger] 2021-06-02T22:35:22.370Z POST /active/list 200 476 - 19.914 ms
[logger] 2021-06-02T22:35:23.542Z POST /product/salesList 200 2515 - 5.621 ms
[logger] 2021-06-02T22:35:31.644Z POST /cart/count 200 64 - 1.356 ms
[logger] 2021-06-02T22:35:31.657Z POST /sys/banner 200 399 - 1.271 ms
[logger] 2021-06-02T22:35:31.733Z POST /product/listByRecommend 200 888 - 3.077 ms
[logger] 2021-06-02T22:35:31.790Z POST /active/list 200 476 - 1.299 ms
[logger] 2021-06-02T22:35:31.812Z POST /search/hot/list 200 296 - 1.498 ms
[logger] 2021-06-02T22:35:31.900Z POST /search/hot/list 200 296 - 1.378 ms
[logger] 2021-06-02T22:35:32.188Z POST /cart/count 200 64 - 2.225 ms
[logger] 2021-06-02T22:35:33.239Z POST /cart/count 200 64 - 3.574 ms
[logger] 2021-06-02T22:35:34.083Z POST /active/list 200 476 - 4.013 ms
[logger] 2021-06-02T22:35:34.361Z POST /product/salesList 200 2515 - 5.886 ms
[logger] 2021-06-02T22:35:35.549Z POST /product/salesList 200 2515 - 5.773 ms
[logger] 2021-06-02T22:35:45.621Z POST /cart/count 200 64 - 1.633 ms
[logger] 2021-06-02T22:35:45.656Z POST /sys/banner 200 399 - 1.405 ms
[logger] 2021-06-02T22:35:45.689Z POST /product/listByRecommend 200 888 - 3.372 ms
[logger] 2021-06-02T22:35:45.718Z POST /active/list 200 476 - 4.000 ms
[logger] 2021-06-02T22:35:45.832Z POST /search/hot/list 200 296 - 1.933 ms
[logger] 2021-06-02T22:35:45.860Z POST /search/hot/list 200 296 - 2.133 ms
[logger] 2021-06-02T22:35:45.905Z POST /cart/count 200 64 - 1.837 ms
[logger] 2021-06-02T22:35:45.959Z POST /cart/count 200 64 - 2.329 ms
[logger] 2021-06-02T22:35:47.497Z POST /product/salesList 200 2515 - 5.400 ms
[logger] 2021-06-02T22:35:47.709Z POST /active/list 200 476 - 3.441 ms
[logger] 2021-06-02T22:35:49.090Z POST /product/salesList 200 2515 - 6.568 ms
[logger] 2021-06-02T22:36:38.996Z POST /cart/count 200 64 - 1.998 ms
[logger] 2021-06-02T22:36:39.090Z POST /sys/banner 200 399 - 1.502 ms
[logger] 2021-06-02T22:36:39.125Z POST /product/listByRecommend 200 888 - 2.821 ms
[logger] 2021-06-02T22:36:39.159Z POST /active/list 200 476 - 3.057 ms
[logger] 2021-06-02T22:36:39.194Z POST /search/hot/list 200 296 - 1.406 ms
[logger] 2021-06-02T22:36:39.234Z POST /search/hot/list 200 296 - 1.730 ms
[logger] 2021-06-02T22:36:39.281Z POST /cart/count 200 64 - 2.280 ms
[logger] 2021-06-02T22:36:39.350Z POST /cart/count 200 64 - 2.536 ms
[logger] 2021-06-02T22:36:39.761Z POST /product/salesList 200 2515 - 5.314 ms
[logger] 2021-06-02T22:36:40.771Z POST /active/list 200 476 - 3.173 ms
[logger] 2021-06-02T22:36:40.937Z POST /product/salesList 200 2515 - 5.856 ms
[logger] 2021-06-02T22:36:45.642Z POST /cart/count 200 64 - 1.444 ms
[logger] 2021-06-02T22:36:45.675Z POST /sys/banner 200 399 - 1.467 ms
[logger] 2021-06-02T22:36:45.709Z POST /product/listByRecommend 200 888 - 3.640 ms
[logger] 2021-06-02T22:36:45.740Z POST /active/list 200 476 - 2.119 ms
[logger] 2021-06-02T22:36:45.781Z POST /search/hot/list 200 296 - 2.357 ms
[logger] 2021-06-02T22:36:45.822Z POST /search/hot/list 200 296 - 1.891 ms
[logger] 2021-06-02T22:36:45.874Z POST /cart/count 200 64 - 1.838 ms
[logger] 2021-06-02T22:36:47.304Z POST /cart/count 200 64 - 1.714 ms
[logger] 2021-06-02T22:36:47.620Z POST /active/list 200 476 - 2.706 ms
[logger] 2021-06-02T22:36:48.462Z POST /product/salesList 200 2515 - 5.164 ms
[logger] 2021-06-02T22:36:48.566Z POST /product/salesList 200 2515 - 4.343 ms
[logger] 2021-06-02T22:36:56.382Z POST /cart/count 200 64 - 1.306 ms
[logger] 2021-06-02T22:36:56.417Z POST /sys/banner 200 399 - 1.310 ms
[logger] 2021-06-02T22:36:56.448Z POST /product/listByRecommend 200 888 - 3.082 ms
[logger] 2021-06-02T22:36:56.477Z POST /active/list 200 476 - 3.001 ms
[logger] 2021-06-02T22:36:56.505Z POST /search/hot/list 200 296 - 3.339 ms
[logger] 2021-06-02T22:36:56.532Z POST /search/hot/list 200 296 - 1.832 ms
[logger] 2021-06-02T22:36:56.661Z POST /cart/count 200 64 - 2.314 ms
[logger] 2021-06-02T22:36:56.710Z POST /cart/count 200 64 - 2.689 ms
[logger] 2021-06-02T22:36:58.303Z POST /product/salesList 200 2515 - 4.607 ms
[logger] 2021-06-02T22:36:58.539Z POST /active/list 200 476 - 5.587 ms
[logger] 2021-06-02T22:36:59.568Z POST /product/salesList 200 2515 - 11.628 ms
[logger] 2021-06-03T05:12:38.050Z POST /cart/count 200 64 - 31.001 ms
[logger] 2021-06-03T05:12:38.051Z POST /sys/banner 200 399 - 30.925 ms
[logger] 2021-06-03T05:12:38.052Z POST /active/list 200 476 - 3.971 ms
[logger] 2021-06-03T05:12:38.053Z POST /product/listByRecommend 200 888 - 26.748 ms
[logger] 2021-06-03T05:12:38.085Z POST /search/hot/list 200 296 - 1.225 ms
[logger] 2021-06-03T05:12:38.109Z POST /search/hot/list 200 296 - 3.220 ms
[logger] 2021-06-03T05:12:38.209Z POST /cart/count 200 64 - 1.220 ms
[logger] 2021-06-03T05:12:38.237Z POST /cart/count 200 64 - 1.405 ms
[logger] 2021-06-03T05:12:38.584Z POST /product/salesList 200 2515 - 33.631 ms
[logger] 2021-06-03T05:12:38.585Z POST /active/list 200 476 - 1.053 ms
[logger] 2021-06-03T05:12:38.720Z POST /product/salesList 200 2515 - 2.078 ms
[logger] 2021-06-03T05:12:48.215Z POST /search/history/list 200 486 - 55.333 ms
[logger] 2021-06-03T05:12:48.215Z POST /search/hot/list 200 296 - 36.200 ms
[logger] 2021-06-03T05:15:18.513Z POST /cart/count 200 64 - 1.572 ms
[logger] 2021-06-03T05:15:18.570Z POST /sys/banner 200 399 - 1.342 ms
[logger] 2021-06-03T05:15:18.647Z POST /product/listByRecommend 200 888 - 2.674 ms
[logger] 2021-06-03T05:15:18.682Z POST /active/list 200 476 - 1.379 ms
[logger] 2021-06-03T05:15:18.719Z POST /search/hot/list 200 296 - 2.061 ms
[logger] 2021-06-03T05:15:18.755Z POST /search/hot/list 200 296 - 2.552 ms
[logger] 2021-06-03T05:15:18.881Z POST /cart/count 200 64 - 1.304 ms
[logger] 2021-06-03T05:15:18.922Z POST /cart/count 200 64 - 1.385 ms
[logger] 2021-06-03T05:15:19.162Z POST /product/salesList 200 2515 - 3.248 ms
[logger] 2021-06-03T05:15:19.263Z POST /active/list 200 476 - 1.473 ms
[logger] 2021-06-03T05:15:19.810Z POST /product/salesList 200 2515 - 2.050 ms
[logger] 2021-06-03T05:15:40.255Z POST /cart/count 200 64 - 0.956 ms
[logger] 2021-06-03T05:15:40.279Z POST /sys/banner 200 399 - 1.322 ms
[logger] 2021-06-03T05:15:40.311Z POST /product/listByRecommend 200 888 - 2.158 ms
[logger] 2021-06-03T05:15:40.337Z POST /active/list 200 476 - 1.252 ms
[logger] 2021-06-03T05:15:40.376Z POST /search/hot/list 200 296 - 2.377 ms
[logger] 2021-06-03T05:15:40.399Z POST /search/hot/list 200 296 - 2.530 ms
[logger] 2021-06-03T05:15:40.443Z POST /cart/count 200 64 - 2.894 ms
[logger] 2021-06-03T05:15:40.618Z POST /cart/count 200 64 - 1.950 ms
[logger] 2021-06-03T05:15:41.119Z POST /product/salesList 200 2515 - 6.377 ms
[logger] 2021-06-03T05:15:41.310Z POST /active/list 200 476 - 0.914 ms
[logger] 2021-06-03T05:15:41.365Z POST /product/salesList 200 2515 - 4.318 ms
[logger] 2021-06-03T05:18:10.902Z POST /cart/count 200 64 - 1.307 ms
[logger] 2021-06-03T05:18:10.936Z POST /sys/banner 200 399 - 1.023 ms
[logger] 2021-06-03T05:18:11.010Z POST /product/listByRecommend 200 888 - 2.936 ms
[logger] 2021-06-03T05:18:11.035Z POST /active/list 200 476 - 1.662 ms
[logger] 2021-06-03T05:18:11.107Z POST /search/hot/list 200 296 - 1.116 ms
[logger] 2021-06-03T05:18:11.124Z POST /search/hot/list 200 296 - 1.009 ms
[logger] 2021-06-03T05:18:11.154Z POST /cart/count 200 64 - 0.945 ms
[logger] 2021-06-03T05:18:11.187Z POST /cart/count 200 64 - 1.219 ms
[logger] 2021-06-03T05:18:11.402Z POST /product/salesList 200 2515 - 3.063 ms
[logger] 2021-06-03T05:18:11.456Z POST /active/list 200 476 - 1.277 ms
[logger] 2021-06-03T05:18:11.691Z POST /product/salesList 200 2515 - 2.629 ms
[logger] 2021-06-03T05:18:14.823Z POST /search/history/list 200 486 - 1.172 ms
[logger] 2021-06-03T05:18:14.845Z POST /search/hot/list 200 296 - 1.236 ms
[logger] 2021-06-03T05:18:41.548Z POST /cart/count 200 64 - 1.053 ms
[logger] 2021-06-03T05:18:41.594Z POST /sys/banner 200 399 - 0.843 ms
[logger] 2021-06-03T05:18:41.638Z POST /product/listByRecommend 200 888 - 2.652 ms
[logger] 2021-06-03T05:18:41.652Z POST /active/list 200 476 - 2.320 ms
[logger] 2021-06-03T05:18:41.760Z POST /search/hot/list 200 296 - 0.679 ms
[logger] 2021-06-03T05:18:41.777Z POST /search/hot/list 200 296 - 0.979 ms
[logger] 2021-06-03T05:18:41.800Z POST /cart/count 200 64 - 0.820 ms
[logger] 2021-06-03T05:18:41.823Z POST /cart/count 200 64 - 1.176 ms
[logger] 2021-06-03T05:18:42.033Z POST /product/salesList 200 2515 - 1.944 ms
[logger] 2021-06-03T05:18:42.108Z POST /active/list 200 476 - 1.075 ms
[logger] 2021-06-03T05:18:42.166Z POST /product/salesList 200 2515 - 1.857 ms
[logger] 2021-06-03T05:18:45.174Z POST /cart/count 200 64 - 1.249 ms
[logger] 2021-06-03T05:18:45.202Z POST /sys/banner 200 399 - 1.176 ms
[logger] 2021-06-03T05:18:45.228Z POST /product/listByRecommend 200 888 - 2.230 ms
[logger] 2021-06-03T05:18:45.248Z POST /active/list 200 476 - 0.991 ms
[logger] 2021-06-03T05:18:45.268Z POST /search/hot/list 200 296 - 2.241 ms
[logger] 2021-06-03T05:18:45.283Z POST /search/hot/list 200 296 - 1.047 ms
[logger] 2021-06-03T05:18:45.362Z POST /cart/count 200 64 - 1.134 ms
[logger] 2021-06-03T05:18:45.379Z POST /cart/count 200 64 - 1.129 ms
[logger] 2021-06-03T05:18:45.590Z POST /product/salesList 200 2515 - 3.319 ms
[logger] 2021-06-03T05:18:45.622Z POST /active/list 200 476 - 1.627 ms
[logger] 2021-06-03T05:18:45.709Z POST /product/salesList 200 2515 - 2.286 ms
[logger] 2021-06-03T05:18:48.140Z POST /cart/count 200 64 - 0.997 ms
[logger] 2021-06-03T05:18:48.163Z POST /sys/banner 200 399 - 3.284 ms
[logger] 2021-06-03T05:18:48.181Z POST /product/listByRecommend 200 888 - 1.793 ms
[logger] 2021-06-03T05:18:48.197Z POST /active/list 200 476 - 1.241 ms
[logger] 2021-06-03T05:18:48.213Z POST /search/hot/list 200 296 - 0.921 ms
[logger] 2021-06-03T05:18:48.231Z POST /search/hot/list 200 296 - 1.996 ms
[logger] 2021-06-03T05:18:48.256Z POST /cart/count 200 64 - 1.393 ms
[logger] 2021-06-03T05:18:48.286Z POST /cart/count 200 64 - 2.714 ms
[logger] 2021-06-03T05:18:48.612Z POST /product/salesList 200 2515 - 2.830 ms
[logger] 2021-06-03T05:18:49.167Z POST /active/list 200 476 - 1.486 ms
[logger] 2021-06-03T05:18:49.385Z POST /product/salesList 200 2515 - 3.151 ms
[logger] 2021-06-03T05:18:56.177Z POST /search/history/list 200 486 - 1.702 ms
[logger] 2021-06-03T05:18:56.201Z POST /search/hot/list 200 296 - 1.240 ms
[logger] 2021-06-03T05:19:16.092Z POST /cart/count 200 64 - 1.022 ms
[logger] 2021-06-03T05:19:16.117Z POST /sys/banner 200 399 - 1.035 ms
[logger] 2021-06-03T05:19:16.265Z POST /product/listByRecommend 200 888 - 2.800 ms
[logger] 2021-06-03T05:19:16.281Z POST /active/list 200 476 - 1.439 ms
[logger] 2021-06-03T05:19:16.297Z POST /search/hot/list 200 296 - 0.886 ms
[logger] 2021-06-03T05:19:16.321Z POST /search/hot/list 200 296 - 0.800 ms
[logger] 2021-06-03T05:19:16.349Z POST /cart/count 200 64 - 0.920 ms
[logger] 2021-06-03T05:19:16.373Z POST /cart/count 200 64 - 1.427 ms
[logger] 2021-06-03T05:19:16.714Z POST /product/salesList 200 2515 - 4.325 ms
[logger] 2021-06-03T05:19:16.765Z POST /active/list 200 476 - 1.874 ms
[logger] 2021-06-03T05:19:17.687Z POST /product/salesList 200 2515 - 1.917 ms
[logger] 2021-06-03T05:19:18.058Z POST /search/history/list 200 486 - 0.914 ms
[logger] 2021-06-03T05:19:18.111Z POST /search/hot/list 200 296 - 1.286 ms
[logger] 2021-06-03T05:19:23.103Z POST /cart/count 200 64 - 1.820 ms
[logger] 2021-06-03T05:24:25.743Z POST /cart/count 200 64 - 94.081 ms
[logger] 2021-06-03T05:24:25.746Z POST /sys/banner 200 399 - 26.728 ms
[logger] 2021-06-03T05:24:25.751Z POST /active/list 200 476 - 32.310 ms
[logger] 2021-06-03T05:24:25.753Z POST /search/hot/list 200 296 - 33.686 ms
[logger] 2021-06-03T05:24:25.756Z POST /search/hot/list 200 296 - 36.095 ms
[logger] 2021-06-03T05:24:25.760Z POST /product/listByRecommend 200 6583 - 41.182 ms
[logger] 2021-06-03T05:24:25.833Z POST /cart/count 200 64 - 1.777 ms
[logger] 2021-06-03T05:24:25.842Z POST /cart/count 200 64 - 1.487 ms
[logger] 2021-06-03T05:24:25.984Z POST /active/list 200 476 - 1.765 ms
[logger] 2021-06-03T05:24:26.136Z POST /product/salesList 200 2515 - 3.814 ms
[logger] 2021-06-03T05:24:26.739Z POST /product/salesList 200 2515 - 4.342 ms
[logger] 2021-06-03T05:26:21.791Z POST /cart/count 200 64 - 28.165 ms
[logger] 2021-06-03T05:26:21.806Z POST /sys/banner 200 399 - 3.947 ms
[logger] 2021-06-03T05:26:21.919Z POST /product/listByRecommend 200 6583 - 6.800 ms
[logger] 2021-06-03T05:26:22.035Z POST /active/list 200 476 - 106.949 ms
[logger] 2021-06-03T05:26:22.564Z POST /search/hot/list 200 296 - 2.392 ms
[logger] 2021-06-03T05:26:22.679Z POST /search/hot/list 200 296 - 1.929 ms
[logger] 2021-06-03T05:26:22.701Z POST /cart/count 200 64 - 1.069 ms
[logger] 2021-06-03T05:26:22.724Z POST /cart/count 200 64 - 1.891 ms
[logger] 2021-06-03T05:26:22.937Z POST /product/salesList 200 2515 - 3.964 ms
[logger] 2021-06-03T05:26:22.976Z POST /active/list 200 476 - 3.076 ms
[logger] 2021-06-03T05:26:23.579Z POST /product/salesList 200 2515 - 4.236 ms
[logger] 2021-06-03T05:27:25.937Z POST /search/history/list 200 486 - 3.588 ms
[logger] 2021-06-03T05:27:25.961Z POST /search/hot/list 200 296 - 2.795 ms
[logger] 2021-06-03T05:27:29.889Z POST /cart/count 200 64 - 1.052 ms
[logger] 2021-06-03T05:27:40.990Z POST /active/list 200 476 - 1.441 ms
[logger] 2021-06-03T05:27:41.046Z POST /product/salesList 200 2515 - 3.204 ms
[logger] 2021-06-03T05:27:48.104Z POST /cart/count 200 64 - 2.126 ms
[logger] 2021-06-03T05:27:50.071Z POST /active/list 200 476 - 1.806 ms
[logger] 2021-06-03T05:27:50.128Z POST /product/salesList 200 2515 - 3.372 ms
[logger] 2021-06-03T05:28:22.303Z POST /cart/count 200 64 - 1.820 ms
[logger] 2021-06-03T05:31:02.474Z POST /cart/count 200 64 - 1.129 ms
[logger] 2021-06-03T05:31:02.495Z POST /sys/banner 200 399 - 1.231 ms
[logger] 2021-06-03T05:31:02.513Z POST /product/listByRecommend 200 6583 - 4.737 ms
[logger] 2021-06-03T05:31:02.529Z POST /active/list 200 476 - 1.309 ms
[logger] 2021-06-03T05:31:02.544Z POST /search/hot/list 200 296 - 1.177 ms
[logger] 2021-06-03T05:31:02.560Z POST /search/hot/list 200 296 - 1.541 ms
[logger] 2021-06-03T05:31:02.581Z POST /cart/count 200 64 - 1.171 ms
[logger] 2021-06-03T05:31:02.601Z POST /cart/count 200 64 - 1.190 ms
[logger] 2021-06-03T05:31:02.941Z POST /product/salesList 200 2515 - 3.061 ms
[logger] 2021-06-03T05:31:03.034Z POST /active/list 200 476 - 2.182 ms
[logger] 2021-06-03T05:31:03.821Z POST /product/salesList 200 2515 - 2.340 ms
[logger] 2021-06-03T05:41:16.559Z POST /cart/count 200 64 - 19.044 ms
[logger] 2021-06-03T05:41:16.587Z POST /sys/banner 200 399 - 2.212 ms
[logger] 2021-06-03T05:41:16.785Z POST /product/listByRecommend 200 6583 - 23.450 ms
[logger] 2021-06-03T05:41:17.683Z POST /active/list 200 476 - 6.409 ms
[logger] 2021-06-03T05:41:17.869Z POST /search/hot/list 200 296 - 2.454 ms
[logger] 2021-06-03T05:41:17.954Z POST /search/hot/list 200 296 - 1.804 ms
[logger] 2021-06-03T05:41:17.975Z POST /cart/count 200 64 - 2.183 ms
[logger] 2021-06-03T05:41:18.016Z POST /cart/count 200 64 - 3.083 ms
[logger] 2021-06-03T05:41:18.436Z POST /product/salesList 200 2515 - 5.087 ms
[logger] 2021-06-03T05:41:19.331Z POST /active/list 200 476 - 1.422 ms
[logger] 2021-06-03T05:41:19.862Z POST /product/salesList 200 2515 - 4.364 ms
[logger] 2021-06-03T05:41:58.070Z POST /cart/count 200 66 - 2.360 ms
[logger] 2021-06-03T05:41:58.084Z POST /sys/banner 200 399 - 1.403 ms
[logger] 2021-06-03T05:41:58.104Z POST /product/listByRecommend 200 6583 - 3.862 ms
[logger] 2021-06-03T05:41:58.119Z POST /active/list 200 476 - 1.854 ms
[logger] 2021-06-03T05:41:58.133Z POST /search/hot/list 200 296 - 1.329 ms
[logger] 2021-06-03T05:41:58.149Z POST /search/hot/list 200 296 - 1.285 ms
[logger] 2021-06-03T05:41:58.174Z POST /cart/count 200 66 - 1.294 ms
[logger] 2021-06-03T05:41:58.208Z POST /cart/count 200 66 - 1.388 ms
[logger] 2021-06-03T05:41:58.600Z POST /active/list 200 476 - 1.331 ms
[logger] 2021-06-03T05:41:58.604Z POST /product/salesList 200 2515 - 5.624 ms
[logger] 2021-06-03T05:41:58.820Z POST /product/salesList 200 2515 - 4.169 ms
[logger] 2021-06-03T05:41:59.124Z POST /user/wxLogin 200 381 - 717.693 ms
[logger] 2021-06-03T05:42:39.443Z POST /cart/count 200 64 - 1.789 ms
[logger] 2021-06-03T05:42:39.466Z POST /sys/banner 200 399 - 1.381 ms
[logger] 2021-06-03T05:42:39.492Z POST /product/listByRecommend 200 6583 - 4.854 ms
[logger] 2021-06-03T05:42:39.513Z POST /active/list 200 476 - 1.673 ms
[logger] 2021-06-03T05:42:39.530Z POST /search/hot/list 200 296 - 1.311 ms
[logger] 2021-06-03T05:42:39.547Z POST /search/hot/list 200 296 - 2.141 ms
[logger] 2021-06-03T05:42:39.572Z POST /cart/count 200 64 - 1.221 ms
[logger] 2021-06-03T05:42:39.612Z POST /cart/count 200 64 - 2.653 ms
[logger] 2021-06-03T05:42:39.973Z POST /product/salesList 200 2515 - 3.672 ms
[logger] 2021-06-03T05:42:40.748Z POST /active/list 200 476 - 1.609 ms
[logger] 2021-06-03T05:42:41.280Z POST /product/salesList 200 2515 - 3.768 ms
[logger] 2021-06-03T05:42:45.178Z POST /cart/count 200 64 - 1.241 ms
[logger] 2021-06-03T05:42:45.200Z POST /sys/banner 200 399 - 1.886 ms
[logger] 2021-06-03T05:42:45.226Z POST /product/listByRecommend 200 6583 - 5.290 ms
[logger] 2021-06-03T05:42:45.239Z POST /active/list 200 476 - 1.462 ms
[logger] 2021-06-03T05:42:45.263Z POST /search/hot/list 200 296 - 2.911 ms
[logger] 2021-06-03T05:42:45.281Z POST /search/hot/list 200 296 - 1.086 ms
[logger] 2021-06-03T05:42:45.307Z POST /cart/count 200 64 - 0.959 ms
[logger] 2021-06-03T05:42:45.330Z POST /cart/count 200 64 - 1.327 ms
[logger] 2021-06-03T05:42:46.237Z POST /product/salesList 200 2515 - 6.554 ms
[logger] 2021-06-03T05:42:46.350Z POST /active/list 200 476 - 1.571 ms
[logger] 2021-06-03T05:42:46.776Z POST /product/salesList 200 2515 - 3.494 ms
[logger] 2021-06-03T06:05:31.031Z POST /cart/count 200 64 - 18.353 ms
[logger] 2021-06-03T06:05:31.033Z POST /sys/banner 200 399 - 6.558 ms
[logger] 2021-06-03T06:05:31.043Z POST /product/listByRecommend 500 12 - 2.751 ms
[logger] 2021-06-03T06:05:31.063Z POST /active/list 200 476 - 2.622 ms
[logger] 2021-06-03T06:05:31.103Z POST /search/hot/list 200 296 - 2.141 ms
[logger] 2021-06-03T06:05:31.121Z POST /search/hot/list 200 296 - 1.603 ms
[logger] 2021-06-03T06:05:31.142Z POST /cart/count 200 64 - 1.355 ms
[logger] 2021-06-03T06:05:31.164Z POST /cart/count 200 64 - 1.703 ms
[logger] 2021-06-03T06:05:32.280Z POST /product/salesList 200 2515 - 12.517 ms
[logger] 2021-06-03T06:05:32.518Z POST /active/list 200 476 - 1.938 ms
[logger] 2021-06-03T06:05:33.199Z POST /product/salesList 200 2515 - 2.781 ms
[logger] 2021-06-03T06:06:32.930Z POST /cart/count 200 64 - 2.455 ms
[logger] 2021-06-03T06:06:32.946Z POST /sys/banner 200 399 - 1.495 ms
[logger] 2021-06-03T06:06:32.970Z POST /product/listByRecommend 401 12 - 3.955 ms
[logger] 2021-06-03T06:06:32.992Z POST /active/list 200 476 - 3.235 ms
[logger] 2021-06-03T06:06:33.048Z POST /search/hot/list 200 296 - 2.920 ms
[logger] 2021-06-03T06:06:33.094Z POST /search/hot/list 200 296 - 2.267 ms
[logger] 2021-06-03T06:06:33.132Z POST /cart/count 200 64 - 2.131 ms
[logger] 2021-06-03T06:06:33.248Z POST /cart/count 200 64 - 1.843 ms
[logger] 2021-06-03T06:06:34.191Z POST /product/salesList 200 2515 - 4.858 ms
[logger] 2021-06-03T06:06:34.344Z POST /active/list 200 476 - 1.832 ms
[logger] 2021-06-03T06:06:34.730Z POST /product/salesList 200 2515 - 3.449 ms
[logger] 2021-06-03T06:06:58.126Z POST /cart/count 200 66 - 1.837 ms
[logger] 2021-06-03T06:06:58.147Z POST /sys/banner 200 399 - 1.602 ms
[logger] 2021-06-03T06:06:58.182Z POST /product/listByRecommend 500 12 - 1.530 ms
[logger] 2021-06-03T06:06:58.202Z POST /active/list 200 476 - 2.129 ms
[logger] 2021-06-03T06:06:58.222Z POST /search/hot/list 200 296 - 1.628 ms
[logger] 2021-06-03T06:06:58.242Z POST /search/hot/list 200 296 - 1.150 ms
[logger] 2021-06-03T06:06:58.275Z POST /cart/count 200 66 - 1.386 ms
[logger] 2021-06-03T06:06:58.296Z POST /cart/count 200 66 - 1.429 ms
[logger] 2021-06-03T06:06:59.150Z POST /product/salesList 200 2515 - 3.400 ms
[logger] 2021-06-03T06:06:59.204Z POST /active/list 200 476 - 1.604 ms
[logger] 2021-06-03T06:06:59.892Z POST /product/salesList 200 2515 - 2.799 ms
[logger] 2021-06-03T06:07:03.393Z POST /user/wxLogin - - - - ms
[logger] 2021-06-03T06:07:16.613Z POST /cart/count 200 66 - 1.203 ms
[logger] 2021-06-03T06:07:16.631Z POST /sys/banner 200 399 - 2.298 ms
[logger] 2021-06-03T06:07:16.650Z POST /product/listByRecommend 500 12 - 1.535 ms
[logger] 2021-06-03T06:07:16.670Z POST /active/list 200 476 - 1.846 ms
[logger] 2021-06-03T06:07:16.695Z POST /search/hot/list 200 296 - 1.631 ms
[logger] 2021-06-03T06:07:16.715Z POST /search/hot/list 200 296 - 1.581 ms
[logger] 2021-06-03T06:07:16.742Z POST /cart/count 200 66 - 1.421 ms
[logger] 2021-06-03T06:07:16.764Z POST /cart/count 200 66 - 1.622 ms
[logger] 2021-06-03T06:07:17.631Z POST /product/salesList 200 2515 - 4.369 ms
[logger] 2021-06-03T06:07:17.780Z POST /active/list 200 476 - 1.284 ms
[logger] 2021-06-03T06:07:18.061Z POST /product/salesList 200 2515 - 3.242 ms
[logger] 2021-06-03T06:07:21.926Z POST /user/wxLogin - - - - ms
[logger] 2021-06-03T06:07:26.101Z POST /cart/count 200 66 - 1.156 ms
[logger] 2021-06-03T06:07:26.126Z POST /sys/banner 200 399 - 2.038 ms
[logger] 2021-06-03T06:07:26.146Z POST /product/listByRecommend 500 12 - 2.168 ms
[logger] 2021-06-03T06:07:26.168Z POST /active/list 200 476 - 1.729 ms
[logger] 2021-06-03T06:07:26.193Z POST /search/hot/list 200 296 - 1.662 ms
[logger] 2021-06-03T06:07:26.214Z POST /search/hot/list 200 296 - 1.144 ms
[logger] 2021-06-03T06:07:26.255Z POST /cart/count 200 66 - 1.299 ms
[logger] 2021-06-03T06:07:26.285Z POST /cart/count 200 66 - 1.232 ms
[logger] 2021-06-03T06:07:27.133Z POST /product/salesList 200 2515 - 3.944 ms
[logger] 2021-06-03T06:07:27.253Z POST /active/list 200 476 - 1.826 ms
[logger] 2021-06-03T06:07:27.784Z POST /product/salesList 200 2515 - 3.085 ms
[logger] 2021-06-03T06:07:31.509Z POST /user/wxLogin - - - - ms
[logger] 2021-06-03T06:09:07.869Z POST /cart/count 200 66 - 26.180 ms
[logger] 2021-06-03T06:09:07.872Z POST /sys/banner 200 399 - 10.432 ms
[logger] 2021-06-03T06:09:07.907Z POST /product/listByRecommend 500 12 - 4.452 ms
[logger] 2021-06-03T06:09:07.923Z POST /active/list 200 476 - 3.616 ms
[logger] 2021-06-03T06:09:07.945Z POST /search/hot/list 200 296 - 3.849 ms
[logger] 2021-06-03T06:09:07.963Z POST /search/hot/list 200 296 - 1.476 ms
[logger] 2021-06-03T06:09:07.993Z POST /cart/count 200 66 - 1.579 ms
[logger] 2021-06-03T06:09:08.020Z POST /cart/count 200 66 - 1.680 ms
[logger] 2021-06-03T06:09:08.621Z POST /user/wxLogin 200 381 - 310.100 ms
[logger] 2021-06-03T06:09:08.908Z POST /product/salesList 200 2515 - 6.312 ms
[logger] 2021-06-03T06:09:09.075Z POST /active/list 200 476 - 1.775 ms
[logger] 2021-06-03T06:09:09.377Z POST /product/salesList 200 2515 - 2.908 ms
[logger] 2021-06-03T06:09:42.982Z POST /cart/count 200 64 - 2.144 ms
[logger] 2021-06-03T06:09:43.000Z POST /sys/banner 200 399 - 1.292 ms
[logger] 2021-06-03T06:09:43.053Z POST /product/listByRecommend 200 6583 - 9.438 ms
[logger] 2021-06-03T06:09:43.091Z POST /active/list 200 476 - 1.494 ms
[logger] 2021-06-03T06:09:43.112Z POST /search/hot/list 200 296 - 2.527 ms
[logger] 2021-06-03T06:09:43.214Z POST /search/hot/list 200 296 - 2.277 ms
[logger] 2021-06-03T06:09:43.229Z POST /cart/count 200 64 - 2.007 ms
[logger] 2021-06-03T06:09:43.265Z POST /cart/count 200 64 - 2.389 ms
[logger] 2021-06-03T06:09:43.535Z POST /product/salesList 200 2515 - 3.497 ms
[logger] 2021-06-03T06:09:43.569Z POST /active/list 200 476 - 2.283 ms
[logger] 2021-06-03T06:09:43.879Z POST /product/salesList 200 2515 - 2.359 ms
[logger] 2021-06-03T06:11:30.709Z POST /cart/count 200 64 - 24.522 ms
[logger] 2021-06-03T06:11:30.718Z POST /sys/banner 200 399 - 3.048 ms
[logger] 2021-06-03T06:11:30.769Z POST /product/listByRecommend 500 12 - 3.585 ms
[logger] 2021-06-03T06:11:30.790Z POST /active/list 200 476 - 3.558 ms
[logger] 2021-06-03T06:11:30.814Z POST /search/hot/list 200 296 - 2.522 ms
[logger] 2021-06-03T06:11:30.830Z POST /search/hot/list 200 296 - 1.505 ms
[logger] 2021-06-03T06:11:30.857Z POST /cart/count 200 64 - 1.262 ms
[logger] 2021-06-03T06:11:30.887Z POST /cart/count 200 64 - 1.950 ms
[logger] 2021-06-03T06:11:31.700Z POST /product/salesList 200 2515 - 5.664 ms
[logger] 2021-06-03T06:11:31.773Z POST /active/list 200 476 - 2.254 ms
[logger] 2021-06-03T06:11:32.154Z POST /product/salesList 200 2515 - 4.186 ms
[logger] 2021-06-03T06:12:18.222Z POST /cart/count 200 64 - 22.272 ms
[logger] 2021-06-03T06:12:18.225Z POST /sys/banner 200 399 - 9.365 ms
[logger] 2021-06-03T06:12:18.238Z POST /product/listByRecommend 200 6583 - 5.347 ms
[logger] 2021-06-03T06:12:18.253Z POST /active/list 200 476 - 2.393 ms
[logger] 2021-06-03T06:12:18.273Z POST /search/hot/list 200 296 - 2.785 ms
[logger] 2021-06-03T06:12:18.292Z POST /search/hot/list 200 296 - 2.123 ms
[logger] 2021-06-03T06:12:18.316Z POST /cart/count 200 64 - 1.174 ms
[logger] 2021-06-03T06:12:18.346Z POST /cart/count 200 64 - 1.699 ms
[logger] 2021-06-03T06:12:18.645Z POST /product/salesList 200 2515 - 5.576 ms
[logger] 2021-06-03T06:12:19.294Z POST /active/list 200 476 - 3.341 ms
[logger] 2021-06-03T06:12:19.728Z POST /product/salesList 200 2515 - 4.980 ms
[logger] 2021-06-03T06:13:22.446Z POST /cart/count 200 64 - 2.611 ms
[logger] 2021-06-03T06:13:22.469Z POST /sys/banner 200 399 - 2.054 ms
[logger] 2021-06-03T06:13:22.495Z POST /product/listByRecommend 200 6583 - 5.452 ms
[logger] 2021-06-03T06:13:22.515Z POST /active/list 200 476 - 1.968 ms
[logger] 2021-06-03T06:13:22.532Z POST /search/hot/list 200 296 - 1.359 ms
[logger] 2021-06-03T06:13:22.552Z POST /search/hot/list 200 296 - 1.295 ms
[logger] 2021-06-03T06:13:22.579Z POST /cart/count 200 64 - 1.141 ms
[logger] 2021-06-03T06:13:22.606Z POST /cart/count 200 64 - 1.509 ms
[logger] 2021-06-03T06:13:22.823Z POST /product/salesList 200 2515 - 3.116 ms
[logger] 2021-06-03T06:13:22.857Z POST /active/list 200 476 - 1.729 ms
[logger] 2021-06-03T06:13:23.165Z POST /product/salesList 200 2515 - 3.728 ms
[logger] 2021-06-03T06:13:45.051Z POST /cart/count 200 64 - 20.677 ms
[logger] 2021-06-03T06:13:45.056Z POST /sys/banner 200 399 - 3.875 ms
[logger] 2021-06-03T06:13:45.066Z POST /product/listByRecommend 200 6583 - 9.536 ms
[logger] 2021-06-03T06:13:45.083Z POST /active/list 200 476 - 3.351 ms
[logger] 2021-06-03T06:13:45.104Z POST /search/hot/list 200 296 - 2.075 ms
[logger] 2021-06-03T06:13:45.124Z POST /search/hot/list 200 296 - 2.324 ms
[logger] 2021-06-03T06:13:45.148Z POST /cart/count 200 64 - 1.689 ms
[logger] 2021-06-03T06:13:45.175Z POST /cart/count 200 64 - 1.516 ms
[logger] 2021-06-03T06:13:46.059Z POST /product/salesList 200 2515 - 5.444 ms
[logger] 2021-06-03T06:13:46.163Z POST /active/list 200 476 - 2.286 ms
[logger] 2021-06-03T06:13:46.601Z POST /product/salesList 200 2515 - 3.180 ms
[logger] 2021-06-03T06:14:09.314Z POST /cart/count 200 64 - 1.943 ms
[logger] 2021-06-03T06:14:09.347Z POST /sys/banner 200 399 - 1.303 ms
[logger] 2021-06-03T06:14:09.399Z POST /product/listByRecommend 500 12 - 2.819 ms
[logger] 2021-06-03T06:14:09.417Z POST /active/list 200 476 - 3.449 ms
[logger] 2021-06-03T06:14:09.443Z POST /search/hot/list 200 296 - 1.340 ms
[logger] 2021-06-03T06:14:09.519Z POST /search/hot/list 200 296 - 0.991 ms
[logger] 2021-06-03T06:14:10.197Z POST /cart/count 200 64 - 1.364 ms
[logger] 2021-06-03T06:14:10.319Z POST /cart/count 200 64 - 1.999 ms
[logger] 2021-06-03T06:14:10.521Z POST /active/list 200 476 - 1.555 ms
[logger] 2021-06-03T06:14:10.703Z POST /product/salesList 200 2515 - 4.215 ms
[logger] 2021-06-03T06:14:10.899Z POST /product/salesList 200 2515 - 4.602 ms
[logger] 2021-06-03T06:14:38.532Z POST /cart/count 200 64 - 27.746 ms
[logger] 2021-06-03T06:14:38.554Z POST /sys/banner 200 399 - 3.329 ms
[logger] 2021-06-03T06:14:38.603Z POST /product/listByRecommend 500 12 - 5.509 ms
[logger] 2021-06-03T06:14:38.642Z POST /active/list 200 476 - 3.618 ms
[logger] 2021-06-03T06:14:38.698Z POST /search/hot/list 200 296 - 2.862 ms
[logger] 2021-06-03T06:14:38.719Z POST /search/hot/list 200 296 - 1.565 ms
[logger] 2021-06-03T06:14:38.770Z POST /cart/count 200 64 - 2.088 ms
[logger] 2021-06-03T06:14:38.816Z POST /cart/count 200 64 - 2.476 ms
[logger] 2021-06-03T06:14:39.120Z POST /product/salesList 200 2515 - 4.711 ms
[logger] 2021-06-03T06:14:39.134Z POST /active/list 200 476 - 1.934 ms
[logger] 2021-06-03T06:14:39.484Z POST /product/salesList 200 2515 - 2.470 ms
[logger] 2021-06-03T06:15:08.162Z POST /cart/count 200 64 - 1.705 ms
[logger] 2021-06-03T06:15:08.212Z POST /sys/banner 200 399 - 2.473 ms
[logger] 2021-06-03T06:15:08.255Z POST /product/listByRecommend 500 12 - 4.585 ms
[logger] 2021-06-03T06:15:08.288Z POST /active/list 200 476 - 2.363 ms
[logger] 2021-06-03T06:15:08.457Z POST /search/hot/list 200 296 - 1.443 ms
[logger] 2021-06-03T06:15:08.493Z POST /search/hot/list 200 296 - 1.269 ms
[logger] 2021-06-03T06:15:08.552Z POST /cart/count 200 64 - 1.487 ms
[logger] 2021-06-03T06:15:08.661Z POST /cart/count 200 64 - 1.477 ms
[logger] 2021-06-03T06:15:09.556Z POST /product/salesList 200 2515 - 4.346 ms
[logger] 2021-06-03T06:15:09.685Z POST /active/list 200 476 - 1.868 ms
[logger] 2021-06-03T06:15:10.148Z POST /product/salesList 200 2515 - 5.385 ms
[logger] 2021-06-03T06:15:38.008Z POST /cart/count 200 64 - 1.446 ms
[logger] 2021-06-03T06:15:38.052Z POST /sys/banner 200 399 - 3.011 ms
[logger] 2021-06-03T06:15:38.101Z POST /product/listByRecommend 500 12 - 3.339 ms
[logger] 2021-06-03T06:15:38.126Z POST /active/list 200 476 - 1.196 ms
[logger] 2021-06-03T06:15:38.173Z POST /search/hot/list 200 296 - 1.376 ms
[logger] 2021-06-03T06:15:38.197Z POST /search/hot/list 200 296 - 2.474 ms
[logger] 2021-06-03T06:15:38.250Z POST /cart/count 200 64 - 1.563 ms
[logger] 2021-06-03T06:15:38.293Z POST /cart/count 200 64 - 1.252 ms
[logger] 2021-06-03T06:15:38.610Z POST /product/salesList 200 2515 - 4.223 ms
[logger] 2021-06-03T06:15:38.702Z POST /active/list 200 476 - 1.781 ms
[logger] 2021-06-03T06:15:39.729Z POST /product/salesList 200 2515 - 4.583 ms
[logger] 2021-06-03T06:15:41.754Z POST /cart/count 200 64 - 1.039 ms
[logger] 2021-06-03T06:15:41.797Z POST /sys/banner 200 399 - 2.000 ms
[logger] 2021-06-03T06:15:41.824Z POST /product/listByRecommend 500 12 - 3.596 ms
[logger] 2021-06-03T06:15:41.853Z POST /active/list 200 476 - 1.353 ms
[logger] 2021-06-03T06:15:41.879Z POST /search/hot/list 200 296 - 1.253 ms
[logger] 2021-06-03T06:15:41.895Z POST /search/hot/list 200 296 - 1.267 ms
[logger] 2021-06-03T06:15:41.931Z POST /cart/count 200 64 - 1.037 ms
[logger] 2021-06-03T06:15:41.970Z POST /cart/count 200 64 - 1.514 ms
[logger] 2021-06-03T06:15:42.881Z POST /product/salesList 200 2515 - 3.304 ms
[logger] 2021-06-03T06:15:42.963Z POST /active/list 200 476 - 1.460 ms
[logger] 2021-06-03T06:15:43.821Z POST /product/salesList 200 2515 - 3.956 ms
[logger] 2021-06-03T06:16:12.601Z POST /cart/count 200 64 - 29.238 ms
[logger] 2021-06-03T06:16:12.620Z POST /sys/banner 200 399 - 2.530 ms
[logger] 2021-06-03T06:16:12.761Z POST /product/listByRecommend 500 12 - 8.810 ms
[logger] 2021-06-03T06:16:12.794Z POST /active/list 200 476 - 3.534 ms
[logger] 2021-06-03T06:16:12.827Z POST /search/hot/list 200 296 - 2.591 ms
[logger] 2021-06-03T06:16:12.861Z POST /search/hot/list 200 296 - 1.585 ms
[logger] 2021-06-03T06:16:12.903Z POST /cart/count 200 64 - 2.260 ms
[logger] 2021-06-03T06:16:12.946Z POST /cart/count 200 64 - 1.488 ms
[logger] 2021-06-03T06:16:13.358Z POST /product/salesList 200 2515 - 7.206 ms
[logger] 2021-06-03T06:16:13.408Z POST /active/list 200 476 - 2.183 ms
[logger] 2021-06-03T06:16:13.825Z POST /product/salesList 200 2515 - 3.132 ms
[logger] 2021-06-03T06:16:50.043Z POST /cart/count 200 64 - 2.357 ms
[logger] 2021-06-03T06:16:50.064Z POST /sys/banner 200 399 - 1.588 ms
[logger] 2021-06-03T06:16:50.089Z POST /product/listByRecommend 401 12 - 7.188 ms
[logger] 2021-06-03T06:16:50.113Z POST /active/list 200 476 - 2.134 ms
[logger] 2021-06-03T06:16:50.133Z POST /search/hot/list 200 296 - 1.275 ms
[logger] 2021-06-03T06:16:50.158Z POST /search/hot/list 200 296 - 1.582 ms
[logger] 2021-06-03T06:16:50.186Z POST /cart/count 200 64 - 1.418 ms
[logger] 2021-06-03T06:16:50.213Z POST /cart/count 200 64 - 1.397 ms
[logger] 2021-06-03T06:16:50.581Z POST /product/salesList 200 2515 - 6.353 ms
[logger] 2021-06-03T06:16:50.686Z POST /active/list 200 476 - 1.683 ms
[logger] 2021-06-03T06:16:50.950Z POST /product/salesList 200 2515 - 3.466 ms
[logger] 2021-06-03T06:16:55.384Z POST /cart/count 200 64 - 0.960 ms
[logger] 2021-06-03T06:16:55.403Z POST /sys/banner 200 399 - 1.375 ms
[logger] 2021-06-03T06:16:55.431Z POST /product/listByRecommend 500 12 - 5.669 ms
[logger] 2021-06-03T06:16:55.450Z POST /active/list 200 476 - 1.392 ms
[logger] 2021-06-03T06:16:55.467Z POST /search/hot/list 200 296 - 0.924 ms
[logger] 2021-06-03T06:16:55.486Z POST /search/hot/list 200 296 - 1.313 ms
[logger] 2021-06-03T06:16:55.511Z POST /cart/count 200 64 - 1.397 ms
[logger] 2021-06-03T06:16:55.533Z POST /cart/count 200 64 - 1.218 ms
[logger] 2021-06-03T06:16:55.618Z POST /product/salesList 200 2515 - 3.167 ms
[logger] 2021-06-03T06:16:56.771Z POST /active/list 200 476 - 1.638 ms
[logger] 2021-06-03T06:16:56.917Z POST /product/salesList 200 2515 - 3.818 ms
[logger] 2021-06-03T06:19:29.692Z POST /cart/count 200 64 - 28.773 ms
[logger] 2021-06-03T06:19:29.694Z POST /sys/banner 200 399 - 11.609 ms
[logger] 2021-06-03T06:19:29.716Z POST /product/listByRecommend 500 12 - 7.380 ms
[logger] 2021-06-03T06:19:29.734Z POST /active/list 200 476 - 3.089 ms
[logger] 2021-06-03T06:19:29.760Z POST /search/hot/list 200 296 - 3.013 ms
[logger] 2021-06-03T06:19:29.791Z POST /search/hot/list 200 296 - 3.254 ms
[logger] 2021-06-03T06:19:29.821Z POST /cart/count 200 64 - 2.240 ms
[logger] 2021-06-03T06:19:29.849Z POST /cart/count 200 64 - 1.445 ms
[logger] 2021-06-03T06:19:30.112Z POST /product/salesList 200 2515 - 5.776 ms
[logger] 2021-06-03T06:19:30.143Z POST /active/list 200 476 - 1.665 ms
[logger] 2021-06-03T06:19:30.553Z POST /product/salesList 200 2515 - 5.631 ms
[logger] 2021-06-03T06:36:32.467Z POST /cart/count 401 12 - 28.613 ms
[logger] 2021-06-03T06:36:32.477Z POST /sys/banner 401 12 - 6.369 ms
[logger] 2021-06-03T06:36:32.497Z POST /product/listByRecommend 401 12 - 6.723 ms
[logger] 2021-06-03T06:36:32.542Z POST /active/list 401 12 - 5.397 ms
[logger] 2021-06-03T06:36:32.569Z POST /search/hot/list 401 12 - 3.500 ms
[logger] 2021-06-03T06:36:32.611Z POST /search/hot/list 401 12 - 6.511 ms
[logger] 2021-06-03T06:36:32.641Z POST /cart/count 401 12 - 5.741 ms
[logger] 2021-06-03T06:36:32.682Z POST /cart/count 401 12 - 9.488 ms
[logger] 2021-06-03T06:36:33.146Z POST /active/list 401 12 - 4.089 ms
[logger] 2021-06-03T06:36:44.689Z POST /cart/count 401 12 - 25.211 ms
[logger] 2021-06-03T06:36:44.713Z POST /sys/banner 401 12 - 18.170 ms
[logger] 2021-06-03T06:36:44.725Z POST /product/listByRecommend 401 12 - 5.521 ms
[logger] 2021-06-03T06:36:44.771Z POST /active/list 401 12 - 4.237 ms
[logger] 2021-06-03T06:36:44.806Z POST /search/hot/list 401 12 - 4.611 ms
[logger] 2021-06-03T06:36:44.845Z POST /search/hot/list 401 12 - 11.901 ms
[logger] 2021-06-03T06:36:44.881Z POST /cart/count 401 12 - 9.159 ms
[logger] 2021-06-03T06:36:44.998Z POST /cart/count 401 12 - 5.286 ms
[logger] 2021-06-03T06:36:45.921Z POST /active/list 401 12 - 3.871 ms
[logger] 2021-06-03T06:39:16.641Z POST /cart/count 401 38 - 23.789 ms
[logger] 2021-06-03T06:39:16.652Z POST /sys/banner 401 38 - 4.749 ms
[logger] 2021-06-03T06:39:16.677Z POST /product/listByRecommend 401 38 - 5.898 ms
[logger] 2021-06-03T06:39:16.704Z POST /active/list 401 38 - 4.088 ms
[logger] 2021-06-03T06:39:16.733Z POST /search/hot/list 401 38 - 3.894 ms
[logger] 2021-06-03T06:39:16.771Z POST /search/hot/list 401 38 - 4.944 ms
[logger] 2021-06-03T06:39:16.814Z POST /cart/count 401 38 - 4.332 ms
[logger] 2021-06-03T06:39:16.880Z POST /cart/count 401 38 - 6.515 ms
[logger] 2021-06-03T06:39:17.913Z POST /active/list 401 38 - 6.546 ms
[logger] 2021-06-03T06:39:34.909Z POST /cart/count 401 38 - 10.000 ms
[logger] 2021-06-03T06:39:34.938Z POST /sys/banner 401 38 - 9.715 ms
[logger] 2021-06-03T06:39:34.973Z POST /product/listByRecommend 401 38 - 11.512 ms
[logger] 2021-06-03T06:39:35.001Z POST /active/list 401 38 - 8.227 ms
[logger] 2021-06-03T06:39:35.027Z POST /search/hot/list 401 38 - 7.262 ms
[logger] 2021-06-03T06:39:35.058Z POST /search/hot/list 401 38 - 7.071 ms
[logger] 2021-06-03T06:39:35.155Z POST /cart/count 401 38 - 7.469 ms
[logger] 2021-06-03T06:39:35.806Z POST /cart/count 401 38 - 8.834 ms
[logger] 2021-06-03T06:39:36.057Z POST /active/list 401 38 - 6.942 ms
[logger] 2021-06-03T06:39:45.325Z POST /cart/count 401 38 - 7.199 ms
[logger] 2021-06-03T06:39:45.351Z POST /sys/banner 401 38 - 6.295 ms
[logger] 2021-06-03T06:39:45.374Z POST /product/listByRecommend 401 38 - 6.347 ms
[logger] 2021-06-03T06:39:45.413Z POST /active/list 401 38 - 6.969 ms
[logger] 2021-06-03T06:39:45.441Z POST /search/hot/list 401 38 - 7.074 ms
[logger] 2021-06-03T06:39:45.504Z POST /search/hot/list 401 38 - 7.497 ms
[logger] 2021-06-03T06:39:45.579Z POST /cart/count 401 38 - 10.293 ms
[logger] 2021-06-03T06:39:45.620Z POST /cart/count 401 38 - 11.002 ms
[logger] 2021-06-03T06:39:46.730Z POST /active/list 401 38 - 7.140 ms
[logger] 2021-06-03T06:40:02.791Z POST /cart/count 401 38 - 3.876 ms
[logger] 2021-06-03T06:40:02.817Z POST /sys/banner 401 38 - 4.056 ms
[logger] 2021-06-03T06:40:02.844Z POST /product/listByRecommend 401 38 - 3.569 ms
[logger] 2021-06-03T06:40:02.870Z POST /active/list 401 38 - 4.862 ms
[logger] 2021-06-03T06:40:02.895Z POST /search/hot/list 401 38 - 3.847 ms
[logger] 2021-06-03T06:40:02.920Z POST /search/hot/list 401 38 - 3.647 ms
[logger] 2021-06-03T06:40:02.963Z POST /cart/count 401 38 - 4.514 ms
[logger] 2021-06-03T06:40:02.996Z POST /cart/count 401 38 - 5.625 ms
[logger] 2021-06-03T06:40:03.703Z POST /user/wxLogin 200 381 - 320.981 ms
[logger] 2021-06-03T06:40:04.024Z POST /active/list 401 38 - 4.011 ms
[logger] 2021-06-03T06:40:16.577Z POST /cart/count 200 64 - 3.753 ms
[logger] 2021-06-03T06:40:16.598Z POST /sys/banner 200 399 - 3.299 ms
[logger] 2021-06-03T06:40:16.622Z POST /product/listByRecommend 200 6583 - 5.818 ms
[logger] 2021-06-03T06:40:16.649Z POST /active/list 200 476 - 4.017 ms
[logger] 2021-06-03T06:40:16.663Z POST /search/hot/list 200 296 - 2.578 ms
[logger] 2021-06-03T06:40:16.681Z POST /search/hot/list 200 296 - 1.833 ms
[logger] 2021-06-03T06:40:16.712Z POST /cart/count 200 64 - 1.998 ms
[logger] 2021-06-03T06:40:16.735Z POST /cart/count 200 64 - 1.901 ms
[logger] 2021-06-03T06:40:17.035Z POST /product/salesList 200 2515 - 4.253 ms
[logger] 2021-06-03T06:40:17.762Z POST /active/list 200 476 - 1.985 ms
[logger] 2021-06-03T06:40:17.967Z POST /product/salesList 200 2515 - 3.756 ms
[logger] 2021-06-03T06:46:09.953Z POST /cart/count 401 38 - 22.357 ms
[logger] 2021-06-03T06:46:09.959Z POST /sys/banner 401 38 - 1.890 ms
[logger] 2021-06-03T06:46:09.971Z POST /product/listByRecommend 401 38 - 1.394 ms
[logger] 2021-06-03T06:46:09.991Z POST /active/list 401 38 - 1.892 ms
[logger] 2021-06-03T06:46:10.012Z POST /search/hot/list 401 38 - 1.035 ms
[logger] 2021-06-03T06:46:10.026Z POST /search/hot/list 401 38 - 0.815 ms
[logger] 2021-06-03T06:46:10.057Z POST /cart/count 401 38 - 1.769 ms
[logger] 2021-06-03T06:46:10.077Z POST /cart/count 401 38 - 0.908 ms
[logger] 2021-06-03T06:46:11.184Z POST /active/list 401 38 - 0.828 ms
[logger] 2021-06-03T06:47:30.597Z POST /cart/count 401 38 - 1.600 ms
[logger] 2021-06-03T06:47:30.619Z POST /sys/banner 401 38 - 0.944 ms
[logger] 2021-06-03T06:47:30.668Z POST /product/listByRecommend 401 38 - 1.106 ms
[logger] 2021-06-03T06:47:30.692Z POST /active/list 401 38 - 0.664 ms
[logger] 2021-06-03T06:47:30.708Z POST /search/hot/list 401 38 - 0.730 ms
[logger] 2021-06-03T06:47:30.727Z POST /search/hot/list 401 38 - 1.018 ms
[logger] 2021-06-03T06:47:30.751Z POST /cart/count 401 38 - 1.141 ms
[logger] 2021-06-03T06:47:30.777Z POST /cart/count 401 38 - 0.876 ms
[logger] 2021-06-03T06:47:32.234Z POST /active/list 401 38 - 1.253 ms
[logger] 2021-06-03T07:03:17.182Z POST /cart/count 401 38 - 21.436 ms
[logger] 2021-06-03T07:03:17.185Z POST /sys/banner 401 38 - 0.862 ms
[logger] 2021-06-03T07:03:17.215Z POST /product/listByRecommend 401 38 - 1.250 ms
[logger] 2021-06-03T07:03:17.233Z POST /active/list 401 38 - 0.820 ms
[logger] 2021-06-03T07:03:17.252Z POST /search/hot/list 401 38 - 0.805 ms
[logger] 2021-06-03T07:03:17.270Z POST /search/hot/list 401 38 - 1.354 ms
[logger] 2021-06-03T07:03:17.297Z POST /cart/count 401 38 - 1.389 ms
[logger] 2021-06-03T07:03:17.326Z POST /cart/count 401 38 - 1.779 ms
[logger] 2021-06-03T07:03:18.463Z POST /active/list 401 38 - 1.049 ms
[logger] 2021-06-03T07:04:22.751Z POST /cart/count 401 38 - 1.060 ms
[logger] 2021-06-03T07:04:22.780Z POST /sys/banner 401 38 - 1.167 ms
[logger] 2021-06-03T07:04:22.802Z POST /product/listByRecommend 401 38 - 1.086 ms
[logger] 2021-06-03T07:04:22.830Z POST /active/list 401 38 - 0.946 ms
[logger] 2021-06-03T07:04:22.845Z POST /search/hot/list 401 38 - 0.731 ms
[logger] 2021-06-03T07:04:22.866Z POST /search/hot/list 401 38 - 1.133 ms
[logger] 2021-06-03T07:04:22.900Z POST /cart/count 401 38 - 1.116 ms
[logger] 2021-06-03T07:04:22.928Z POST /cart/count 401 38 - 1.081 ms
[logger] 2021-06-03T07:04:24.012Z POST /active/list 401 38 - 1.869 ms
[logger] 2021-06-03T07:08:35.960Z POST /cart/count 401 38 - 1.059 ms
[logger] 2021-06-03T07:08:35.987Z POST /sys/banner 401 38 - 0.755 ms
[logger] 2021-06-03T07:08:36.017Z POST /product/listByRecommend 401 38 - 0.898 ms
[logger] 2021-06-03T07:08:36.035Z POST /active/list 401 38 - 0.907 ms
[logger] 2021-06-03T07:08:36.059Z POST /search/hot/list 401 38 - 0.997 ms
[logger] 2021-06-03T07:08:36.085Z POST /search/hot/list 401 38 - 1.542 ms
[logger] 2021-06-03T07:08:36.120Z POST /cart/count 401 38 - 1.101 ms
[logger] 2021-06-03T07:08:36.156Z POST /cart/count 401 38 - 1.129 ms
[logger] 2021-06-03T07:08:36.655Z POST /active/list 401 38 - 0.681 ms
[logger] 2021-06-03T07:08:42.658Z POST /cart/count 401 38 - 0.976 ms
[logger] 2021-06-03T07:08:42.677Z POST /sys/banner 401 38 - 0.721 ms
[logger] 2021-06-03T07:08:42.694Z POST /product/listByRecommend 401 38 - 0.987 ms
[logger] 2021-06-03T07:08:42.717Z POST /active/list 401 38 - 0.916 ms
[logger] 2021-06-03T07:08:42.735Z POST /search/hot/list 401 38 - 0.580 ms
[logger] 2021-06-03T07:08:42.752Z POST /search/hot/list 401 38 - 0.842 ms
[logger] 2021-06-03T07:08:42.778Z POST /cart/count 401 38 - 0.965 ms
[logger] 2021-06-03T07:08:42.806Z POST /cart/count 401 38 - 1.198 ms
[logger] 2021-06-03T07:08:43.806Z POST /active/list 401 38 - 0.965 ms
[logger] 2021-06-03T07:09:09.992Z POST /cart/count 401 38 - 0.588 ms
[logger] 2021-06-03T07:09:10.018Z POST /sys/banner 401 38 - 0.807 ms
[logger] 2021-06-03T07:09:10.056Z POST /product/listByRecommend 401 38 - 3.317 ms
[logger] 2021-06-03T07:09:10.123Z POST /active/list 401 38 - 3.087 ms
[logger] 2021-06-03T07:09:10.152Z POST /search/hot/list 401 38 - 1.049 ms
[logger] 2021-06-03T07:09:10.174Z POST /search/hot/list 401 38 - 1.039 ms
[logger] 2021-06-03T07:09:10.219Z POST /cart/count 401 38 - 1.421 ms
[logger] 2021-06-03T07:09:10.281Z POST /cart/count 401 38 - 1.605 ms
[logger] 2021-06-03T07:09:11.671Z POST /active/list 401 38 - 0.905 ms
[logger] 2021-06-03T07:15:58.054Z POST /cart/count 401 38 - 18.365 ms
[logger] 2021-06-03T07:15:58.057Z POST /sys/banner 401 38 - 0.756 ms
[logger] 2021-06-03T07:15:58.071Z POST /product/listByRecommend 401 38 - 0.916 ms
[logger] 2021-06-03T07:15:58.090Z POST /active/list 401 38 - 0.683 ms
[logger] 2021-06-03T07:15:58.105Z POST /search/hot/list 401 38 - 0.450 ms
[logger] 2021-06-03T07:15:58.123Z POST /search/hot/list 401 38 - 0.708 ms
[logger] 2021-06-03T07:15:58.149Z POST /cart/count 401 38 - 0.735 ms
[logger] 2021-06-03T07:15:58.169Z POST /cart/count 401 38 - 0.714 ms
[logger] 2021-06-03T07:15:59.370Z POST /active/list 401 38 - 0.589 ms
[logger] 2021-06-03T07:15:59.652Z POST /user/wxLogin 200 381 - 430.178 ms
[logger] 2021-06-03T07:16:01.292Z POST /cart/count 200 64 - 6.978 ms
[logger] 2021-06-03T07:16:01.335Z POST /sys/banner 200 399 - 2.572 ms
[logger] 2021-06-03T07:16:01.366Z POST /product/listByRecommend 200 6583 - 5.730 ms
[logger] 2021-06-03T07:16:01.398Z POST /active/list 200 476 - 3.960 ms
[logger] 2021-06-03T07:16:01.424Z POST /search/hot/list 200 296 - 2.631 ms
[logger] 2021-06-03T07:16:01.459Z POST /search/hot/list 200 296 - 1.683 ms
[logger] 2021-06-03T07:16:01.516Z POST /cart/count 200 64 - 2.289 ms
[logger] 2021-06-03T07:16:01.564Z POST /cart/count 200 64 - 2.098 ms
[logger] 2021-06-03T07:16:02.563Z POST /product/salesList 200 2515 - 5.332 ms
[logger] 2021-06-03T07:16:02.769Z POST /active/list 200 476 - 2.515 ms
[logger] 2021-06-03T07:16:03.101Z POST /product/salesList 200 2515 - 4.011 ms
[logger] 2021-06-03T07:30:42.772Z POST /cart/count 200 64 - 27.581 ms
[logger] 2021-06-03T07:30:42.775Z POST /sys/banner 200 399 - 7.575 ms
[logger] 2021-06-03T07:30:42.806Z POST /product/listByRecommend 200 6583 - 5.674 ms
[logger] 2021-06-03T07:30:42.821Z POST /active/list 200 476 - 3.073 ms
[logger] 2021-06-03T07:30:42.847Z POST /search/hot/list 200 296 - 4.518 ms
[logger] 2021-06-03T07:30:42.892Z POST /search/hot/list 200 296 - 2.119 ms
[logger] 2021-06-03T07:30:42.933Z POST /cart/count 200 64 - 2.404 ms
[logger] 2021-06-03T07:30:42.957Z POST /cart/count 200 64 - 2.133 ms
[logger] 2021-06-03T07:30:43.269Z POST /product/salesList 200 2515 - 4.855 ms
[logger] 2021-06-03T07:30:43.382Z POST /active/list 200 476 - 3.352 ms
[logger] 2021-06-03T07:30:43.625Z POST /product/salesList 200 2515 - 5.205 ms
[logger] 2021-06-03T07:30:52.855Z POST /cart/count 200 64 - 1.669 ms
[logger] 2021-06-03T07:30:52.878Z POST /sys/banner 200 399 - 1.661 ms
[logger] 2021-06-03T07:30:52.909Z POST /product/listByRecommend 200 6583 - 6.673 ms
[logger] 2021-06-03T07:30:52.961Z POST /active/list 200 476 - 4.283 ms
[logger] 2021-06-03T07:30:52.982Z POST /search/hot/list 200 296 - 1.609 ms
[logger] 2021-06-03T07:30:53.000Z POST /search/hot/list 200 296 - 1.657 ms
[logger] 2021-06-03T07:30:53.031Z POST /cart/count 200 64 - 1.871 ms
[logger] 2021-06-03T07:30:53.056Z POST /cart/count 200 64 - 1.601 ms
[logger] 2021-06-03T07:30:53.206Z POST /product/salesList 200 2515 - 5.125 ms
[logger] 2021-06-03T07:30:53.620Z POST /active/list 200 476 - 1.391 ms
[logger] 2021-06-03T07:30:53.738Z POST /product/salesList 200 2515 - 2.734 ms
[logger] 2021-06-03T07:30:59.072Z POST /cart/count 200 64 - 1.503 ms
[logger] 2021-06-03T07:30:59.100Z POST /sys/banner 200 399 - 1.573 ms
[logger] 2021-06-03T07:30:59.126Z POST /product/listByRecommend 200 6583 - 4.209 ms
[logger] 2021-06-03T07:30:59.152Z POST /active/list 200 476 - 1.722 ms
[logger] 2021-06-03T07:30:59.176Z POST /search/hot/list 200 296 - 2.475 ms
[logger] 2021-06-03T07:30:59.228Z POST /search/hot/list 200 296 - 1.453 ms
[logger] 2021-06-03T07:30:59.262Z POST /cart/count 200 64 - 1.389 ms
[logger] 2021-06-03T07:30:59.297Z POST /cart/count 200 64 - 1.600 ms
[logger] 2021-06-03T07:30:59.732Z POST /active/list 200 476 - 1.675 ms
[logger] 2021-06-03T07:31:00.421Z POST /product/salesList 200 2515 - 4.950 ms
[logger] 2021-06-03T07:31:00.528Z POST /product/salesList 200 2515 - 2.845 ms
[logger] 2021-06-03T07:31:09.046Z POST /cart/count 200 64 - 1.106 ms
[logger] 2021-06-03T07:31:09.065Z POST /sys/banner 200 399 - 1.259 ms
[logger] 2021-06-03T07:31:09.084Z POST /product/listByRecommend 200 6583 - 5.014 ms
[logger] 2021-06-03T07:31:09.098Z POST /active/list 200 476 - 1.500 ms
[logger] 2021-06-03T07:31:09.117Z POST /search/hot/list 200 296 - 1.492 ms
[logger] 2021-06-03T07:31:09.133Z POST /search/hot/list 200 296 - 1.367 ms
[logger] 2021-06-03T07:31:09.165Z POST /cart/count 200 64 - 1.884 ms
[logger] 2021-06-03T07:31:09.188Z POST /cart/count 200 64 - 2.153 ms
[logger] 2021-06-03T07:31:10.042Z POST /product/salesList 200 2515 - 3.846 ms
[logger] 2021-06-03T07:31:10.143Z POST /active/list 200 476 - 4.060 ms
[logger] 2021-06-03T07:31:10.440Z POST /product/salesList 200 2515 - 3.676 ms
[logger] 2021-06-03T07:31:53.274Z POST /cart/count 200 64 - 1.853 ms
[logger] 2021-06-03T07:31:53.299Z POST /sys/banner 200 399 - 1.365 ms
[logger] 2021-06-03T07:31:53.323Z POST /product/listByRecommend 200 6583 - 4.518 ms
[logger] 2021-06-03T07:31:53.341Z POST /active/list 200 476 - 1.828 ms
[logger] 2021-06-03T07:31:53.366Z POST /search/hot/list 200 296 - 1.682 ms
[logger] 2021-06-03T07:31:53.386Z POST /search/hot/list 200 296 - 1.791 ms
[logger] 2021-06-03T07:31:53.415Z POST /cart/count 200 64 - 1.243 ms
[logger] 2021-06-03T07:31:53.439Z POST /cart/count 200 64 - 1.575 ms
[logger] 2021-06-03T07:31:53.825Z POST /product/salesList 200 2515 - 3.723 ms
[logger] 2021-06-03T07:31:53.893Z POST /active/list 200 476 - 1.806 ms
[logger] 2021-06-03T07:31:54.096Z POST /product/salesList 200 2515 - 3.696 ms
[logger] 2021-06-03T07:31:56.752Z POST /cart/count 200 64 - 1.273 ms
[logger] 2021-06-03T07:31:56.803Z POST /sys/banner 200 399 - 1.263 ms
[logger] 2021-06-03T07:31:56.827Z POST /product/listByRecommend 200 6583 - 4.128 ms
[logger] 2021-06-03T07:31:56.844Z POST /active/list 200 476 - 2.088 ms
[logger] 2021-06-03T07:31:56.864Z POST /search/hot/list 200 296 - 1.536 ms
[logger] 2021-06-03T07:31:56.892Z POST /search/hot/list 200 296 - 2.462 ms
[logger] 2021-06-03T07:31:56.921Z POST /cart/count 200 64 - 1.539 ms
[logger] 2021-06-03T07:31:56.945Z POST /cart/count 200 64 - 1.648 ms
[logger] 2021-06-03T07:31:57.097Z POST /product/salesList 200 2515 - 3.829 ms
[logger] 2021-06-03T07:31:58.046Z POST /active/list 200 476 - 1.807 ms
[logger] 2021-06-03T07:31:58.421Z POST /product/salesList 200 2515 - 2.035 ms
[logger] 2021-06-03T07:32:23.351Z POST /cart/count 200 64 - 1.095 ms
[logger] 2021-06-03T07:32:23.370Z POST /sys/banner 200 399 - 1.394 ms
[logger] 2021-06-03T07:32:23.393Z POST /product/listByRecommend 200 6583 - 3.915 ms
[logger] 2021-06-03T07:32:23.407Z POST /active/list 200 476 - 2.416 ms
[logger] 2021-06-03T07:32:23.422Z POST /search/hot/list 200 296 - 1.549 ms
[logger] 2021-06-03T07:32:23.438Z POST /search/hot/list 200 296 - 1.927 ms
[logger] 2021-06-03T07:32:23.460Z POST /cart/count 200 64 - 1.104 ms
[logger] 2021-06-03T07:32:23.485Z POST /cart/count 200 64 - 1.607 ms
[logger] 2021-06-03T07:32:23.667Z POST /product/salesList 200 2515 - 3.989 ms
[logger] 2021-06-03T07:32:24.409Z POST /active/list 200 476 - 1.820 ms
[logger] 2021-06-03T07:32:24.557Z POST /product/salesList 200 2515 - 2.908 ms
[logger] 2021-06-03T07:41:37.587Z POST /cart/count 200 64 - 1.795 ms
[logger] 2021-06-03T07:41:37.652Z POST /sys/banner 200 399 - 1.801 ms
[logger] 2021-06-03T07:41:37.852Z POST /product/listByRecommend 200 6583 - 5.213 ms
[logger] 2021-06-03T07:41:37.922Z POST /active/list 200 476 - 2.720 ms
[logger] 2021-06-03T07:41:38.035Z POST /search/hot/list 200 296 - 1.500 ms
[logger] 2021-06-03T07:41:38.141Z POST /search/hot/list 200 296 - 1.498 ms
[logger] 2021-06-03T07:41:38.258Z POST /cart/count 200 64 - 1.775 ms
[logger] 2021-06-03T07:41:38.284Z POST /cart/count 200 64 - 2.031 ms
[logger] 2021-06-03T07:41:38.528Z POST /product/salesList 200 2515 - 3.934 ms
[logger] 2021-06-03T07:41:39.336Z POST /active/list 200 476 - 2.099 ms
[logger] 2021-06-03T07:41:39.877Z POST /product/salesList 200 2515 - 4.272 ms
[logger] 2021-06-03T07:41:45.408Z POST /cart/count 200 64 - 1.660 ms
[logger] 2021-06-03T07:41:45.432Z POST /sys/banner 200 399 - 1.569 ms
[logger] 2021-06-03T07:41:45.557Z POST /product/listByRecommend 200 6583 - 3.317 ms
[logger] 2021-06-03T07:41:45.586Z POST /active/list 200 476 - 1.845 ms
[logger] 2021-06-03T07:41:45.622Z POST /search/hot/list 200 296 - 2.951 ms
[logger] 2021-06-03T07:41:45.740Z POST /search/hot/list 200 296 - 1.315 ms
[logger] 2021-06-03T07:41:47.034Z POST /cart/count 200 64 - 1.739 ms
[logger] 2021-06-03T07:41:47.189Z POST /cart/count 200 64 - 1.551 ms
[logger] 2021-06-03T07:41:47.676Z POST /active/list 200 476 - 2.708 ms
[logger] 2021-06-03T07:41:47.720Z POST /product/salesList 200 2515 - 4.080 ms
[logger] 2021-06-03T07:41:47.773Z POST /product/salesList 200 2515 - 2.439 ms
[logger] 2021-06-03T07:41:55.997Z POST /cart/count 200 64 - 1.363 ms
[logger] 2021-06-03T07:41:56.021Z POST /sys/banner 200 399 - 1.501 ms
[logger] 2021-06-03T07:41:56.043Z POST /product/listByRecommend 200 6583 - 4.538 ms
[logger] 2021-06-03T07:41:56.061Z POST /active/list 200 476 - 1.452 ms
[logger] 2021-06-03T07:41:56.080Z POST /search/hot/list 200 296 - 1.366 ms
[logger] 2021-06-03T07:41:56.098Z POST /search/hot/list 200 296 - 1.545 ms
[logger] 2021-06-03T07:41:56.137Z POST /cart/count 200 64 - 1.379 ms
[logger] 2021-06-03T07:41:56.164Z POST /cart/count 200 64 - 1.482 ms
[logger] 2021-06-03T07:41:56.543Z POST /product/salesList 200 2515 - 4.775 ms
[logger] 2021-06-03T07:41:56.558Z POST /active/list 200 476 - 2.027 ms
[logger] 2021-06-03T07:41:56.954Z POST /product/salesList 200 2515 - 5.247 ms
[logger] 2021-06-03T07:43:10.182Z POST /cart/count 200 64 - 1.640 ms
[logger] 2021-06-03T07:43:10.205Z POST /sys/banner 200 399 - 1.563 ms
[logger] 2021-06-03T07:43:10.226Z POST /product/listByRecommend 200 6583 - 3.467 ms
[logger] 2021-06-03T07:43:10.243Z POST /active/list 200 476 - 2.592 ms
[logger] 2021-06-03T07:43:10.317Z POST /search/hot/list 200 296 - 1.239 ms
[logger] 2021-06-03T07:43:10.333Z POST /search/hot/list 200 296 - 1.426 ms
[logger] 2021-06-03T07:43:10.358Z POST /cart/count 200 64 - 1.482 ms
[logger] 2021-06-03T07:43:10.379Z POST /cart/count 200 64 - 1.578 ms
[logger] 2021-06-03T07:43:10.604Z POST /product/salesList 200 2515 - 3.379 ms
[logger] 2021-06-03T07:43:10.625Z POST /active/list 200 476 - 1.555 ms
[logger] 2021-06-03T07:43:10.708Z POST /product/salesList 200 2515 - 3.211 ms
[logger] 2021-06-03T07:43:18.865Z POST /cart/count 200 64 - 1.674 ms
[logger] 2021-06-03T07:43:18.885Z POST /sys/banner 200 399 - 1.395 ms
[logger] 2021-06-03T07:43:18.909Z POST /product/listByRecommend 200 6583 - 3.472 ms
[logger] 2021-06-03T07:43:18.931Z POST /active/list 200 476 - 1.383 ms
[logger] 2021-06-03T07:43:18.947Z POST /search/hot/list 200 296 - 1.506 ms
[logger] 2021-06-03T07:43:18.967Z POST /search/hot/list 200 296 - 1.599 ms
[logger] 2021-06-03T07:43:18.994Z POST /cart/count 200 64 - 1.663 ms
[logger] 2021-06-03T07:43:19.017Z POST /cart/count 200 64 - 1.266 ms
[logger] 2021-06-03T07:43:19.079Z POST /product/salesList 200 2515 - 5.629 ms
[logger] 2021-06-03T07:43:19.160Z POST /active/list 200 476 - 1.564 ms
[logger] 2021-06-03T07:43:19.193Z POST /product/salesList 200 2515 - 4.097 ms
[logger] 2021-06-03T07:43:36.135Z POST /cart/count 200 64 - 1.131 ms
[logger] 2021-06-03T07:43:36.158Z POST /sys/banner 200 399 - 1.403 ms
[logger] 2021-06-03T07:43:36.246Z POST /product/listByRecommend 200 6583 - 2.845 ms
[logger] 2021-06-03T07:43:36.258Z POST /active/list 200 476 - 1.359 ms
[logger] 2021-06-03T07:43:36.273Z POST /search/hot/list 200 296 - 1.334 ms
[logger] 2021-06-03T07:43:36.289Z POST /search/hot/list 200 296 - 1.431 ms
[logger] 2021-06-03T07:43:36.310Z POST /cart/count 200 64 - 1.508 ms
[logger] 2021-06-03T07:43:36.334Z POST /cart/count 200 64 - 1.662 ms
[logger] 2021-06-03T07:43:38.513Z POST /cart/count 200 64 - 2.418 ms
[logger] 2021-06-03T07:43:38.550Z POST /sys/banner 200 399 - 1.315 ms
[logger] 2021-06-03T07:43:38.586Z POST /product/listByRecommend 200 6583 - 3.330 ms
[logger] 2021-06-03T07:43:38.622Z POST /active/list 200 476 - 1.793 ms
[logger] 2021-06-03T07:43:38.759Z POST /search/hot/list 200 296 - 1.662 ms
[logger] 2021-06-03T07:43:38.902Z POST /search/hot/list 200 296 - 1.426 ms
[logger] 2021-06-03T07:43:38.956Z POST /cart/count 200 64 - 1.395 ms
[logger] 2021-06-03T07:43:38.985Z POST /cart/count 200 64 - 1.588 ms
[logger] 2021-06-03T07:43:39.179Z POST /product/salesList 200 2515 - 3.250 ms
[logger] 2021-06-03T07:43:39.200Z POST /active/list 200 476 - 1.840 ms
[logger] 2021-06-03T07:43:39.233Z POST /product/salesList 200 2515 - 3.041 ms
[logger] 2021-06-03T07:44:17.059Z POST /cart/count 200 64 - 1.399 ms
[logger] 2021-06-03T07:44:17.082Z POST /sys/banner 200 399 - 1.492 ms
[logger] 2021-06-03T07:44:17.102Z POST /product/listByRecommend 200 6583 - 2.746 ms
[logger] 2021-06-03T07:44:17.119Z POST /active/list 200 476 - 1.733 ms
[logger] 2021-06-03T07:44:17.140Z POST /search/hot/list 200 296 - 1.494 ms
[logger] 2021-06-03T07:44:17.221Z POST /search/hot/list 200 296 - 1.559 ms
[logger] 2021-06-03T07:44:17.235Z POST /cart/count 200 64 - 1.170 ms
[logger] 2021-06-03T07:44:17.268Z POST /cart/count 200 64 - 1.805 ms
[logger] 2021-06-03T07:44:19.677Z POST /cart/count 200 64 - 1.661 ms
[logger] 2021-06-03T07:44:19.711Z POST /sys/banner 200 399 - 1.560 ms
[logger] 2021-06-03T07:44:19.745Z POST /product/listByRecommend 200 6583 - 3.646 ms
[logger] 2021-06-03T07:44:19.766Z POST /active/list 200 476 - 1.946 ms
[logger] 2021-06-03T07:44:19.790Z POST /search/hot/list 200 296 - 1.744 ms
[logger] 2021-06-03T07:44:19.813Z POST /search/hot/list 200 296 - 1.375 ms
[logger] 2021-06-03T07:44:19.842Z POST /cart/count 200 64 - 1.597 ms
[logger] 2021-06-03T07:44:19.864Z POST /cart/count 200 64 - 1.656 ms
[logger] 2021-06-03T07:44:19.937Z POST /product/salesList 200 2515 - 5.707 ms
[logger] 2021-06-03T07:44:20.394Z POST /active/list 200 476 - 2.728 ms
[logger] 2021-06-03T07:44:20.439Z POST /product/salesList 200 2515 - 3.999 ms
[logger] 2021-06-03T07:46:10.122Z POST /cart/count 200 64 - 1.457 ms
[logger] 2021-06-03T07:46:10.144Z POST /sys/banner 200 399 - 1.278 ms
[logger] 2021-06-03T07:46:10.160Z POST /product/listByRecommend 200 6583 - 2.443 ms
[logger] 2021-06-03T07:46:10.176Z POST /active/list 200 476 - 1.306 ms
[logger] 2021-06-03T07:46:10.191Z POST /search/hot/list 200 296 - 1.379 ms
[logger] 2021-06-03T07:46:10.206Z POST /search/hot/list 200 296 - 1.313 ms
[logger] 2021-06-03T07:46:10.227Z POST /cart/count 200 64 - 1.101 ms
[logger] 2021-06-03T07:46:10.253Z POST /cart/count 200 64 - 1.589 ms
[logger] 2021-06-03T07:46:10.343Z POST /product/salesList 200 2515 - 3.247 ms
[logger] 2021-06-03T07:46:12.612Z POST /cart/count 200 64 - 1.067 ms
[logger] 2021-06-03T07:46:12.646Z POST /sys/banner 200 399 - 1.159 ms
[logger] 2021-06-03T07:46:12.661Z POST /product/listByRecommend 200 6583 - 2.587 ms
[logger] 2021-06-03T07:46:12.676Z POST /active/list 200 476 - 1.477 ms
[logger] 2021-06-03T07:46:12.691Z POST /search/hot/list 200 296 - 1.315 ms
[logger] 2021-06-03T07:46:12.711Z POST /search/hot/list 200 296 - 3.620 ms
[logger] 2021-06-03T07:46:12.730Z POST /cart/count 200 64 - 1.301 ms
[logger] 2021-06-03T07:46:12.754Z POST /cart/count 200 64 - 1.863 ms
[logger] 2021-06-03T07:46:12.855Z POST /product/salesList 200 2515 - 5.116 ms
[logger] 2021-06-03T07:46:13.543Z POST /active/list 200 476 - 1.404 ms
[logger] 2021-06-03T07:46:13.582Z POST /product/salesList 200 2515 - 1.999 ms
[logger] 2021-06-03T07:46:20.499Z POST /cart/count 200 64 - 1.398 ms
[logger] 2021-06-03T07:46:20.520Z POST /sys/banner 200 399 - 1.387 ms
[logger] 2021-06-03T07:46:20.537Z POST /product/listByRecommend 200 6583 - 2.821 ms
[logger] 2021-06-03T07:46:20.552Z POST /active/list 200 476 - 1.141 ms
[logger] 2021-06-03T07:46:20.572Z POST /search/hot/list 200 296 - 1.083 ms
[logger] 2021-06-03T07:46:20.594Z POST /search/hot/list 200 296 - 2.284 ms
[logger] 2021-06-03T07:46:20.622Z POST /cart/count 200 64 - 1.464 ms
[logger] 2021-06-03T07:46:20.646Z POST /cart/count 200 64 - 1.548 ms
[logger] 2021-06-03T07:46:20.851Z POST /product/salesList 200 2515 - 2.937 ms
[logger] 2021-06-03T07:46:21.013Z POST /active/list 200 476 - 1.564 ms
[logger] 2021-06-03T07:46:21.232Z POST /product/salesList 200 2515 - 1.642 ms
[logger] 2021-06-03T07:46:23.469Z POST /cart/count 200 64 - 1.776 ms
[logger] 2021-06-03T07:46:23.500Z POST /sys/banner 200 399 - 2.315 ms
[logger] 2021-06-03T07:46:23.529Z POST /product/listByRecommend 200 6583 - 4.917 ms
[logger] 2021-06-03T07:46:23.548Z POST /active/list 200 476 - 2.543 ms
[logger] 2021-06-03T07:46:23.569Z POST /search/hot/list 200 296 - 1.793 ms
[logger] 2021-06-03T07:46:23.589Z POST /search/hot/list 200 296 - 2.803 ms
[logger] 2021-06-03T07:46:23.610Z POST /cart/count 200 64 - 1.176 ms
[logger] 2021-06-03T07:46:23.629Z POST /cart/count 200 64 - 1.333 ms
[logger] 2021-06-03T07:46:23.684Z POST /product/salesList 200 2515 - 2.766 ms
[logger] 2021-06-03T07:46:24.049Z POST /active/list 200 476 - 1.084 ms
[logger] 2021-06-03T07:46:24.096Z POST /product/salesList 200 2515 - 1.766 ms
[logger] 2021-06-03T07:46:57.692Z POST /cart/count 200 64 - 1.515 ms
[logger] 2021-06-03T07:46:57.709Z POST /sys/banner 200 399 - 1.245 ms
[logger] 2021-06-03T07:46:57.727Z POST /product/listByRecommend 200 6583 - 3.137 ms
[logger] 2021-06-03T07:46:57.741Z POST /active/list 200 476 - 1.297 ms
[logger] 2021-06-03T07:46:57.755Z POST /search/hot/list 200 296 - 1.107 ms
[logger] 2021-06-03T07:46:57.770Z POST /search/hot/list 200 296 - 1.367 ms
[logger] 2021-06-03T07:46:57.800Z POST /cart/count 200 64 - 1.379 ms
[logger] 2021-06-03T07:46:57.829Z POST /cart/count 200 64 - 1.863 ms
[logger] 2021-06-03T07:46:57.919Z POST /product/salesList 200 2515 - 2.482 ms
[logger] 2021-06-03T07:46:58.406Z POST /active/list 200 476 - 1.883 ms
[logger] 2021-06-03T07:46:58.479Z POST /product/salesList 200 2515 - 2.137 ms
[logger] 2021-06-03T08:05:11.169Z POST /user/wxLogin 200 358 - 932.493 ms
[logger] 2021-06-03T08:08:03.665Z POST /user/wxLogin 200 372 - 307.655 ms
[logger] 2021-06-03T08:08:21.588Z POST /user/wxLogin 200 372 - 409.855 ms
[logger] 2021-06-03T08:11:23.565Z POST /user/wxLogin 200 372 - 335.841 ms
