[logger] 2021-05-31T22:40:18.212Z POST /active/list 200 476 - 562.569 ms
[logger] 2021-05-31T22:40:18.382Z POST /active/list 200 476 - 643.643 ms
[logger] 2021-05-31T22:40:21.376Z POST /product/salesList 200 2515 - 1236.835 ms
[logger] 2021-05-31T22:40:21.377Z POST /product/salesList 200 2515 - 1197.884 ms
[logger] 2021-06-01T00:33:25.932Z POST /active/list 200 476 - 246.591 ms
[logger] 2021-06-01T00:33:26.703Z POST /product/salesList 200 2515 - 88.512 ms
[logger] 2021-06-01T00:34:11.605Z POST /active/list 200 476 - 2.409 ms
[logger] 2021-06-01T00:34:11.753Z POST /product/salesList 200 2515 - 3.010 ms
[logger] 2021-06-01T02:23:29.251Z POST /cart/count 200 64 - 97.710 ms
[logger] 2021-06-01T02:23:29.254Z POST /sys/banner 200 399 - 87.479 ms
[logger] 2021-06-01T02:23:29.276Z POST /search/hot/list 200 296 - 83.126 ms
[logger] 2021-06-01T02:23:29.277Z POST /search/hot/list 200 296 - 71.146 ms
[logger] 2021-06-01T02:23:29.279Z POST /cart/count 200 64 - 34.789 ms
[logger] 2021-06-01T02:23:29.281Z POST /product/listByRecommend 200 888 - 103.595 ms
[logger] 2021-06-01T02:23:34.064Z POST /sort/list 200 456 - 3.713 ms
[logger] 2021-06-01T02:23:34.188Z POST /classify/list 200 310 - 106.793 ms
[logger] 2021-06-01T02:23:34.222Z POST /product/listByClassify 200 8226 - 2.915 ms
[logger] 2021-06-01T02:23:43.434Z POST /product/listByClassify 200 898 - 2.738 ms
[logger] 2021-06-01T02:23:43.667Z POST /product/listByClassify 200 1701 - 2.919 ms
[logger] 2021-06-01T02:23:46.587Z POST /product/listByClassify 200 8226 - 5.251 ms
[logger] 2021-06-01T02:23:49.044Z POST /product/listByClassify 200 8226 - 2.860 ms
[logger] 2021-06-01T02:23:50.613Z POST /product/listByClassify 200 8226 - 3.364 ms
[logger] 2021-06-01T02:23:52.069Z POST /product/listByClassify 200 8226 - 2.579 ms
[logger] 2021-06-01T02:25:25.922Z POST /cart/count 200 64 - 1.411 ms
[logger] 2021-06-01T02:25:25.957Z POST /sys/banner 200 399 - 1.276 ms
[logger] 2021-06-01T02:25:26.005Z POST /product/listByRecommend 200 888 - 3.171 ms
[logger] 2021-06-01T02:25:26.051Z POST /search/hot/list 200 296 - 1.146 ms
[logger] 2021-06-01T02:25:26.075Z POST /search/hot/list 200 296 - 1.191 ms
[logger] 2021-06-01T02:25:26.208Z POST /cart/count 200 64 - 1.609 ms
[logger] 2021-06-01T02:25:34.498Z POST /cart/count 200 64 - 1.624 ms
[logger] 2021-06-01T02:25:34.522Z POST /sys/banner 200 399 - 1.406 ms
[logger] 2021-06-01T02:25:34.543Z POST /product/listByRecommend 200 888 - 2.515 ms
[logger] 2021-06-01T02:25:34.559Z POST /search/hot/list 200 296 - 1.152 ms
[logger] 2021-06-01T02:25:34.580Z POST /search/hot/list 200 296 - 1.394 ms
[logger] 2021-06-01T02:25:34.700Z POST /cart/count 200 64 - 1.190 ms
[logger] 2021-06-01T02:32:44.600Z POST /cart/count 200 64 - 1.480 ms
[logger] 2021-06-01T02:32:44.620Z POST /sys/banner 200 399 - 1.231 ms
[logger] 2021-06-01T02:32:44.640Z POST /product/listByRecommend 200 888 - 4.292 ms
[logger] 2021-06-01T02:32:44.654Z POST /search/hot/list 200 296 - 1.200 ms
[logger] 2021-06-01T02:32:44.671Z POST /search/hot/list 200 296 - 1.865 ms
[logger] 2021-06-01T02:32:44.713Z POST /cart/count 200 64 - 1.771 ms
[logger] 2021-06-01T02:32:49.908Z POST /cart/count 200 64 - 1.573 ms
[logger] 2021-06-01T02:32:49.931Z POST /sys/banner 200 399 - 1.170 ms
[logger] 2021-06-01T02:32:49.952Z POST /product/listByRecommend 200 888 - 2.574 ms
[logger] 2021-06-01T02:32:49.969Z POST /search/hot/list 200 296 - 1.318 ms
[logger] 2021-06-01T02:32:49.987Z POST /search/hot/list 200 296 - 1.224 ms
[logger] 2021-06-01T02:32:50.018Z POST /cart/count 200 64 - 1.357 ms
[logger] 2021-06-01T02:36:01.269Z POST /cart/count 200 64 - 1.234 ms
[logger] 2021-06-01T02:36:01.291Z POST /sys/banner 200 399 - 1.147 ms
[logger] 2021-06-01T02:36:01.308Z POST /product/listByRecommend 200 888 - 2.168 ms
[logger] 2021-06-01T02:36:01.327Z POST /search/hot/list 200 296 - 1.189 ms
[logger] 2021-06-01T02:36:01.343Z POST /search/hot/list 200 296 - 2.162 ms
[logger] 2021-06-01T02:36:01.369Z POST /cart/count 200 64 - 1.361 ms
[logger] 2021-06-01T02:36:36.583Z POST /cart/count 200 64 - 1.175 ms
[logger] 2021-06-01T02:36:36.595Z POST /sys/banner 200 399 - 1.151 ms
[logger] 2021-06-01T02:36:36.616Z POST /product/listByRecommend 200 888 - 2.657 ms
[logger] 2021-06-01T02:36:36.631Z POST /search/hot/list 200 296 - 1.121 ms
[logger] 2021-06-01T02:36:36.647Z POST /search/hot/list 200 296 - 0.792 ms
[logger] 2021-06-01T02:36:36.677Z POST /cart/count 200 64 - 1.207 ms
[logger] 2021-06-01T02:36:51.010Z POST /cart/count 200 64 - 1.045 ms
[logger] 2021-06-01T02:36:51.029Z POST /sys/banner 200 399 - 1.066 ms
[logger] 2021-06-01T02:36:51.045Z POST /product/listByRecommend 200 888 - 2.630 ms
[logger] 2021-06-01T02:36:51.060Z POST /search/hot/list 200 296 - 1.121 ms
[logger] 2021-06-01T02:36:51.078Z POST /search/hot/list 200 296 - 1.770 ms
[logger] 2021-06-01T02:36:51.103Z POST /cart/count 200 64 - 1.123 ms
[logger] 2021-06-01T02:37:56.627Z POST /cart/count 200 64 - 1.319 ms
[logger] 2021-06-01T02:37:56.671Z POST /sys/banner 200 399 - 1.236 ms
[logger] 2021-06-01T02:37:56.691Z POST /product/listByRecommend 200 888 - 2.811 ms
[logger] 2021-06-01T02:37:56.706Z POST /search/hot/list 200 296 - 1.162 ms
[logger] 2021-06-01T02:37:56.724Z POST /search/hot/list 200 296 - 0.992 ms
[logger] 2021-06-01T02:37:56.765Z POST /cart/count 200 64 - 1.173 ms
[logger] 2021-06-01T02:38:08.709Z POST /cart/count 200 64 - 1.089 ms
[logger] 2021-06-01T02:38:08.802Z POST /sys/banner 200 399 - 1.321 ms
[logger] 2021-06-01T02:38:08.818Z POST /product/listByRecommend 200 888 - 2.290 ms
[logger] 2021-06-01T02:38:08.860Z POST /search/hot/list 200 296 - 1.139 ms
[logger] 2021-06-01T02:38:08.910Z POST /search/hot/list 200 296 - 1.324 ms
[logger] 2021-06-01T02:38:08.944Z POST /cart/count 200 64 - 1.792 ms
[logger] 2021-06-01T02:38:20.141Z POST /sort/list 200 456 - 1.042 ms
[logger] 2021-06-01T02:38:20.158Z POST /classify/list 200 310 - 0.997 ms
[logger] 2021-06-01T02:38:20.189Z POST /product/listByClassify 200 8226 - 2.066 ms
[logger] 2021-06-01T02:39:08.130Z POST /cart/count 200 64 - 0.912 ms
[logger] 2021-06-01T02:39:08.157Z POST /sys/banner 200 399 - 1.484 ms
[logger] 2021-06-01T02:39:08.173Z POST /product/listByRecommend 200 888 - 1.832 ms
[logger] 2021-06-01T02:39:08.186Z POST /search/hot/list 200 296 - 0.932 ms
[logger] 2021-06-01T02:39:08.200Z POST /search/hot/list 200 296 - 1.161 ms
[logger] 2021-06-01T02:39:08.235Z POST /cart/count 200 64 - 1.432 ms
[logger] 2021-06-01T02:40:46.431Z POST /cart/count 200 64 - 1.124 ms
[logger] 2021-06-01T02:40:46.481Z POST /sys/banner 200 399 - 1.868 ms
[logger] 2021-06-01T02:40:46.496Z POST /product/listByRecommend 200 888 - 2.084 ms
[logger] 2021-06-01T02:40:46.509Z POST /search/hot/list 200 296 - 0.930 ms
[logger] 2021-06-01T02:40:46.523Z POST /search/hot/list 200 296 - 1.062 ms
[logger] 2021-06-01T02:40:46.558Z POST /cart/count 200 64 - 1.192 ms
[logger] 2021-06-01T02:40:53.540Z POST /cart/count 200 64 - 1.108 ms
[logger] 2021-06-01T02:40:53.562Z POST /sys/banner 200 399 - 1.754 ms
[logger] 2021-06-01T02:40:53.580Z POST /product/listByRecommend 200 888 - 1.902 ms
[logger] 2021-06-01T02:40:53.602Z POST /search/hot/list 200 296 - 1.047 ms
[logger] 2021-06-01T02:40:53.621Z POST /search/hot/list 200 296 - 1.191 ms
[logger] 2021-06-01T02:40:53.674Z POST /cart/count 200 64 - 1.506 ms
[logger] 2021-06-01T02:42:05.605Z POST /cart/count 200 64 - 1.146 ms
[logger] 2021-06-01T02:42:05.632Z POST /sys/banner 200 399 - 1.157 ms
[logger] 2021-06-01T02:42:05.650Z POST /product/listByRecommend 200 888 - 2.728 ms
[logger] 2021-06-01T02:42:05.668Z POST /search/hot/list 200 296 - 1.293 ms
[logger] 2021-06-01T02:42:05.687Z POST /search/hot/list 200 296 - 1.115 ms
[logger] 2021-06-01T02:42:05.781Z POST /cart/count 200 64 - 1.004 ms
[logger] 2021-06-01T02:42:22.983Z POST /cart/count 200 64 - 1.453 ms
[logger] 2021-06-01T02:42:23.007Z POST /sys/banner 200 399 - 1.321 ms
[logger] 2021-06-01T02:42:23.027Z POST /product/listByRecommend 200 888 - 2.248 ms
[logger] 2021-06-01T02:42:23.046Z POST /search/hot/list 200 296 - 1.294 ms
[logger] 2021-06-01T02:42:23.065Z POST /search/hot/list 200 296 - 1.131 ms
[logger] 2021-06-01T02:42:23.192Z POST /cart/count 200 64 - 1.400 ms
[logger] 2021-06-01T02:44:51.266Z POST /cart/count 200 64 - 1.078 ms
[logger] 2021-06-01T02:44:51.285Z POST /sys/banner 200 399 - 0.971 ms
[logger] 2021-06-01T02:44:51.306Z POST /product/listByRecommend 200 888 - 2.487 ms
[logger] 2021-06-01T02:44:51.319Z POST /search/hot/list 200 296 - 1.036 ms
[logger] 2021-06-01T02:44:51.379Z POST /search/hot/list 200 296 - 0.751 ms
[logger] 2021-06-01T02:44:51.416Z POST /cart/count 200 64 - 1.363 ms
[logger] 2021-06-01T02:44:56.783Z POST /cart/count 200 64 - 0.941 ms
[logger] 2021-06-01T02:44:56.816Z POST /sys/banner 200 399 - 0.987 ms
[logger] 2021-06-01T02:44:56.834Z POST /product/listByRecommend 200 888 - 2.070 ms
[logger] 2021-06-01T02:44:56.847Z POST /search/hot/list 200 296 - 1.045 ms
[logger] 2021-06-01T02:44:56.862Z POST /search/hot/list 200 296 - 0.793 ms
[logger] 2021-06-01T02:44:56.899Z POST /cart/count 200 64 - 1.096 ms
[logger] 2021-06-01T02:47:27.131Z POST /cart/count 200 64 - 1.298 ms
[logger] 2021-06-01T02:47:27.166Z POST /sys/banner 200 399 - 1.110 ms
[logger] 2021-06-01T02:47:27.182Z POST /product/listByRecommend 200 888 - 1.943 ms
[logger] 2021-06-01T02:47:27.198Z POST /search/hot/list 200 296 - 1.133 ms
[logger] 2021-06-01T02:47:27.215Z POST /search/hot/list 200 296 - 1.115 ms
[logger] 2021-06-01T02:47:27.243Z POST /cart/count 200 64 - 1.300 ms
[logger] 2021-06-01T02:47:29.997Z POST /cart/count 200 64 - 1.012 ms
[logger] 2021-06-01T02:47:30.020Z POST /sys/banner 200 399 - 1.103 ms
[logger] 2021-06-01T02:47:30.039Z POST /product/listByRecommend 200 888 - 1.801 ms
[logger] 2021-06-01T02:47:30.054Z POST /search/hot/list 200 296 - 1.081 ms
[logger] 2021-06-01T02:47:30.071Z POST /search/hot/list 200 296 - 0.970 ms
[logger] 2021-06-01T02:47:30.148Z POST /cart/count 200 64 - 1.218 ms
[logger] 2021-06-01T02:49:51.162Z POST /cart/count 200 64 - 1.755 ms
[logger] 2021-06-01T02:49:51.185Z POST /sys/banner 200 399 - 1.282 ms
[logger] 2021-06-01T02:49:51.267Z POST /product/listByRecommend 200 888 - 4.773 ms
[logger] 2021-06-01T02:49:51.277Z POST /search/hot/list 200 296 - 0.984 ms
[logger] 2021-06-01T02:49:51.296Z POST /search/hot/list 200 296 - 1.078 ms
[logger] 2021-06-01T02:49:51.335Z POST /cart/count 200 64 - 2.677 ms
[logger] 2021-06-01T02:50:01.978Z POST /cart/count 200 63 - 1.559 ms
[logger] 2021-06-01T02:50:02.061Z POST /sys/banner 200 399 - 1.150 ms
[logger] 2021-06-01T02:50:02.131Z POST /product/listByRecommend 200 888 - 1.755 ms
[logger] 2021-06-01T02:50:02.154Z POST /search/hot/list 200 296 - 1.107 ms
[logger] 2021-06-01T02:50:02.187Z POST /search/hot/list 200 296 - 1.132 ms
[logger] 2021-06-01T02:50:02.242Z POST /cart/count 200 63 - 1.290 ms
[logger] 2021-06-01T02:50:02.759Z POST /user/wxLogin 200 381 - 347.581 ms
[logger] 2021-06-01T02:50:15.382Z POST /cart/count 200 64 - 1.377 ms
[logger] 2021-06-01T02:50:15.400Z POST /sys/banner 200 399 - 1.237 ms
[logger] 2021-06-01T02:50:15.420Z POST /product/listByRecommend 200 888 - 2.134 ms
[logger] 2021-06-01T02:50:15.436Z POST /search/hot/list 200 296 - 1.228 ms
[logger] 2021-06-01T02:50:15.450Z POST /search/hot/list 200 296 - 1.092 ms
[logger] 2021-06-01T02:50:15.488Z POST /cart/count 200 64 - 1.393 ms
[logger] 2021-06-01T02:51:10.767Z POST /cart/count 200 64 - 1.229 ms
[logger] 2021-06-01T02:51:10.790Z POST /sys/banner 200 399 - 1.213 ms
[logger] 2021-06-01T02:51:10.819Z POST /product/listByRecommend 200 888 - 2.659 ms
[logger] 2021-06-01T02:51:10.843Z POST /search/hot/list 200 296 - 2.197 ms
[logger] 2021-06-01T02:51:10.860Z POST /search/hot/list 200 296 - 1.336 ms
[logger] 2021-06-01T02:51:10.903Z POST /cart/count 200 64 - 1.887 ms
[logger] 2021-06-01T02:51:21.837Z POST /cart/count 200 64 - 1.349 ms
[logger] 2021-06-01T02:51:21.851Z POST /sys/banner 200 399 - 1.148 ms
[logger] 2021-06-01T02:51:21.868Z POST /product/listByRecommend 200 888 - 2.464 ms
[logger] 2021-06-01T02:51:21.890Z POST /search/hot/list 200 296 - 1.136 ms
[logger] 2021-06-01T02:51:21.904Z POST /search/hot/list 200 296 - 1.099 ms
[logger] 2021-06-01T02:51:21.947Z POST /cart/count 200 64 - 1.770 ms
[logger] 2021-06-01T02:58:21.441Z POST /cart/count 200 64 - 1.531 ms
[logger] 2021-06-01T02:58:21.481Z POST /sys/banner 200 399 - 1.403 ms
[logger] 2021-06-01T02:58:21.503Z POST /product/listByRecommend 200 888 - 2.670 ms
[logger] 2021-06-01T02:58:21.522Z POST /search/hot/list 200 296 - 1.577 ms
[logger] 2021-06-01T02:58:21.545Z POST /search/hot/list 200 296 - 1.113 ms
[logger] 2021-06-01T02:58:21.577Z POST /cart/count 200 64 - 2.101 ms
[logger] 2021-06-01T02:58:26.362Z POST /cart/count 200 64 - 1.131 ms
[logger] 2021-06-01T02:58:26.384Z POST /sys/banner 200 399 - 1.194 ms
[logger] 2021-06-01T02:58:26.402Z POST /product/listByRecommend 200 888 - 2.149 ms
[logger] 2021-06-01T02:58:26.421Z POST /search/hot/list 200 296 - 1.256 ms
[logger] 2021-06-01T02:58:26.439Z POST /search/hot/list 200 296 - 2.868 ms
[logger] 2021-06-01T02:58:26.464Z POST /cart/count 200 64 - 1.441 ms
[logger] 2021-06-01T02:59:57.880Z POST /sort/list 200 456 - 1.367 ms
[logger] 2021-06-01T02:59:57.902Z POST /classify/list 200 310 - 1.090 ms
[logger] 2021-06-01T02:59:57.940Z POST /product/listByClassify 200 8226 - 5.882 ms
[logger] 2021-06-01T03:00:48.241Z POST /cart/count 200 64 - 1.668 ms
[logger] 2021-06-01T03:00:48.267Z POST /sys/banner 200 399 - 1.472 ms
[logger] 2021-06-01T03:00:48.291Z POST /product/listByRecommend 200 888 - 2.428 ms
[logger] 2021-06-01T03:00:48.321Z POST /search/hot/list 200 296 - 1.368 ms
[logger] 2021-06-01T03:00:48.346Z POST /search/hot/list 200 296 - 1.370 ms
[logger] 2021-06-01T03:00:48.385Z POST /cart/count 200 64 - 1.577 ms
[logger] 2021-06-01T03:00:53.197Z POST /cart/count 200 64 - 1.316 ms
[logger] 2021-06-01T03:00:53.219Z POST /sys/banner 200 399 - 1.079 ms
[logger] 2021-06-01T03:00:53.256Z POST /product/listByRecommend 200 888 - 2.173 ms
[logger] 2021-06-01T03:00:53.272Z POST /search/hot/list 200 296 - 1.393 ms
[logger] 2021-06-01T03:00:53.293Z POST /search/hot/list 200 296 - 0.963 ms
[logger] 2021-06-01T03:00:53.337Z POST /cart/count 200 64 - 1.408 ms
[logger] 2021-06-01T03:01:34.271Z POST /cart/count 200 64 - 1.430 ms
[logger] 2021-06-01T03:01:34.307Z POST /sys/banner 200 399 - 4.208 ms
[logger] 2021-06-01T03:01:34.374Z POST /product/listByRecommend 200 888 - 2.167 ms
[logger] 2021-06-01T03:01:34.393Z POST /search/hot/list 200 296 - 1.181 ms
[logger] 2021-06-01T03:01:34.417Z POST /search/hot/list 200 296 - 2.347 ms
[logger] 2021-06-01T03:01:34.486Z POST /cart/count 200 64 - 1.249 ms
[logger] 2021-06-01T03:01:47.572Z POST /cart/count 200 64 - 1.423 ms
[logger] 2021-06-01T03:01:47.594Z POST /sys/banner 200 399 - 1.833 ms
[logger] 2021-06-01T03:01:47.613Z POST /product/listByRecommend 200 888 - 2.395 ms
[logger] 2021-06-01T03:01:47.630Z POST /search/hot/list 200 296 - 1.064 ms
[logger] 2021-06-01T03:01:47.648Z POST /search/hot/list 200 296 - 1.056 ms
[logger] 2021-06-01T03:01:47.682Z POST /cart/count 200 64 - 1.526 ms
[logger] 2021-06-01T03:01:54.013Z POST /cart/count 200 64 - 1.849 ms
[logger] 2021-06-01T03:01:54.045Z POST /sys/banner 200 399 - 1.351 ms
[logger] 2021-06-01T03:01:54.070Z POST /product/listByRecommend 200 888 - 2.711 ms
[logger] 2021-06-01T03:01:54.127Z POST /search/hot/list 200 296 - 1.827 ms
[logger] 2021-06-01T03:01:54.206Z POST /search/hot/list 200 296 - 1.209 ms
[logger] 2021-06-01T03:01:54.278Z POST /cart/count 200 64 - 2.772 ms
[logger] 2021-06-01T03:02:05.880Z POST /cart/count 200 64 - 1.243 ms
[logger] 2021-06-01T03:02:05.899Z POST /sys/banner 200 399 - 0.978 ms
[logger] 2021-06-01T03:02:05.920Z POST /product/listByRecommend 200 888 - 1.967 ms
[logger] 2021-06-01T03:02:05.934Z POST /search/hot/list 200 296 - 0.935 ms
[logger] 2021-06-01T03:02:05.965Z POST /search/hot/list 200 296 - 0.955 ms
[logger] 2021-06-01T03:02:05.983Z POST /cart/count 200 64 - 1.385 ms
[logger] 2021-06-01T03:04:42.038Z POST /cart/count 200 64 - 4.197 ms
[logger] 2021-06-01T03:04:42.131Z POST /sys/banner 200 399 - 2.430 ms
[logger] 2021-06-01T03:04:42.158Z POST /product/listByRecommend 200 888 - 2.377 ms
[logger] 2021-06-01T03:04:42.177Z POST /search/hot/list 200 296 - 1.364 ms
[logger] 2021-06-01T03:04:42.199Z POST /search/hot/list 200 296 - 1.050 ms
[logger] 2021-06-01T03:04:42.294Z POST /cart/count 200 64 - 1.328 ms
[logger] 2021-06-01T03:05:45.389Z POST /cart/count 200 64 - 1.281 ms
[logger] 2021-06-01T03:05:45.416Z POST /sys/banner 200 399 - 1.002 ms
[logger] 2021-06-01T03:05:45.459Z POST /product/listByRecommend 200 888 - 2.340 ms
[logger] 2021-06-01T03:05:45.477Z POST /search/hot/list 200 296 - 0.926 ms
[logger] 2021-06-01T03:05:45.492Z POST /search/hot/list 200 296 - 0.921 ms
[logger] 2021-06-01T03:05:45.516Z POST /cart/count 200 64 - 1.230 ms
[logger] 2021-06-01T03:06:14.438Z POST /cart/count 200 64 - 1.314 ms
[logger] 2021-06-01T03:06:14.467Z POST /sys/banner 200 399 - 1.562 ms
[logger] 2021-06-01T03:06:14.491Z POST /product/listByRecommend 200 888 - 2.563 ms
[logger] 2021-06-01T03:06:14.516Z POST /search/hot/list 200 296 - 1.464 ms
[logger] 2021-06-01T03:06:14.611Z POST /search/hot/list 200 296 - 1.450 ms
[logger] 2021-06-01T03:06:14.647Z POST /cart/count 200 64 - 1.677 ms
[logger] 2021-06-01T03:06:18.120Z POST /cart/count 200 64 - 0.991 ms
[logger] 2021-06-01T03:06:18.138Z POST /sys/banner 200 399 - 1.051 ms
[logger] 2021-06-01T03:06:18.156Z POST /product/listByRecommend 200 888 - 3.123 ms
[logger] 2021-06-01T03:06:18.170Z POST /search/hot/list 200 296 - 1.058 ms
[logger] 2021-06-01T03:06:18.185Z POST /search/hot/list 200 296 - 0.946 ms
[logger] 2021-06-01T03:06:18.224Z POST /cart/count 200 64 - 1.872 ms
[logger] 2021-06-01T03:06:35.150Z POST /cart/count 200 64 - 1.038 ms
[logger] 2021-06-01T03:06:35.175Z POST /sys/banner 200 399 - 1.495 ms
[logger] 2021-06-01T03:06:35.200Z POST /product/listByRecommend 200 888 - 2.612 ms
[logger] 2021-06-01T03:06:35.231Z POST /search/hot/list 200 296 - 1.548 ms
[logger] 2021-06-01T03:06:35.255Z POST /search/hot/list 200 296 - 1.569 ms
[logger] 2021-06-01T03:06:35.298Z POST /cart/count 200 64 - 1.513 ms
[logger] 2021-06-01T03:06:42.121Z POST /cart/count 200 64 - 1.320 ms
[logger] 2021-06-01T03:06:42.145Z POST /sys/banner 200 399 - 1.323 ms
[logger] 2021-06-01T03:06:42.169Z POST /product/listByRecommend 200 888 - 3.853 ms
[logger] 2021-06-01T03:06:42.239Z POST /search/hot/list 200 296 - 1.299 ms
[logger] 2021-06-01T03:06:42.257Z POST /search/hot/list 200 296 - 1.392 ms
[logger] 2021-06-01T03:06:42.301Z POST /cart/count 200 64 - 1.650 ms
[logger] 2021-06-01T03:07:14.328Z POST /cart/count 200 64 - 1.398 ms
[logger] 2021-06-01T03:07:14.357Z POST /sys/banner 200 399 - 3.900 ms
[logger] 2021-06-01T03:07:14.387Z POST /product/listByRecommend 200 888 - 2.493 ms
[logger] 2021-06-01T03:07:14.404Z POST /search/hot/list 200 296 - 1.381 ms
[logger] 2021-06-01T03:07:14.424Z POST /search/hot/list 200 296 - 1.206 ms
[logger] 2021-06-01T03:07:14.456Z POST /cart/count 200 64 - 1.644 ms
[logger] 2021-06-01T03:07:16.802Z POST /cart/count 200 64 - 1.368 ms
[logger] 2021-06-01T03:07:16.827Z POST /sys/banner 200 399 - 1.453 ms
[logger] 2021-06-01T03:07:16.850Z POST /product/listByRecommend 200 888 - 3.963 ms
[logger] 2021-06-01T03:07:16.922Z POST /search/hot/list 200 296 - 0.911 ms
[logger] 2021-06-01T03:07:16.936Z POST /search/hot/list 200 296 - 0.908 ms
[logger] 2021-06-01T03:07:16.973Z POST /cart/count 200 64 - 1.342 ms
[logger] 2021-06-01T03:07:34.171Z POST /cart/count 200 64 - 1.242 ms
[logger] 2021-06-01T03:07:34.192Z POST /sys/banner 200 399 - 1.347 ms
[logger] 2021-06-01T03:07:34.211Z POST /product/listByRecommend 200 888 - 2.800 ms
[logger] 2021-06-01T03:07:34.229Z POST /search/hot/list 200 296 - 1.235 ms
[logger] 2021-06-01T03:07:34.246Z POST /search/hot/list 200 296 - 1.164 ms
[logger] 2021-06-01T03:07:34.361Z POST /cart/count 200 64 - 1.462 ms
[logger] 2021-06-01T03:07:55.466Z POST /cart/count 200 64 - 1.308 ms
[logger] 2021-06-01T03:07:55.480Z POST /sys/banner 200 399 - 0.982 ms
[logger] 2021-06-01T03:07:55.499Z POST /product/listByRecommend 200 888 - 2.820 ms
[logger] 2021-06-01T03:07:55.514Z POST /search/hot/list 200 296 - 0.910 ms
[logger] 2021-06-01T03:07:55.530Z POST /search/hot/list 200 296 - 0.997 ms
[logger] 2021-06-01T03:07:55.570Z POST /cart/count 200 64 - 1.140 ms
[logger] 2021-06-01T03:17:10.753Z POST /cart/count 200 64 - 2.452 ms
[logger] 2021-06-01T03:17:10.785Z POST /sys/banner 200 399 - 1.452 ms
[logger] 2021-06-01T03:17:10.827Z POST /product/listByRecommend 200 888 - 6.688 ms
[logger] 2021-06-01T03:17:10.912Z POST /search/hot/list 200 296 - 1.138 ms
[logger] 2021-06-01T03:17:10.942Z POST /search/hot/list 200 296 - 2.636 ms
[logger] 2021-06-01T03:17:11.003Z POST /cart/count 200 64 - 1.547 ms
[logger] 2021-06-01T03:17:52.267Z POST /cart/count 200 64 - 3.879 ms
[logger] 2021-06-01T03:17:52.291Z POST /sys/banner 200 399 - 1.247 ms
[logger] 2021-06-01T03:17:52.322Z POST /product/listByRecommend 200 888 - 5.421 ms
[logger] 2021-06-01T03:17:52.336Z POST /search/hot/list 200 296 - 1.254 ms
[logger] 2021-06-01T03:17:52.353Z POST /search/hot/list 200 296 - 0.998 ms
[logger] 2021-06-01T03:17:52.384Z POST /cart/count 200 64 - 1.184 ms
[logger] 2021-06-01T03:18:04.399Z POST /cart/count 200 64 - 1.380 ms
[logger] 2021-06-01T03:18:04.425Z POST /sys/banner 200 399 - 1.030 ms
[logger] 2021-06-01T03:18:04.495Z POST /product/listByRecommend 200 888 - 2.517 ms
[logger] 2021-06-01T03:18:04.507Z POST /search/hot/list 200 296 - 1.091 ms
[logger] 2021-06-01T03:18:04.522Z POST /search/hot/list 200 296 - 0.886 ms
[logger] 2021-06-01T03:18:04.562Z POST /cart/count 200 64 - 1.219 ms
[logger] 2021-06-01T03:25:30.129Z POST /cart/count 200 64 - 1.408 ms
[logger] 2021-06-01T03:25:30.153Z POST /sys/banner 200 399 - 1.412 ms
[logger] 2021-06-01T03:25:30.181Z POST /product/listByRecommend 200 888 - 3.398 ms
[logger] 2021-06-01T03:25:30.201Z POST /search/hot/list 200 296 - 1.359 ms
[logger] 2021-06-01T03:25:30.227Z POST /search/hot/list 200 296 - 1.234 ms
[logger] 2021-06-01T03:25:30.266Z POST /cart/count 200 64 - 1.548 ms
[logger] 2021-06-01T03:25:36.006Z POST /cart/count 200 64 - 1.126 ms
[logger] 2021-06-01T03:25:36.030Z POST /sys/banner 200 399 - 0.978 ms
[logger] 2021-06-01T03:25:36.054Z POST /product/listByRecommend 200 888 - 2.311 ms
[logger] 2021-06-01T03:25:36.077Z POST /search/hot/list 200 296 - 1.235 ms
[logger] 2021-06-01T03:25:36.106Z POST /search/hot/list 200 296 - 1.097 ms
[logger] 2021-06-01T03:25:36.154Z POST /cart/count 200 64 - 1.158 ms
[logger] 2021-06-01T03:26:08.757Z POST /sort/list 200 456 - 1.143 ms
[logger] 2021-06-01T03:26:08.779Z POST /classify/list 200 310 - 1.278 ms
[logger] 2021-06-01T03:26:08.816Z POST /product/listByClassify 200 8226 - 2.867 ms
[logger] 2021-06-01T03:28:17.604Z POST /cart/count 200 64 - 1.407 ms
[logger] 2021-06-01T03:28:17.623Z POST /sys/banner 200 399 - 1.098 ms
[logger] 2021-06-01T03:28:17.655Z POST /product/listByRecommend 200 888 - 2.124 ms
[logger] 2021-06-01T03:28:17.666Z POST /search/hot/list 200 296 - 0.908 ms
[logger] 2021-06-01T03:28:17.683Z POST /search/hot/list 200 296 - 0.915 ms
[logger] 2021-06-01T03:28:17.876Z POST /cart/count 200 64 - 1.629 ms
[logger] 2021-06-01T03:28:22.952Z POST /cart/count 200 64 - 1.083 ms
[logger] 2021-06-01T03:28:22.975Z POST /sys/banner 200 399 - 0.999 ms
[logger] 2021-06-01T03:28:23.002Z POST /product/listByRecommend 200 888 - 1.857 ms
[logger] 2021-06-01T03:28:23.024Z POST /search/hot/list 200 296 - 1.006 ms
[logger] 2021-06-01T03:28:23.044Z POST /search/hot/list 200 296 - 1.031 ms
[logger] 2021-06-01T03:28:23.120Z POST /cart/count 200 64 - 1.174 ms
[logger] 2021-06-01T03:28:28.913Z POST /cart/count 200 64 - 1.053 ms
[logger] 2021-06-01T03:28:28.930Z POST /sys/banner 200 399 - 1.124 ms
[logger] 2021-06-01T03:28:28.951Z POST /product/listByRecommend 200 888 - 2.083 ms
[logger] 2021-06-01T03:28:28.965Z POST /search/hot/list 200 296 - 1.001 ms
[logger] 2021-06-01T03:28:28.980Z POST /search/hot/list 200 296 - 1.120 ms
[logger] 2021-06-01T03:28:29.020Z POST /cart/count 200 64 - 1.396 ms
[logger] 2021-06-01T06:08:45.159Z POST /cart/count 200 64 - 1.962 ms
[logger] 2021-06-01T06:08:45.191Z POST /sys/banner 200 399 - 1.537 ms
[logger] 2021-06-01T06:08:45.206Z POST /product/listByRecommend 200 888 - 1.968 ms
[logger] 2021-06-01T06:08:45.223Z POST /search/hot/list 200 296 - 1.284 ms
[logger] 2021-06-01T06:08:45.238Z POST /search/hot/list 200 296 - 0.947 ms
[logger] 2021-06-01T06:08:45.288Z POST /cart/count 200 64 - 1.506 ms
[logger] 2021-06-01T06:37:23.312Z POST /cart/count 200 64 - 1.938 ms
[logger] 2021-06-01T06:37:23.384Z POST /sys/banner 200 399 - 1.251 ms
[logger] 2021-06-01T06:37:23.501Z POST /product/listByRecommend 200 888 - 4.188 ms
[logger] 2021-06-01T06:37:23.527Z POST /search/hot/list 200 296 - 1.205 ms
[logger] 2021-06-01T06:37:23.555Z POST /search/hot/list 200 296 - 1.140 ms
[logger] 2021-06-01T06:37:23.621Z POST /cart/count 200 64 - 1.555 ms
[logger] 2021-06-01T06:37:53.196Z POST /cart/count 200 64 - 1.197 ms
[logger] 2021-06-01T06:37:53.217Z POST /sys/banner 200 399 - 1.254 ms
[logger] 2021-06-01T06:37:53.234Z POST /product/listByRecommend 200 888 - 2.152 ms
[logger] 2021-06-01T06:37:53.262Z POST /search/hot/list 200 296 - 2.741 ms
[logger] 2021-06-01T06:37:53.275Z POST /search/hot/list 200 296 - 1.331 ms
[logger] 2021-06-01T06:37:53.323Z POST /cart/count 200 64 - 1.440 ms
[logger] 2021-06-01T06:37:56.813Z POST /sort/list 200 456 - 1.340 ms
[logger] 2021-06-01T06:37:56.832Z POST /classify/list 200 310 - 1.211 ms
[logger] 2021-06-01T06:37:56.865Z POST /product/listByClassify 200 8226 - 2.251 ms
[logger] 2021-06-01T06:39:41.151Z POST /cart/count 200 64 - 1.443 ms
[logger] 2021-06-01T06:39:41.175Z POST /sys/banner 200 399 - 1.184 ms
[logger] 2021-06-01T06:39:41.200Z POST /product/listByRecommend 200 888 - 3.566 ms
[logger] 2021-06-01T06:39:41.221Z POST /search/hot/list 200 296 - 2.046 ms
[logger] 2021-06-01T06:39:41.240Z POST /search/hot/list 200 296 - 0.992 ms
[logger] 2021-06-01T06:39:41.278Z POST /cart/count 200 64 - 3.182 ms
[logger] 2021-06-01T06:41:27.703Z POST /cart/count 200 64 - 1.266 ms
[logger] 2021-06-01T06:41:27.731Z POST /sys/banner 200 399 - 1.320 ms
[logger] 2021-06-01T06:41:27.751Z POST /product/listByRecommend 200 888 - 2.485 ms
[logger] 2021-06-01T06:41:27.780Z POST /search/hot/list 200 296 - 2.303 ms
[logger] 2021-06-01T06:41:27.814Z POST /search/hot/list 200 296 - 1.122 ms
[logger] 2021-06-01T06:41:27.968Z POST /cart/count 200 64 - 1.389 ms
[logger] 2021-06-01T06:42:10.498Z POST /cart/count 200 64 - 1.438 ms
[logger] 2021-06-01T06:42:10.520Z POST /sys/banner 200 399 - 1.235 ms
[logger] 2021-06-01T06:42:10.538Z POST /product/listByRecommend 200 888 - 2.282 ms
[logger] 2021-06-01T06:42:10.554Z POST /search/hot/list 200 296 - 1.258 ms
[logger] 2021-06-01T06:42:10.621Z POST /search/hot/list 200 296 - 1.005 ms
[logger] 2021-06-01T06:42:10.658Z POST /cart/count 200 64 - 2.615 ms
[logger] 2021-06-01T06:42:16.518Z POST /cart/count 200 64 - 0.867 ms
[logger] 2021-06-01T06:42:16.536Z POST /sys/banner 200 399 - 1.518 ms
[logger] 2021-06-01T06:42:16.553Z POST /product/listByRecommend 200 888 - 1.919 ms
[logger] 2021-06-01T06:42:16.568Z POST /search/hot/list 200 296 - 0.914 ms
[logger] 2021-06-01T06:42:16.583Z POST /search/hot/list 200 296 - 0.934 ms
[logger] 2021-06-01T06:42:16.620Z POST /cart/count 200 64 - 1.146 ms
[logger] 2021-06-01T06:44:29.032Z POST /cart/count 200 63 - 1.129 ms
[logger] 2021-06-01T06:44:29.050Z POST /sys/banner 200 399 - 0.884 ms
[logger] 2021-06-01T06:44:29.081Z POST /product/listByRecommend 200 888 - 2.107 ms
[logger] 2021-06-01T06:44:29.093Z POST /search/hot/list 200 296 - 0.818 ms
[logger] 2021-06-01T06:44:29.108Z POST /search/hot/list 200 296 - 1.017 ms
[logger] 2021-06-01T06:44:29.149Z POST /cart/count 200 63 - 1.292 ms
[logger] 2021-06-01T06:44:29.580Z POST /user/wxLogin 200 381 - 322.767 ms
[logger] 2021-06-01T06:49:31.906Z POST /cart/count 200 64 - 1.772 ms
[logger] 2021-06-01T06:49:31.915Z POST /sys/banner 200 399 - 0.970 ms
[logger] 2021-06-01T06:49:31.946Z POST /product/listByRecommend 200 888 - 2.128 ms
[logger] 2021-06-01T06:49:31.956Z POST /search/hot/list 200 296 - 0.978 ms
[logger] 2021-06-01T06:49:31.972Z POST /search/hot/list 200 296 - 0.963 ms
[logger] 2021-06-01T06:49:32.009Z POST /cart/count 200 64 - 1.265 ms
[logger] 2021-06-01T06:49:45.584Z POST /cart/count 200 64 - 2.303 ms
[logger] 2021-06-01T06:49:45.610Z POST /sys/banner 200 399 - 1.364 ms
[logger] 2021-06-01T06:49:45.632Z POST /product/listByRecommend 200 888 - 2.120 ms
[logger] 2021-06-01T06:49:45.674Z POST /search/hot/list 200 296 - 3.454 ms
[logger] 2021-06-01T06:49:45.715Z POST /search/hot/list 200 296 - 1.409 ms
[logger] 2021-06-01T06:49:45.823Z POST /cart/count 200 64 - 1.432 ms
[logger] 2021-06-01T06:50:27.084Z POST /cart/count 200 64 - 1.128 ms
[logger] 2021-06-01T06:50:27.119Z POST /sys/banner 200 399 - 3.902 ms
[logger] 2021-06-01T06:50:27.133Z POST /product/listByRecommend 200 888 - 5.192 ms
[logger] 2021-06-01T06:50:27.151Z POST /search/hot/list 200 296 - 0.949 ms
[logger] 2021-06-01T06:50:27.207Z POST /search/hot/list 200 296 - 2.323 ms
[logger] 2021-06-01T06:50:27.250Z POST /cart/count 200 64 - 1.474 ms
[logger] 2021-06-01T06:50:32.946Z POST /sort/list 200 456 - 1.340 ms
[logger] 2021-06-01T06:50:32.964Z POST /classify/list 200 310 - 1.052 ms
[logger] 2021-06-01T06:50:33.019Z POST /product/listByClassify 200 8226 - 2.264 ms
[logger] 2021-06-01T06:50:47.390Z POST /cart/count 200 64 - 1.152 ms
[logger] 2021-06-01T06:50:47.411Z POST /sys/banner 200 399 - 1.253 ms
[logger] 2021-06-01T06:50:47.642Z POST /product/listByRecommend 200 888 - 2.259 ms
[logger] 2021-06-01T06:50:47.696Z POST /search/hot/list 200 296 - 1.321 ms
[logger] 2021-06-01T06:50:47.714Z POST /search/hot/list 200 296 - 1.070 ms
[logger] 2021-06-01T06:50:47.866Z POST /cart/count 200 64 - 1.670 ms
[logger] 2021-06-01T06:51:04.096Z POST /cart/count 200 64 - 1.318 ms
[logger] 2021-06-01T06:51:04.120Z POST /sys/banner 200 399 - 1.509 ms
[logger] 2021-06-01T06:51:04.142Z POST /product/listByRecommend 200 888 - 1.944 ms
[logger] 2021-06-01T06:51:04.161Z POST /search/hot/list 200 296 - 0.902 ms
[logger] 2021-06-01T06:51:04.180Z POST /search/hot/list 200 296 - 1.052 ms
[logger] 2021-06-01T06:51:04.232Z POST /cart/count 200 64 - 1.381 ms
[logger] 2021-06-01T06:51:10.406Z POST /cart/count 200 64 - 2.090 ms
[logger] 2021-06-01T06:51:10.427Z POST /sys/banner 200 399 - 1.129 ms
[logger] 2021-06-01T06:51:10.447Z POST /product/listByRecommend 200 888 - 2.561 ms
[logger] 2021-06-01T06:51:10.464Z POST /search/hot/list 200 296 - 1.073 ms
[logger] 2021-06-01T06:51:10.482Z POST /search/hot/list 200 296 - 1.167 ms
[logger] 2021-06-01T06:51:10.511Z POST /cart/count 200 64 - 1.408 ms
[logger] 2021-06-01T06:53:31.304Z POST /cart/count 200 64 - 1.409 ms
[logger] 2021-06-01T06:53:31.327Z POST /sys/banner 200 399 - 1.262 ms
[logger] 2021-06-01T06:53:31.349Z POST /product/listByRecommend 200 888 - 2.841 ms
[logger] 2021-06-01T06:53:31.371Z POST /search/hot/list 200 296 - 1.241 ms
[logger] 2021-06-01T06:53:31.389Z POST /search/hot/list 200 296 - 1.171 ms
[logger] 2021-06-01T06:53:31.419Z POST /cart/count 200 64 - 1.283 ms
[logger] 2021-06-01T06:53:34.185Z POST /cart/count 200 64 - 1.279 ms
[logger] 2021-06-01T06:53:34.204Z POST /sys/banner 200 399 - 1.040 ms
[logger] 2021-06-01T06:53:34.220Z POST /product/listByRecommend 200 888 - 1.804 ms
[logger] 2021-06-01T06:53:34.236Z POST /search/hot/list 200 296 - 1.097 ms
[logger] 2021-06-01T06:53:34.252Z POST /search/hot/list 200 296 - 0.973 ms
[logger] 2021-06-01T06:53:34.278Z POST /cart/count 200 64 - 1.326 ms
[logger] 2021-06-01T06:53:45.424Z POST /cart/count 200 64 - 1.053 ms
[logger] 2021-06-01T06:53:45.450Z POST /sys/banner 200 399 - 1.196 ms
[logger] 2021-06-01T06:53:45.470Z POST /product/listByRecommend 200 888 - 2.146 ms
[logger] 2021-06-01T06:53:45.490Z POST /search/hot/list 200 296 - 1.223 ms
[logger] 2021-06-01T06:53:45.506Z POST /search/hot/list 200 296 - 1.226 ms
[logger] 2021-06-01T06:53:45.531Z POST /cart/count 200 64 - 1.153 ms
[logger] 2021-06-01T06:53:51.344Z POST /cart/count 200 64 - 1.138 ms
[logger] 2021-06-01T06:53:51.366Z POST /sys/banner 200 399 - 2.055 ms
[logger] 2021-06-01T06:53:51.385Z POST /product/listByRecommend 200 888 - 2.072 ms
[logger] 2021-06-01T06:53:51.400Z POST /search/hot/list 200 296 - 0.978 ms
[logger] 2021-06-01T06:53:51.415Z POST /search/hot/list 200 296 - 0.988 ms
[logger] 2021-06-01T06:53:51.442Z POST /cart/count 200 64 - 1.328 ms
[logger] 2021-06-01T06:54:16.673Z POST /cart/count 200 64 - 1.921 ms
[logger] 2021-06-01T06:54:16.721Z POST /sys/banner 200 399 - 1.340 ms
[logger] 2021-06-01T06:54:16.741Z POST /product/listByRecommend 200 888 - 2.274 ms
[logger] 2021-06-01T06:54:16.758Z POST /search/hot/list 200 296 - 1.185 ms
[logger] 2021-06-01T06:54:16.778Z POST /search/hot/list 200 296 - 1.268 ms
[logger] 2021-06-01T06:54:16.808Z POST /cart/count 200 64 - 1.317 ms
[logger] 2021-06-01T06:54:20.919Z POST /cart/count 200 64 - 0.944 ms
[logger] 2021-06-01T06:54:20.942Z POST /sys/banner 200 399 - 1.121 ms
[logger] 2021-06-01T06:54:20.961Z POST /product/listByRecommend 200 888 - 2.100 ms
[logger] 2021-06-01T06:54:20.979Z POST /search/hot/list 200 296 - 0.968 ms
[logger] 2021-06-01T06:54:20.995Z POST /search/hot/list 200 296 - 1.044 ms
[logger] 2021-06-01T06:54:21.022Z POST /cart/count 200 64 - 1.540 ms
[logger] 2021-06-01T06:54:50.900Z POST /cart/count 200 64 - 1.827 ms
[logger] 2021-06-01T06:54:50.946Z POST /sys/banner 200 399 - 1.220 ms
[logger] 2021-06-01T06:54:50.972Z POST /product/listByRecommend 200 888 - 2.195 ms
[logger] 2021-06-01T06:54:50.993Z POST /search/hot/list 200 296 - 1.349 ms
[logger] 2021-06-01T06:54:51.015Z POST /search/hot/list 200 296 - 1.150 ms
[logger] 2021-06-01T06:54:51.119Z POST /cart/count 200 64 - 1.587 ms
[logger] 2021-06-01T06:55:09.372Z POST /cart/count 200 64 - 1.158 ms
[logger] 2021-06-01T06:55:09.395Z POST /sys/banner 200 399 - 1.676 ms
[logger] 2021-06-01T06:55:09.416Z POST /product/listByRecommend 200 888 - 3.246 ms
[logger] 2021-06-01T06:55:09.436Z POST /search/hot/list 200 296 - 1.130 ms
[logger] 2021-06-01T06:55:09.510Z POST /search/hot/list 200 296 - 1.145 ms
[logger] 2021-06-01T06:55:09.548Z POST /cart/count 200 64 - 1.241 ms
[logger] 2021-06-01T06:56:01.621Z POST /cart/count 200 64 - 1.104 ms
[logger] 2021-06-01T06:56:01.644Z POST /sys/banner 200 399 - 1.000 ms
[logger] 2021-06-01T06:56:01.670Z POST /product/listByRecommend 200 888 - 5.041 ms
[logger] 2021-06-01T06:56:01.689Z POST /search/hot/list 200 296 - 1.048 ms
[logger] 2021-06-01T06:56:01.715Z POST /search/hot/list 200 296 - 1.277 ms
[logger] 2021-06-01T06:56:01.746Z POST /cart/count 200 64 - 1.367 ms
[logger] 2021-06-01T06:59:58.085Z POST /cart/count 200 64 - 1.463 ms
[logger] 2021-06-01T06:59:58.106Z POST /sys/banner 200 399 - 1.136 ms
[logger] 2021-06-01T06:59:58.122Z POST /product/listByRecommend 200 888 - 3.208 ms
[logger] 2021-06-01T06:59:58.136Z POST /search/hot/list 200 296 - 0.990 ms
[logger] 2021-06-01T06:59:58.153Z POST /search/hot/list 200 296 - 1.002 ms
[logger] 2021-06-01T06:59:58.181Z POST /cart/count 200 64 - 1.519 ms
[logger] 2021-06-01T07:00:02.372Z POST /cart/count 200 64 - 0.870 ms
[logger] 2021-06-01T07:00:02.404Z POST /sys/banner 200 399 - 1.151 ms
[logger] 2021-06-01T07:00:02.415Z POST /product/listByRecommend 200 888 - 1.668 ms
[logger] 2021-06-01T07:00:02.429Z POST /search/hot/list 200 296 - 0.868 ms
[logger] 2021-06-01T07:00:02.445Z POST /search/hot/list 200 296 - 0.972 ms
[logger] 2021-06-01T07:00:02.482Z POST /cart/count 200 64 - 1.207 ms
[logger] 2021-06-01T07:00:40.208Z POST /cart/count 200 64 - 1.002 ms
[logger] 2021-06-01T07:00:40.239Z POST /sys/banner 200 399 - 1.259 ms
[logger] 2021-06-01T07:00:40.258Z POST /product/listByRecommend 200 888 - 3.415 ms
[logger] 2021-06-01T07:00:40.274Z POST /search/hot/list 200 296 - 1.208 ms
[logger] 2021-06-01T07:00:40.299Z POST /search/hot/list 200 296 - 1.486 ms
[logger] 2021-06-01T07:00:40.340Z POST /cart/count 200 64 - 1.603 ms
[logger] 2021-06-01T07:00:47.577Z POST /sort/list 200 456 - 0.980 ms
[logger] 2021-06-01T07:00:47.595Z POST /classify/list 200 310 - 1.192 ms
[logger] 2021-06-01T07:00:47.628Z POST /product/listByClassify 200 8226 - 1.806 ms
[logger] 2021-06-01T07:00:49.267Z POST /product/listByClassify 200 898 - 2.051 ms
[logger] 2021-06-01T07:00:50.969Z POST /product/listByClassify 200 1701 - 2.067 ms
[logger] 2021-06-01T07:00:53.002Z POST /product/listByClassify 200 8226 - 2.642 ms
[logger] 2021-06-01T07:00:54.064Z POST /product/listByClassify 200 898 - 2.177 ms
[logger] 2021-06-01T07:00:59.183Z POST /cart/list 200 1101 - 122.297 ms
[logger] 2021-06-01T07:00:59.186Z POST /product/listByRecommend 200 888 - 110.118 ms
[logger] 2021-06-01T07:01:14.183Z POST /active/list 200 476 - 3.173 ms
[logger] 2021-06-01T07:01:14.268Z POST /product/salesList 200 2515 - 29.348 ms
[logger] 2021-06-01T07:02:04.774Z POST /cart/count 200 64 - 1.368 ms
[logger] 2021-06-01T07:02:04.803Z POST /sys/banner 200 399 - 1.325 ms
[logger] 2021-06-01T07:02:04.836Z POST /product/listByRecommend 200 888 - 3.435 ms
[logger] 2021-06-01T07:02:04.856Z POST /search/hot/list 200 296 - 1.244 ms
[logger] 2021-06-01T07:02:04.879Z POST /search/hot/list 200 296 - 2.754 ms
[logger] 2021-06-01T07:02:04.918Z POST /cart/count 200 64 - 2.537 ms
[logger] 2021-06-01T07:02:31.090Z POST /cart/count 200 64 - 1.026 ms
[logger] 2021-06-01T07:02:31.107Z POST /sys/banner 200 399 - 0.895 ms
[logger] 2021-06-01T07:02:31.125Z POST /product/listByRecommend 200 888 - 1.540 ms
[logger] 2021-06-01T07:02:31.142Z POST /search/hot/list 200 296 - 1.008 ms
[logger] 2021-06-01T07:02:31.160Z POST /search/hot/list 200 296 - 1.045 ms
[logger] 2021-06-01T07:02:31.189Z POST /cart/count 200 64 - 1.461 ms
[logger] 2021-06-01T07:02:40.309Z POST /cart/count 200 64 - 0.832 ms
[logger] 2021-06-01T07:02:40.329Z POST /sys/banner 200 399 - 1.012 ms
[logger] 2021-06-01T07:02:40.344Z POST /product/listByRecommend 200 888 - 1.790 ms
[logger] 2021-06-01T07:02:40.359Z POST /search/hot/list 200 296 - 0.956 ms
[logger] 2021-06-01T07:02:40.376Z POST /search/hot/list 200 296 - 1.791 ms
[logger] 2021-06-01T07:02:40.416Z POST /cart/count 200 64 - 1.503 ms
[logger] 2021-06-01T07:07:00.301Z POST /cart/count 200 64 - 1.149 ms
[logger] 2021-06-01T07:07:00.323Z POST /sys/banner 200 399 - 0.934 ms
[logger] 2021-06-01T07:07:00.338Z POST /product/listByRecommend 200 888 - 1.732 ms
[logger] 2021-06-01T07:07:00.353Z POST /search/hot/list 200 296 - 1.939 ms
[logger] 2021-06-01T07:07:00.368Z POST /search/hot/list 200 296 - 0.936 ms
[logger] 2021-06-01T07:07:00.405Z POST /cart/count 200 64 - 1.430 ms
[logger] 2021-06-01T07:36:32.098Z POST /cart/count 200 64 - 1.647 ms
[logger] 2021-06-01T07:36:32.115Z POST /sys/banner 200 399 - 1.066 ms
[logger] 2021-06-01T07:36:32.133Z POST /product/listByRecommend 200 888 - 2.052 ms
[logger] 2021-06-01T07:36:32.150Z POST /search/hot/list 200 296 - 1.009 ms
[logger] 2021-06-01T07:36:32.166Z POST /search/hot/list 200 296 - 0.905 ms
[logger] 2021-06-01T07:36:32.215Z POST /cart/count 200 64 - 4.866 ms
[logger] 2021-06-01T07:36:57.988Z POST /cart/count 200 64 - 3.537 ms
[logger] 2021-06-01T07:36:58.000Z POST /sys/banner 200 399 - 1.465 ms
[logger] 2021-06-01T07:36:58.089Z POST /product/listByRecommend 200 888 - 1.963 ms
[logger] 2021-06-01T07:36:58.112Z POST /search/hot/list 200 296 - 1.291 ms
[logger] 2021-06-01T07:36:58.140Z POST /search/hot/list 200 296 - 1.251 ms
[logger] 2021-06-01T07:36:58.221Z POST /cart/count 200 64 - 1.199 ms
[logger] 2021-06-01T07:37:01.962Z POST /cart/count 200 64 - 1.070 ms
[logger] 2021-06-01T07:37:01.995Z POST /sys/banner 200 399 - 1.432 ms
[logger] 2021-06-01T07:37:02.007Z POST /product/listByRecommend 200 888 - 1.618 ms
[logger] 2021-06-01T07:37:02.023Z POST /search/hot/list 200 296 - 0.979 ms
[logger] 2021-06-01T07:37:02.042Z POST /search/hot/list 200 296 - 0.918 ms
[logger] 2021-06-01T07:37:02.084Z POST /cart/count 200 64 - 1.205 ms
[logger] 2021-06-01T07:48:47.180Z POST /cart/count 200 64 - 1.658 ms
[logger] 2021-06-01T07:48:47.193Z POST /sys/banner 200 399 - 1.324 ms
[logger] 2021-06-01T07:48:47.263Z POST /product/listByRecommend 200 888 - 2.294 ms
[logger] 2021-06-01T07:48:47.278Z POST /search/hot/list 200 296 - 1.068 ms
[logger] 2021-06-01T07:48:47.295Z POST /search/hot/list 200 296 - 1.083 ms
[logger] 2021-06-01T07:48:47.337Z POST /cart/count 200 64 - 1.377 ms
[logger] 2021-06-01T07:48:53.498Z POST /cart/count 200 64 - 1.179 ms
[logger] 2021-06-01T07:48:53.533Z POST /sys/banner 200 399 - 0.944 ms
[logger] 2021-06-01T07:48:53.549Z POST /product/listByRecommend 200 888 - 1.596 ms
[logger] 2021-06-01T07:48:53.563Z POST /search/hot/list 200 296 - 1.038 ms
[logger] 2021-06-01T07:48:53.579Z POST /search/hot/list 200 296 - 0.872 ms
[logger] 2021-06-01T07:48:53.616Z POST /cart/count 200 64 - 1.290 ms
[logger] 2021-06-01T07:50:19.869Z POST /cart/count 200 64 - 2.603 ms
[logger] 2021-06-01T07:50:19.890Z POST /sys/banner 200 399 - 1.214 ms
[logger] 2021-06-01T07:50:19.973Z POST /product/listByRecommend 200 888 - 2.386 ms
[logger] 2021-06-01T07:50:19.989Z POST /search/hot/list 200 296 - 1.132 ms
[logger] 2021-06-01T07:50:20.007Z POST /search/hot/list 200 296 - 1.174 ms
[logger] 2021-06-01T07:50:20.058Z POST /cart/count 200 64 - 1.257 ms
[logger] 2021-06-01T07:50:26.969Z POST /cart/count 200 64 - 1.309 ms
[logger] 2021-06-01T07:50:26.993Z POST /sys/banner 200 399 - 1.112 ms
[logger] 2021-06-01T07:50:27.017Z POST /product/listByRecommend 200 888 - 3.205 ms
[logger] 2021-06-01T07:50:27.032Z POST /search/hot/list 200 296 - 0.930 ms
[logger] 2021-06-01T07:50:27.122Z POST /search/hot/list 200 296 - 1.371 ms
[logger] 2021-06-01T07:50:27.142Z POST /cart/count 200 64 - 1.333 ms
[logger] 2021-06-01T07:52:55.037Z POST /cart/count 200 64 - 1.039 ms
[logger] 2021-06-01T07:52:55.158Z POST /sys/banner 200 399 - 2.776 ms
[logger] 2021-06-01T07:52:55.180Z POST /product/listByRecommend 200 888 - 3.229 ms
[logger] 2021-06-01T07:52:55.195Z POST /search/hot/list 200 296 - 0.894 ms
[logger] 2021-06-01T07:52:55.211Z POST /search/hot/list 200 296 - 0.974 ms
[logger] 2021-06-01T07:52:55.264Z POST /cart/count 200 64 - 1.444 ms
[logger] 2021-06-01T07:53:04.257Z POST /cart/count 200 63 - 1.288 ms
[logger] 2021-06-01T07:53:04.273Z POST /sys/banner 200 399 - 0.857 ms
[logger] 2021-06-01T07:53:04.292Z POST /product/listByRecommend 200 888 - 1.759 ms
[logger] 2021-06-01T07:53:04.305Z POST /search/hot/list 200 296 - 0.961 ms
[logger] 2021-06-01T07:53:04.320Z POST /search/hot/list 200 296 - 0.934 ms
[logger] 2021-06-01T07:53:04.355Z POST /cart/count 200 63 - 1.316 ms
[logger] 2021-06-01T07:53:04.888Z POST /user/wxLogin 200 381 - 345.708 ms
[logger] 2021-06-01T07:53:32.796Z POST /cart/count 200 64 - 2.492 ms
[logger] 2021-06-01T07:53:32.826Z POST /sys/banner 200 399 - 1.327 ms
[logger] 2021-06-01T07:53:32.842Z POST /product/listByRecommend 200 888 - 2.250 ms
[logger] 2021-06-01T07:53:32.859Z POST /search/hot/list 200 296 - 1.179 ms
[logger] 2021-06-01T07:53:32.878Z POST /search/hot/list 200 296 - 1.112 ms
[logger] 2021-06-01T07:53:32.909Z POST /cart/count 200 64 - 1.889 ms
[logger] 2021-06-01T07:53:35.666Z POST /cart/count 200 64 - 1.176 ms
[logger] 2021-06-01T07:53:35.688Z POST /sys/banner 200 399 - 1.144 ms
[logger] 2021-06-01T07:53:35.707Z POST /product/listByRecommend 200 888 - 2.215 ms
[logger] 2021-06-01T07:53:35.724Z POST /search/hot/list 200 296 - 1.062 ms
[logger] 2021-06-01T07:53:35.740Z POST /search/hot/list 200 296 - 0.902 ms
[logger] 2021-06-01T07:53:35.766Z POST /cart/count 200 64 - 1.301 ms
[logger] 2021-06-01T07:54:26.124Z POST /cart/count 200 64 - 1.379 ms
[logger] 2021-06-01T07:54:26.145Z POST /sys/banner 200 399 - 2.655 ms
[logger] 2021-06-01T07:54:26.176Z POST /product/listByRecommend 200 888 - 2.497 ms
[logger] 2021-06-01T07:54:26.200Z POST /search/hot/list 200 296 - 1.166 ms
[logger] 2021-06-01T07:54:26.327Z POST /search/hot/list 200 296 - 1.349 ms
[logger] 2021-06-01T07:54:26.391Z POST /cart/count 200 64 - 1.693 ms
[logger] 2021-06-01T07:54:38.004Z POST /cart/count 200 64 - 1.123 ms
[logger] 2021-06-01T07:54:38.024Z POST /sys/banner 200 399 - 1.048 ms
[logger] 2021-06-01T07:54:38.109Z POST /product/listByRecommend 200 888 - 2.316 ms
[logger] 2021-06-01T07:54:38.131Z POST /search/hot/list 200 296 - 1.133 ms
[logger] 2021-06-01T07:54:38.153Z POST /search/hot/list 200 296 - 1.076 ms
[logger] 2021-06-01T07:54:38.187Z POST /cart/count 200 64 - 1.723 ms
[logger] 2021-06-01T07:54:48.232Z POST /cart/count 200 64 - 1.397 ms
[logger] 2021-06-01T07:54:48.250Z POST /sys/banner 200 399 - 1.203 ms
[logger] 2021-06-01T07:54:48.282Z POST /product/listByRecommend 200 888 - 3.173 ms
[logger] 2021-06-01T07:54:48.301Z POST /search/hot/list 200 296 - 1.585 ms
[logger] 2021-06-01T07:54:48.325Z POST /search/hot/list 200 296 - 1.335 ms
[logger] 2021-06-01T07:54:48.374Z POST /cart/count 200 64 - 1.577 ms
[logger] 2021-06-01T07:54:51.720Z POST /cart/count 200 64 - 1.237 ms
[logger] 2021-06-01T07:54:51.744Z POST /sys/banner 200 399 - 1.272 ms
[logger] 2021-06-01T07:54:51.771Z POST /product/listByRecommend 200 888 - 2.343 ms
[logger] 2021-06-01T07:54:51.790Z POST /search/hot/list 200 296 - 1.583 ms
[logger] 2021-06-01T07:54:51.816Z POST /search/hot/list 200 296 - 1.337 ms
[logger] 2021-06-01T07:54:51.938Z POST /cart/count 200 64 - 1.180 ms
[logger] 2021-06-01T07:55:08.871Z POST /cart/count 200 64 - 1.390 ms
[logger] 2021-06-01T07:55:08.898Z POST /sys/banner 200 399 - 1.285 ms
[logger] 2021-06-01T07:55:08.979Z POST /product/listByRecommend 200 888 - 4.526 ms
[logger] 2021-06-01T07:55:09.010Z POST /search/hot/list 200 296 - 2.187 ms
[logger] 2021-06-01T07:55:09.055Z POST /search/hot/list 200 296 - 2.326 ms
[logger] 2021-06-01T07:55:09.078Z POST /cart/count 200 64 - 1.485 ms
[logger] 2021-06-01T07:55:18.343Z POST /cart/count 200 64 - 0.930 ms
[logger] 2021-06-01T07:55:18.362Z POST /sys/banner 200 399 - 1.284 ms
[logger] 2021-06-01T07:55:18.382Z POST /product/listByRecommend 200 888 - 2.012 ms
[logger] 2021-06-01T07:55:18.403Z POST /search/hot/list 200 296 - 2.482 ms
[logger] 2021-06-01T07:55:18.503Z POST /search/hot/list 200 296 - 1.355 ms
[logger] 2021-06-01T07:55:18.523Z POST /cart/count 200 64 - 1.425 ms
[logger] 2021-06-01T07:55:23.278Z POST /cart/count 200 64 - 1.080 ms
[logger] 2021-06-01T07:55:23.301Z POST /sys/banner 200 399 - 1.102 ms
[logger] 2021-06-01T07:55:23.329Z POST /product/listByRecommend 200 888 - 1.656 ms
[logger] 2021-06-01T07:55:23.346Z POST /search/hot/list 200 296 - 2.454 ms
[logger] 2021-06-01T07:55:23.425Z POST /search/hot/list 200 296 - 1.206 ms
[logger] 2021-06-01T07:55:23.526Z POST /cart/count 200 64 - 1.765 ms
[logger] 2021-06-01T07:56:42.064Z POST /cart/count 200 64 - 0.902 ms
[logger] 2021-06-01T07:56:42.084Z POST /sys/banner 200 399 - 1.107 ms
[logger] 2021-06-01T07:56:42.103Z POST /product/listByRecommend 200 888 - 1.864 ms
[logger] 2021-06-01T07:56:42.124Z POST /search/hot/list 200 296 - 0.967 ms
[logger] 2021-06-01T07:56:42.141Z POST /search/hot/list 200 296 - 0.874 ms
[logger] 2021-06-01T07:56:42.169Z POST /cart/count 200 64 - 1.582 ms
[logger] 2021-06-01T07:56:46.386Z POST /cart/count 200 64 - 1.237 ms
[logger] 2021-06-01T07:56:46.406Z POST /sys/banner 200 399 - 1.042 ms
[logger] 2021-06-01T07:56:46.438Z POST /product/listByRecommend 200 888 - 1.935 ms
[logger] 2021-06-01T07:56:46.453Z POST /search/hot/list 200 296 - 2.098 ms
[logger] 2021-06-01T07:56:46.475Z POST /search/hot/list 200 296 - 2.132 ms
[logger] 2021-06-01T07:56:46.511Z POST /cart/count 200 64 - 1.128 ms
[logger] 2021-06-01T07:57:02.163Z POST /cart/count 200 64 - 1.846 ms
[logger] 2021-06-01T07:57:02.223Z POST /sys/banner 200 399 - 3.792 ms
[logger] 2021-06-01T07:57:02.254Z POST /product/listByRecommend 200 888 - 2.649 ms
[logger] 2021-06-01T07:57:02.280Z POST /search/hot/list 200 296 - 1.315 ms
[logger] 2021-06-01T07:57:02.304Z POST /search/hot/list 200 296 - 1.875 ms
[logger] 2021-06-01T07:57:02.852Z POST /cart/count 200 64 - 1.332 ms
[logger] 2021-06-01T07:57:09.249Z POST /cart/count 200 64 - 0.845 ms
[logger] 2021-06-01T07:57:09.268Z POST /sys/banner 200 399 - 0.962 ms
[logger] 2021-06-01T07:57:09.286Z POST /product/listByRecommend 200 888 - 1.874 ms
[logger] 2021-06-01T07:57:09.304Z POST /search/hot/list 200 296 - 1.049 ms
[logger] 2021-06-01T07:57:09.320Z POST /search/hot/list 200 296 - 0.789 ms
[logger] 2021-06-01T07:57:09.363Z POST /cart/count 200 64 - 1.406 ms
[logger] 2021-06-01T07:58:50.300Z POST /cart/count 200 64 - 1.514 ms
[logger] 2021-06-01T07:58:50.349Z POST /sys/banner 200 399 - 1.996 ms
[logger] 2021-06-01T07:58:50.582Z POST /product/listByRecommend 200 888 - 3.078 ms
[logger] 2021-06-01T07:58:50.707Z POST /search/hot/list 200 296 - 1.894 ms
[logger] 2021-06-01T07:58:50.732Z POST /search/hot/list 200 296 - 1.589 ms
[logger] 2021-06-01T07:58:50.779Z POST /cart/count 200 64 - 1.522 ms
[logger] 2021-06-01T07:59:30.354Z POST /cart/count 200 64 - 1.412 ms
[logger] 2021-06-01T07:59:30.379Z POST /sys/banner 200 399 - 0.815 ms
[logger] 2021-06-01T07:59:30.399Z POST /product/listByRecommend 200 888 - 2.479 ms
[logger] 2021-06-01T07:59:30.427Z POST /search/hot/list 200 296 - 3.717 ms
[logger] 2021-06-01T07:59:30.466Z POST /search/hot/list 200 296 - 1.298 ms
[logger] 2021-06-01T07:59:30.518Z POST /cart/count 200 64 - 1.701 ms
[logger] 2021-06-01T08:03:12.251Z POST /cart/count 200 64 - 3.779 ms
[logger] 2021-06-01T08:03:12.293Z POST /sys/banner 200 399 - 1.757 ms
[logger] 2021-06-01T08:03:12.310Z POST /product/listByRecommend 200 888 - 2.547 ms
[logger] 2021-06-01T08:03:12.327Z POST /search/hot/list 200 296 - 1.338 ms
[logger] 2021-06-01T08:03:12.349Z POST /search/hot/list 200 296 - 1.216 ms
[logger] 2021-06-01T08:03:12.380Z POST /cart/count 200 64 - 1.466 ms
[logger] 2021-06-01T08:03:16.670Z POST /cart/count 200 64 - 1.341 ms
[logger] 2021-06-01T08:03:16.686Z POST /sys/banner 200 399 - 1.352 ms
[logger] 2021-06-01T08:03:16.703Z POST /product/listByRecommend 200 888 - 2.554 ms
[logger] 2021-06-01T08:03:16.714Z POST /search/hot/list 200 296 - 0.765 ms
[logger] 2021-06-01T08:03:16.727Z POST /search/hot/list 200 296 - 0.881 ms
[logger] 2021-06-01T08:03:16.752Z POST /cart/count 200 64 - 1.698 ms
[logger] 2021-06-01T08:05:37.328Z POST /cart/count 200 64 - 1.011 ms
[logger] 2021-06-01T08:05:37.346Z POST /sys/banner 200 399 - 0.829 ms
[logger] 2021-06-01T08:05:37.366Z POST /product/listByRecommend 200 888 - 1.929 ms
[logger] 2021-06-01T08:05:37.383Z POST /search/hot/list 200 296 - 1.153 ms
[logger] 2021-06-01T08:05:37.399Z POST /search/hot/list 200 296 - 0.996 ms
[logger] 2021-06-01T08:05:37.426Z POST /cart/count 200 64 - 1.104 ms
[logger] 2021-06-01T08:06:30.810Z POST /cart/count 200 64 - 1.378 ms
[logger] 2021-06-01T08:06:30.829Z POST /sys/banner 200 399 - 0.920 ms
[logger] 2021-06-01T08:06:30.849Z POST /product/listByRecommend 200 888 - 2.397 ms
[logger] 2021-06-01T08:06:30.863Z POST /search/hot/list 200 296 - 1.122 ms
[logger] 2021-06-01T08:06:30.881Z POST /search/hot/list 200 296 - 1.099 ms
[logger] 2021-06-01T08:06:30.925Z POST /cart/count 200 64 - 2.112 ms
[logger] 2021-06-01T08:06:35.963Z POST /cart/count 200 64 - 0.984 ms
[logger] 2021-06-01T08:06:35.984Z POST /sys/banner 200 399 - 0.775 ms
[logger] 2021-06-01T08:06:36.003Z POST /product/listByRecommend 200 888 - 2.133 ms
[logger] 2021-06-01T08:06:36.017Z POST /search/hot/list 200 296 - 0.929 ms
[logger] 2021-06-01T08:06:36.034Z POST /search/hot/list 200 296 - 0.972 ms
[logger] 2021-06-01T08:06:36.082Z POST /cart/count 200 64 - 1.436 ms
[logger] 2021-06-01T08:11:18.358Z POST /cart/count 200 64 - 1.219 ms
[logger] 2021-06-01T08:11:18.370Z POST /sys/banner 200 399 - 1.057 ms
[logger] 2021-06-01T08:11:18.386Z POST /product/listByRecommend 200 888 - 2.217 ms
[logger] 2021-06-01T08:11:18.399Z POST /search/hot/list 200 296 - 1.094 ms
[logger] 2021-06-01T08:11:18.425Z POST /search/hot/list 200 296 - 0.773 ms
[logger] 2021-06-01T08:11:18.451Z POST /cart/count 200 64 - 1.260 ms
[logger] 2021-06-01T08:13:13.146Z POST /cart/count 200 64 - 2.587 ms
[logger] 2021-06-01T08:13:13.169Z POST /sys/banner 200 399 - 1.149 ms
[logger] 2021-06-01T08:13:13.189Z POST /product/listByRecommend 200 888 - 2.226 ms
[logger] 2021-06-01T08:13:13.208Z POST /search/hot/list 200 296 - 2.787 ms
[logger] 2021-06-01T08:13:13.232Z POST /search/hot/list 200 296 - 1.436 ms
[logger] 2021-06-01T08:13:13.267Z POST /cart/count 200 64 - 1.442 ms
[logger] 2021-06-01T08:13:31.757Z POST /cart/count 200 64 - 1.322 ms
[logger] 2021-06-01T08:13:31.793Z POST /sys/banner 200 399 - 1.138 ms
[logger] 2021-06-01T08:13:31.808Z POST /product/listByRecommend 200 888 - 2.153 ms
[logger] 2021-06-01T08:13:31.821Z POST /search/hot/list 200 296 - 1.112 ms
[logger] 2021-06-01T08:13:31.839Z POST /search/hot/list 200 296 - 1.192 ms
[logger] 2021-06-01T08:13:31.923Z POST /cart/count 200 64 - 1.703 ms
[logger] 2021-06-01T08:13:45.688Z POST /cart/count 200 64 - 1.389 ms
[logger] 2021-06-01T08:13:45.730Z POST /sys/banner 200 399 - 1.447 ms
[logger] 2021-06-01T08:13:45.745Z POST /product/listByRecommend 200 888 - 2.266 ms
[logger] 2021-06-01T08:13:45.761Z POST /search/hot/list 200 296 - 1.351 ms
[logger] 2021-06-01T08:13:45.781Z POST /search/hot/list 200 296 - 1.353 ms
[logger] 2021-06-01T08:13:45.829Z POST /cart/count 200 64 - 1.608 ms
[logger] 2021-06-01T08:13:52.903Z POST /cart/count 200 64 - 1.466 ms
[logger] 2021-06-01T08:13:52.925Z POST /sys/banner 200 399 - 1.039 ms
[logger] 2021-06-01T08:13:52.940Z POST /product/listByRecommend 200 888 - 2.018 ms
[logger] 2021-06-01T08:13:52.958Z POST /search/hot/list 200 296 - 1.336 ms
[logger] 2021-06-01T08:13:52.987Z POST /search/hot/list 200 296 - 1.120 ms
[logger] 2021-06-01T08:13:53.013Z POST /cart/count 200 64 - 1.553 ms
[logger] 2021-06-01T08:14:42.334Z POST /cart/count 200 64 - 1.040 ms
[logger] 2021-06-01T08:14:42.348Z POST /sys/banner 200 399 - 1.046 ms
[logger] 2021-06-01T08:14:42.381Z POST /product/listByRecommend 200 888 - 2.066 ms
[logger] 2021-06-01T08:14:42.391Z POST /search/hot/list 200 296 - 0.828 ms
[logger] 2021-06-01T08:14:42.406Z POST /search/hot/list 200 296 - 2.650 ms
[logger] 2021-06-01T08:14:42.431Z POST /cart/count 200 64 - 1.233 ms
[logger] 2021-06-01T08:14:47.923Z POST /cart/count 200 64 - 0.990 ms
[logger] 2021-06-01T08:14:47.940Z POST /sys/banner 200 399 - 1.047 ms
[logger] 2021-06-01T08:14:47.960Z POST /product/listByRecommend 200 888 - 2.161 ms
[logger] 2021-06-01T08:14:47.999Z POST /search/hot/list 200 296 - 1.178 ms
[logger] 2021-06-01T08:14:48.009Z POST /search/hot/list 200 296 - 0.827 ms
[logger] 2021-06-01T08:14:48.038Z POST /cart/count 200 64 - 1.656 ms
[logger] 2021-06-01T08:14:55.850Z POST /cart/count 200 64 - 1.175 ms
[logger] 2021-06-01T08:14:55.873Z POST /sys/banner 200 399 - 1.079 ms
[logger] 2021-06-01T08:14:55.891Z POST /product/listByRecommend 200 888 - 2.189 ms
[logger] 2021-06-01T08:14:55.910Z POST /search/hot/list 200 296 - 1.046 ms
[logger] 2021-06-01T08:14:55.930Z POST /search/hot/list 200 296 - 2.262 ms
[logger] 2021-06-01T08:14:55.964Z POST /cart/count 200 64 - 1.520 ms
[logger] 2021-06-01T08:15:01.424Z POST /cart/count 200 64 - 0.992 ms
[logger] 2021-06-01T08:15:01.438Z POST /sys/banner 200 399 - 0.862 ms
[logger] 2021-06-01T08:15:01.453Z POST /product/listByRecommend 200 888 - 2.125 ms
[logger] 2021-06-01T08:15:01.472Z POST /search/hot/list 200 296 - 1.411 ms
[logger] 2021-06-01T08:15:01.505Z POST /search/hot/list 200 296 - 1.254 ms
[logger] 2021-06-01T08:15:01.522Z POST /cart/count 200 64 - 1.242 ms
[logger] 2021-06-01T08:15:27.403Z POST /cart/count 200 64 - 1.085 ms
[logger] 2021-06-01T08:15:27.417Z POST /sys/banner 200 399 - 0.925 ms
[logger] 2021-06-01T08:15:27.435Z POST /product/listByRecommend 200 888 - 1.914 ms
[logger] 2021-06-01T08:15:27.450Z POST /search/hot/list 200 296 - 1.210 ms
[logger] 2021-06-01T08:15:27.468Z POST /search/hot/list 200 296 - 0.864 ms
[logger] 2021-06-01T08:15:27.498Z POST /cart/count 200 64 - 4.040 ms
[logger] 2021-06-01T08:15:47.188Z POST /cart/count 200 64 - 1.097 ms
[logger] 2021-06-01T08:15:47.206Z POST /sys/banner 200 399 - 1.231 ms
[logger] 2021-06-01T08:15:47.245Z POST /product/listByRecommend 200 888 - 1.925 ms
[logger] 2021-06-01T08:15:47.258Z POST /search/hot/list 200 296 - 1.089 ms
[logger] 2021-06-01T08:15:47.272Z POST /search/hot/list 200 296 - 0.987 ms
[logger] 2021-06-01T08:15:47.295Z POST /cart/count 200 64 - 1.257 ms
[logger] 2021-06-01T08:15:56.501Z POST /cart/count 200 64 - 1.105 ms
[logger] 2021-06-01T08:15:56.518Z POST /sys/banner 200 399 - 0.932 ms
[logger] 2021-06-01T08:15:56.532Z POST /product/listByRecommend 200 888 - 1.770 ms
[logger] 2021-06-01T08:15:56.543Z POST /search/hot/list 200 296 - 0.773 ms
[logger] 2021-06-01T08:15:56.556Z POST /search/hot/list 200 296 - 0.811 ms
[logger] 2021-06-01T08:15:56.581Z POST /cart/count 200 64 - 1.121 ms
[logger] 2021-06-01T08:16:12.303Z POST /cart/count 200 64 - 1.372 ms
[logger] 2021-06-01T08:16:12.339Z POST /sys/banner 200 399 - 1.051 ms
[logger] 2021-06-01T08:16:12.350Z POST /product/listByRecommend 200 888 - 2.004 ms
[logger] 2021-06-01T08:16:12.363Z POST /search/hot/list 200 296 - 0.901 ms
[logger] 2021-06-01T08:16:12.378Z POST /search/hot/list 200 296 - 1.033 ms
[logger] 2021-06-01T08:16:12.404Z POST /cart/count 200 64 - 1.358 ms
[logger] 2021-06-01T08:16:16.489Z POST /cart/count 200 64 - 1.831 ms
[logger] 2021-06-01T08:16:16.503Z POST /sys/banner 200 399 - 2.661 ms
[logger] 2021-06-01T08:16:16.521Z POST /product/listByRecommend 200 888 - 2.374 ms
[logger] 2021-06-01T08:16:16.537Z POST /search/hot/list 200 296 - 3.003 ms
[logger] 2021-06-01T08:16:16.551Z POST /search/hot/list 200 296 - 1.051 ms
[logger] 2021-06-01T08:16:16.597Z POST /cart/count 200 64 - 1.260 ms
[logger] 2021-06-01T08:16:21.010Z POST /cart/count 200 64 - 2.032 ms
[logger] 2021-06-01T08:16:21.024Z POST /sys/banner 200 399 - 1.008 ms
[logger] 2021-06-01T08:16:21.037Z POST /product/listByRecommend 200 888 - 1.595 ms
[logger] 2021-06-01T08:16:21.049Z POST /search/hot/list 200 296 - 0.920 ms
[logger] 2021-06-01T08:16:21.075Z POST /search/hot/list 200 296 - 0.853 ms
[logger] 2021-06-01T08:16:21.105Z POST /cart/count 200 64 - 1.221 ms
[logger] 2021-06-01T08:16:37.051Z POST /cart/count 200 64 - 1.226 ms
[logger] 2021-06-01T08:16:37.093Z POST /sys/banner 200 399 - 1.006 ms
[logger] 2021-06-01T08:16:37.108Z POST /product/listByRecommend 200 888 - 1.879 ms
[logger] 2021-06-01T08:16:37.124Z POST /search/hot/list 200 296 - 0.813 ms
[logger] 2021-06-01T08:16:37.140Z POST /search/hot/list 200 296 - 0.891 ms
[logger] 2021-06-01T08:16:37.170Z POST /cart/count 200 64 - 1.263 ms
[logger] 2021-06-01T08:16:45.176Z POST /search/history/list 200 1026 - 95.093 ms
[logger] 2021-06-01T08:16:45.176Z POST /search/hot/list 200 296 - 81.139 ms
[logger] 2021-06-01T08:17:41.508Z POST /cart/count 200 64 - 1.156 ms
[logger] 2021-06-01T08:17:41.526Z POST /sys/banner 200 399 - 0.877 ms
[logger] 2021-06-01T08:17:41.569Z POST /product/listByRecommend 200 888 - 2.276 ms
[logger] 2021-06-01T08:17:41.582Z POST /search/hot/list 200 296 - 1.050 ms
[logger] 2021-06-01T08:17:41.605Z POST /search/hot/list 200 296 - 1.106 ms
[logger] 2021-06-01T08:17:41.681Z POST /cart/count 200 64 - 2.049 ms
[logger] 2021-06-01T08:17:43.330Z POST /cart/count 200 64 - 0.876 ms
[logger] 2021-06-01T08:17:43.345Z POST /sys/banner 200 399 - 0.923 ms
[logger] 2021-06-01T08:17:43.359Z POST /product/listByRecommend 200 888 - 1.736 ms
[logger] 2021-06-01T08:17:43.371Z POST /search/hot/list 200 296 - 0.986 ms
[logger] 2021-06-01T08:17:43.384Z POST /search/hot/list 200 296 - 0.900 ms
[logger] 2021-06-01T08:17:43.406Z POST /cart/count 200 64 - 1.243 ms
[logger] 2021-06-01T08:17:49.994Z POST /search/history/list 200 1026 - 1.409 ms
[logger] 2021-06-01T08:17:50.033Z POST /search/hot/list 200 296 - 1.197 ms
[logger] 2021-06-01T08:18:28.340Z POST /cart/count 200 64 - 1.188 ms
[logger] 2021-06-01T08:18:28.529Z POST /sys/banner 200 399 - 0.966 ms
[logger] 2021-06-01T08:18:28.546Z POST /product/listByRecommend 200 888 - 1.987 ms
[logger] 2021-06-01T08:18:28.559Z POST /search/hot/list 200 296 - 0.854 ms
[logger] 2021-06-01T08:18:28.577Z POST /search/hot/list 200 296 - 0.873 ms
[logger] 2021-06-01T08:18:28.605Z POST /cart/count 200 64 - 1.380 ms
[logger] 2021-06-01T08:18:33.402Z POST /search/history/list 200 1026 - 1.183 ms
[logger] 2021-06-01T08:18:33.418Z POST /search/hot/list 200 296 - 1.526 ms
[logger] 2021-06-01T08:18:43.593Z POST /cart/count 200 64 - 1.723 ms
[logger] 2021-06-01T08:18:43.635Z POST /sys/banner 200 399 - 2.105 ms
[logger] 2021-06-01T08:18:43.646Z POST /product/listByRecommend 200 888 - 1.855 ms
[logger] 2021-06-01T08:18:43.659Z POST /search/hot/list 200 296 - 0.995 ms
[logger] 2021-06-01T08:18:43.674Z POST /search/hot/list 200 296 - 1.215 ms
[logger] 2021-06-01T08:18:43.705Z POST /cart/count 200 64 - 1.431 ms
[logger] 2021-06-01T08:20:18.046Z POST /cart/count 200 64 - 1.310 ms
[logger] 2021-06-01T08:20:18.066Z POST /sys/banner 200 399 - 1.046 ms
[logger] 2021-06-01T08:20:18.083Z POST /product/listByRecommend 200 888 - 2.439 ms
[logger] 2021-06-01T08:20:18.100Z POST /search/hot/list 200 296 - 1.256 ms
[logger] 2021-06-01T08:20:18.119Z POST /search/hot/list 200 296 - 1.434 ms
[logger] 2021-06-01T08:20:18.163Z POST /cart/count 200 64 - 1.683 ms
[logger] 2021-06-01T08:21:19.302Z POST /search/history/list 200 1026 - 1.452 ms
[logger] 2021-06-01T08:21:19.319Z POST /search/hot/list 200 296 - 2.957 ms
[logger] 2021-06-01T08:21:46.401Z POST /search/history/list 200 1026 - 1.226 ms
[logger] 2021-06-01T08:21:46.417Z POST /search/hot/list 200 296 - 1.271 ms
[logger] 2021-06-01T08:23:44.212Z POST /cart/count 200 64 - 1.200 ms
[logger] 2021-06-01T08:23:44.227Z POST /sys/banner 200 399 - 1.056 ms
[logger] 2021-06-01T08:23:44.242Z POST /product/listByRecommend 200 888 - 2.203 ms
[logger] 2021-06-01T08:23:44.253Z POST /search/hot/list 200 296 - 0.799 ms
[logger] 2021-06-01T08:23:44.266Z POST /search/hot/list 200 296 - 0.751 ms
[logger] 2021-06-01T08:23:44.294Z POST /cart/count 200 64 - 1.312 ms
[logger] 2021-06-01T08:23:54.134Z POST /cart/count 200 64 - 1.273 ms
[logger] 2021-06-01T08:23:54.196Z POST /sys/banner 200 399 - 1.263 ms
[logger] 2021-06-01T08:23:54.239Z POST /product/listByRecommend 200 888 - 2.351 ms
[logger] 2021-06-01T08:23:54.258Z POST /search/hot/list 200 296 - 2.628 ms
[logger] 2021-06-01T08:23:54.277Z POST /search/hot/list 200 296 - 1.261 ms
[logger] 2021-06-01T08:23:54.307Z POST /cart/count 200 64 - 1.884 ms
[logger] 2021-06-01T08:24:25.936Z POST /cart/count 200 64 - 1.199 ms
[logger] 2021-06-01T08:24:25.953Z POST /sys/banner 200 399 - 1.149 ms
[logger] 2021-06-01T08:24:25.968Z POST /product/listByRecommend 200 888 - 1.966 ms
[logger] 2021-06-01T08:24:25.980Z POST /search/hot/list 200 296 - 0.767 ms
[logger] 2021-06-01T08:24:25.996Z POST /search/hot/list 200 296 - 0.900 ms
[logger] 2021-06-01T08:24:26.023Z POST /cart/count 200 64 - 1.346 ms
[logger] 2021-06-01T08:25:00.452Z POST /cart/count 200 64 - 1.406 ms
[logger] 2021-06-01T08:25:00.479Z POST /sys/banner 200 399 - 3.106 ms
[logger] 2021-06-01T08:25:00.502Z POST /product/listByRecommend 200 888 - 2.530 ms
[logger] 2021-06-01T08:25:00.521Z POST /search/hot/list 200 296 - 1.333 ms
[logger] 2021-06-01T08:25:00.547Z POST /search/hot/list 200 296 - 2.518 ms
[logger] 2021-06-01T08:25:00.582Z POST /cart/count 200 64 - 1.392 ms
[logger] 2021-06-01T08:25:03.860Z POST /search/history/list 200 1026 - 2.540 ms
[logger] 2021-06-01T08:25:03.877Z POST /search/hot/list 200 296 - 1.058 ms
[logger] 2021-06-01T08:25:56.561Z POST /cart/count 200 64 - 1.806 ms
[logger] 2021-06-01T08:25:56.716Z POST /sys/banner 200 399 - 1.114 ms
[logger] 2021-06-01T08:25:56.738Z POST /product/listByRecommend 200 888 - 1.930 ms
[logger] 2021-06-01T08:25:56.756Z POST /search/hot/list 200 296 - 1.013 ms
[logger] 2021-06-01T08:25:56.777Z POST /search/hot/list 200 296 - 1.097 ms
[logger] 2021-06-01T08:25:56.826Z POST /cart/count 200 64 - 1.618 ms
[logger] 2021-06-01T08:26:08.321Z POST /cart/count 200 64 - 1.323 ms
[logger] 2021-06-01T08:26:08.343Z POST /sys/banner 200 399 - 1.297 ms
[logger] 2021-06-01T08:26:08.367Z POST /product/listByRecommend 200 888 - 2.485 ms
[logger] 2021-06-01T08:26:08.410Z POST /search/hot/list 200 296 - 1.372 ms
[logger] 2021-06-01T08:26:08.425Z POST /search/hot/list 200 296 - 1.228 ms
[logger] 2021-06-01T08:26:08.460Z POST /cart/count 200 64 - 1.785 ms
[logger] 2021-06-01T08:26:11.049Z POST /cart/count 200 64 - 1.092 ms
[logger] 2021-06-01T08:26:11.067Z POST /sys/banner 200 399 - 0.834 ms
[logger] 2021-06-01T08:26:11.081Z POST /product/listByRecommend 200 888 - 1.954 ms
[logger] 2021-06-01T08:26:11.095Z POST /search/hot/list 200 296 - 0.989 ms
[logger] 2021-06-01T08:26:11.111Z POST /search/hot/list 200 296 - 1.099 ms
[logger] 2021-06-01T08:26:11.138Z POST /cart/count 200 64 - 1.106 ms
[logger] 2021-06-01T08:26:14.098Z POST /cart/count 200 64 - 1.181 ms
[logger] 2021-06-01T08:26:14.120Z POST /sys/banner 200 399 - 1.300 ms
[logger] 2021-06-01T08:26:14.137Z POST /product/listByRecommend 200 888 - 2.226 ms
[logger] 2021-06-01T08:26:14.153Z POST /search/hot/list 200 296 - 1.218 ms
[logger] 2021-06-01T08:26:14.171Z POST /search/hot/list 200 296 - 0.992 ms
[logger] 2021-06-01T08:26:14.211Z POST /cart/count 200 64 - 1.702 ms
[logger] 2021-06-01T08:26:16.078Z POST /search/history/list 200 1026 - 1.274 ms
[logger] 2021-06-01T08:26:16.097Z POST /search/hot/list 200 296 - 0.957 ms
[logger] 2021-06-01T08:26:25.886Z POST /product/listBySearch - - - - ms
[logger] 2021-06-01T08:26:28.197Z POST /cart/count 200 64 - 0.990 ms
[logger] 2021-06-01T08:26:28.233Z POST /sys/banner 200 399 - 1.017 ms
[logger] 2021-06-01T08:26:28.249Z POST /product/listByRecommend 200 888 - 2.371 ms
[logger] 2021-06-01T08:26:28.263Z POST /search/hot/list 200 296 - 1.116 ms
[logger] 2021-06-01T08:26:28.278Z POST /search/hot/list 200 296 - 1.022 ms
[logger] 2021-06-01T08:26:28.307Z POST /cart/count 200 64 - 1.612 ms
[logger] 2021-06-01T08:26:35.424Z POST /cart/count 200 64 - 2.333 ms
[logger] 2021-06-01T08:26:35.441Z POST /sys/banner 200 399 - 0.989 ms
[logger] 2021-06-01T08:26:35.470Z POST /product/listByRecommend 200 888 - 1.812 ms
[logger] 2021-06-01T08:26:35.512Z POST /search/hot/list 200 296 - 1.222 ms
[logger] 2021-06-01T08:26:35.667Z POST /search/hot/list 200 296 - 1.174 ms
[logger] 2021-06-01T08:26:35.688Z POST /cart/count 200 64 - 1.274 ms
[logger] 2021-06-01T08:26:40.061Z POST /cart/count 200 64 - 1.503 ms
[logger] 2021-06-01T08:26:40.086Z POST /sys/banner 200 399 - 1.461 ms
[logger] 2021-06-01T08:26:40.107Z POST /product/listByRecommend 200 888 - 2.355 ms
[logger] 2021-06-01T08:26:40.132Z POST /search/hot/list 200 296 - 0.938 ms
[logger] 2021-06-01T08:26:40.145Z POST /search/hot/list 200 296 - 0.818 ms
[logger] 2021-06-01T08:26:40.168Z POST /cart/count 200 64 - 1.580 ms
[logger] 2021-06-01T08:26:41.603Z POST /search/history/list 200 1026 - 3.216 ms
[logger] 2021-06-01T08:26:41.615Z POST /search/hot/list 200 296 - 1.200 ms
[logger] 2021-06-01T08:26:49.978Z POST /product/listBySearch - - - - ms
[logger] 2021-06-01T08:27:08.238Z POST /search/history/list 200 1026 - 1.419 ms
[logger] 2021-06-01T08:27:08.255Z POST /search/hot/list 200 296 - 1.449 ms
[logger] 2021-06-01T08:27:18.412Z POST /product/listBySearch - - - - ms
[logger] 2021-06-01T08:27:49.543Z POST /search/history/list 200 1026 - 1.461 ms
[logger] 2021-06-01T08:27:49.555Z POST /search/hot/list 200 296 - 1.533 ms
[logger] 2021-06-01T08:27:55.484Z POST /search/history/list 200 1026 - 1.241 ms
[logger] 2021-06-01T08:27:55.537Z POST /search/hot/list 200 296 - 2.047 ms
[logger] 2021-06-01T08:28:04.264Z POST /search/history/list 200 1026 - 1.859 ms
[logger] 2021-06-01T08:28:04.285Z POST /search/hot/list 200 296 - 1.372 ms
[logger] 2021-06-01T08:28:28.021Z POST /search/history/list 200 1026 - 3.179 ms
[logger] 2021-06-01T08:28:28.036Z POST /search/hot/list 200 296 - 1.279 ms
[logger] 2021-06-01T08:29:20.752Z POST /product/listBySearch - - - - ms
[logger] 2021-06-01T08:29:40.290Z POST /cart/count 200 64 - 1.405 ms
[logger] 2021-06-01T08:29:40.316Z POST /sys/banner 200 399 - 1.340 ms
[logger] 2021-06-01T08:29:40.336Z POST /product/listByRecommend 200 888 - 2.450 ms
[logger] 2021-06-01T08:29:40.355Z POST /search/hot/list 200 296 - 1.201 ms
[logger] 2021-06-01T08:29:40.394Z POST /search/hot/list 200 296 - 1.386 ms
[logger] 2021-06-01T08:29:40.421Z POST /cart/count 200 64 - 1.370 ms
[logger] 2021-06-01T08:30:01.873Z POST /search/history/list 200 1026 - 1.435 ms
[logger] 2021-06-01T08:30:01.889Z POST /search/hot/list 200 296 - 3.170 ms
[logger] 2021-06-01T08:30:17.139Z POST /cart/count 200 64 - 1.031 ms
[logger] 2021-06-01T08:30:17.155Z POST /sys/banner 200 399 - 0.903 ms
[logger] 2021-06-01T08:30:17.168Z POST /product/listByRecommend 200 888 - 1.655 ms
[logger] 2021-06-01T08:30:17.179Z POST /search/hot/list 200 296 - 0.843 ms
[logger] 2021-06-01T08:30:17.270Z POST /search/hot/list 200 296 - 0.916 ms
[logger] 2021-06-01T08:30:17.296Z POST /cart/count 200 64 - 1.745 ms
[logger] 2021-06-01T08:30:22.660Z POST /search/history/list 200 1026 - 1.418 ms
[logger] 2021-06-01T08:30:22.691Z POST /search/hot/list 200 296 - 1.395 ms
[logger] 2021-06-01T08:30:54.277Z POST /search/history/list 200 1026 - 1.473 ms
[logger] 2021-06-01T08:30:54.301Z POST /search/hot/list 200 296 - 1.389 ms
[logger] 2021-06-01T08:31:02.469Z POST /search/history/list 200 1026 - 1.131 ms
[logger] 2021-06-01T08:31:02.485Z POST /search/hot/list 200 296 - 1.197 ms
[logger] 2021-06-01T08:31:11.691Z POST /search/history/list 200 1026 - 4.529 ms
[logger] 2021-06-01T08:31:11.709Z POST /search/hot/list 200 296 - 2.321 ms
[logger] 2021-06-01T08:31:39.546Z POST /product/listBySearch - - - - ms
[logger] 2021-06-01T08:31:42.869Z POST /search/history/list 200 1026 - 1.042 ms
[logger] 2021-06-01T08:31:42.885Z POST /search/hot/list 200 296 - 1.285 ms
[logger] 2021-06-01T08:31:52.625Z POST /search/history/list 200 1026 - 2.116 ms
[logger] 2021-06-01T08:31:52.655Z POST /search/hot/list 200 296 - 1.092 ms
[logger] 2021-06-01T08:32:02.468Z POST /search/history/list 200 1026 - 0.982 ms
[logger] 2021-06-01T08:32:02.485Z POST /search/hot/list 200 296 - 1.162 ms
[logger] 2021-06-01T08:32:12.637Z POST /search/history/list 200 1026 - 1.862 ms
[logger] 2021-06-01T08:32:12.654Z POST /search/hot/list 200 296 - 1.659 ms
[logger] 2021-06-01T08:32:24.371Z POST /search/history/list 200 1026 - 1.512 ms
[logger] 2021-06-01T08:32:24.391Z POST /search/hot/list 200 296 - 1.397 ms
[logger] 2021-06-01T08:32:40.388Z POST /search/history/list 200 1026 - 2.810 ms
[logger] 2021-06-01T08:32:40.535Z POST /search/hot/list 200 296 - 1.072 ms
