[logger] 2021-06-07T00:59:46.821Z POST /cart/count 200 66 - 236.709 ms
[logger] 2021-06-07T00:59:46.844Z POST /sys/banner 200 399 - 87.777 ms
[logger] 2021-06-07T00:59:46.877Z POST /active/list 200 476 - 120.721 ms
[logger] 2021-06-07T00:59:46.879Z POST /search/hot/list 200 296 - 114.699 ms
[logger] 2021-06-07T00:59:46.881Z POST /search/hot/list 200 296 - 102.681 ms
[logger] 2021-06-07T00:59:46.883Z POST /cart/count 200 66 - 54.385 ms
[logger] 2021-06-07T00:59:46.885Z POST /cart/count 200 66 - 28.015 ms
[logger] 2021-06-07T00:59:46.892Z POST /product/listByRecommend 200 6583 - 135.898 ms
[logger] 2021-06-07T00:59:47.144Z POST /product/salesList 200 2515 - 5.125 ms
[logger] 2021-06-07T00:59:47.347Z POST /user/wxLogin 200 372 - 346.953 ms
[logger] 2021-06-07T00:59:47.360Z POST /active/list 200 476 - 2.360 ms
[logger] 2021-06-07T00:59:47.510Z POST /product/salesList 200 2515 - 4.413 ms
[logger] 2021-06-07T01:03:03.433Z POST /cart/count 401 38 - 18.986 ms
[logger] 2021-06-07T01:03:03.437Z POST /sys/banner 401 38 - 0.935 ms
[logger] 2021-06-07T01:03:03.446Z POST /product/listByRecommend 401 38 - 0.768 ms
[logger] 2021-06-07T01:03:03.462Z POST /active/list 401 38 - 0.562 ms
[logger] 2021-06-07T01:03:03.482Z POST /search/hot/list 401 38 - 0.483 ms
[logger] 2021-06-07T01:03:03.497Z POST /search/hot/list 401 38 - 0.638 ms
[logger] 2021-06-07T01:03:03.539Z POST /cart/count 401 38 - 0.794 ms
[logger] 2021-06-07T01:03:03.550Z POST /cart/count 401 38 - 0.712 ms
[logger] 2021-06-07T01:03:03.834Z POST /active/list 401 38 - 0.551 ms
[logger] 2021-06-07T01:03:04.022Z POST /user/wxLogin 200 362 - 263.910 ms
[logger] 2021-06-07T01:06:49.750Z POST /cart/count 401 38 - 22.306 ms
[logger] 2021-06-07T01:06:49.754Z POST /sys/banner 401 38 - 1.137 ms
[logger] 2021-06-07T01:06:49.764Z POST /product/listByRecommend 401 38 - 0.767 ms
[logger] 2021-06-07T01:06:49.783Z POST /active/list 401 38 - 1.085 ms
[logger] 2021-06-07T01:06:49.799Z POST /search/hot/list 401 38 - 0.675 ms
[logger] 2021-06-07T01:06:49.839Z POST /search/hot/list 401 38 - 1.759 ms
[logger] 2021-06-07T01:06:49.852Z POST /cart/count 401 38 - 0.846 ms
[logger] 2021-06-07T01:06:49.871Z POST /cart/count 401 38 - 1.121 ms
[logger] 2021-06-07T01:06:50.214Z POST /user/wxLogin 200 362 - 256.080 ms
[logger] 2021-06-07T01:06:50.494Z POST /active/list 401 38 - 0.573 ms
[logger] 2021-06-07T01:07:06.886Z POST /cart/count 200 66 - 31.866 ms
[logger] 2021-06-07T01:07:06.890Z POST /sys/banner 200 399 - 11.407 ms
[logger] 2021-06-07T01:07:06.898Z POST /product/listByRecommend 200 6583 - 6.610 ms
[logger] 2021-06-07T01:07:06.904Z POST /active/list 200 476 - 4.305 ms
[logger] 2021-06-07T01:07:06.922Z POST /search/hot/list 200 296 - 2.952 ms
[logger] 2021-06-07T01:07:06.936Z POST /search/hot/list 200 296 - 2.383 ms
[logger] 2021-06-07T01:07:06.977Z POST /cart/count 200 66 - 1.356 ms
[logger] 2021-06-07T01:07:06.998Z POST /cart/count 200 66 - 1.763 ms
[logger] 2021-06-07T01:07:07.172Z POST /product/salesList 200 2515 - 5.382 ms
[logger] 2021-06-07T01:07:07.204Z POST /active/list 200 476 - 2.267 ms
[logger] 2021-06-07T01:07:07.527Z POST /user/wxLogin 200 381 - 404.543 ms
[logger] 2021-06-07T01:07:07.530Z POST /product/salesList 200 2515 - 39.068 ms
[logger] 2021-06-07T01:07:32.623Z POST /cart/list 200 73 - 108.577 ms
[logger] 2021-06-07T01:07:32.627Z POST /product/listByRecommend 200 6583 - 93.844 ms
[logger] 2021-06-07T01:07:35.906Z POST /order/list 200 61 - 5.731 ms
[logger] 2021-06-07T01:10:15.073Z POST /cart/count 200 66 - 32.235 ms
[logger] 2021-06-07T01:10:15.077Z POST /sys/banner 200 399 - 10.960 ms
[logger] 2021-06-07T01:10:15.084Z POST /product/listByRecommend 200 6583 - 6.449 ms
[logger] 2021-06-07T01:10:15.094Z POST /active/list 200 476 - 3.132 ms
[logger] 2021-06-07T01:10:15.128Z POST /search/hot/list 200 296 - 2.394 ms
[logger] 2021-06-07T01:10:15.139Z POST /search/hot/list 200 296 - 2.921 ms
[logger] 2021-06-07T01:10:15.163Z POST /cart/count 200 66 - 1.640 ms
[logger] 2021-06-07T01:10:15.186Z POST /cart/count 200 66 - 1.861 ms
[logger] 2021-06-07T01:10:15.275Z POST /product/salesList 200 2515 - 5.897 ms
[logger] 2021-06-07T01:10:15.757Z POST /active/list 200 476 - 2.590 ms
[logger] 2021-06-07T01:10:15.834Z POST /product/salesList 200 2515 - 3.511 ms
[logger] 2021-06-07T01:10:18.843Z POST /order/list 200 83 - 4.273 ms
[logger] 2021-06-07T01:10:27.250Z POST /cart/count 200 66 - 2.120 ms
[logger] 2021-06-07T01:19:17.320Z POST /cart/count 200 66 - 1.682 ms
[logger] 2021-06-07T01:19:17.337Z POST /sys/banner 200 399 - 1.961 ms
[logger] 2021-06-07T01:19:17.359Z POST /product/listByRecommend 200 6583 - 5.300 ms
[logger] 2021-06-07T01:19:17.373Z POST /active/list 200 476 - 2.581 ms
[logger] 2021-06-07T01:19:17.387Z POST /search/hot/list 200 296 - 1.779 ms
[logger] 2021-06-07T01:19:17.406Z POST /search/hot/list 200 296 - 2.058 ms
[logger] 2021-06-07T01:19:17.455Z POST /cart/count 200 66 - 2.258 ms
[logger] 2021-06-07T01:19:17.469Z POST /cart/count 200 66 - 1.722 ms
[logger] 2021-06-07T01:19:17.560Z POST /product/salesList 200 2515 - 6.415 ms
[logger] 2021-06-07T01:19:18.061Z POST /active/list 200 476 - 3.985 ms
[logger] 2021-06-07T01:19:18.133Z POST /product/salesList 200 2515 - 3.535 ms
[logger] 2021-06-07T01:20:41.941Z POST /sort/list 200 456 - 27.096 ms
[logger] 2021-06-07T01:20:41.967Z POST /classify/list 200 310 - 32.744 ms
[logger] 2021-06-07T01:20:42.006Z POST /product/listByClassify 200 8226 - 6.930 ms
[logger] 2021-06-07T01:20:43.622Z POST /cart/creat 200 56 - 105.148 ms
[logger] 2021-06-07T01:20:43.668Z POST /cart/count 200 63 - 3.528 ms
[logger] 2021-06-07T01:20:47.899Z POST /cart/creat 200 56 - 25.372 ms
[logger] 2021-06-07T01:20:47.945Z POST /cart/count 200 63 - 2.676 ms
[logger] 2021-06-07T01:20:55.021Z POST /cart/count 200 63 - 1.478 ms
[logger] 2021-06-07T01:20:55.042Z POST /sys/banner 200 399 - 3.086 ms
[logger] 2021-06-07T01:20:55.064Z POST /product/listByRecommend 200 6583 - 5.030 ms
[logger] 2021-06-07T01:20:55.076Z POST /active/list 200 476 - 2.692 ms
[logger] 2021-06-07T01:20:55.115Z POST /search/hot/list 200 296 - 3.249 ms
[logger] 2021-06-07T01:20:55.126Z POST /search/hot/list 200 296 - 1.721 ms
[logger] 2021-06-07T01:20:55.152Z POST /cart/count 200 63 - 1.961 ms
[logger] 2021-06-07T01:20:55.173Z POST /cart/count 200 63 - 1.542 ms
[logger] 2021-06-07T01:20:55.267Z POST /product/salesList 200 2515 - 6.090 ms
[logger] 2021-06-07T01:20:55.772Z POST /active/list 200 476 - 2.219 ms
[logger] 2021-06-07T01:20:55.830Z POST /product/salesList 200 2515 - 3.110 ms
[logger] 2021-06-07T01:23:46.682Z POST /cart/count 401 38 - 2.209 ms
[logger] 2021-06-07T01:23:46.698Z POST /sys/banner 401 38 - 0.598 ms
[logger] 2021-06-07T01:23:46.716Z POST /product/listByRecommend 401 38 - 1.427 ms
[logger] 2021-06-07T01:23:46.729Z POST /active/list 401 38 - 0.554 ms
[logger] 2021-06-07T01:23:46.744Z POST /search/hot/list 401 38 - 0.358 ms
[logger] 2021-06-07T01:23:46.761Z POST /search/hot/list 401 38 - 0.416 ms
[logger] 2021-06-07T01:23:46.783Z POST /cart/count 401 38 - 0.659 ms
[logger] 2021-06-07T01:23:46.820Z POST /cart/count 401 38 - 0.698 ms
[logger] 2021-06-07T01:23:47.102Z POST /active/list 401 38 - 0.799 ms
[logger] 2021-06-07T01:23:47.361Z POST /user/wxLogin 200 381 - 301.177 ms
[logger] 2021-06-07T01:39:00.677Z POST /cart/count - - - - ms
[logger] 2021-06-07T01:39:01.427Z POST /cart/count 200 63 - 1.772 ms
[logger] 2021-06-07T01:39:01.449Z POST /sys/banner 200 399 - 2.824 ms
[logger] 2021-06-07T01:39:01.466Z POST /product/listByRecommend 200 6583 - 5.114 ms
[logger] 2021-06-07T01:39:01.476Z POST /active/list 200 476 - 1.826 ms
[logger] 2021-06-07T01:39:01.506Z POST /search/hot/list 200 296 - 1.997 ms
[logger] 2021-06-07T01:39:01.518Z POST /search/hot/list 200 296 - 1.690 ms
[logger] 2021-06-07T01:39:01.538Z POST /cart/count 200 63 - 1.954 ms
[logger] 2021-06-07T01:39:01.555Z POST /cart/count 200 63 - 1.881 ms
[logger] 2021-06-07T01:39:01.676Z POST /product/salesList 200 2515 - 6.337 ms
[logger] 2021-06-07T01:39:01.715Z POST /active/list 200 476 - 2.112 ms
[logger] 2021-06-07T01:39:02.130Z POST /product/salesList 200 2515 - 3.483 ms
[logger] 2021-06-07T01:39:28.692Z POST /cart/count 200 63 - 1.248 ms
[logger] 2021-06-07T01:39:28.708Z POST /sys/banner 200 399 - 1.318 ms
[logger] 2021-06-07T01:39:28.740Z POST /product/listByRecommend 200 6583 - 3.977 ms
[logger] 2021-06-07T01:39:28.751Z POST /active/list 200 476 - 1.676 ms
[logger] 2021-06-07T01:39:28.765Z POST /search/hot/list 200 296 - 1.527 ms
[logger] 2021-06-07T01:39:28.777Z POST /search/hot/list 200 296 - 1.200 ms
[logger] 2021-06-07T01:39:28.803Z POST /cart/count 200 63 - 1.222 ms
[logger] 2021-06-07T01:39:28.832Z POST /cart/count 200 63 - 2.929 ms
[logger] 2021-06-07T01:39:29.016Z POST /product/salesList 200 2515 - 4.534 ms
[logger] 2021-06-07T01:39:29.435Z POST /active/list 200 476 - 2.170 ms
[logger] 2021-06-07T01:39:29.784Z POST /product/salesList 200 2515 - 5.068 ms
[logger] 2021-06-07T01:39:36.830Z POST /cart/count 401 38 - 0.539 ms
[logger] 2021-06-07T01:39:36.850Z POST /sys/banner 401 38 - 0.524 ms
[logger] 2021-06-07T01:39:36.868Z POST /product/listByRecommend 401 38 - 0.703 ms
[logger] 2021-06-07T01:39:36.882Z POST /active/list 401 38 - 0.451 ms
[logger] 2021-06-07T01:39:36.895Z POST /search/hot/list 401 38 - 0.514 ms
[logger] 2021-06-07T01:39:36.908Z POST /search/hot/list 401 38 - 0.457 ms
[logger] 2021-06-07T01:39:36.939Z POST /cart/count 401 38 - 0.443 ms
[logger] 2021-06-07T01:39:36.955Z POST /cart/count 401 38 - 0.533 ms
[logger] 2021-06-07T01:39:37.319Z POST /user/wxLogin 200 381 - 277.927 ms
[logger] 2021-06-07T01:39:37.471Z POST /active/list 401 38 - 0.534 ms
[logger] 2021-06-07T01:39:52.461Z POST /cart/count 200 63 - 1.800 ms
[logger] 2021-06-07T01:39:53.187Z POST /cart/count 200 63 - 1.706 ms
[logger] 2021-06-07T01:39:53.205Z POST /sys/banner 200 399 - 1.644 ms
[logger] 2021-06-07T01:39:53.241Z POST /product/listByRecommend 200 6583 - 3.433 ms
[logger] 2021-06-07T01:39:53.255Z POST /active/list 200 476 - 2.663 ms
[logger] 2021-06-07T01:39:53.269Z POST /search/hot/list 200 296 - 1.197 ms
[logger] 2021-06-07T01:39:53.285Z POST /search/hot/list 200 296 - 1.579 ms
[logger] 2021-06-07T01:39:53.307Z POST /cart/count 200 63 - 1.230 ms
[logger] 2021-06-07T01:39:53.327Z POST /cart/count 200 63 - 1.756 ms
[logger] 2021-06-07T01:39:53.425Z POST /product/salesList 200 2515 - 4.711 ms
[logger] 2021-06-07T01:39:53.458Z POST /active/list 200 476 - 1.585 ms
[logger] 2021-06-07T01:39:53.804Z POST /product/salesList 200 2515 - 3.296 ms
[logger] 2021-06-07T01:41:08.476Z POST /cart/count 200 63 - 3.505 ms
[logger] 2021-06-07T01:41:08.494Z POST /sys/banner 200 399 - 1.797 ms
[logger] 2021-06-07T01:41:08.512Z POST /product/listByRecommend 200 6583 - 5.762 ms
[logger] 2021-06-07T01:41:08.542Z POST /active/list 200 476 - 2.438 ms
[logger] 2021-06-07T01:41:08.555Z POST /search/hot/list 200 296 - 1.410 ms
[logger] 2021-06-07T01:41:08.570Z POST /search/hot/list 200 296 - 1.446 ms
[logger] 2021-06-07T01:41:08.596Z POST /cart/count 200 63 - 1.492 ms
[logger] 2021-06-07T01:41:08.620Z POST /cart/count 200 63 - 2.717 ms
[logger] 2021-06-07T01:41:08.799Z POST /product/salesList 200 2515 - 6.187 ms
[logger] 2021-06-07T01:41:09.039Z POST /active/list 200 476 - 2.293 ms
[logger] 2021-06-07T01:41:09.091Z POST /product/salesList 200 2515 - 2.637 ms
[logger] 2021-06-07T01:41:15.046Z POST /cart/count 200 63 - 1.338 ms
[logger] 2021-06-07T01:41:15.066Z POST /sys/banner 200 399 - 1.959 ms
[logger] 2021-06-07T01:41:15.082Z POST /product/listByRecommend 200 6583 - 3.598 ms
[logger] 2021-06-07T01:41:15.096Z POST /active/list 200 476 - 1.746 ms
[logger] 2021-06-07T01:41:15.109Z POST /search/hot/list 200 296 - 1.450 ms
[logger] 2021-06-07T01:41:15.128Z POST /search/hot/list 200 296 - 2.628 ms
[logger] 2021-06-07T01:41:15.150Z POST /cart/count 200 63 - 1.395 ms
[logger] 2021-06-07T01:41:15.168Z POST /cart/count 200 63 - 1.844 ms
[logger] 2021-06-07T01:41:15.214Z POST /product/salesList 200 2515 - 3.636 ms
[logger] 2021-06-07T01:41:15.642Z POST /active/list 200 476 - 1.642 ms
[logger] 2021-06-07T01:41:15.677Z POST /product/salesList 200 2515 - 2.824 ms
[logger] 2021-06-07T01:41:21.886Z POST /cart/count 200 63 - 1.953 ms
[logger] 2021-06-07T01:41:21.928Z POST /sys/banner 200 399 - 1.544 ms
[logger] 2021-06-07T01:41:21.959Z POST /product/listByRecommend 200 6583 - 4.269 ms
[logger] 2021-06-07T01:41:21.983Z POST /active/list 200 476 - 1.549 ms
[logger] 2021-06-07T01:41:22.041Z POST /search/hot/list 200 296 - 4.342 ms
[logger] 2021-06-07T01:41:22.056Z POST /search/hot/list 200 296 - 1.720 ms
[logger] 2021-06-07T01:41:22.080Z POST /cart/count 200 63 - 1.681 ms
[logger] 2021-06-07T01:41:22.103Z POST /cart/count 200 63 - 4.063 ms
[logger] 2021-06-07T01:41:22.210Z POST /product/salesList 200 2515 - 3.887 ms
[logger] 2021-06-07T01:41:22.441Z POST /active/list 200 476 - 2.058 ms
[logger] 2021-06-07T01:41:22.499Z POST /product/salesList 200 2515 - 3.458 ms
[logger] 2021-06-07T01:42:57.647Z POST /cart/count 200 63 - 1.603 ms
[logger] 2021-06-07T01:42:57.664Z POST /sys/banner 200 399 - 1.638 ms
[logger] 2021-06-07T01:42:57.681Z POST /product/listByRecommend 200 6583 - 4.641 ms
[logger] 2021-06-07T01:42:57.692Z POST /active/list 200 476 - 1.692 ms
[logger] 2021-06-07T01:42:57.705Z POST /search/hot/list 200 296 - 1.220 ms
[logger] 2021-06-07T01:42:57.720Z POST /search/hot/list 200 296 - 1.640 ms
[logger] 2021-06-07T01:42:57.749Z POST /cart/count 200 63 - 2.188 ms
[logger] 2021-06-07T01:42:57.772Z POST /cart/count 200 63 - 2.016 ms
[logger] 2021-06-07T01:42:57.899Z POST /product/salesList 200 2515 - 5.589 ms
[logger] 2021-06-07T01:42:57.933Z POST /active/list 200 476 - 1.956 ms
[logger] 2021-06-07T01:42:57.984Z POST /product/salesList 200 2515 - 4.070 ms
[logger] 2021-06-07T01:43:31.546Z POST /cart/count 200 63 - 1.143 ms
[logger] 2021-06-07T01:43:31.562Z POST /sys/banner 200 399 - 1.660 ms
[logger] 2021-06-07T01:43:31.593Z POST /product/listByRecommend 200 6583 - 3.327 ms
[logger] 2021-06-07T01:43:31.604Z POST /active/list 200 476 - 1.271 ms
[logger] 2021-06-07T01:43:31.619Z POST /search/hot/list 200 296 - 1.711 ms
[logger] 2021-06-07T01:43:31.635Z POST /search/hot/list 200 296 - 1.580 ms
[logger] 2021-06-07T01:43:31.659Z POST /cart/count 200 63 - 1.777 ms
[logger] 2021-06-07T01:43:31.683Z POST /cart/count 200 63 - 3.745 ms
[logger] 2021-06-07T01:43:31.792Z POST /product/salesList 200 2515 - 5.085 ms
[logger] 2021-06-07T01:43:32.092Z POST /user/wxLogin 200 381 - 278.952 ms
[logger] 2021-06-07T01:43:32.216Z POST /active/list 200 476 - 1.343 ms
[logger] 2021-06-07T01:43:32.249Z POST /product/salesList 200 2515 - 2.192 ms
[logger] 2021-06-07T01:43:39.557Z POST /cart/count 401 38 - 0.563 ms
[logger] 2021-06-07T01:43:39.606Z POST /sys/banner 401 38 - 0.495 ms
[logger] 2021-06-07T01:43:39.640Z POST /product/listByRecommend 401 38 - 0.527 ms
[logger] 2021-06-07T01:43:39.655Z POST /active/list 401 38 - 0.497 ms
[logger] 2021-06-07T01:43:39.669Z POST /search/hot/list 401 38 - 0.512 ms
[logger] 2021-06-07T01:43:39.682Z POST /search/hot/list 401 38 - 0.500 ms
[logger] 2021-06-07T01:43:39.702Z POST /cart/count 401 38 - 0.495 ms
[logger] 2021-06-07T01:43:39.720Z POST /cart/count 401 38 - 0.682 ms
[logger] 2021-06-07T01:43:40.233Z POST /active/list 401 38 - 0.526 ms
[logger] 2021-06-07T01:43:40.346Z POST /user/wxLogin 200 381 - 372.314 ms
[logger] 2021-06-07T01:46:15.796Z POST /cart/count 200 63 - 1.424 ms
[logger] 2021-06-07T01:46:15.813Z POST /sys/banner 200 399 - 1.668 ms
[logger] 2021-06-07T01:46:15.838Z POST /product/listByRecommend 200 6583 - 4.338 ms
[logger] 2021-06-07T01:46:15.853Z POST /active/list 200 476 - 1.662 ms
[logger] 2021-06-07T01:46:15.868Z POST /search/hot/list 200 296 - 2.177 ms
[logger] 2021-06-07T01:46:15.900Z POST /search/hot/list 200 296 - 1.601 ms
[logger] 2021-06-07T01:46:15.926Z POST /cart/count 200 63 - 1.699 ms
[logger] 2021-06-07T01:46:15.952Z POST /cart/count 200 63 - 3.874 ms
[logger] 2021-06-07T01:46:16.056Z POST /product/salesList 200 2515 - 7.926 ms
[logger] 2021-06-07T01:46:16.372Z POST /active/list 200 476 - 2.086 ms
[logger] 2021-06-07T01:46:16.462Z POST /product/salesList 200 2515 - 3.283 ms
[logger] 2021-06-07T01:48:16.118Z POST /cart/count 200 63 - 2.048 ms
[logger] 2021-06-07T01:48:16.142Z POST /sys/banner 200 399 - 1.520 ms
[logger] 2021-06-07T01:48:16.233Z POST /product/listByRecommend 200 6583 - 3.476 ms
[logger] 2021-06-07T01:48:16.241Z POST /active/list 200 476 - 1.904 ms
[logger] 2021-06-07T01:48:16.263Z POST /search/hot/list 200 296 - 1.512 ms
[logger] 2021-06-07T01:48:16.283Z POST /search/hot/list 200 296 - 1.365 ms
[logger] 2021-06-07T01:48:16.306Z POST /cart/count 200 63 - 1.895 ms
[logger] 2021-06-07T01:48:16.351Z POST /cart/count 200 63 - 1.986 ms
[logger] 2021-06-07T01:48:16.747Z POST /product/salesList 200 2515 - 6.070 ms
[logger] 2021-06-07T01:48:16.881Z POST /active/list 200 476 - 7.240 ms
[logger] 2021-06-07T01:48:17.156Z POST /product/salesList 200 2515 - 3.287 ms
[logger] 2021-06-07T01:48:23.754Z POST /cart/count 200 63 - 2.028 ms
[logger] 2021-06-07T01:48:23.818Z POST /sys/banner 200 399 - 1.387 ms
[logger] 2021-06-07T01:48:23.833Z POST /product/listByRecommend 200 6583 - 4.020 ms
[logger] 2021-06-07T01:48:23.866Z POST /active/list 200 476 - 2.659 ms
[logger] 2021-06-07T01:48:23.892Z POST /search/hot/list 200 296 - 1.341 ms
[logger] 2021-06-07T01:48:23.921Z POST /search/hot/list 200 296 - 2.418 ms
[logger] 2021-06-07T01:48:23.961Z POST /cart/count 200 63 - 1.762 ms
[logger] 2021-06-07T01:48:24.013Z POST /cart/count 200 63 - 1.826 ms
[logger] 2021-06-07T01:48:24.204Z POST /product/salesList 200 2515 - 5.384 ms
[logger] 2021-06-07T01:48:24.367Z POST /active/list 200 476 - 2.337 ms
[logger] 2021-06-07T01:48:24.778Z POST /product/salesList 200 2515 - 3.226 ms
[logger] 2021-06-07T01:50:17.310Z POST /user/wxLogin 200 381 - 322.873 ms
[logger] 2021-06-07T01:51:29.239Z POST /user/wxLogin 200 381 - 747.545 ms
[logger] 2021-06-07T01:55:07.946Z POST /user/wxLogin - - - - ms
[logger] 2021-06-07T01:55:31.594Z POST /user/wxLogin 200 340 - 445.515 ms
[logger] 2021-06-07T01:57:25.662Z POST /user/wxLogin 200 340 - 295.232 ms
[logger] 2021-06-07T01:58:13.586Z POST /user/wxLogin 200 340 - 338.306 ms
[logger] 2021-06-07T02:00:49.365Z POST /user/wxLogin 200 340 - 394.610 ms
[logger] 2021-06-07T02:00:49.500Z POST /cart/count 200 63 - 6.482 ms
[logger] 2021-06-07T02:00:49.516Z POST /sys/banner 200 399 - 2.631 ms
[logger] 2021-06-07T02:00:49.550Z POST /product/listByRecommend 200 6583 - 6.104 ms
[logger] 2021-06-07T02:00:49.556Z POST /active/list 200 476 - 2.586 ms
[logger] 2021-06-07T02:00:49.570Z POST /search/hot/list 200 296 - 2.836 ms
[logger] 2021-06-07T02:00:49.581Z POST /search/hot/list 200 296 - 1.769 ms
[logger] 2021-06-07T02:00:49.606Z POST /cart/count 200 63 - 1.999 ms
[logger] 2021-06-07T02:00:49.660Z POST /product/salesList 200 2515 - 4.301 ms
[logger] 2021-06-07T02:00:49.743Z POST /active/list 200 476 - 2.964 ms
[logger] 2021-06-07T02:00:49.783Z POST /product/salesList 200 2515 - 2.632 ms
[logger] 2021-06-07T02:01:43.017Z POST /user/wxLogin 200 340 - 331.483 ms
[logger] 2021-06-07T02:01:43.209Z POST /cart/count 200 63 - 2.245 ms
[logger] 2021-06-07T02:01:43.244Z POST /sys/banner 200 399 - 2.088 ms
[logger] 2021-06-07T02:01:43.293Z POST /product/listByRecommend 200 6583 - 4.598 ms
[logger] 2021-06-07T02:01:43.310Z POST /active/list 200 476 - 2.701 ms
[logger] 2021-06-07T02:01:43.336Z POST /search/hot/list 200 296 - 1.708 ms
[logger] 2021-06-07T02:01:43.355Z POST /search/hot/list 200 296 - 1.486 ms
[logger] 2021-06-07T02:01:43.377Z POST /cart/count 200 63 - 1.482 ms
[logger] 2021-06-07T02:01:43.400Z POST /cart/count 200 63 - 1.999 ms
[logger] 2021-06-07T02:01:43.469Z POST /product/salesList 200 2515 - 2.809 ms
[logger] 2021-06-07T02:01:43.606Z POST /active/list 200 476 - 2.219 ms
[logger] 2021-06-07T02:01:43.649Z POST /product/salesList 200 2515 - 4.373 ms
[logger] 2021-06-07T02:02:19.300Z POST /user/wxLogin 200 340 - 297.761 ms
[logger] 2021-06-07T02:02:19.428Z POST /cart/count 200 63 - 1.634 ms
[logger] 2021-06-07T02:02:19.468Z POST /sys/banner 200 399 - 1.637 ms
[logger] 2021-06-07T02:02:19.481Z POST /product/listByRecommend 200 6583 - 4.111 ms
[logger] 2021-06-07T02:02:19.491Z POST /active/list 200 476 - 1.981 ms
[logger] 2021-06-07T02:02:19.502Z POST /search/hot/list 200 296 - 1.390 ms
[logger] 2021-06-07T02:02:19.516Z POST /search/hot/list 200 296 - 1.761 ms
[logger] 2021-06-07T02:02:19.543Z POST /cart/count 200 63 - 2.861 ms
[logger] 2021-06-07T02:02:19.589Z POST /product/salesList 200 2515 - 4.817 ms
[logger] 2021-06-07T02:02:19.674Z POST /active/list 200 476 - 3.307 ms
[logger] 2021-06-07T02:02:19.732Z POST /product/salesList 200 2515 - 3.541 ms
[logger] 2021-06-07T02:02:31.861Z POST /user/wxLogin 200 340 - 268.678 ms
[logger] 2021-06-07T02:02:31.997Z POST /cart/count 200 63 - 1.671 ms
[logger] 2021-06-07T02:02:32.015Z POST /sys/banner 200 399 - 1.796 ms
[logger] 2021-06-07T02:02:32.051Z POST /product/listByRecommend 200 6583 - 4.488 ms
[logger] 2021-06-07T02:02:32.063Z POST /active/list 200 476 - 1.723 ms
[logger] 2021-06-07T02:02:32.077Z POST /search/hot/list 200 296 - 1.355 ms
[logger] 2021-06-07T02:02:32.089Z POST /search/hot/list 200 296 - 1.375 ms
[logger] 2021-06-07T02:02:32.112Z POST /cart/count 200 63 - 1.739 ms
[logger] 2021-06-07T02:02:32.155Z POST /product/salesList 200 2515 - 4.417 ms
[logger] 2021-06-07T02:02:32.266Z POST /active/list 200 476 - 1.831 ms
[logger] 2021-06-07T02:02:32.292Z POST /product/salesList 200 2515 - 2.208 ms
[logger] 2021-06-07T02:02:37.064Z POST /user/wxLogin 200 340 - 327.273 ms
[logger] 2021-06-07T02:02:37.741Z POST /cart/count 200 63 - 1.555 ms
[logger] 2021-06-07T02:02:37.758Z POST /sys/banner 200 399 - 1.689 ms
[logger] 2021-06-07T02:02:37.774Z POST /product/listByRecommend 200 6583 - 3.035 ms
[logger] 2021-06-07T02:02:37.785Z POST /active/list 200 476 - 1.427 ms
[logger] 2021-06-07T02:02:37.797Z POST /search/hot/list 200 296 - 1.331 ms
[logger] 2021-06-07T02:02:37.810Z POST /search/hot/list 200 296 - 1.763 ms
[logger] 2021-06-07T02:02:37.830Z POST /cart/count 200 63 - 1.514 ms
[logger] 2021-06-07T02:02:37.905Z POST /product/salesList 200 2515 - 4.022 ms
[logger] 2021-06-07T02:02:38.696Z POST /active/list 200 476 - 1.582 ms
[logger] 2021-06-07T02:02:38.759Z POST /product/salesList 200 2515 - 3.189 ms
[logger] 2021-06-07T02:02:43.445Z POST /user/wxLogin 200 340 - 525.742 ms
[logger] 2021-06-07T02:02:43.571Z POST /cart/count 200 63 - 1.653 ms
[logger] 2021-06-07T02:02:43.612Z POST /sys/banner 200 399 - 1.390 ms
[logger] 2021-06-07T02:02:43.639Z POST /product/listByRecommend 200 6583 - 4.694 ms
[logger] 2021-06-07T02:02:43.651Z POST /active/list 200 476 - 1.758 ms
[logger] 2021-06-07T02:02:43.665Z POST /search/hot/list 200 296 - 1.627 ms
[logger] 2021-06-07T02:02:43.680Z POST /search/hot/list 200 296 - 1.391 ms
[logger] 2021-06-07T02:02:43.709Z POST /cart/count 200 63 - 1.757 ms
[logger] 2021-06-07T02:02:43.793Z POST /product/salesList 200 2515 - 3.240 ms
[logger] 2021-06-07T02:02:43.871Z POST /active/list 200 476 - 2.017 ms
[logger] 2021-06-07T02:02:43.909Z POST /product/salesList 200 2515 - 2.802 ms
[logger] 2021-06-07T02:03:43.426Z POST /user/wxLogin 200 340 - 260.165 ms
[logger] 2021-06-07T02:03:43.640Z POST /cart/count 200 63 - 2.623 ms
[logger] 2021-06-07T02:03:43.689Z POST /sys/banner 200 399 - 1.966 ms
[logger] 2021-06-07T02:03:43.713Z POST /product/listByRecommend 200 6583 - 3.696 ms
[logger] 2021-06-07T02:03:43.721Z POST /active/list 200 476 - 1.364 ms
[logger] 2021-06-07T02:03:43.734Z POST /search/hot/list 200 296 - 1.644 ms
[logger] 2021-06-07T02:03:43.747Z POST /search/hot/list 200 296 - 1.821 ms
[logger] 2021-06-07T02:03:43.770Z POST /cart/count 200 63 - 1.446 ms
[logger] 2021-06-07T02:03:43.825Z POST /product/salesList 200 2515 - 5.912 ms
[logger] 2021-06-07T02:03:43.929Z POST /active/list 200 476 - 1.577 ms
[logger] 2021-06-07T02:03:43.979Z POST /product/salesList 200 2515 - 3.531 ms
[logger] 2021-06-07T02:03:58.153Z POST /user/wxLogin 200 340 - 259.069 ms
[logger] 2021-06-07T02:03:58.303Z POST /cart/count 200 63 - 1.640 ms
[logger] 2021-06-07T02:03:58.342Z POST /sys/banner 200 399 - 1.607 ms
[logger] 2021-06-07T02:03:58.358Z POST /product/listByRecommend 200 6583 - 4.632 ms
[logger] 2021-06-07T02:03:58.371Z POST /active/list 200 476 - 1.876 ms
[logger] 2021-06-07T02:03:58.385Z POST /search/hot/list 200 296 - 1.218 ms
[logger] 2021-06-07T02:03:58.398Z POST /search/hot/list 200 296 - 1.585 ms
[logger] 2021-06-07T02:03:58.419Z POST /cart/count 200 63 - 1.230 ms
[logger] 2021-06-07T02:03:58.436Z POST /cart/count 200 63 - 1.865 ms
[logger] 2021-06-07T02:03:58.482Z POST /product/salesList 200 2515 - 4.231 ms
[logger] 2021-06-07T02:03:58.547Z POST /active/list 200 476 - 2.653 ms
[logger] 2021-06-07T02:03:58.587Z POST /product/salesList 200 2515 - 2.608 ms
[logger] 2021-06-07T02:04:02.469Z POST /user/wxLogin 200 340 - 398.182 ms
[logger] 2021-06-07T02:04:02.587Z POST /cart/count 200 63 - 1.500 ms
[logger] 2021-06-07T02:04:02.606Z POST /sys/banner 200 399 - 1.664 ms
[logger] 2021-06-07T02:04:02.643Z POST /product/listByRecommend 200 6583 - 3.244 ms
[logger] 2021-06-07T02:04:02.652Z POST /active/list 200 476 - 1.575 ms
[logger] 2021-06-07T02:04:02.666Z POST /search/hot/list 200 296 - 1.657 ms
[logger] 2021-06-07T02:04:02.678Z POST /search/hot/list 200 296 - 1.552 ms
[logger] 2021-06-07T02:04:02.702Z POST /cart/count 200 63 - 1.280 ms
[logger] 2021-06-07T02:04:02.722Z POST /cart/count 200 63 - 1.416 ms
[logger] 2021-06-07T02:04:02.768Z POST /product/salesList 200 2515 - 2.989 ms
[logger] 2021-06-07T02:04:02.823Z POST /active/list 200 476 - 1.536 ms
[logger] 2021-06-07T02:04:02.851Z POST /product/salesList 200 2515 - 2.260 ms
[logger] 2021-06-07T02:04:06.432Z POST /user/wxLogin 200 340 - 250.797 ms
[logger] 2021-06-07T02:04:06.995Z POST /cart/count 200 63 - 3.772 ms
[logger] 2021-06-07T02:04:07.009Z POST /sys/banner 200 399 - 1.302 ms
[logger] 2021-06-07T02:04:07.025Z POST /product/listByRecommend 200 6583 - 3.527 ms
[logger] 2021-06-07T02:04:07.036Z POST /active/list 200 476 - 1.524 ms
[logger] 2021-06-07T02:04:07.050Z POST /search/hot/list 200 296 - 1.602 ms
[logger] 2021-06-07T02:04:07.063Z POST /search/hot/list 200 296 - 1.219 ms
[logger] 2021-06-07T02:04:07.080Z POST /cart/count 200 63 - 1.131 ms
[logger] 2021-06-07T02:04:07.094Z POST /cart/count 200 63 - 1.463 ms
[logger] 2021-06-07T02:04:07.129Z POST /product/salesList 200 2515 - 3.376 ms
[logger] 2021-06-07T02:04:08.007Z POST /active/list 200 476 - 1.609 ms
[logger] 2021-06-07T02:04:08.064Z POST /product/salesList 200 2515 - 2.369 ms
[logger] 2021-06-07T02:04:15.763Z POST /user/wxLogin 200 340 - 333.764 ms
[logger] 2021-06-07T02:04:15.928Z POST /cart/count 200 63 - 1.692 ms
[logger] 2021-06-07T02:04:15.970Z POST /sys/banner 200 399 - 1.420 ms
[logger] 2021-06-07T02:04:15.985Z POST /product/listByRecommend 200 6583 - 3.534 ms
[logger] 2021-06-07T02:04:15.997Z POST /active/list 200 476 - 1.640 ms
[logger] 2021-06-07T02:04:16.010Z POST /search/hot/list 200 296 - 1.627 ms
[logger] 2021-06-07T02:04:16.026Z POST /search/hot/list 200 296 - 1.613 ms
[logger] 2021-06-07T02:04:16.045Z POST /cart/count 200 63 - 1.559 ms
[logger] 2021-06-07T02:04:16.068Z POST /cart/count 200 63 - 2.970 ms
[logger] 2021-06-07T02:04:16.122Z POST /product/salesList 200 2515 - 4.712 ms
[logger] 2021-06-07T02:04:16.174Z POST /active/list 200 476 - 2.157 ms
[logger] 2021-06-07T02:04:16.215Z POST /product/salesList 200 2515 - 2.104 ms
[logger] 2021-06-07T02:04:24.347Z POST /user/wxLogin 200 340 - 322.225 ms
[logger] 2021-06-07T02:04:24.485Z POST /cart/count 200 63 - 2.772 ms
[logger] 2021-06-07T02:04:24.524Z POST /sys/banner 200 399 - 1.707 ms
[logger] 2021-06-07T02:04:24.539Z POST /product/listByRecommend 200 6583 - 6.583 ms
[logger] 2021-06-07T02:04:24.549Z POST /active/list 200 476 - 2.781 ms
[logger] 2021-06-07T02:04:24.560Z POST /search/hot/list 200 296 - 1.169 ms
[logger] 2021-06-07T02:04:24.572Z POST /search/hot/list 200 296 - 1.318 ms
[logger] 2021-06-07T02:04:24.629Z POST /cart/count 200 63 - 1.436 ms
[logger] 2021-06-07T02:04:24.675Z POST /cart/count 200 63 - 1.731 ms
[logger] 2021-06-07T02:04:24.736Z POST /product/salesList 200 2515 - 3.409 ms
[logger] 2021-06-07T02:04:24.754Z POST /active/list 200 476 - 1.772 ms
[logger] 2021-06-07T02:04:24.783Z POST /product/salesList 200 2515 - 1.865 ms
[logger] 2021-06-07T02:07:06.678Z POST /user/wxLogin 200 340 - 299.689 ms
[logger] 2021-06-07T02:07:07.043Z POST /cart/count 200 63 - 2.337 ms
[logger] 2021-06-07T02:07:07.082Z POST /sys/banner 200 399 - 1.855 ms
[logger] 2021-06-07T02:07:07.127Z POST /product/listByRecommend 200 6583 - 5.096 ms
[logger] 2021-06-07T02:07:07.147Z POST /active/list 200 476 - 2.350 ms
[logger] 2021-06-07T02:07:07.170Z POST /search/hot/list 200 296 - 2.226 ms
[logger] 2021-06-07T02:07:07.195Z POST /search/hot/list 200 296 - 2.186 ms
[logger] 2021-06-07T02:07:07.237Z POST /cart/count 200 63 - 2.266 ms
[logger] 2021-06-07T02:07:07.264Z POST /cart/count 200 63 - 2.521 ms
[logger] 2021-06-07T02:07:07.365Z POST /product/salesList 200 2515 - 4.431 ms
[logger] 2021-06-07T02:07:07.903Z POST /active/list 200 476 - 2.697 ms
[logger] 2021-06-07T02:07:07.941Z POST /product/salesList 200 2515 - 4.826 ms
[logger] 2021-06-07T02:08:38.450Z POST /user/wxLogin 200 340 - 232.854 ms
[logger] 2021-06-07T02:08:38.677Z POST /cart/count 200 63 - 1.868 ms
[logger] 2021-06-07T02:08:38.700Z POST /sys/banner 200 399 - 1.802 ms
[logger] 2021-06-07T02:08:38.739Z POST /product/listByRecommend 200 6583 - 4.128 ms
[logger] 2021-06-07T02:08:38.752Z POST /active/list 200 476 - 1.756 ms
[logger] 2021-06-07T02:08:38.769Z POST /search/hot/list 200 296 - 1.856 ms
[logger] 2021-06-07T02:08:38.787Z POST /search/hot/list 200 296 - 1.479 ms
[logger] 2021-06-07T02:08:38.821Z POST /cart/count 200 63 - 1.722 ms
[logger] 2021-06-07T02:08:38.847Z POST /cart/count 200 63 - 2.360 ms
[logger] 2021-06-07T02:08:38.913Z POST /product/salesList 200 2515 - 4.262 ms
[logger] 2021-06-07T02:08:39.130Z POST /active/list 200 476 - 2.111 ms
[logger] 2021-06-07T02:08:39.168Z POST /product/salesList 200 2515 - 3.556 ms
[logger] 2021-06-07T02:31:17.946Z POST /user/wxLogin 200 340 - 631.662 ms
[logger] 2021-06-07T02:31:18.158Z POST /cart/count 200 63 - 12.037 ms
[logger] 2021-06-07T02:31:18.168Z POST /sys/banner 200 399 - 3.156 ms
[logger] 2021-06-07T02:31:18.210Z POST /product/listByRecommend 200 6583 - 10.203 ms
[logger] 2021-06-07T02:31:18.222Z POST /active/list 200 476 - 4.572 ms
[logger] 2021-06-07T02:31:18.237Z POST /search/hot/list 200 296 - 2.974 ms
[logger] 2021-06-07T02:31:18.251Z POST /search/hot/list 200 296 - 1.995 ms
[logger] 2021-06-07T02:31:18.276Z POST /cart/list 200 1110 - 3.758 ms
[logger] 2021-06-07T02:31:18.302Z POST /product/listByRecommend 200 6583 - 8.117 ms
[logger] 2021-06-07T02:31:18.312Z POST /cart/count 200 63 - 2.015 ms
[logger] 2021-06-07T02:31:18.332Z POST /cart/count 200 63 - 2.185 ms
[logger] 2021-06-07T02:31:18.466Z POST /product/salesList 200 2515 - 4.710 ms
[logger] 2021-06-07T02:31:18.537Z POST /active/list 200 476 - 5.225 ms
[logger] 2021-06-07T02:31:18.589Z POST /product/salesList 200 2515 - 5.261 ms
[logger] 2021-06-07T02:31:20.945Z POST /order/placeList 200 1232 - 4.351 ms
[logger] 2021-06-07T02:31:25.807Z GET /user/receiver/info?userId=oK1dM4-VATMjrKhl6EC3CghXnwNw - - - - ms
[logger] 2021-06-07T02:34:59.848Z POST /user/wxLogin 200 340 - 449.729 ms
[logger] 2021-06-07T02:35:00.024Z POST /cart/count 200 63 - 7.110 ms
[logger] 2021-06-07T02:35:00.041Z POST /sys/banner 200 399 - 4.043 ms
[logger] 2021-06-07T02:35:00.074Z POST /product/listByRecommend 200 6583 - 7.612 ms
[logger] 2021-06-07T02:35:00.103Z POST /active/list 200 476 - 4.608 ms
[logger] 2021-06-07T02:35:00.120Z POST /search/hot/list 200 296 - 5.680 ms
[logger] 2021-06-07T02:35:00.131Z POST /search/hot/list 200 296 - 1.811 ms
[logger] 2021-06-07T02:35:00.152Z POST /cart/list 200 1110 - 2.766 ms
[logger] 2021-06-07T02:35:00.171Z POST /product/listByRecommend 200 6583 - 5.696 ms
[logger] 2021-06-07T02:35:00.186Z POST /cart/count 200 63 - 2.037 ms
[logger] 2021-06-07T02:35:00.206Z POST /cart/count 200 63 - 1.958 ms
[logger] 2021-06-07T02:35:00.261Z POST /product/salesList 200 2515 - 6.099 ms
[logger] 2021-06-07T02:35:00.317Z POST /active/list 200 476 - 2.326 ms
[logger] 2021-06-07T02:35:00.359Z POST /product/salesList 200 2515 - 2.757 ms
[logger] 2021-06-07T02:35:01.948Z POST /order/placeList 200 1232 - 4.030 ms
[logger] 2021-06-07T02:35:06.926Z GET /user/receiver/info?userId=oK1dM4-VATMjrKhl6EC3CghXnwNw - - - - ms
[logger] 2021-06-07T02:35:53.812Z POST /cart/count 200 63 - 26.192 ms
[logger] 2021-06-07T02:35:55.317Z POST /order/placeList 200 1232 - 3.862 ms
[logger] 2021-06-07T02:36:00.296Z GET /user/receiver/info?userId=oK1dM4-VATMjrKhl6EC3CghXnwNw - - - - ms
[logger] 2021-06-07T02:36:51.882Z POST /cart/count 200 63 - 23.418 ms
[logger] 2021-06-07T02:36:53.350Z GET /user/receiver/info?userId=oK1dM4-VATMjrKhl6EC3CghXnwNw 200 54 - 7.690 ms
[logger] 2021-06-07T02:36:53.360Z POST /order/placeList 200 1232 - 3.160 ms
[logger] 2021-06-07T02:37:48.757Z POST /cart/count 200 63 - 28.049 ms
[logger] 2021-06-07T02:37:50.099Z GET /user/receiver/info?userId=oK1dM4-VATMjrKhl6EC3CghXnwNw 200 54 - 3.584 ms
[logger] 2021-06-07T02:37:50.111Z POST /order/placeList 200 1232 - 3.584 ms
[logger] 2021-06-07T02:40:12.637Z POST /user/wxLogin 200 340 - 352.806 ms
[logger] 2021-06-07T02:40:12.776Z POST /cart/count 200 63 - 2.797 ms
[logger] 2021-06-07T02:40:12.803Z POST /sys/banner 200 399 - 3.400 ms
[logger] 2021-06-07T02:40:12.826Z POST /product/listByRecommend 200 6583 - 6.698 ms
[logger] 2021-06-07T02:40:12.851Z POST /active/list 200 476 - 3.818 ms
[logger] 2021-06-07T02:40:12.864Z POST /search/hot/list 200 296 - 3.290 ms
[logger] 2021-06-07T02:40:12.879Z POST /search/hot/list 200 296 - 1.703 ms
[logger] 2021-06-07T02:40:12.904Z POST /cart/list 200 1110 - 2.931 ms
[logger] 2021-06-07T02:40:12.921Z POST /product/listByRecommend 200 6583 - 3.976 ms
[logger] 2021-06-07T02:40:12.935Z POST /cart/count 200 63 - 1.658 ms
[logger] 2021-06-07T02:40:12.956Z POST /cart/count 200 63 - 1.776 ms
[logger] 2021-06-07T02:40:13.025Z POST /product/salesList 200 2515 - 4.444 ms
[logger] 2021-06-07T02:40:13.154Z POST /active/list 200 476 - 1.998 ms
[logger] 2021-06-07T02:40:13.201Z POST /product/salesList 200 2515 - 6.131 ms
[logger] 2021-06-07T02:40:19.638Z GET /user/receiver/info?userId=oK1dM4-VATMjrKhl6EC3CghXnwNw 304 - - 1.994 ms
[logger] 2021-06-07T02:40:19.652Z POST /order/placeList 200 1232 - 2.869 ms
[logger] 2021-06-07T02:40:36.934Z POST /order/creat 200 56 - 307.129 ms
[logger] 2021-06-07T02:40:37.333Z POST /order/list 200 1777 - 298.495 ms
[logger] 2021-06-07T02:40:42.062Z POST /cart/count 200 66 - 1.726 ms
[logger] 2021-06-07T02:42:24.521Z POST /user/wxLogin 200 340 - 421.112 ms
[logger] 2021-06-07T02:42:24.675Z POST /cart/count 200 66 - 7.222 ms
[logger] 2021-06-07T02:42:24.691Z POST /sys/banner 200 399 - 3.324 ms
[logger] 2021-06-07T02:42:24.719Z POST /product/listByRecommend 200 6583 - 6.779 ms
[logger] 2021-06-07T02:42:24.730Z POST /active/list 200 476 - 3.418 ms
[logger] 2021-06-07T02:42:24.743Z POST /search/hot/list 200 296 - 3.146 ms
[logger] 2021-06-07T02:42:24.754Z POST /search/hot/list 200 296 - 2.009 ms
[logger] 2021-06-07T02:42:24.772Z POST /cart/list 200 73 - 1.664 ms
[logger] 2021-06-07T02:42:24.792Z POST /product/listByRecommend 200 6583 - 4.621 ms
[logger] 2021-06-07T02:42:24.804Z POST /cart/count 200 66 - 1.916 ms
[logger] 2021-06-07T02:42:24.821Z POST /cart/count 200 66 - 2.586 ms
[logger] 2021-06-07T02:42:24.868Z POST /product/salesList 200 2515 - 4.539 ms
[logger] 2021-06-07T02:42:24.925Z POST /active/list 200 476 - 2.763 ms
[logger] 2021-06-07T02:42:24.966Z POST /product/salesList 200 2515 - 4.650 ms
[logger] 2021-06-07T02:45:50.974Z POST /user/wxLogin 200 340 - 470.772 ms
[logger] 2021-06-07T02:45:51.111Z POST /cart/count 200 63 - 6.703 ms
[logger] 2021-06-07T02:45:51.126Z POST /sys/banner 200 399 - 2.861 ms
[logger] 2021-06-07T02:45:51.154Z POST /product/listByRecommend 200 6583 - 4.654 ms
[logger] 2021-06-07T02:45:51.164Z POST /active/list 200 476 - 2.978 ms
[logger] 2021-06-07T02:45:51.178Z POST /search/hot/list 200 296 - 2.586 ms
[logger] 2021-06-07T02:45:51.188Z POST /search/hot/list 200 296 - 1.732 ms
[logger] 2021-06-07T02:45:51.213Z POST /cart/list 200 73 - 2.692 ms
[logger] 2021-06-07T02:45:51.244Z POST /product/listByRecommend 200 6583 - 4.574 ms
[logger] 2021-06-07T02:45:51.278Z POST /cart/count 200 63 - 1.954 ms
[logger] 2021-06-07T02:45:51.296Z POST /cart/count 200 63 - 1.928 ms
[logger] 2021-06-07T02:45:51.363Z POST /product/salesList 200 2515 - 4.740 ms
[logger] 2021-06-07T02:45:51.401Z POST /active/list 200 476 - 2.387 ms
[logger] 2021-06-07T02:45:51.438Z POST /product/salesList 200 2515 - 2.417 ms
[logger] 2021-06-07T02:46:25.361Z POST /user/wxLogin 200 340 - 305.546 ms
[logger] 2021-06-07T02:46:25.526Z POST /cart/count 200 63 - 2.042 ms
[logger] 2021-06-07T02:46:25.545Z POST /sys/banner 200 399 - 1.741 ms
[logger] 2021-06-07T02:46:25.562Z POST /product/listByRecommend 200 6583 - 4.488 ms
[logger] 2021-06-07T02:46:25.583Z POST /active/list 200 476 - 1.489 ms
[logger] 2021-06-07T02:46:25.598Z POST /search/hot/list 200 296 - 1.246 ms
[logger] 2021-06-07T02:46:25.610Z POST /search/hot/list 200 296 - 1.290 ms
[logger] 2021-06-07T02:46:25.630Z POST /cart/list 200 73 - 2.006 ms
[logger] 2021-06-07T02:46:25.645Z POST /product/listByRecommend 200 6583 - 3.567 ms
[logger] 2021-06-07T02:46:25.658Z POST /cart/count 200 63 - 1.422 ms
[logger] 2021-06-07T02:46:25.673Z POST /cart/count 200 63 - 1.677 ms
[logger] 2021-06-07T02:46:25.738Z POST /product/salesList 200 2515 - 4.439 ms
[logger] 2021-06-07T02:46:25.799Z POST /active/list 200 476 - 1.617 ms
[logger] 2021-06-07T02:46:25.842Z POST /product/salesList 200 2515 - 5.741 ms
[logger] 2021-06-07T02:46:38.093Z POST /user/wxLogin 200 340 - 432.042 ms
[logger] 2021-06-07T02:46:38.259Z POST /cart/count 200 63 - 1.905 ms
[logger] 2021-06-07T02:46:38.278Z POST /sys/banner 200 399 - 2.809 ms
[logger] 2021-06-07T02:46:38.311Z POST /product/listByRecommend 200 6583 - 5.554 ms
[logger] 2021-06-07T02:46:38.324Z POST /active/list 200 476 - 2.258 ms
[logger] 2021-06-07T02:46:38.339Z POST /search/hot/list 200 296 - 1.796 ms
[logger] 2021-06-07T02:46:38.354Z POST /search/hot/list 200 296 - 1.875 ms
[logger] 2021-06-07T02:46:38.376Z POST /cart/list 200 73 - 2.702 ms
[logger] 2021-06-07T02:46:38.394Z POST /product/listByRecommend 200 6583 - 3.593 ms
[logger] 2021-06-07T02:46:38.409Z POST /cart/count 200 63 - 1.713 ms
[logger] 2021-06-07T02:46:38.426Z POST /cart/count 200 63 - 1.705 ms
[logger] 2021-06-07T02:46:38.472Z POST /product/salesList 200 2515 - 5.912 ms
[logger] 2021-06-07T02:46:38.529Z POST /active/list 200 476 - 2.132 ms
[logger] 2021-06-07T02:46:38.572Z POST /product/salesList 200 2515 - 3.176 ms
[logger] 2021-06-07T02:55:31.972Z POST /cart/list 200 73 - 3.489 ms
[logger] 2021-06-07T02:55:31.993Z POST /product/listByRecommend 200 6583 - 7.810 ms
[logger] 2021-06-07T02:55:39.215Z POST /sort/list 200 456 - 2.999 ms
[logger] 2021-06-07T02:55:39.235Z POST /classify/list 200 310 - 3.219 ms
[logger] 2021-06-07T02:55:39.265Z POST /product/listByClassify 200 8226 - 4.245 ms
[logger] 2021-06-07T02:55:41.753Z POST /cart/list 200 73 - 1.836 ms
[logger] 2021-06-07T02:55:41.773Z POST /product/listByRecommend 200 6583 - 4.070 ms
[logger] 2021-06-07T02:56:06.735Z POST /cart/creat 200 56 - 111.024 ms
[logger] 2021-06-07T02:56:06.786Z POST /cart/count 200 63 - 1.417 ms
[logger] 2021-06-07T02:56:13.133Z POST /cart/list 200 583 - 2.076 ms
[logger] 2021-06-07T02:56:13.150Z POST /product/listByRecommend 200 6583 - 6.124 ms
[logger] 2021-06-07T02:56:15.026Z GET /user/receiver/info?userId=oK1dM4-VATMjrKhl6EC3CghXnwNw 304 - - 3.677 ms
[logger] 2021-06-07T02:56:15.075Z POST /order/placeList 200 644 - 39.048 ms
[logger] 2021-06-07T02:57:10.837Z POST /order/creat 200 56 - 135.412 ms
[logger] 2021-06-07T02:57:10.956Z POST /order/list 200 2853 - 6.318 ms
[logger] 2021-06-07T02:57:52.965Z POST /cart/count 200 63 - 2.459 ms
[logger] 2021-06-07T02:58:24.577Z POST /user/wxLogin 200 340 - 232.867 ms
[logger] 2021-06-07T02:58:24.706Z POST /cart/count 200 63 - 1.845 ms
[logger] 2021-06-07T02:58:24.725Z POST /sys/banner 200 399 - 1.537 ms
[logger] 2021-06-07T02:58:24.753Z POST /product/listByRecommend 200 6583 - 4.181 ms
[logger] 2021-06-07T02:58:24.765Z POST /active/list 200 476 - 2.653 ms
[logger] 2021-06-07T02:58:24.777Z POST /search/hot/list 200 296 - 1.225 ms
[logger] 2021-06-07T02:58:24.792Z POST /search/hot/list 200 296 - 1.412 ms
[logger] 2021-06-07T02:58:24.810Z POST /cart/list 200 73 - 1.852 ms
[logger] 2021-06-07T02:58:24.825Z POST /product/listByRecommend 200 6583 - 3.540 ms
[logger] 2021-06-07T02:58:24.839Z POST /cart/count 200 63 - 2.225 ms
[logger] 2021-06-07T02:58:24.855Z POST /cart/count 200 63 - 1.901 ms
[logger] 2021-06-07T02:58:24.900Z POST /product/salesList 200 2515 - 3.476 ms
[logger] 2021-06-07T02:58:24.968Z POST /active/list 200 476 - 2.230 ms
[logger] 2021-06-07T02:58:25.011Z POST /product/salesList 200 2515 - 2.651 ms
[logger] 2021-06-07T02:58:30.861Z POST /cart/creat 200 56 - 101.391 ms
[logger] 2021-06-07T02:58:30.896Z POST /cart/count 200 63 - 1.165 ms
[logger] 2021-06-07T02:58:33.481Z POST /cart/list 200 583 - 1.970 ms
[logger] 2021-06-07T02:58:33.499Z POST /product/listByRecommend 200 6583 - 3.610 ms
[logger] 2021-06-07T02:58:33.700Z POST /cart/list 200 583 - 2.025 ms
[logger] 2021-06-07T02:58:33.722Z POST /product/listByRecommend 200 6583 - 5.141 ms
[logger] 2021-06-07T02:58:36.233Z GET /user/receiver/info?userId=oK1dM4-VATMjrKhl6EC3CghXnwNw 304 - - 2.930 ms
[logger] 2021-06-07T02:58:36.246Z POST /order/placeList 200 644 - 1.837 ms
[logger] 2021-06-07T03:00:21.268Z POST /order/creat 200 56 - 235.241 ms
[logger] 2021-06-07T03:00:21.395Z POST /order/list 200 3929 - 7.700 ms
[logger] 2021-06-07T03:01:32.846Z POST /cart/count 200 63 - 4.765 ms
[logger] 2021-06-07T03:01:35.314Z GET /user/receiver/info?userId=oK1dM4-VATMjrKhl6EC3CghXnwNw 304 - - 2.582 ms
[logger] 2021-06-07T03:01:35.324Z POST /order/placeList 200 73 - 2.691 ms
[logger] 2021-06-07T03:01:53.979Z POST /order/creat - - - - ms
[logger] 2021-06-07T03:02:02.994Z POST /cart/count 200 63 - 1.857 ms
[logger] 2021-06-07T03:02:07.373Z POST /cart/creat 200 56 - 112.450 ms
[logger] 2021-06-07T03:02:07.421Z POST /cart/count 200 63 - 1.259 ms
[logger] 2021-06-07T03:02:09.523Z POST /cart/list 200 583 - 3.079 ms
[logger] 2021-06-07T03:02:09.542Z POST /product/listByRecommend 200 6583 - 4.141 ms
[logger] 2021-06-07T03:02:11.746Z GET /user/receiver/info?userId=oK1dM4-VATMjrKhl6EC3CghXnwNw 304 - - 1.868 ms
[logger] 2021-06-07T03:02:11.763Z POST /order/placeList 200 644 - 2.890 ms
[logger] 2021-06-07T03:02:41.153Z POST /order/creat 200 56 - 155.021 ms
[logger] 2021-06-07T03:02:41.270Z POST /order/list 200 5475 - 7.816 ms
[logger] 2021-06-07T03:04:01.202Z POST /cart/count 200 63 - 1.369 ms
[logger] 2021-06-07T03:07:02.996Z POST /user/wxLogin 200 340 - 400.321 ms
[logger] 2021-06-07T03:07:03.123Z POST /cart/count 200 63 - 1.929 ms
[logger] 2021-06-07T03:07:03.140Z POST /sys/banner 200 399 - 2.033 ms
[logger] 2021-06-07T03:07:03.167Z POST /product/listByRecommend 200 6583 - 4.680 ms
[logger] 2021-06-07T03:07:03.177Z POST /active/list 200 476 - 2.998 ms
[logger] 2021-06-07T03:07:03.188Z POST /search/hot/list 200 296 - 2.105 ms
[logger] 2021-06-07T03:07:03.202Z POST /search/hot/list 200 296 - 1.526 ms
[logger] 2021-06-07T03:07:03.221Z POST /cart/list 200 73 - 2.034 ms
[logger] 2021-06-07T03:07:03.244Z POST /product/listByRecommend 200 6583 - 4.646 ms
[logger] 2021-06-07T03:07:03.254Z POST /cart/count 200 63 - 1.688 ms
[logger] 2021-06-07T03:07:03.276Z POST /cart/count 200 63 - 2.160 ms
[logger] 2021-06-07T03:07:03.332Z POST /product/salesList 200 2515 - 4.784 ms
[logger] 2021-06-07T03:07:03.462Z POST /active/list 200 476 - 1.766 ms
[logger] 2021-06-07T03:07:03.487Z POST /product/salesList 200 2515 - 2.984 ms
[logger] 2021-06-07T03:07:33.563Z POST /user/wxLogin 200 340 - 285.180 ms
[logger] 2021-06-07T03:07:34.396Z POST /cart/count 200 63 - 1.251 ms
[logger] 2021-06-07T03:07:34.414Z POST /sys/banner 200 399 - 1.380 ms
[logger] 2021-06-07T03:07:34.429Z POST /product/listByRecommend 200 6583 - 3.428 ms
[logger] 2021-06-07T03:07:34.442Z POST /active/list 200 476 - 1.729 ms
[logger] 2021-06-07T03:07:34.460Z POST /search/hot/list 200 296 - 1.499 ms
[logger] 2021-06-07T03:07:34.477Z POST /search/hot/list 200 296 - 1.548 ms
[logger] 2021-06-07T03:07:34.504Z POST /cart/list 200 73 - 3.093 ms
[logger] 2021-06-07T03:07:34.525Z POST /product/listByRecommend 200 6583 - 8.158 ms
[logger] 2021-06-07T03:07:34.540Z POST /cart/count 200 63 - 1.276 ms
[logger] 2021-06-07T03:07:34.559Z POST /cart/count 200 63 - 1.795 ms
[logger] 2021-06-07T03:07:34.699Z POST /product/salesList 200 2515 - 3.215 ms
[logger] 2021-06-07T03:07:35.267Z POST /active/list 200 476 - 1.598 ms
[logger] 2021-06-07T03:07:35.314Z POST /product/salesList 200 2515 - 2.042 ms
[logger] 2021-06-07T03:08:01.157Z POST /user/wxLogin 200 340 - 396.234 ms
[logger] 2021-06-07T03:08:01.828Z POST /cart/list 200 73 - 1.587 ms
[logger] 2021-06-07T03:08:01.850Z POST /cart/count 200 63 - 1.100 ms
[logger] 2021-06-07T03:08:01.863Z POST /sys/banner 200 399 - 1.551 ms
[logger] 2021-06-07T03:08:01.880Z POST /product/listByRecommend 200 6583 - 4.224 ms
[logger] 2021-06-07T03:08:01.893Z POST /active/list 200 476 - 1.972 ms
[logger] 2021-06-07T03:08:01.908Z POST /search/hot/list 200 296 - 2.582 ms
[logger] 2021-06-07T03:08:01.921Z POST /search/hot/list 200 296 - 1.678 ms
[logger] 2021-06-07T03:08:01.941Z POST /cart/list 200 73 - 1.777 ms
[logger] 2021-06-07T03:08:01.959Z POST /product/listByRecommend 200 6583 - 4.254 ms
[logger] 2021-06-07T03:08:01.970Z POST /cart/list 200 73 - 1.915 ms
[logger] 2021-06-07T03:08:02.001Z POST /cart/count 200 63 - 1.680 ms
[logger] 2021-06-07T03:08:02.015Z POST /cart/list 200 73 - 1.995 ms
[logger] 2021-06-07T03:08:02.026Z POST /cart/count 200 63 - 1.375 ms
[logger] 2021-06-07T03:08:02.054Z POST /product/salesList 200 2515 - 5.556 ms
[logger] 2021-06-07T03:08:02.694Z POST /active/list 200 476 - 1.376 ms
[logger] 2021-06-07T03:08:02.741Z POST /product/salesList 200 2515 - 3.369 ms
[logger] 2021-06-07T03:08:05.708Z POST /cart/creat 200 56 - 106.647 ms
[logger] 2021-06-07T03:08:05.743Z POST /cart/list 200 583 - 1.679 ms
[logger] 2021-06-07T03:08:05.757Z POST /cart/count 200 63 - 1.698 ms
[logger] 2021-06-07T03:08:10.567Z POST /cart/creat 200 56 - 23.171 ms
[logger] 2021-06-07T03:08:10.602Z POST /cart/list 200 1101 - 1.696 ms
[logger] 2021-06-07T03:08:10.618Z POST /cart/count 200 63 - 2.455 ms
[logger] 2021-06-07T03:08:13.150Z GET /user/receiver/info?userId=oK1dM4-VATMjrKhl6EC3CghXnwNw 304 - - 1.774 ms
[logger] 2021-06-07T03:08:13.164Z POST /order/placeList 200 1223 - 2.351 ms
[logger] 2021-06-07T03:08:23.453Z POST /order/creat 200 56 - 157.927 ms
[logger] 2021-06-07T03:08:23.585Z POST /order/list 200 7161 - 7.136 ms
[logger] 2021-06-07T03:08:25.801Z POST /cart/list 200 73 - 2.704 ms
[logger] 2021-06-07T03:08:25.814Z POST /cart/count 200 63 - 1.324 ms
[logger] 2021-06-07T03:08:34.408Z POST /cart/creat 200 56 - 111.346 ms
[logger] 2021-06-07T03:08:34.451Z POST /cart/list 200 590 - 1.511 ms
[logger] 2021-06-07T03:08:34.466Z POST /cart/count 200 63 - 1.419 ms
[logger] 2021-06-07T03:08:54.690Z GET /user/receiver/info?userId=oK1dM4-VATMjrKhl6EC3CghXnwNw 304 - - 26.212 ms
[logger] 2021-06-07T03:08:54.697Z POST /order/placeList 200 651 - 24.569 ms
[logger] 2021-06-07T03:09:25.538Z POST /order/creat 200 56 - 170.345 ms
[logger] 2021-06-07T03:09:25.651Z POST /order/list 200 8244 - 9.977 ms
[logger] 2021-06-07T03:10:47.929Z POST /cart/list 200 73 - 31.053 ms
[logger] 2021-06-07T03:10:47.932Z POST /cart/count 200 63 - 7.893 ms
[logger] 2021-06-07T03:10:50.215Z POST /cart/creat 200 56 - 124.010 ms
[logger] 2021-06-07T03:10:50.252Z POST /cart/list 200 590 - 2.116 ms
[logger] 2021-06-07T03:10:50.267Z POST /cart/count 200 63 - 1.909 ms
[logger] 2021-06-07T03:10:53.846Z GET /user/receiver/info?userId=oK1dM4-VATMjrKhl6EC3CghXnwNw 304 - - 5.272 ms
[logger] 2021-06-07T03:10:53.857Z POST /order/placeList 200 651 - 4.938 ms
[logger] 2021-06-07T03:11:03.428Z POST /order/creat 200 56 - 150.188 ms
[logger] 2021-06-07T03:11:03.555Z POST /order/list 200 9327 - 16.658 ms
[logger] 2021-06-07T03:11:41.985Z POST /cart/list 200 73 - 26.918 ms
[logger] 2021-06-07T03:11:41.987Z POST /cart/count 200 63 - 9.120 ms
[logger] 2021-06-07T03:11:45.255Z POST /product/productById 200 864 - 4.178 ms
[logger] 2021-06-07T03:11:45.267Z POST /cart/product/count 200 81 - 2.189 ms
[logger] 2021-06-07T03:11:45.288Z POST /product/listByRecommend 200 6583 - 6.079 ms
[logger] 2021-06-07T03:11:46.755Z GET /user/receiver/info?userId=oK1dM4-VATMjrKhl6EC3CghXnwNw 304 - - 3.868 ms
[logger] 2021-06-07T03:11:46.767Z POST /order/placeList 200 935 - 2.983 ms
[logger] 2021-06-07T03:11:56.570Z POST /order/creat 200 56 - 142.841 ms
[logger] 2021-06-07T03:11:56.827Z POST /order/list 200 10410 - 19.655 ms
[logger] 2021-06-07T03:12:32.526Z GET /user/receiver/info?userId=oK1dM4-VATMjrKhl6EC3CghXnwNw 200 264 - 26.563 ms
[logger] 2021-06-07T03:12:32.532Z POST /order/placeList 200 935 - 25.129 ms
[logger] 2021-06-07T03:13:03.936Z POST /order/creat 200 56 - 161.195 ms
[logger] 2021-06-07T03:13:04.060Z POST /order/list 200 11495 - 18.044 ms
[logger] 2021-06-07T03:13:43.484Z GET /user/receiver/info?userId=oK1dM4-VATMjrKhl6EC3CghXnwNw 304 - - 3.625 ms
[logger] 2021-06-07T03:13:43.497Z POST /order/placeList 200 935 - 4.125 ms
[logger] 2021-06-07T03:13:45.315Z POST /order/creat 200 56 - 138.840 ms
[logger] 2021-06-07T03:13:45.429Z POST /order/list 200 11490 - 16.746 ms
[logger] 2021-06-07T03:14:13.445Z POST /cart/list 200 73 - 3.129 ms
[logger] 2021-06-07T03:14:13.460Z POST /cart/count 200 63 - 3.638 ms
[logger] 2021-06-07T03:14:24.552Z POST /cart/creat 200 56 - 111.296 ms
[logger] 2021-06-07T03:14:24.608Z POST /cart/list 200 583 - 2.344 ms
[logger] 2021-06-07T03:14:24.623Z POST /cart/count 200 63 - 3.047 ms
[logger] 2021-06-07T03:14:42.189Z POST /cart/delete 200 56 - 20.688 ms
[logger] 2021-06-07T03:14:42.217Z POST /cart/list 200 73 - 2.872 ms
[logger] 2021-06-07T03:14:42.236Z POST /cart/count 200 63 - 1.751 ms
[logger] 2021-06-07T03:15:12.378Z POST /sort/list 200 456 - 5.320 ms
[logger] 2021-06-07T03:15:12.398Z POST /classify/list 200 310 - 2.112 ms
[logger] 2021-06-07T03:15:12.434Z POST /product/listByClassify 200 8226 - 7.324 ms
[logger] 2021-06-07T03:15:15.428Z POST /product/listByClassify 200 8226 - 2.746 ms
[logger] 2021-06-07T03:15:16.554Z POST /product/listByClassify 200 1701 - 2.528 ms
[logger] 2021-06-07T03:15:17.797Z POST /product/listByClassify 200 8226 - 4.112 ms
[logger] 2021-06-07T03:16:21.171Z POST /user/wxLogin 200 340 - 320.029 ms
[logger] 2021-06-07T03:16:21.333Z POST /cart/list 200 73 - 2.284 ms
[logger] 2021-06-07T03:16:21.355Z POST /cart/count 200 63 - 2.083 ms
[logger] 2021-06-07T03:16:21.375Z POST /sys/banner 200 399 - 2.995 ms
[logger] 2021-06-07T03:16:21.413Z POST /product/listByRecommend 200 6583 - 8.075 ms
[logger] 2021-06-07T03:16:21.423Z POST /active/list 200 476 - 2.355 ms
[logger] 2021-06-07T03:16:21.437Z POST /search/hot/list 200 296 - 2.503 ms
[logger] 2021-06-07T03:16:21.451Z POST /search/hot/list 200 296 - 1.469 ms
[logger] 2021-06-07T03:16:21.475Z POST /cart/list 200 73 - 3.334 ms
[logger] 2021-06-07T03:16:21.490Z POST /cart/count 200 63 - 1.824 ms
[logger] 2021-06-07T03:16:21.507Z POST /cart/list 200 73 - 2.943 ms
[logger] 2021-06-07T03:16:21.542Z POST /cart/count 200 63 - 1.832 ms
[logger] 2021-06-07T03:16:21.584Z POST /product/salesList 200 2515 - 8.779 ms
[logger] 2021-06-07T03:16:21.642Z POST /active/list 200 476 - 2.033 ms
[logger] 2021-06-07T03:16:21.687Z POST /product/salesList 200 2515 - 2.827 ms
[logger] 2021-06-07T03:16:28.668Z POST /cart/list 200 73 - 1.809 ms
[logger] 2021-06-07T03:16:28.684Z POST /cart/count 200 63 - 2.845 ms
[logger] 2021-06-07T03:16:28.704Z POST /sys/banner 200 399 - 2.214 ms
[logger] 2021-06-07T03:16:28.736Z POST /product/listByRecommend 200 6583 - 3.884 ms
[logger] 2021-06-07T03:16:28.748Z POST /active/list 200 476 - 1.683 ms
[logger] 2021-06-07T03:16:28.762Z POST /search/hot/list 200 296 - 1.956 ms
[logger] 2021-06-07T03:16:28.783Z POST /search/hot/list 200 296 - 1.187 ms
[logger] 2021-06-07T03:16:28.800Z POST /sort/list 200 456 - 1.510 ms
[logger] 2021-06-07T03:16:28.816Z POST /classify/list 200 310 - 1.567 ms
[logger] 2021-06-07T03:16:28.832Z POST /cart/list 200 73 - 2.603 ms
[logger] 2021-06-07T03:16:28.869Z POST /cart/count 200 63 - 1.633 ms
[logger] 2021-06-07T03:16:28.884Z POST /cart/list 200 73 - 2.707 ms
[logger] 2021-06-07T03:16:28.895Z POST /cart/count 200 63 - 1.444 ms
[logger] 2021-06-07T03:16:28.919Z POST /product/salesList 200 2515 - 3.409 ms
[logger] 2021-06-07T03:16:28.950Z POST /product/listByClassify 200 1701 - 4.794 ms
[logger] 2021-06-07T03:16:28.983Z POST /active/list 200 476 - 1.793 ms
[logger] 2021-06-07T03:16:29.272Z POST /product/salesList 200 2515 - 3.535 ms
[logger] 2021-06-07T03:16:41.283Z POST /cart/creat 200 56 - 112.450 ms
[logger] 2021-06-07T03:16:41.341Z POST /cart/list 200 592 - 2.691 ms
[logger] 2021-06-07T03:16:41.358Z POST /cart/count 200 63 - 1.450 ms
[logger] 2021-06-07T03:16:43.626Z POST /cart/list 200 592 - 2.300 ms
[logger] 2021-06-07T03:16:43.648Z POST /product/listByRecommend 200 6583 - 2.924 ms
[logger] 2021-06-07T03:17:11.314Z POST /active/list 200 476 - 1.777 ms
[logger] 2021-06-07T03:17:11.357Z POST /product/salesList 200 2515 - 3.141 ms
[logger] 2021-06-07T03:17:12.984Z POST /cart/list 200 592 - 3.558 ms
[logger] 2021-06-07T03:17:13.002Z POST /cart/count 200 63 - 1.958 ms
[logger] 2021-06-07T03:17:27.279Z POST /product/productById 200 865 - 3.301 ms
[logger] 2021-06-07T03:17:27.293Z POST /cart/product/count 200 76 - 2.660 ms
[logger] 2021-06-07T03:17:27.318Z POST /product/listByRecommend 200 6583 - 3.875 ms
[logger] 2021-06-07T03:17:28.932Z POST /cart/list 200 592 - 1.615 ms
[logger] 2021-06-07T03:17:28.947Z POST /cart/count 200 63 - 1.555 ms
[logger] 2021-06-07T03:17:30.293Z POST /product/productById 200 865 - 1.994 ms
[logger] 2021-06-07T03:17:30.308Z POST /cart/product/count 200 76 - 3.966 ms
[logger] 2021-06-07T03:17:30.329Z POST /product/listByRecommend 200 6583 - 4.554 ms
[logger] 2021-06-07T03:17:32.419Z POST /cart/list 200 592 - 3.505 ms
[logger] 2021-06-07T03:17:32.430Z POST /cart/count 200 63 - 1.704 ms
[logger] 2021-06-07T03:17:32.449Z POST /sys/banner 200 399 - 1.842 ms
[logger] 2021-06-07T03:17:32.481Z POST /product/listByRecommend 200 6583 - 4.107 ms
[logger] 2021-06-07T03:17:32.490Z POST /active/list 200 476 - 1.393 ms
[logger] 2021-06-07T03:17:32.503Z POST /search/hot/list 200 296 - 1.336 ms
[logger] 2021-06-07T03:17:32.519Z POST /search/hot/list 200 296 - 1.306 ms
[logger] 2021-06-07T03:17:32.536Z POST /cart/list 200 592 - 1.786 ms
[logger] 2021-06-07T03:17:32.552Z POST /product/listByRecommend 200 6583 - 3.588 ms
[logger] 2021-06-07T03:17:32.566Z POST /cart/list 200 592 - 1.751 ms
[logger] 2021-06-07T03:17:32.601Z POST /cart/count 200 63 - 1.499 ms
[logger] 2021-06-07T03:17:32.615Z POST /cart/list 200 592 - 1.602 ms
[logger] 2021-06-07T03:17:32.627Z POST /cart/count 200 63 - 1.776 ms
[logger] 2021-06-07T03:17:32.655Z POST /product/salesList 200 2515 - 5.036 ms
[logger] 2021-06-07T03:17:32.697Z POST /active/list 200 476 - 1.955 ms
[logger] 2021-06-07T03:17:32.973Z POST /product/salesList 200 2515 - 3.915 ms
[logger] 2021-06-07T03:17:37.267Z POST /product/productById 200 864 - 2.136 ms
[logger] 2021-06-07T03:17:37.280Z POST /cart/product/count 200 81 - 1.456 ms
[logger] 2021-06-07T03:17:37.305Z POST /product/listByRecommend 200 6583 - 7.966 ms
[logger] 2021-06-07T03:17:38.739Z POST /cart/creat 200 56 - 160.824 ms
[logger] 2021-06-07T03:18:40.294Z POST /user/wxLogin 200 340 - 298.580 ms
[logger] 2021-06-07T03:18:40.525Z POST /cart/list 200 1110 - 1.962 ms
[logger] 2021-06-07T03:18:40.541Z POST /cart/count 200 63 - 1.697 ms
[logger] 2021-06-07T03:18:40.558Z POST /sys/banner 200 399 - 1.591 ms
[logger] 2021-06-07T03:18:40.585Z POST /product/listByRecommend 200 6583 - 3.328 ms
[logger] 2021-06-07T03:18:40.594Z POST /active/list 200 476 - 2.534 ms
[logger] 2021-06-07T03:18:40.605Z POST /search/hot/list 200 296 - 1.227 ms
[logger] 2021-06-07T03:18:40.617Z POST /search/hot/list 200 296 - 1.535 ms
[logger] 2021-06-07T03:18:40.636Z POST /cart/list 200 1110 - 1.269 ms
[logger] 2021-06-07T03:18:40.650Z POST /cart/count 200 63 - 1.415 ms
[logger] 2021-06-07T03:18:40.666Z POST /cart/list 200 1110 - 1.677 ms
[logger] 2021-06-07T03:18:40.695Z POST /cart/count 200 63 - 2.349 ms
[logger] 2021-06-07T03:18:40.734Z POST /product/salesList 200 2515 - 5.220 ms
[logger] 2021-06-07T03:18:40.790Z POST /active/list 200 476 - 2.246 ms
[logger] 2021-06-07T03:18:40.824Z POST /product/salesList 200 2515 - 3.314 ms
[logger] 2021-06-07T03:18:43.952Z POST /product/productById 200 857 - 1.516 ms
[logger] 2021-06-07T03:18:43.965Z POST /cart/product/count 200 81 - 1.639 ms
[logger] 2021-06-07T03:18:43.983Z POST /product/listByRecommend 200 6583 - 3.780 ms
[logger] 2021-06-07T03:18:49.690Z POST /cart/list 200 1110 - 2.773 ms
[logger] 2021-06-07T03:18:49.704Z POST /cart/count 200 63 - 1.433 ms
[logger] 2021-06-07T03:18:50.881Z POST /product/productById 200 865 - 1.921 ms
[logger] 2021-06-07T03:18:50.894Z POST /cart/product/count 200 76 - 1.267 ms
[logger] 2021-06-07T03:18:50.913Z POST /product/listByRecommend 200 6583 - 3.443 ms
[logger] 2021-06-07T03:18:57.800Z POST /cart/creat 200 56 - 76.968 ms
[logger] 2021-06-07T03:19:13.942Z POST /user/wxLogin 200 340 - 272.365 ms
[logger] 2021-06-07T03:19:14.234Z POST /cart/list 200 1110 - 2.532 ms
[logger] 2021-06-07T03:19:14.265Z POST /cart/count 200 63 - 2.112 ms
[logger] 2021-06-07T03:19:14.305Z POST /sys/banner 200 399 - 1.757 ms
[logger] 2021-06-07T03:19:14.329Z POST /product/listByRecommend 200 6583 - 3.830 ms
[logger] 2021-06-07T03:19:14.338Z POST /active/list 200 476 - 1.544 ms
[logger] 2021-06-07T03:19:14.351Z POST /search/hot/list 200 296 - 1.291 ms
[logger] 2021-06-07T03:19:14.363Z POST /search/hot/list 200 296 - 1.386 ms
[logger] 2021-06-07T03:19:14.383Z POST /cart/list 200 1110 - 1.782 ms
[logger] 2021-06-07T03:19:14.400Z POST /cart/count 200 63 - 1.794 ms
[logger] 2021-06-07T03:19:14.417Z POST /cart/list 200 1110 - 2.564 ms
[logger] 2021-06-07T03:19:14.489Z POST /cart/count 200 63 - 1.700 ms
[logger] 2021-06-07T03:19:14.551Z POST /product/salesList 200 2515 - 3.995 ms
[logger] 2021-06-07T03:19:14.737Z POST /active/list 200 476 - 3.395 ms
[logger] 2021-06-07T03:19:14.800Z POST /product/salesList 200 2515 - 2.786 ms
[logger] 2021-06-07T03:19:16.087Z POST /product/productById 200 864 - 3.190 ms
[logger] 2021-06-07T03:19:16.120Z POST /cart/product/count 200 76 - 1.904 ms
[logger] 2021-06-07T03:19:16.137Z POST /product/listByRecommend 200 6583 - 3.898 ms
[logger] 2021-06-07T03:19:17.789Z POST /cart/creat 200 56 - 106.047 ms
[logger] 2021-06-07T03:19:27.367Z POST /user/wxLogin 200 340 - 273.238 ms
[logger] 2021-06-07T03:19:27.542Z POST /cart/list 200 1110 - 1.926 ms
[logger] 2021-06-07T03:19:27.589Z POST /cart/count 200 63 - 1.606 ms
[logger] 2021-06-07T03:19:27.622Z POST /sys/banner 200 399 - 1.368 ms
[logger] 2021-06-07T03:19:27.639Z POST /product/listByRecommend 200 6583 - 4.818 ms
[logger] 2021-06-07T03:19:27.652Z POST /active/list 200 476 - 1.683 ms
[logger] 2021-06-07T03:19:27.666Z POST /search/hot/list 200 296 - 1.407 ms
[logger] 2021-06-07T03:19:27.682Z POST /search/hot/list 200 296 - 1.545 ms
[logger] 2021-06-07T03:19:27.705Z POST /cart/list 200 1110 - 2.041 ms
[logger] 2021-06-07T03:19:27.725Z POST /cart/count 200 63 - 1.921 ms
[logger] 2021-06-07T03:19:27.743Z POST /cart/list 200 1110 - 2.003 ms
[logger] 2021-06-07T03:19:27.785Z POST /cart/count 200 63 - 2.129 ms
[logger] 2021-06-07T03:19:27.831Z POST /product/salesList 200 2515 - 2.984 ms
[logger] 2021-06-07T03:19:27.882Z POST /active/list 200 476 - 1.941 ms
[logger] 2021-06-07T03:19:27.936Z POST /product/salesList 200 2515 - 3.418 ms
[logger] 2021-06-07T03:19:34.049Z POST /cart/list 200 1110 - 1.722 ms
[logger] 2021-06-07T03:19:34.067Z POST /product/listByRecommend 200 6583 - 2.983 ms
