[logger] 2021-05-27T22:31:40.399Z POST /search/history/list 200 1032 - 146.834 ms
[logger] 2021-05-27T22:31:40.428Z POST /search/hot/list 200 302 - 66.238 ms
[logger] 2021-05-27T22:31:42.138Z POST /sort/list 200 462 - 33.281 ms
[logger] 2021-05-27T22:31:42.237Z POST /product/listBySearch 200 8229 - 113.170 ms
[logger] 2021-05-27T22:31:42.718Z POST /search/history/creat 200 58 - 578.304 ms
[logger] 2021-05-27T22:31:42.786Z POST /search/history/list 200 1032 - 33.451 ms
[logger] 2021-05-27T22:31:42.818Z POST /search/hot/list 200 302 - 45.416 ms
[logger] 2021-05-27T22:31:43.387Z POST /product/productById 200 866 - 35.663 ms
[logger] 2021-05-27T22:31:43.418Z POST /cart/product/count 200 78 - 52.508 ms
[logger] 2021-05-27T22:31:43.482Z POST /product/listByRecommend 200 894 - 82.801 ms
[logger] 2021-05-27T22:32:08.794Z POST /search/history/list 200 1032 - 34.328 ms
[logger] 2021-05-27T22:32:08.869Z POST /search/hot/list 200 302 - 32.296 ms
[logger] 2021-05-27T22:32:10.493Z POST /sort/list 200 462 - 33.078 ms
[logger] 2021-05-27T22:32:10.591Z POST /product/listBySearch 200 8229 - 111.420 ms
[logger] 2021-05-27T22:32:10.628Z POST /search/history/creat 200 58 - 126.444 ms
[logger] 2021-05-27T22:32:10.709Z POST /search/history/list 200 1032 - 33.462 ms
[logger] 2021-05-27T22:32:10.747Z POST /search/hot/list 200 302 - 42.058 ms
[logger] 2021-05-27T22:32:12.172Z POST /product/productById 200 866 - 34.266 ms
[logger] 2021-05-27T22:32:12.202Z POST /cart/product/count 200 78 - 45.793 ms
[logger] 2021-05-27T22:32:12.273Z POST /product/listByRecommend 200 894 - 77.870 ms
[logger] 2021-05-27T22:33:26.858Z POST /product/listBySearch 200 1720 - 75.299 ms
[logger] 2021-05-27T22:33:48.051Z POST /search/history/list 200 1032 - 33.403 ms
[logger] 2021-05-27T22:33:48.254Z POST /search/hot/list 200 302 - 32.580 ms
[logger] 2021-05-27T22:34:13.011Z POST /search/history/list 200 1032 - 33.203 ms
[logger] 2021-05-27T22:34:13.077Z POST /search/hot/list 200 302 - 34.445 ms
[logger] 2021-05-27T22:35:27.909Z POST /search/history/list 200 1032 - 35.214 ms
[logger] 2021-05-27T22:35:27.952Z POST /search/hot/list 200 302 - 33.353 ms
[logger] 2021-05-27T22:38:11.173Z POST /search/history/list 200 1032 - 33.256 ms
[logger] 2021-05-27T22:38:11.207Z POST /search/hot/list 200 302 - 32.234 ms
[logger] 2021-05-27T22:38:25.853Z POST /search/history/list 200 1032 - 36.035 ms
[logger] 2021-05-27T22:38:25.884Z POST /search/hot/list 200 302 - 34.093 ms
[logger] 2021-05-27T22:40:06.717Z POST /cart/count 200 66 - 68.562 ms
[logger] 2021-05-27T22:40:06.745Z POST /sys/banner 200 405 - 71.022 ms
[logger] 2021-05-27T22:40:06.809Z POST /search/hot/list 200 302 - 108.747 ms
[logger] 2021-05-27T22:40:06.841Z POST /search/hot/list 200 302 - 120.024 ms
[logger] 2021-05-27T22:40:06.875Z POST /cart/count 200 66 - 121.164 ms
[logger] 2021-05-27T22:40:06.908Z POST /product/listByRecommend 200 894 - 224.299 ms
[logger] 2021-05-27T22:40:18.561Z POST /sort/list 200 462 - 42.268 ms
[logger] 2021-05-27T22:40:18.626Z POST /classify/list 200 316 - 38.910 ms
[logger] 2021-05-27T22:40:18.797Z POST /product/listByClassify 200 8232 - 72.480 ms
[logger] 2021-05-27T22:40:20.478Z POST /product/listByClassify 200 904 - 71.215 ms
[logger] 2021-05-27T22:40:20.986Z POST /product/listByClassify 200 1707 - 66.604 ms
[logger] 2021-05-27T22:40:22.906Z POST /cart/list 200 1107 - 38.353 ms
[logger] 2021-05-27T22:40:23.024Z POST /product/listByRecommend 200 894 - 71.815 ms
[logger] 2021-05-27T22:40:35.411Z POST /cart/count 200 66 - 32.566 ms
[logger] 2021-05-27T22:40:35.442Z POST /sys/banner 200 405 - 42.653 ms
[logger] 2021-05-27T22:40:35.505Z POST /search/hot/list 200 302 - 65.540 ms
[logger] 2021-05-27T22:40:35.539Z POST /search/hot/list 200 302 - 81.986 ms
[logger] 2021-05-27T22:40:35.571Z POST /product/listByRecommend 200 894 - 150.815 ms
[logger] 2021-05-27T22:40:35.601Z POST /cart/count 200 66 - 103.544 ms
[logger] 2021-05-27T22:40:38.595Z POST /sort/list 200 462 - 35.919 ms
[logger] 2021-05-27T22:40:38.678Z POST /classify/list 200 316 - 38.703 ms
[logger] 2021-05-27T22:40:38.809Z POST /product/listByClassify 200 8232 - 83.437 ms
[logger] 2021-05-27T22:40:41.805Z POST /product/listByClassify 200 904 - 68.311 ms
[logger] 2021-05-27T22:40:42.186Z POST /product/listByClassify 200 1707 - 73.147 ms
[logger] 2021-05-27T22:40:43.932Z POST /cart/list 200 1107 - 36.256 ms
[logger] 2021-05-27T22:40:43.999Z POST /product/listByRecommend 200 894 - 74.218 ms
[logger] 2021-05-27T22:40:52.643Z POST /cart/list 200 1107 - 36.674 ms
[logger] 2021-05-27T22:40:52.750Z POST /product/listByRecommend 200 894 - 74.476 ms
[logger] 2021-05-27T22:40:53.671Z POST /sort/list 200 462 - 34.554 ms
[logger] 2021-05-27T22:40:53.737Z POST /classify/list 200 316 - 34.185 ms
[logger] 2021-05-27T22:40:53.921Z POST /product/listByClassify 200 1707 - 69.663 ms
[logger] 2021-05-27T22:41:25.056Z POST /cart/list 200 1107 - 40.034 ms
[logger] 2021-05-27T22:41:25.155Z POST /product/listByRecommend 200 894 - 72.397 ms
[logger] 2021-05-27T22:41:28.405Z POST /cart/list 200 1107 - 43.730 ms
[logger] 2021-05-27T22:41:28.514Z POST /product/listByRecommend 200 894 - 83.711 ms
[logger] 2021-05-27T22:41:33.827Z POST /cart/list 200 1107 - 33.557 ms
[logger] 2021-05-27T22:41:33.894Z POST /product/listByRecommend 200 894 - 74.292 ms
[logger] 2021-05-27T22:41:44.074Z POST /cart/list 200 1107 - 44.301 ms
[logger] 2021-05-27T22:41:44.174Z POST /product/listByRecommend 200 894 - 80.176 ms
[logger] 2021-05-27T22:41:45.264Z POST /sort/list 200 462 - 35.599 ms
[logger] 2021-05-27T22:41:45.347Z POST /classify/list 200 316 - 39.848 ms
[logger] 2021-05-27T22:41:45.546Z POST /product/listByClassify 200 1707 - 69.463 ms
[logger] 2021-05-27T22:41:48.890Z POST /sort/list 200 462 - 34.875 ms
[logger] 2021-05-27T22:41:48.970Z POST /classify/list 200 316 - 34.474 ms
[logger] 2021-05-27T22:41:49.118Z POST /product/listByClassify 200 1707 - 65.330 ms
[logger] 2021-05-27T22:41:51.479Z POST /product/listByClassify 200 8232 - 85.670 ms
[logger] 2021-05-27T22:41:53.259Z POST /product/listByClassify 200 904 - 71.081 ms
[logger] 2021-05-27T22:41:53.861Z POST /product/listByClassify 200 1707 - 70.074 ms
[logger] 2021-05-27T22:41:57.285Z POST /product/listByClassify 200 8232 - 76.762 ms
[logger] 2021-05-27T22:42:00.786Z POST /product/listByClassify 200 8232 - 79.267 ms
[logger] 2021-05-27T22:42:02.084Z POST /product/listByClassify 200 8233 - 68.345 ms
[logger] 2021-05-27T22:42:03.144Z POST /product/listByClassify 200 903 - 73.759 ms
[logger] 2021-05-27T22:42:03.680Z POST /product/listByClassify 200 1707 - 70.491 ms
[logger] 2021-05-27T22:42:04.994Z POST /product/listByClassify 200 1707 - 71.486 ms
[logger] 2021-05-27T22:42:06.642Z POST /product/listByClassify 200 1707 - 73.626 ms
[logger] 2021-05-27T22:42:09.352Z POST /product/listByClassify 200 8232 - 69.401 ms
[logger] 2021-05-27T22:42:12.688Z POST /product/listByClassify 200 904 - 69.839 ms
[logger] 2021-05-27T22:42:14.522Z POST /product/listByClassify 200 903 - 68.910 ms
[logger] 2021-05-27T22:42:17.350Z POST /product/listByClassify 200 1707 - 72.317 ms
[logger] 2021-05-27T22:42:21.386Z POST /product/listByClassify 200 8232 - 70.819 ms
[logger] 2021-05-27T22:42:52.485Z POST /cart/count 200 66 - 34.532 ms
[logger] 2021-05-27T22:42:52.524Z POST /sys/banner 200 405 - 34.974 ms
[logger] 2021-05-27T22:42:52.604Z POST /product/listByRecommend 200 894 - 73.440 ms
[logger] 2021-05-27T22:42:52.640Z POST /search/hot/list 200 302 - 55.422 ms
[logger] 2021-05-27T22:42:52.678Z POST /search/hot/list 200 302 - 64.736 ms
[logger] 2021-05-27T22:42:52.786Z POST /cart/count 200 66 - 38.491 ms
[logger] 2021-05-27T22:43:56.091Z POST /cart/count 200 66 - 36.238 ms
[logger] 2021-05-27T22:43:56.134Z POST /sys/banner 200 405 - 33.327 ms
[logger] 2021-05-27T22:43:56.221Z POST /search/hot/list 200 302 - 43.475 ms
[logger] 2021-05-27T22:43:56.252Z POST /product/listByRecommend 200 894 - 104.350 ms
[logger] 2021-05-27T22:43:56.330Z POST /search/hot/list 200 302 - 32.537 ms
[logger] 2021-05-27T22:43:56.386Z POST /cart/count 200 66 - 32.283 ms
[logger] 2021-05-27T22:43:58.047Z POST /sort/list 200 462 - 38.267 ms
[logger] 2021-05-27T22:43:58.083Z POST /classify/list 200 316 - 50.961 ms
[logger] 2021-05-27T22:43:58.201Z POST /product/listByClassify 200 8232 - 67.202 ms
[logger] 2021-05-27T22:43:59.982Z POST /product/listByClassify 200 904 - 81.980 ms
[logger] 2021-05-27T22:44:02.158Z POST /product/listByClassify 200 904 - 64.289 ms
[logger] 2021-05-27T22:44:05.203Z POST /product/listByClassify 200 1707 - 72.073 ms
[logger] 2021-05-27T22:44:07.427Z POST /product/listByClassify 200 8232 - 86.960 ms
[logger] 2021-05-27T22:44:09.437Z POST /product/listByClassify 200 904 - 72.763 ms
[logger] 2021-05-27T22:44:09.932Z POST /product/listByClassify 200 1707 - 67.764 ms
[logger] 2021-05-27T22:44:13.686Z POST /product/listByClassify 200 8232 - 80.547 ms
[logger] 2021-05-27T22:44:14.886Z POST /product/listByClassify 200 904 - 70.172 ms
[logger] 2021-05-27T22:44:17.321Z POST /product/listByClassify 200 903 - 70.447 ms
[logger] 2021-05-27T22:44:35.457Z POST /product/listByClassify 200 1707 - 73.185 ms
[logger] 2021-05-27T22:44:51.354Z POST /cart/count 200 66 - 35.631 ms
[logger] 2021-05-27T22:44:51.385Z POST /sys/banner 200 405 - 33.452 ms
[logger] 2021-05-27T22:44:51.453Z POST /product/listByRecommend 200 894 - 65.075 ms
[logger] 2021-05-27T22:44:51.487Z POST /search/hot/list 200 302 - 40.435 ms
[logger] 2021-05-27T22:44:51.518Z POST /search/hot/list 200 302 - 51.099 ms
[logger] 2021-05-27T22:44:51.597Z POST /cart/count 200 66 - 33.313 ms
[logger] 2021-05-27T22:44:56.613Z POST /sort/list 200 462 - 37.523 ms
[logger] 2021-05-27T22:44:56.712Z POST /classify/list 200 316 - 41.845 ms
[logger] 2021-05-27T22:44:56.852Z POST /product/listByClassify 200 8232 - 76.671 ms
[logger] 2021-05-27T22:45:00.076Z POST /product/listByClassify 200 904 - 66.371 ms
[logger] 2021-05-27T22:45:01.502Z POST /product/listByClassify 200 1707 - 66.986 ms
[logger] 2021-05-27T22:45:08.353Z POST /product/listByClassify 200 8232 - 72.530 ms
[logger] 2021-05-27T22:45:11.011Z POST /product/listByClassify 200 904 - 68.312 ms
[logger] 2021-05-27T22:45:13.753Z POST /product/listByClassify 200 8232 - 73.223 ms
[logger] 2021-05-27T22:45:17.664Z POST /product/listByClassify 200 904 - 68.640 ms
[logger] 2021-05-27T22:45:19.062Z POST /product/listByClassify 200 1707 - 78.709 ms
[logger] 2021-05-27T22:45:21.162Z POST /product/listByClassify 200 8232 - 68.865 ms
[logger] 2021-05-27T22:45:22.429Z POST /product/listByClassify 200 904 - 70.456 ms
[logger] 2021-05-27T22:45:25.232Z POST /product/listByClassify 200 1707 - 73.980 ms
[logger] 2021-05-28T00:13:58.764Z POST /cart/count 200 66 - 114.237 ms
[logger] 2021-05-28T00:13:58.808Z POST /sys/banner 200 405 - 89.329 ms
[logger] 2021-05-28T00:13:58.899Z POST /search/hot/list 200 302 - 179.582 ms
[logger] 2021-05-28T00:13:58.943Z POST /search/hot/list 200 302 - 223.350 ms
[logger] 2021-05-28T00:13:58.987Z POST /cart/count 200 66 - 259.895 ms
[logger] 2021-05-28T00:13:59.033Z POST /product/listByRecommend 200 894 - 313.836 ms
[logger] 2021-05-28T00:14:04.088Z POST /sort/list 200 462 - 47.330 ms
[logger] 2021-05-28T00:14:04.139Z POST /classify/list 200 316 - 81.966 ms
[logger] 2021-05-28T00:14:04.264Z POST /product/listByClassify 200 8232 - 99.753 ms
[logger] 2021-05-28T00:14:05.438Z POST /cart/list 200 1107 - 52.697 ms
[logger] 2021-05-28T00:14:05.539Z POST /product/listByRecommend 200 894 - 137.075 ms
[logger] 2021-05-28T01:26:23.874Z POST /cart/count 200 66 - 74.283 ms
[logger] 2021-05-28T01:26:23.918Z POST /sys/banner 200 405 - 103.616 ms
[logger] 2021-05-28T01:26:24.006Z POST /search/hot/list 200 302 - 175.260 ms
[logger] 2021-05-28T01:26:24.056Z POST /search/hot/list 200 302 - 210.113 ms
[logger] 2021-05-28T01:26:24.139Z POST /cart/count 200 66 - 262.081 ms
[logger] 2021-05-28T01:26:24.189Z POST /product/listByRecommend 200 894 - 370.626 ms
[logger] 2021-05-28T01:26:46.173Z POST /cart/count 200 66 - 56.507 ms
[logger] 2021-05-28T01:26:46.220Z POST /sys/banner 200 405 - 81.159 ms
[logger] 2021-05-28T01:26:46.313Z POST /search/hot/list 200 302 - 119.557 ms
[logger] 2021-05-28T01:26:46.359Z POST /search/hot/list 200 302 - 149.213 ms
[logger] 2021-05-28T01:26:46.404Z POST /cart/count 200 66 - 164.990 ms
[logger] 2021-05-28T01:26:46.454Z POST /product/listByRecommend 200 894 - 277.001 ms
[logger] 2021-05-28T01:27:03.402Z POST /cart/count 200 66 - 50.375 ms
[logger] 2021-05-28T01:27:03.450Z POST /sys/banner 200 405 - 81.701 ms
[logger] 2021-05-28T01:27:03.547Z POST /search/hot/list 200 302 - 150.720 ms
[logger] 2021-05-28T01:27:03.591Z POST /search/hot/list 200 302 - 182.037 ms
[logger] 2021-05-28T01:27:03.635Z POST /cart/count 200 66 - 203.489 ms
[logger] 2021-05-28T01:27:03.682Z POST /product/listByRecommend 200 894 - 300.209 ms
[logger] 2021-05-28T01:27:26.623Z POST /cart/count 200 66 - 54.197 ms
[logger] 2021-05-28T01:27:26.680Z POST /sys/banner 200 405 - 81.841 ms
[logger] 2021-05-28T01:27:26.769Z POST /search/hot/list 200 302 - 126.716 ms
[logger] 2021-05-28T01:27:26.838Z POST /search/hot/list 200 302 - 168.808 ms
[logger] 2021-05-28T01:27:26.883Z POST /cart/count 200 66 - 176.315 ms
[logger] 2021-05-28T01:27:26.932Z POST /product/listByRecommend 200 894 - 307.340 ms
[logger] 2021-05-28T01:28:06.152Z POST /cart/count 200 66 - 46.886 ms
[logger] 2021-05-28T01:28:06.199Z POST /sys/banner 200 405 - 76.041 ms
[logger] 2021-05-28T01:28:06.292Z POST /search/hot/list 200 302 - 132.869 ms
[logger] 2021-05-28T01:28:06.342Z POST /search/hot/list 200 302 - 163.815 ms
[logger] 2021-05-28T01:28:06.394Z POST /cart/count 200 66 - 171.380 ms
[logger] 2021-05-28T01:28:06.441Z POST /product/listByRecommend 200 894 - 304.116 ms
[logger] 2021-05-28T01:28:09.559Z POST /cart/count 200 66 - 56.812 ms
[logger] 2021-05-28T01:28:09.610Z POST /sys/banner 200 405 - 90.921 ms
[logger] 2021-05-28T01:28:09.717Z POST /search/hot/list 200 302 - 168.729 ms
[logger] 2021-05-28T01:28:09.777Z POST /search/hot/list 200 302 - 206.202 ms
[logger] 2021-05-28T01:28:09.830Z POST /cart/count 200 66 - 171.620 ms
[logger] 2021-05-28T01:28:09.904Z POST /product/listByRecommend 200 894 - 369.966 ms
[logger] 2021-05-28T01:28:34.896Z POST /product/listByRecommend 200 894 - 95.723 ms
[logger] 2021-05-28T01:28:42.997Z POST /cart/count 200 66 - 46.330 ms
[logger] 2021-05-28T01:28:43.041Z POST /sys/banner 200 405 - 59.864 ms
[logger] 2021-05-28T01:28:43.131Z POST /search/hot/list 200 302 - 114.138 ms
[logger] 2021-05-28T01:28:43.185Z POST /search/hot/list 200 302 - 153.275 ms
[logger] 2021-05-28T01:28:43.256Z POST /cart/count 200 66 - 190.146 ms
[logger] 2021-05-28T01:28:43.305Z POST /product/listByRecommend 200 894 - 306.201 ms
[logger] 2021-05-28T01:28:47.417Z POST /search/history/list 200 1032 - 52.630 ms
[logger] 2021-05-28T01:28:47.461Z POST /search/hot/list 200 302 - 82.598 ms
[logger] 2021-05-28T01:28:49.023Z POST /sort/list 200 462 - 45.693 ms
[logger] 2021-05-28T01:28:49.170Z POST /product/listBySearch 200 8229 - 174.374 ms
[logger] 2021-05-28T01:28:49.226Z POST /search/history/creat 200 58 - 216.661 ms
[logger] 2021-05-28T01:28:49.302Z POST /search/history/list 200 1032 - 48.638 ms
[logger] 2021-05-28T01:28:49.365Z POST /search/hot/list 200 302 - 94.685 ms
[logger] 2021-05-28T01:29:30.365Z POST /cart/count 200 66 - 48.936 ms
[logger] 2021-05-28T01:29:30.411Z POST /sys/banner 200 405 - 82.167 ms
[logger] 2021-05-28T01:29:30.619Z POST /search/hot/list 200 302 - 255.615 ms
[logger] 2021-05-28T01:29:30.715Z POST /search/hot/list 200 302 - 335.971 ms
[logger] 2021-05-28T01:29:30.768Z POST /cart/count 200 66 - 355.244 ms
[logger] 2021-05-28T01:29:30.816Z POST /product/listByRecommend 200 894 - 470.472 ms
[logger] 2021-05-28T01:29:49.876Z POST /cart/count 200 66 - 52.650 ms
[logger] 2021-05-28T01:29:49.919Z POST /sys/banner 200 405 - 81.054 ms
[logger] 2021-05-28T01:29:50.039Z POST /search/hot/list 200 302 - 177.140 ms
[logger] 2021-05-28T01:29:50.084Z POST /search/hot/list 200 302 - 208.144 ms
[logger] 2021-05-28T01:29:50.165Z POST /cart/count 200 66 - 258.006 ms
[logger] 2021-05-28T01:29:50.211Z POST /product/listByRecommend 200 894 - 359.772 ms
[logger] 2021-05-28T01:30:28.117Z POST /cart/count 200 66 - 52.775 ms
[logger] 2021-05-28T01:30:28.165Z POST /sys/banner 200 405 - 76.815 ms
[logger] 2021-05-28T01:30:28.255Z POST /search/hot/list 200 302 - 114.768 ms
[logger] 2021-05-28T01:30:28.299Z POST /search/hot/list 200 302 - 147.024 ms
[logger] 2021-05-28T01:30:28.344Z POST /cart/count 200 66 - 162.966 ms
[logger] 2021-05-28T01:30:28.391Z POST /product/listByRecommend 200 894 - 263.055 ms
[logger] 2021-05-28T01:30:33.127Z POST /product/listByRecommend 200 894 - 93.725 ms
[logger] 2021-05-28T01:31:11.651Z POST /cart/count 200 66 - 47.294 ms
[logger] 2021-05-28T01:31:11.699Z POST /sys/banner 200 405 - 78.803 ms
[logger] 2021-05-28T01:31:11.786Z POST /search/hot/list 200 302 - 135.717 ms
[logger] 2021-05-28T01:31:11.836Z POST /search/hot/list 200 302 - 171.237 ms
[logger] 2021-05-28T01:31:11.881Z POST /cart/count 200 66 - 179.671 ms
[logger] 2021-05-28T01:31:11.928Z POST /product/listByRecommend 200 894 - 293.414 ms
[logger] 2021-05-28T01:31:15.741Z POST /cart/count 200 66 - 44.413 ms
[logger] 2021-05-28T01:31:15.787Z POST /sys/banner 200 405 - 73.583 ms
[logger] 2021-05-28T01:31:15.878Z POST /search/hot/list 200 302 - 140.543 ms
[logger] 2021-05-28T01:31:15.925Z POST /search/hot/list 200 302 - 170.191 ms
[logger] 2021-05-28T01:31:15.971Z POST /cart/count 200 66 - 181.491 ms
[logger] 2021-05-28T01:31:16.020Z POST /product/listByRecommend 200 894 - 295.013 ms
[logger] 2021-05-28T01:31:35.362Z POST /cart/count 200 66 - 97.113 ms
[logger] 2021-05-28T01:31:35.406Z POST /sys/banner 200 405 - 126.000 ms
[logger] 2021-05-28T01:31:35.495Z POST /search/hot/list 200 302 - 186.896 ms
[logger] 2021-05-28T01:31:35.542Z POST /search/hot/list 200 302 - 219.892 ms
[logger] 2021-05-28T01:31:35.586Z POST /cart/count 200 66 - 228.192 ms
[logger] 2021-05-28T01:31:35.631Z POST /product/listByRecommend 200 894 - 336.136 ms
[logger] 2021-05-28T01:31:40.143Z POST /product/listByRecommend 200 894 - 102.752 ms
[logger] 2021-05-28T01:31:54.397Z POST /product/listByRecommend 200 894 - 190.511 ms
[logger] 2021-05-28T01:32:31.175Z POST /product/listByRecommend 200 894 - 127.297 ms
[logger] 2021-05-28T01:32:42.567Z POST /product/listByRecommend 200 894 - 102.252 ms
[logger] 2021-05-28T01:33:11.772Z POST /product/listByRecommend 200 894 - 96.312 ms
[logger] 2021-05-28T01:33:22.689Z POST /product/listByRecommend 200 894 - 101.088 ms
[logger] 2021-05-28T01:33:38.093Z POST /product/listByRecommend 200 894 - 123.751 ms
[logger] 2021-05-28T01:33:46.452Z POST /product/listByRecommend 200 894 - 145.211 ms
[logger] 2021-05-28T01:34:21.859Z POST /product/listByRecommend 200 894 - 92.883 ms
[logger] 2021-05-28T01:34:33.581Z POST /product/listByRecommend 200 894 - 335.363 ms
[logger] 2021-05-28T01:34:38.246Z POST /product/listByRecommend 200 894 - 296.372 ms
[logger] 2021-05-28T01:34:49.610Z POST /product/listByRecommend 200 894 - 180.120 ms
[logger] 2021-05-28T01:35:11.965Z POST /product/listByRecommend 200 894 - 94.915 ms
[logger] 2021-05-28T01:35:22.768Z POST /product/listByRecommend 200 894 - 102.437 ms
[logger] 2021-05-28T01:40:35.018Z POST /product/listByRecommend 200 894 - 138.884 ms
[logger] 2021-05-28T01:40:39.485Z POST /product/listByRecommend 200 894 - 91.923 ms
[logger] 2021-05-28T01:40:53.350Z POST /product/salesList 200 8219 - 110.118 ms
[logger] 2021-05-28T01:40:55.328Z POST /product/salesList 200 8219 - 125.947 ms
[logger] 2021-05-28T01:41:08.712Z POST /product/salesList 200 8219 - 103.418 ms
[logger] 2021-05-28T01:41:13.188Z POST /product/salesList 200 8219 - 146.479 ms
[logger] 2021-05-28T01:41:40.602Z POST /product/salesList 200 8219 - 95.213 ms
[logger] 2021-05-28T01:42:00.368Z POST /product/salesList 200 8219 - 107.065 ms
[logger] 2021-05-28T01:42:12.233Z POST /product/salesList 200 8219 - 118.083 ms
[logger] 2021-05-28T01:42:21.669Z POST /product/salesList 200 8219 - 100.404 ms
[logger] 2021-05-28T01:42:25.418Z POST /product/salesList 200 8219 - 95.650 ms
[logger] 2021-05-28T01:42:48.783Z POST /product/salesList 200 2536 - 95.153 ms
[logger] 2021-05-28T01:44:24.652Z POST /product/salesList 200 8219 - 97.149 ms
[logger] 2021-05-28T01:44:37.218Z POST /product/salesList 200 8219 - 94.488 ms
[logger] 2021-05-28T01:47:41.804Z POST /product/salesList 200 8219 - 94.308 ms
[logger] 2021-05-28T01:47:50.215Z POST /product/salesList 200 8219 - 90.187 ms
[logger] 2021-05-28T01:47:58.695Z POST /product/salesList 200 8219 - 96.592 ms
[logger] 2021-05-28T01:48:19.969Z POST /product/salesList 200 8219 - 97.087 ms
[logger] 2021-05-28T01:48:35.183Z POST /product/salesList 200 8219 - 93.271 ms
[logger] 2021-05-28T01:48:38.182Z POST /product/salesList 200 8219 - 89.929 ms
[logger] 2021-05-28T01:48:45.466Z POST /product/salesList 200 8219 - 110.709 ms
[logger] 2021-05-28T01:50:13.028Z POST /product/salesList 200 8219 - 135.964 ms
[logger] 2021-05-28T01:50:13.074Z POST /product/salesList 200 8219 - 147.805 ms
[logger] 2021-05-28T01:50:14.471Z POST /product/salesList 200 8219 - 92.872 ms
[logger] 2021-05-28T01:50:19.989Z POST /product/salesList 200 8219 - 241.611 ms
[logger] 2021-05-28T01:50:41.389Z POST /product/salesList 200 8219 - 580.605 ms
[logger] 2021-05-28T01:51:26.068Z POST /product/salesList 200 8219 - 89.666 ms
[logger] 2021-05-28T01:51:45.270Z POST /product/salesList 200 8219 - 524.954 ms
[logger] 2021-05-28T01:52:14.803Z POST /product/salesList 200 8219 - 112.862 ms
[logger] 2021-05-28T01:52:40.542Z POST /product/salesList 200 8219 - 102.423 ms
[logger] 2021-05-28T01:52:42.777Z POST /product/salesList 200 2536 - 106.429 ms
[logger] 2021-05-28T01:53:01.125Z POST /product/salesList 200 8219 - 90.318 ms
[logger] 2021-05-28T01:53:18.072Z POST /product/salesList 200 8219 - 102.830 ms
[logger] 2021-05-28T01:53:54.825Z POST /product/salesList 200 8219 - 101.671 ms
[logger] 2021-05-28T01:54:19.031Z POST /product/salesList 200 8219 - 103.020 ms
[logger] 2021-05-28T01:54:33.781Z POST /product/salesList 200 8219 - 102.946 ms
[logger] 2021-05-28T01:54:43.568Z POST /product/salesList 200 8219 - 96.645 ms
[logger] 2021-05-28T01:54:54.563Z POST /product/salesList 200 8219 - 232.522 ms
[logger] 2021-05-28T01:55:03.391Z POST /product/salesList 200 8219 - 99.254 ms
[logger] 2021-05-28T01:55:19.776Z POST /product/salesList 200 8219 - 95.119 ms
[logger] 2021-05-28T01:55:58.104Z POST /product/salesList 200 8219 - 110.286 ms
[logger] 2021-05-28T01:56:22.401Z POST /product/salesList 200 8219 - 114.545 ms
[logger] 2021-05-28T01:56:34.183Z POST /product/salesList 200 8219 - 96.326 ms
[logger] 2021-05-28T01:57:02.235Z POST /product/salesList 200 8219 - 273.802 ms
[logger] 2021-05-28T01:57:35.331Z POST /product/salesList 200 8219 - 102.688 ms
[logger] 2021-05-28T01:58:27.745Z POST /product/salesList 200 8219 - 208.833 ms
[logger] 2021-05-28T01:58:35.761Z POST /product/salesList 200 8219 - 108.539 ms
[logger] 2021-05-28T01:58:58.823Z POST /product/salesList 200 8219 - 93.176 ms
[logger] 2021-05-28T01:59:01.569Z POST /product/salesList 200 8219 - 105.731 ms
[logger] 2021-05-28T01:59:08.274Z POST /product/salesList 200 8219 - 259.281 ms
[logger] 2021-05-28T01:59:15.782Z POST /product/salesList 200 8219 - 127.690 ms
[logger] 2021-05-28T01:59:21.722Z POST /product/salesList 200 8219 - 114.134 ms
[logger] 2021-05-28T01:59:25.710Z POST /product/salesList 200 8219 - 102.712 ms
[logger] 2021-05-28T01:59:32.567Z POST /product/salesList 200 8219 - 104.948 ms
[logger] 2021-05-28T01:59:46.711Z POST /product/salesList 200 8219 - 93.932 ms
[logger] 2021-05-28T02:00:05.295Z POST /product/salesList 200 8219 - 96.046 ms
[logger] 2021-05-28T02:00:14.421Z POST /product/salesList 200 8219 - 94.847 ms
[logger] 2021-05-28T02:00:39.254Z POST /product/salesList 200 8219 - 92.499 ms
[logger] 2021-05-28T02:00:48.055Z POST /product/salesList 200 8219 - 106.107 ms
[logger] 2021-05-28T02:00:57.825Z POST /product/salesList 200 8219 - 92.761 ms
[logger] 2021-05-28T02:01:04.761Z POST /product/salesList 200 8219 - 94.102 ms
[logger] 2021-05-28T02:05:08.065Z POST /product/salesList 200 8219 - 99.524 ms
[logger] 2021-05-28T02:05:14.495Z POST /product/salesList 200 8219 - 95.449 ms
[logger] 2021-05-28T02:06:31.489Z POST /product/salesList 200 8219 - 94.152 ms
[logger] 2021-05-28T02:06:36.913Z POST /product/salesList 200 8219 - 94.919 ms
[logger] 2021-05-28T02:06:46.248Z POST /product/salesList 200 8219 - 94.166 ms
[logger] 2021-05-28T02:07:32.265Z POST /product/salesList 200 8219 - 95.906 ms
[logger] 2021-05-28T02:07:37.307Z POST /product/salesList 200 8219 - 106.551 ms
[logger] 2021-05-28T02:09:00.860Z POST /product/salesList 200 8219 - 106.521 ms
[logger] 2021-05-28T02:09:22.003Z POST /product/salesList 200 8219 - 653.519 ms
[logger] 2021-05-28T02:09:30.450Z POST /product/salesList 200 8219 - 357.944 ms
[logger] 2021-05-28T02:10:07.463Z POST /product/salesList 200 8219 - 105.520 ms
[logger] 2021-05-28T02:10:30.003Z POST /product/salesList 200 8219 - 1064.064 ms
[logger] 2021-05-28T02:12:59.052Z POST /product/salesList 200 8219 - 136.686 ms
[logger] 2021-05-28T02:13:05.120Z POST /product/salesList 200 8219 - 92.143 ms
[logger] 2021-05-28T02:15:59.707Z POST /product/salesList 200 8219 - 96.055 ms
[logger] 2021-05-28T02:32:23.378Z POST /product/salesList 200 8219 - 391.021 ms
[logger] 2021-05-28T02:35:32.648Z POST /product/salesList 200 8219 - 92.974 ms
[logger] 2021-05-28T02:35:40.026Z POST /product/salesList 200 8219 - 232.264 ms
[logger] 2021-05-28T02:36:29.635Z POST /product/salesList 200 8219 - 94.809 ms
[logger] 2021-05-28T02:36:38.579Z POST /product/salesList 200 8219 - 100.365 ms
[logger] 2021-05-28T02:37:26.946Z POST /product/salesList 200 8219 - 111.522 ms
[logger] 2021-05-28T02:37:42.307Z POST /product/salesList 200 8219 - 102.024 ms
[logger] 2021-05-28T02:38:04.564Z POST /product/salesList 200 8219 - 199.254 ms
[logger] 2021-05-28T02:38:14.620Z POST /product/salesList 200 8219 - 274.915 ms
[logger] 2021-05-28T02:38:28.331Z POST /product/salesList 200 8219 - 503.972 ms
[logger] 2021-05-28T02:38:43.250Z POST /product/salesList 200 8219 - 638.358 ms
[logger] 2021-05-28T02:39:18.058Z POST /product/salesList - - - - ms
[logger] 2021-05-28T02:39:19.629Z POST /product/salesList 200 8219 - 207.180 ms
[logger] 2021-05-28T02:39:55.838Z POST /product/salesList 200 8219 - 95.936 ms
[logger] 2021-05-28T02:40:06.731Z POST /product/salesList 200 8219 - 144.682 ms
[logger] 2021-05-28T02:58:16.691Z POST /product/salesList 200 8219 - 354.659 ms
[logger] 2021-05-28T02:58:37.103Z POST /product/salesList 200 8219 - 120.971 ms
[logger] 2021-05-28T02:58:59.266Z POST /product/salesList 200 8219 - 1253.110 ms
[logger] 2021-05-28T02:59:01.956Z POST /product/salesList 200 8219 - 264.514 ms
[logger] 2021-05-28T02:59:10.149Z POST /product/salesList 200 8219 - 128.564 ms
[logger] 2021-05-28T02:59:19.441Z POST /product/salesList 200 8219 - 102.791 ms
[logger] 2021-05-28T02:59:47.513Z POST /active/list 200 464 - 76.204 ms
[logger] 2021-05-28T02:59:47.568Z POST /product/salesList 200 8219 - 150.126 ms
[logger] 2021-05-28T03:00:00.508Z POST /active/list 200 464 - 84.597 ms
[logger] 2021-05-28T03:00:00.560Z POST /product/salesList 200 8219 - 156.047 ms
[logger] 2021-05-28T03:00:08.079Z POST /active/list 200 464 - 464.615 ms
[logger] 2021-05-28T03:00:08.213Z POST /product/salesList 200 8219 - 622.608 ms
[logger] 2021-05-28T03:03:11.685Z POST /active/list 200 444 - 95.285 ms
[logger] 2021-05-28T03:03:11.731Z POST /product/salesList 200 8219 - 165.641 ms
[logger] 2021-05-28T03:04:01.518Z POST /active/list 200 444 - 80.596 ms
[logger] 2021-05-28T03:04:01.567Z POST /product/salesList 200 8219 - 145.858 ms
[logger] 2021-05-28T03:04:36.484Z POST /active/list 200 444 - 86.713 ms
[logger] 2021-05-28T03:04:36.544Z POST /product/salesList 200 8219 - 162.852 ms
[logger] 2021-05-28T03:04:41.339Z POST /active/list 200 444 - 75.940 ms
[logger] 2021-05-28T03:04:41.388Z POST /product/salesList 200 8219 - 142.710 ms
[logger] 2021-05-28T03:05:26.837Z POST /active/list 200 444 - 72.584 ms
[logger] 2021-05-28T03:05:26.904Z POST /product/salesList 200 8219 - 167.442 ms
[logger] 2021-05-28T03:05:30.634Z POST /active/list 200 444 - 128.425 ms
[logger] 2021-05-28T03:05:30.736Z POST /product/salesList 200 8219 - 246.386 ms
[logger] 2021-05-28T03:08:50.143Z POST /active/list 200 444 - 83.171 ms
[logger] 2021-05-28T03:08:50.199Z POST /product/salesList 200 8219 - 163.341 ms
[logger] 2021-05-28T03:11:25.630Z POST /active/list 200 444 - 722.486 ms
[logger] 2021-05-28T03:11:26.137Z POST /product/salesList 200 8219 - 1248.236 ms
[logger] 2021-05-28T03:15:54.269Z POST /active/list 200 444 - 116.326 ms
[logger] 2021-05-28T03:15:54.384Z POST /product/salesList 200 8219 - 251.502 ms
[logger] 2021-05-28T03:17:35.407Z POST /active/list 200 444 - 283.341 ms
[logger] 2021-05-28T03:17:35.564Z POST /product/salesList 200 8219 - 454.241 ms
[logger] 2021-05-28T03:18:01.797Z POST /active/list - - - - ms
[logger] 2021-05-28T03:18:01.797Z POST /product/salesList - - - - ms
[logger] 2021-05-28T03:18:03.987Z POST /active/list 200 444 - 429.204 ms
[logger] 2021-05-28T03:18:04.457Z POST /product/salesList 200 8219 - 1092.629 ms
[logger] 2021-05-28T03:20:02.589Z POST /active/list 200 444 - 77.550 ms
[logger] 2021-05-28T03:20:02.637Z POST /product/salesList 200 8219 - 142.765 ms
[logger] 2021-05-28T03:20:18.847Z POST /active/list 200 444 - 95.298 ms
[logger] 2021-05-28T03:20:18.894Z POST /product/salesList 200 8219 - 173.393 ms
[logger] 2021-05-28T03:21:01.758Z POST /active/list 200 444 - 232.034 ms
[logger] 2021-05-28T03:21:01.850Z POST /product/salesList 200 8219 - 350.071 ms
[logger] 2021-05-28T06:59:42.354Z POST /product/salesList 200 8219 - 173.461 ms
[logger] 2021-05-28T06:59:42.443Z POST /active/list 200 444 - 51.630 ms
[logger] 2021-05-28T07:01:38.638Z POST /active/list 200 444 - 67.419 ms
[logger] 2021-05-28T07:01:38.696Z POST /product/salesList 200 8219 - 157.041 ms
[logger] 2021-05-28T07:01:44.593Z POST /active/list 200 444 - 50.180 ms
[logger] 2021-05-28T07:01:44.645Z POST /product/salesList 200 8219 - 144.291 ms
[logger] 2021-05-28T07:02:20.181Z POST /active/list 200 444 - 67.495 ms
[logger] 2021-05-28T07:02:20.237Z POST /product/salesList 200 8219 - 151.955 ms
[logger] 2021-05-28T07:03:10.132Z POST /active/list 200 444 - 113.559 ms
[logger] 2021-05-28T07:03:10.180Z POST /product/salesList 200 8219 - 181.698 ms
[logger] 2021-05-28T07:03:59.444Z POST /active/list 200 444 - 203.862 ms
[logger] 2021-05-28T07:03:59.579Z POST /product/salesList 200 8219 - 369.096 ms
[logger] 2021-05-28T07:05:07.233Z POST /active/list 200 444 - 535.671 ms
[logger] 2021-05-28T07:05:07.704Z POST /product/salesList 200 8219 - 1030.209 ms
[logger] 2021-05-28T07:06:19.684Z POST /active/list 200 444 - 65.889 ms
[logger] 2021-05-28T07:06:19.727Z POST /product/salesList 200 8219 - 137.379 ms
[logger] 2021-05-28T07:09:31.850Z POST /active/list 200 444 - 83.121 ms
[logger] 2021-05-28T07:09:31.937Z POST /product/salesList 200 8219 - 185.487 ms
[logger] 2021-05-28T07:09:49.787Z POST /active/list 200 444 - 592.290 ms
[logger] 2021-05-28T07:09:49.836Z POST /product/salesList 200 8219 - 667.735 ms
[logger] 2021-05-28T07:10:22.721Z POST /active/list 200 444 - 78.993 ms
[logger] 2021-05-28T07:10:22.772Z POST /product/salesList 200 8219 - 147.927 ms
[logger] 2021-05-28T07:11:35.569Z POST /active/list 200 444 - 152.615 ms
[logger] 2021-05-28T07:11:35.640Z POST /product/salesList 200 8219 - 239.175 ms
[logger] 2021-05-28T07:12:19.527Z POST /active/list 200 444 - 79.650 ms
[logger] 2021-05-28T07:12:19.588Z POST /product/salesList 200 8219 - 156.479 ms
[logger] 2021-05-28T07:13:24.491Z POST /active/list 200 444 - 68.108 ms
[logger] 2021-05-28T07:13:24.541Z POST /product/salesList 200 8219 - 133.397 ms
[logger] 2021-05-28T07:13:28.580Z POST /product/salesList - - - - ms
[logger] 2021-05-28T07:13:28.580Z POST /active/list - - - - ms
[logger] 2021-05-28T07:13:30.210Z POST /active/list 200 444 - 57.957 ms
[logger] 2021-05-28T07:13:30.263Z POST /product/salesList 200 8219 - 142.149 ms
[logger] 2021-05-28T07:14:37.904Z POST /active/list 200 444 - 81.939 ms
[logger] 2021-05-28T07:14:37.955Z POST /product/salesList 200 8219 - 148.623 ms
[logger] 2021-05-28T07:15:19.711Z POST /active/list 200 444 - 67.093 ms
[logger] 2021-05-28T07:15:19.760Z POST /product/salesList 200 8219 - 135.408 ms
[logger] 2021-05-28T07:15:35.902Z POST /active/list 200 444 - 55.645 ms
[logger] 2021-05-28T07:15:35.955Z POST /product/salesList 200 8219 - 134.957 ms
[logger] 2021-05-28T07:17:42.450Z POST /active/list 200 444 - 64.388 ms
[logger] 2021-05-28T07:17:42.495Z POST /product/salesList 200 8219 - 137.130 ms
[logger] 2021-05-28T07:17:55.009Z POST /active/list 200 444 - 81.378 ms
[logger] 2021-05-28T07:17:55.070Z POST /product/salesList 200 8219 - 159.713 ms
[logger] 2021-05-28T07:18:00.774Z POST /active/list 200 444 - 69.594 ms
[logger] 2021-05-28T07:18:00.813Z POST /product/salesList 200 8219 - 127.048 ms
[logger] 2021-05-28T07:19:03.090Z POST /active/list 200 444 - 54.501 ms
[logger] 2021-05-28T07:19:03.140Z POST /product/salesList 200 8219 - 131.546 ms
[logger] 2021-05-28T07:19:11.216Z POST /active/list 200 444 - 64.277 ms
[logger] 2021-05-28T07:19:11.261Z POST /product/salesList 200 8219 - 129.543 ms
[logger] 2021-05-28T07:19:19.578Z POST /active/list 200 444 - 99.653 ms
[logger] 2021-05-28T07:19:19.649Z POST /product/salesList 200 8219 - 186.659 ms
[logger] 2021-05-28T07:19:41.210Z POST /active/list 200 444 - 54.850 ms
[logger] 2021-05-28T07:19:41.251Z POST /product/salesList 200 8219 - 117.817 ms
[logger] 2021-05-28T07:20:30.643Z POST /active/list 200 444 - 78.982 ms
[logger] 2021-05-28T07:20:30.701Z POST /product/salesList 200 8219 - 152.345 ms
[logger] 2021-05-28T07:34:28.394Z POST /active/list 200 444 - 65.609 ms
[logger] 2021-05-28T07:34:28.442Z POST /product/salesList 200 8219 - 140.069 ms
[logger] 2021-05-28T07:35:13.389Z POST /active/list 200 444 - 57.081 ms
[logger] 2021-05-28T07:35:13.452Z POST /product/salesList 200 8219 - 145.064 ms
[logger] 2021-05-28T07:35:41.111Z POST /active/list 200 444 - 60.925 ms
[logger] 2021-05-28T07:35:41.220Z POST /product/salesList 200 8219 - 196.195 ms
[logger] 2021-05-28T07:35:48.546Z POST /active/list 200 444 - 48.093 ms
[logger] 2021-05-28T07:35:48.588Z POST /product/salesList 200 8219 - 124.138 ms
[logger] 2021-05-28T07:36:31.610Z POST /product/salesList 200 8219 - 98.553 ms
[logger] 2021-05-28T07:36:31.659Z POST /active/list 200 444 - 94.314 ms
[logger] 2021-05-28T07:37:02.071Z POST /active/list 200 444 - 100.260 ms
[logger] 2021-05-28T07:37:02.119Z POST /product/salesList 200 8219 - 179.493 ms
[logger] 2021-05-28T07:37:35.779Z POST /product/salesList 200 8219 - 93.447 ms
[logger] 2021-05-28T07:37:35.847Z POST /active/list 200 444 - 39.896 ms
[logger] 2021-05-28T07:41:05.777Z POST /active/list 200 444 - 61.790 ms
[logger] 2021-05-28T07:41:05.822Z POST /product/salesList 200 8219 - 128.597 ms
[logger] 2021-05-28T07:41:44.814Z POST /active/list 200 444 - 60.652 ms
[logger] 2021-05-28T07:41:44.868Z POST /product/salesList 200 8219 - 143.683 ms
[logger] 2021-05-28T07:42:22.858Z POST /active/list 200 444 - 717.707 ms
[logger] 2021-05-28T07:42:23.879Z POST /product/salesList 200 8219 - 1763.077 ms
[logger] 2021-05-28T07:42:42.015Z POST /active/list 200 444 - 320.811 ms
[logger] 2021-05-28T07:42:42.279Z POST /product/salesList 200 8219 - 609.989 ms
[logger] 2021-05-28T07:43:24.876Z POST /product/salesList 200 2536 - 254.490 ms
[logger] 2021-05-28T07:44:56.428Z POST /active/list 200 444 - 694.224 ms
[logger] 2021-05-28T07:44:56.857Z POST /product/salesList 200 8219 - 1138.975 ms
[logger] 2021-05-28T07:52:18.936Z POST /active/list 200 444 - 69.810 ms
[logger] 2021-05-28T07:52:18.993Z POST /product/salesList 200 8219 - 145.706 ms
[logger] 2021-05-28T07:52:19.219Z POST /active/list 200 444 - 46.475 ms
[logger] 2021-05-28T07:52:36.578Z POST /active/list 200 444 - 230.002 ms
[logger] 2021-05-28T07:52:36.673Z POST /product/salesList 200 8219 - 347.000 ms
[logger] 2021-05-28T07:53:00.194Z POST /active/list 200 444 - 103.240 ms
[logger] 2021-05-28T07:53:00.250Z POST /product/salesList 200 8219 - 180.340 ms
[logger] 2021-05-28T07:53:38.846Z POST /active/list 200 444 - 209.285 ms
[logger] 2021-05-28T07:53:38.992Z POST /product/salesList 200 8219 - 424.869 ms
[logger] 2021-05-28T07:53:47.749Z POST /active/list 200 444 - 66.383 ms
[logger] 2021-05-28T07:53:47.770Z POST /product/salesList - - - - ms
[logger] 2021-05-28T07:53:49.421Z POST /active/list 200 444 - 96.171 ms
[logger] 2021-05-28T07:53:49.481Z POST /product/salesList 200 8219 - 177.023 ms
[logger] 2021-05-28T07:57:22.893Z POST /active/list 200 444 - 57.566 ms
[logger] 2021-05-28T07:57:22.947Z POST /product/salesList 200 8219 - 145.287 ms
[logger] 2021-05-28T07:57:27.334Z POST /active/list 200 444 - 66.740 ms
[logger] 2021-05-28T07:57:27.377Z POST /product/salesList 200 8219 - 126.353 ms
[logger] 2021-05-28T07:57:33.126Z POST /active/list 200 444 - 76.602 ms
[logger] 2021-05-28T07:57:33.174Z POST /product/salesList 200 8219 - 144.095 ms
[logger] 2021-05-28T07:58:45.275Z POST /active/list 200 444 - 64.164 ms
[logger] 2021-05-28T07:58:45.424Z POST /product/salesList 200 8219 - 245.248 ms
[logger] 2021-05-28T07:59:14.356Z POST /active/list 200 444 - 59.534 ms
[logger] 2021-05-28T07:59:14.405Z POST /product/salesList 200 8219 - 142.969 ms
[logger] 2021-05-28T07:59:32.815Z POST /active/list 200 444 - 76.279 ms
[logger] 2021-05-28T07:59:32.903Z POST /product/salesList 200 8219 - 184.710 ms
[logger] 2021-05-28T08:00:36.562Z POST /active/list 200 444 - 56.237 ms
[logger] 2021-05-28T08:00:36.614Z POST /product/salesList 200 8219 - 137.843 ms
[logger] 2021-05-28T08:01:06.226Z POST /active/list 200 444 - 82.198 ms
[logger] 2021-05-28T08:01:06.283Z POST /product/salesList 200 8219 - 153.873 ms
[logger] 2021-05-28T08:05:49.970Z POST /product/salesList 200 8219 - 82.870 ms
[logger] 2021-05-28T08:05:50.008Z POST /active/list 200 444 - 78.753 ms
[logger] 2021-05-28T08:07:16.185Z POST /active/list 200 444 - 293.385 ms
[logger] 2021-05-28T08:07:16.320Z POST /product/salesList 200 8219 - 497.934 ms
[logger] 2021-05-28T08:07:43.369Z POST /active/list 200 444 - 57.040 ms
[logger] 2021-05-28T08:07:43.414Z POST /product/salesList 200 8219 - 131.463 ms
[logger] 2021-05-28T08:09:03.491Z POST /active/list 200 444 - 58.645 ms
[logger] 2021-05-28T08:09:03.534Z POST /product/salesList 200 8219 - 125.863 ms
[logger] 2021-05-28T08:09:21.991Z POST /active/list 200 444 - 56.658 ms
[logger] 2021-05-28T08:09:22.035Z POST /product/salesList 200 8219 - 121.901 ms
[logger] 2021-05-28T08:09:28.191Z POST /active/list 200 444 - 81.856 ms
[logger] 2021-05-28T08:09:28.259Z POST /product/salesList 200 8219 - 165.161 ms
[logger] 2021-05-28T08:10:06.121Z POST /active/list 200 444 - 60.103 ms
[logger] 2021-05-28T08:10:06.169Z POST /product/salesList 200 8219 - 143.229 ms
[logger] 2021-05-28T08:10:08.314Z POST /active/list 200 444 - 69.117 ms
[logger] 2021-05-28T08:10:08.362Z POST /product/salesList 200 8219 - 139.392 ms
