[logger] 2021-05-23T02:41:02.547Z POST /cart/count 200 66 - 224.609 ms
[logger] 2021-05-23T02:41:02.552Z POST /product/listByRecommend 200 894 - 106.410 ms
[logger] 2021-05-23T02:41:02.562Z POST /cart/count 200 66 - 239.956 ms
[logger] 2021-05-23T02:44:41.091Z POST /cart/list 200 590 - 2.995 ms
[logger] 2021-05-23T02:44:41.116Z POST /product/listByRecommend 200 894 - 4.411 ms
[logger] 2021-05-23T02:47:33.901Z POST /cart/count 200 66 - 3.214 ms
[logger] 2021-05-23T02:47:33.934Z POST /product/listByRecommend 200 894 - 6.494 ms
[logger] 2021-05-23T02:47:34.041Z POST /cart/count 200 66 - 2.437 ms
[logger] 2021-05-23T02:48:57.448Z POST /cart/count 200 66 - 6.406 ms
[logger] 2021-05-23T02:48:57.967Z POST /product/listByRecommend 200 894 - 8.923 ms
[logger] 2021-05-23T02:48:58.092Z POST /cart/count 200 66 - 2.731 ms
[logger] 2021-05-23T02:49:05.229Z POST /cart/count 200 66 - 1.781 ms
[logger] 2021-05-23T02:49:05.537Z POST /product/listByRecommend 200 894 - 4.942 ms
[logger] 2021-05-23T02:49:05.578Z POST /cart/count 200 66 - 1.635 ms
[logger] 2021-05-23T02:49:10.697Z POST /cart/count 200 66 - 1.894 ms
[logger] 2021-05-23T02:49:10.867Z POST /product/listByRecommend 200 894 - 4.477 ms
[logger] 2021-05-23T02:49:11.008Z POST /cart/count 200 66 - 2.002 ms
[logger] 2021-05-23T02:49:31.853Z POST /cart/count 200 66 - 3.455 ms
[logger] 2021-05-23T02:49:31.920Z POST /product/listByRecommend 200 894 - 6.514 ms
[logger] 2021-05-23T02:49:31.982Z POST /cart/count 200 66 - 2.824 ms
[logger] 2021-05-23T02:50:31.170Z POST /cart/count 200 66 - 2.706 ms
[logger] 2021-05-23T02:50:31.235Z POST /product/listByRecommend 200 894 - 4.298 ms
[logger] 2021-05-23T02:50:31.303Z POST /cart/count 200 66 - 3.013 ms
[logger] 2021-05-23T02:51:09.009Z POST /cart/count 200 66 - 2.872 ms
[logger] 2021-05-23T02:51:09.065Z POST /product/listByRecommend 200 894 - 4.407 ms
[logger] 2021-05-23T02:51:09.133Z POST /cart/count 200 66 - 3.674 ms
[logger] 2021-05-23T02:53:23.801Z POST /cart/count 200 66 - 1.687 ms
[logger] 2021-05-23T02:53:23.828Z POST /product/listByRecommend 200 894 - 2.978 ms
[logger] 2021-05-23T02:53:23.878Z POST /cart/count 200 66 - 1.752 ms
[logger] 2021-05-23T02:53:46.988Z POST /cart/count 200 66 - 1.753 ms
[logger] 2021-05-23T02:53:47.008Z POST /product/listByRecommend 200 894 - 5.159 ms
[logger] 2021-05-23T02:53:47.064Z POST /cart/count 200 66 - 1.819 ms
[logger] 2021-05-23T02:54:03.789Z POST /cart/count 200 66 - 1.887 ms
[logger] 2021-05-23T02:54:03.828Z POST /product/listByRecommend 200 894 - 3.966 ms
[logger] 2021-05-23T02:54:03.891Z POST /cart/count 200 66 - 2.935 ms
[logger] 2021-05-23T02:54:32.070Z POST /cart/count 200 66 - 1.365 ms
[logger] 2021-05-23T02:54:32.103Z POST /product/listByRecommend 200 894 - 4.358 ms
[logger] 2021-05-23T02:54:32.162Z POST /cart/count 200 66 - 2.739 ms
[logger] 2021-05-23T02:54:37.315Z POST /cart/count 200 66 - 1.341 ms
[logger] 2021-05-23T02:54:37.340Z POST /product/listByRecommend 200 894 - 2.977 ms
[logger] 2021-05-23T02:54:37.383Z POST /cart/count 200 66 - 2.073 ms
[logger] 2021-05-23T02:54:51.055Z POST /sort/list 200 462 - 16.855 ms
[logger] 2021-05-23T02:54:51.120Z POST /classify/list 200 316 - 4.946 ms
[logger] 2021-05-23T02:54:51.170Z POST /product/listByClassify 200 8213 - 3.708 ms
[logger] 2021-05-23T02:55:11.016Z POST /cart/count 200 66 - 1.396 ms
[logger] 2021-05-23T02:55:11.040Z POST /product/listByRecommend 200 894 - 3.033 ms
[logger] 2021-05-23T02:55:11.158Z POST /cart/count 200 66 - 1.693 ms
[logger] 2021-05-23T02:56:08.298Z POST /cart/count 200 66 - 3.631 ms
[logger] 2021-05-23T02:56:08.382Z POST /product/listByRecommend 200 894 - 8.033 ms
[logger] 2021-05-23T02:56:08.503Z POST /cart/count 200 66 - 4.447 ms
[logger] 2021-05-23T02:56:39.109Z POST /cart/count 200 66 - 1.857 ms
[logger] 2021-05-23T02:56:39.154Z POST /product/listByRecommend 200 894 - 6.567 ms
[logger] 2021-05-23T02:56:39.293Z POST /cart/count 200 66 - 2.411 ms
[logger] 2021-05-23T02:58:07.834Z POST /cart/count 200 66 - 3.239 ms
[logger] 2021-05-23T02:58:07.863Z POST /product/listByRecommend 200 894 - 5.286 ms
[logger] 2021-05-23T02:58:07.930Z POST /cart/count 200 66 - 2.972 ms
[logger] 2021-05-23T02:59:32.313Z POST /cart/count 200 66 - 2.865 ms
[logger] 2021-05-23T02:59:32.368Z POST /product/listByRecommend 200 894 - 5.021 ms
[logger] 2021-05-23T02:59:32.423Z POST /cart/count 200 66 - 2.518 ms
[logger] 2021-05-23T03:00:09.890Z POST /cart/count 200 66 - 1.850 ms
[logger] 2021-05-23T03:00:09.925Z POST /product/listByRecommend 200 894 - 4.233 ms
[logger] 2021-05-23T03:00:09.980Z POST /cart/count 200 66 - 2.067 ms
[logger] 2021-05-23T03:00:16.995Z POST /cart/count 200 66 - 2.736 ms
[logger] 2021-05-23T03:00:17.059Z POST /product/listByRecommend 200 894 - 7.342 ms
[logger] 2021-05-23T03:00:17.174Z POST /cart/count 200 66 - 4.258 ms
[logger] 2021-05-23T03:01:31.949Z POST /cart/count 200 66 - 2.073 ms
[logger] 2021-05-23T03:01:32.023Z POST /product/listByRecommend 200 894 - 5.293 ms
[logger] 2021-05-23T03:01:32.068Z POST /cart/count 200 66 - 2.392 ms
[logger] 2021-05-23T03:01:36.097Z POST /cart/count 200 66 - 2.335 ms
[logger] 2021-05-23T03:01:36.147Z POST /product/listByRecommend 200 894 - 3.910 ms
[logger] 2021-05-23T03:01:36.183Z POST /cart/count 200 66 - 1.512 ms
[logger] 2021-05-23T03:01:54.183Z POST /cart/count 200 66 - 1.809 ms
[logger] 2021-05-23T03:01:54.215Z POST /product/listByRecommend 200 894 - 3.213 ms
[logger] 2021-05-23T03:01:54.289Z POST /cart/count 200 66 - 1.983 ms
[logger] 2021-05-23T03:02:28.054Z POST /cart/count 200 66 - 1.810 ms
[logger] 2021-05-23T03:02:28.076Z POST /product/listByRecommend 200 894 - 3.397 ms
[logger] 2021-05-23T03:02:28.122Z POST /cart/count 200 66 - 1.620 ms
[logger] 2021-05-23T03:03:03.243Z POST /cart/count 200 66 - 1.941 ms
[logger] 2021-05-23T03:03:03.278Z POST /product/listByRecommend 200 894 - 3.407 ms
[logger] 2021-05-23T03:03:03.360Z POST /cart/count 200 66 - 1.730 ms
[logger] 2021-05-23T03:03:31.949Z POST /cart/count 200 66 - 1.646 ms
[logger] 2021-05-23T03:03:31.972Z POST /product/listByRecommend 200 894 - 2.430 ms
[logger] 2021-05-23T03:03:32.007Z POST /cart/count 200 66 - 1.839 ms
[logger] 2021-05-23T03:04:12.877Z POST /cart/count 200 66 - 1.714 ms
[logger] 2021-05-23T03:04:12.905Z POST /product/listByRecommend 200 894 - 3.093 ms
[logger] 2021-05-23T03:04:12.939Z POST /cart/count 200 66 - 1.809 ms
[logger] 2021-05-23T03:05:10.604Z POST /cart/count 200 66 - 1.344 ms
[logger] 2021-05-23T03:05:10.629Z POST /product/listByRecommend 200 894 - 2.496 ms
[logger] 2021-05-23T03:05:10.696Z POST /cart/count 200 66 - 3.064 ms
[logger] 2021-05-23T03:07:05.417Z POST /product/productById 200 859 - 3.110 ms
[logger] 2021-05-23T03:07:05.441Z POST /cart/product/count 200 79 - 4.039 ms
[logger] 2021-05-23T03:07:59.182Z POST /cart/count 200 66 - 2.434 ms
[logger] 2021-05-23T03:07:59.223Z POST /product/listByRecommend 200 894 - 5.410 ms
[logger] 2021-05-23T03:07:59.298Z POST /cart/count 200 66 - 3.243 ms
[logger] 2021-05-23T03:08:35.071Z POST /cart/count 200 66 - 2.869 ms
[logger] 2021-05-23T03:08:35.135Z POST /product/listByRecommend 200 894 - 4.442 ms
[logger] 2021-05-23T03:08:35.207Z POST /cart/count 200 66 - 2.560 ms
[logger] 2021-05-23T03:08:48.754Z POST /cart/count 200 66 - 1.656 ms
[logger] 2021-05-23T03:08:48.805Z POST /product/listByRecommend 200 894 - 4.044 ms
[logger] 2021-05-23T03:08:48.831Z POST /cart/count 200 66 - 1.677 ms
[logger] 2021-05-23T03:09:05.896Z POST /cart/count 200 66 - 3.968 ms
[logger] 2021-05-23T03:09:05.969Z POST /product/listByRecommend 200 894 - 6.494 ms
[logger] 2021-05-23T03:09:06.094Z POST /cart/count 200 66 - 6.682 ms
[logger] 2021-05-23T03:09:10.680Z POST /cart/count 200 66 - 1.750 ms
[logger] 2021-05-23T03:09:10.725Z POST /product/listByRecommend 200 894 - 4.089 ms
[logger] 2021-05-23T03:09:10.797Z POST /cart/count 200 66 - 2.487 ms
[logger] 2021-05-23T03:09:13.276Z POST /cart/count 200 66 - 2.163 ms
[logger] 2021-05-23T03:09:13.316Z POST /product/listByRecommend 200 894 - 3.638 ms
[logger] 2021-05-23T03:09:13.383Z POST /cart/count 200 66 - 2.519 ms
[logger] 2021-05-23T03:09:21.241Z POST /cart/count 200 66 - 1.136 ms
[logger] 2021-05-23T03:09:21.324Z POST /product/listByRecommend 200 894 - 3.746 ms
[logger] 2021-05-23T03:09:21.363Z POST /cart/count 200 66 - 1.745 ms
[logger] 2021-05-23T03:09:23.162Z POST /sort/list 200 462 - 2.596 ms
[logger] 2021-05-23T03:09:23.186Z POST /classify/list 200 316 - 2.076 ms
[logger] 2021-05-23T03:09:23.247Z POST /product/listByClassify 200 8213 - 5.512 ms
[logger] 2021-05-23T03:09:56.018Z POST /cart/count 200 66 - 1.772 ms
[logger] 2021-05-23T03:09:56.080Z POST /product/listByRecommend 200 894 - 6.127 ms
[logger] 2021-05-23T03:09:56.198Z POST /cart/count 200 66 - 5.156 ms
[logger] 2021-05-23T03:10:11.077Z POST /cart/count 200 66 - 2.042 ms
[logger] 2021-05-23T03:10:11.133Z POST /product/listByRecommend 200 894 - 3.189 ms
[logger] 2021-05-23T03:10:11.384Z POST /cart/count 200 66 - 1.624 ms
[logger] 2021-05-23T03:10:13.768Z POST /sort/list 200 462 - 4.604 ms
[logger] 2021-05-23T03:10:13.849Z POST /classify/list 200 316 - 3.089 ms
[logger] 2021-05-23T03:10:13.963Z POST /product/listByClassify 200 8213 - 5.412 ms
[logger] 2021-05-23T03:10:15.884Z POST /product/listByClassify 200 902 - 6.919 ms
[logger] 2021-05-23T03:10:16.158Z POST /product/listByClassify 200 1706 - 8.073 ms
[logger] 2021-05-23T03:10:18.209Z POST /product/listByClassify 200 8213 - 16.640 ms
[logger] 2021-05-23T03:11:56.276Z POST /cart/count 200 66 - 2.768 ms
[logger] 2021-05-23T03:11:56.334Z POST /product/listByRecommend 200 894 - 5.552 ms
[logger] 2021-05-23T03:11:56.478Z POST /cart/count 200 66 - 4.035 ms
[logger] 2021-05-23T03:12:00.191Z POST /cart/count 200 66 - 1.371 ms
[logger] 2021-05-23T03:12:00.225Z POST /product/listByRecommend 200 894 - 3.082 ms
[logger] 2021-05-23T03:12:00.374Z POST /cart/count 200 66 - 1.737 ms
[logger] 2021-05-23T03:12:35.906Z POST /cart/count 200 66 - 2.622 ms
[logger] 2021-05-23T03:12:35.960Z POST /product/listByRecommend 200 894 - 4.287 ms
[logger] 2021-05-23T03:12:36.047Z POST /cart/count 200 66 - 2.832 ms
[logger] 2021-05-23T03:12:39.157Z POST /sort/list 200 462 - 4.112 ms
[logger] 2021-05-23T03:12:39.214Z POST /classify/list 200 316 - 4.407 ms
[logger] 2021-05-23T03:12:39.327Z POST /product/listByClassify 200 8213 - 4.762 ms
[logger] 2021-05-23T03:12:56.040Z POST /cart/count 200 66 - 4.143 ms
[logger] 2021-05-23T03:12:56.105Z POST /product/listByRecommend 200 894 - 6.070 ms
[logger] 2021-05-23T03:12:56.525Z POST /cart/count 200 66 - 5.086 ms
[logger] 2021-05-23T03:12:58.335Z POST /sort/list 200 462 - 4.629 ms
[logger] 2021-05-23T03:12:58.401Z POST /classify/list 200 316 - 8.664 ms
[logger] 2021-05-23T03:12:58.659Z POST /product/listByClassify 200 8213 - 2.831 ms
[logger] 2021-05-23T03:13:29.917Z POST /cart/count 200 66 - 1.752 ms
[logger] 2021-05-23T03:13:29.962Z POST /product/listByRecommend 200 894 - 5.485 ms
[logger] 2021-05-23T03:13:30.048Z POST /cart/count 200 66 - 3.476 ms
[logger] 2021-05-23T03:13:43.862Z POST /cart/count 200 66 - 2.615 ms
[logger] 2021-05-23T03:13:43.915Z POST /product/listByRecommend 200 894 - 4.795 ms
[logger] 2021-05-23T03:13:43.979Z POST /cart/count 200 66 - 1.846 ms
[logger] 2021-05-23T03:13:45.728Z POST /sort/list 200 462 - 4.366 ms
[logger] 2021-05-23T03:13:45.791Z POST /classify/list 200 316 - 5.645 ms
[logger] 2021-05-23T03:13:45.935Z POST /product/listByClassify 200 8213 - 7.804 ms
[logger] 2021-05-23T03:14:05.857Z POST /sort/list 200 462 - 4.255 ms
[logger] 2021-05-23T03:14:05.915Z POST /classify/list 200 316 - 11.544 ms
[logger] 2021-05-23T03:14:06.028Z POST /product/listByClassify 200 8213 - 9.157 ms
[logger] 2021-05-23T03:14:22.263Z POST /product/productById 200 865 - 2.239 ms
[logger] 2021-05-23T03:14:22.288Z POST /cart/product/count 200 80 - 2.187 ms
[logger] 2021-05-23T03:15:59.025Z POST /cart/count 200 66 - 2.188 ms
[logger] 2021-05-23T03:15:59.072Z POST /product/listByRecommend 200 894 - 5.224 ms
[logger] 2021-05-23T03:15:59.164Z POST /cart/count 200 66 - 3.509 ms
[logger] 2021-05-23T03:21:04.659Z POST /cart/count 200 66 - 2.526 ms
[logger] 2021-05-23T03:21:04.717Z POST /product/listByRecommend 200 894 - 4.814 ms
[logger] 2021-05-23T03:21:04.749Z POST /cart/count 200 66 - 1.937 ms
[logger] 2021-05-23T03:21:10.179Z POST /cart/count 200 66 - 2.430 ms
[logger] 2021-05-23T03:21:10.227Z POST /product/listByRecommend 200 894 - 8.403 ms
[logger] 2021-05-23T03:21:10.294Z POST /cart/count 200 66 - 2.954 ms
[logger] 2021-05-23T03:21:24.583Z POST /cart/count 200 66 - 1.662 ms
[logger] 2021-05-23T03:21:24.619Z POST /product/listByRecommend 200 894 - 3.936 ms
[logger] 2021-05-23T03:21:24.685Z POST /cart/count 200 66 - 5.305 ms
[logger] 2021-05-23T03:21:46.335Z POST /cart/count 200 66 - 2.268 ms
[logger] 2021-05-23T03:21:46.389Z POST /product/listByRecommend 200 894 - 3.417 ms
[logger] 2021-05-23T03:21:46.458Z POST /cart/count 200 66 - 2.203 ms
[logger] 2021-05-23T03:21:50.844Z POST /cart/count 200 66 - 2.309 ms
[logger] 2021-05-23T03:21:50.883Z POST /product/listByRecommend 200 894 - 3.101 ms
[logger] 2021-05-23T03:21:50.939Z POST /cart/count 200 66 - 2.157 ms
[logger] 2021-05-23T03:22:16.871Z POST /cart/count 200 66 - 1.623 ms
[logger] 2021-05-23T03:22:16.894Z POST /product/listByRecommend 200 894 - 3.405 ms
[logger] 2021-05-23T03:22:16.943Z POST /cart/count 200 66 - 1.848 ms
[logger] 2021-05-23T03:22:21.916Z POST /cart/count 200 66 - 1.751 ms
[logger] 2021-05-23T03:22:21.953Z POST /product/listByRecommend 200 894 - 3.160 ms
[logger] 2021-05-23T03:22:22.033Z POST /cart/count 200 66 - 2.339 ms
[logger] 2021-05-23T03:23:04.520Z POST /cart/count 200 66 - 1.791 ms
[logger] 2021-05-23T03:23:04.558Z POST /product/listByRecommend 200 894 - 3.293 ms
[logger] 2021-05-23T03:23:04.614Z POST /cart/count 200 66 - 2.017 ms
[logger] 2021-05-23T03:23:55.644Z POST /cart/count 200 66 - 2.261 ms
[logger] 2021-05-23T03:23:55.671Z POST /product/listByRecommend 200 894 - 3.993 ms
[logger] 2021-05-23T03:23:55.744Z POST /cart/count 200 66 - 9.828 ms
[logger] 2021-05-23T03:24:07.834Z POST /cart/count 200 66 - 1.813 ms
[logger] 2021-05-23T03:24:07.881Z POST /product/listByRecommend 200 894 - 7.230 ms
[logger] 2021-05-23T03:24:07.967Z POST /cart/count 200 66 - 2.217 ms
[logger] 2021-05-23T03:24:39.589Z POST /cart/count 200 66 - 1.107 ms
[logger] 2021-05-23T03:24:39.629Z POST /product/listByRecommend 200 894 - 3.005 ms
[logger] 2021-05-23T03:24:39.697Z POST /cart/count 200 66 - 2.156 ms
[logger] 2021-05-23T03:24:44.075Z POST /cart/count 200 66 - 1.675 ms
[logger] 2021-05-23T03:24:44.117Z POST /product/listByRecommend 200 894 - 4.600 ms
[logger] 2021-05-23T03:24:44.250Z POST /cart/count 200 66 - 3.881 ms
[logger] 2021-05-23T03:25:17.415Z POST /cart/count 200 66 - 1.906 ms
[logger] 2021-05-23T03:25:17.449Z POST /product/listByRecommend 200 894 - 3.038 ms
[logger] 2021-05-23T03:25:17.492Z POST /cart/count 200 66 - 1.893 ms
[logger] 2021-05-23T03:25:57.712Z POST /cart/count 200 66 - 3.539 ms
[logger] 2021-05-23T03:25:57.786Z POST /product/listByRecommend 200 894 - 8.285 ms
[logger] 2021-05-23T03:25:57.862Z POST /cart/count 200 66 - 5.636 ms
[logger] 2021-05-23T03:26:48.280Z POST /cart/count 200 66 - 1.410 ms
[logger] 2021-05-23T03:26:48.337Z POST /product/listByRecommend 200 894 - 5.339 ms
[logger] 2021-05-23T03:26:48.408Z POST /cart/count 200 66 - 2.677 ms
[logger] 2021-05-23T03:27:11.905Z POST /cart/count 200 66 - 1.623 ms
[logger] 2021-05-23T03:27:11.939Z POST /product/listByRecommend 200 894 - 3.176 ms
[logger] 2021-05-23T03:27:11.987Z POST /cart/count 200 66 - 1.920 ms
[logger] 2021-05-23T03:29:24.200Z POST /cart/count 200 66 - 2.477 ms
[logger] 2021-05-23T03:29:24.236Z POST /product/listByRecommend 200 894 - 5.113 ms
[logger] 2021-05-23T03:29:24.640Z POST /cart/count 200 66 - 1.515 ms
[logger] 2021-05-23T03:32:29.607Z POST /cart/count 200 66 - 1.524 ms
[logger] 2021-05-23T03:32:29.636Z POST /product/listByRecommend 200 894 - 5.182 ms
[logger] 2021-05-23T03:32:29.699Z POST /cart/count 200 66 - 1.957 ms
[logger] 2021-05-23T03:32:37.421Z POST /cart/count 200 66 - 2.115 ms
[logger] 2021-05-23T03:32:37.462Z POST /product/listByRecommend 200 894 - 5.833 ms
[logger] 2021-05-23T03:32:37.523Z POST /cart/count 200 66 - 2.559 ms
[logger] 2021-05-23T03:33:18.550Z POST /cart/count 200 66 - 1.868 ms
[logger] 2021-05-23T03:33:18.602Z POST /product/listByRecommend 200 894 - 3.949 ms
[logger] 2021-05-23T03:33:18.661Z POST /cart/count 200 66 - 2.015 ms
[logger] 2021-05-23T03:33:35.116Z POST /cart/count 200 66 - 1.092 ms
[logger] 2021-05-23T03:33:35.133Z POST /product/listByRecommend 200 894 - 2.447 ms
[logger] 2021-05-23T03:33:35.342Z POST /cart/count 200 66 - 1.477 ms
[logger] 2021-05-23T03:33:45.849Z POST /cart/count 200 66 - 2.103 ms
[logger] 2021-05-23T03:33:45.899Z POST /product/listByRecommend 200 894 - 5.282 ms
[logger] 2021-05-23T03:33:45.963Z POST /cart/count 200 66 - 2.518 ms
[logger] 2021-05-23T03:33:51.905Z POST /cart/count 200 66 - 1.354 ms
[logger] 2021-05-23T03:33:51.929Z POST /product/listByRecommend 200 894 - 2.641 ms
[logger] 2021-05-23T03:33:51.969Z POST /cart/count 200 66 - 1.502 ms
[logger] 2021-05-23T03:34:56.688Z POST /cart/count 200 66 - 1.517 ms
[logger] 2021-05-23T03:34:56.716Z POST /product/listByRecommend 200 894 - 3.171 ms
[logger] 2021-05-23T03:34:56.777Z POST /cart/count 200 66 - 2.793 ms
[logger] 2021-05-23T03:36:05.092Z POST /cart/count 200 66 - 2.161 ms
[logger] 2021-05-23T03:36:05.148Z POST /product/listByRecommend 200 894 - 4.064 ms
[logger] 2021-05-23T03:36:05.195Z POST /cart/count 200 66 - 2.343 ms
[logger] 2021-05-23T03:36:44.852Z POST /cart/count 200 66 - 1.385 ms
[logger] 2021-05-23T03:36:44.905Z POST /product/listByRecommend 200 894 - 2.549 ms
[logger] 2021-05-23T03:36:44.979Z POST /cart/count 200 66 - 1.806 ms
[logger] 2021-05-23T03:37:16.755Z POST /cart/count 200 66 - 1.314 ms
[logger] 2021-05-23T03:37:16.783Z POST /product/listByRecommend 200 894 - 2.824 ms
[logger] 2021-05-23T03:37:16.823Z POST /cart/count 200 66 - 1.480 ms
[logger] 2021-05-23T03:37:38.246Z POST /cart/count 200 66 - 2.063 ms
[logger] 2021-05-23T03:37:38.503Z POST /product/listByRecommend 200 894 - 2.692 ms
[logger] 2021-05-23T03:37:38.546Z POST /cart/count 200 66 - 1.664 ms
[logger] 2021-05-23T03:37:46.958Z POST /cart/count 200 66 - 3.403 ms
[logger] 2021-05-23T03:37:47.001Z POST /product/listByRecommend 200 894 - 4.157 ms
[logger] 2021-05-23T03:37:47.066Z POST /cart/count 200 66 - 1.791 ms
[logger] 2021-05-23T03:38:52.904Z POST /cart/count 200 66 - 4.779 ms
[logger] 2021-05-23T03:38:52.953Z POST /product/listByRecommend 200 894 - 7.261 ms
[logger] 2021-05-23T03:38:53.044Z POST /cart/count 200 66 - 2.032 ms
[logger] 2021-05-23T03:38:59.220Z POST /cart/count 200 66 - 1.257 ms
[logger] 2021-05-23T03:38:59.313Z POST /product/listByRecommend 200 894 - 2.370 ms
[logger] 2021-05-23T03:38:59.507Z POST /cart/count 200 66 - 1.694 ms
[logger] 2021-05-23T03:39:12.969Z POST /cart/count 200 66 - 1.326 ms
[logger] 2021-05-23T03:39:13.091Z POST /product/listByRecommend 200 894 - 3.835 ms
[logger] 2021-05-23T03:39:13.144Z POST /cart/count 200 66 - 1.698 ms
[logger] 2021-05-23T03:39:38.702Z POST /cart/count 200 66 - 4.455 ms
[logger] 2021-05-23T03:39:38.760Z POST /product/listByRecommend 200 894 - 5.393 ms
[logger] 2021-05-23T03:39:38.871Z POST /cart/count 200 66 - 3.996 ms
[logger] 2021-05-23T03:40:18.779Z POST /cart/count 200 66 - 1.691 ms
[logger] 2021-05-23T03:40:18.817Z POST /product/listByRecommend 200 894 - 2.840 ms
[logger] 2021-05-23T03:40:18.860Z POST /cart/count 200 66 - 1.643 ms
[logger] 2021-05-23T03:40:29.212Z POST /cart/count 200 66 - 1.585 ms
[logger] 2021-05-23T03:40:29.244Z POST /product/listByRecommend 200 894 - 3.013 ms
[logger] 2021-05-23T03:40:29.295Z POST /cart/count 200 66 - 1.644 ms
[logger] 2021-05-23T03:40:32.606Z POST /cart/count 200 66 - 1.765 ms
[logger] 2021-05-23T03:40:32.631Z POST /product/listByRecommend 200 894 - 2.773 ms
[logger] 2021-05-23T03:40:32.668Z POST /cart/count 200 66 - 1.657 ms
[logger] 2021-05-23T03:40:45.241Z POST /sort/list 200 462 - 3.328 ms
[logger] 2021-05-23T03:40:45.265Z POST /classify/list 200 316 - 1.824 ms
[logger] 2021-05-23T03:40:45.327Z POST /product/listByClassify 200 8213 - 4.043 ms
[logger] 2021-05-23T03:54:57.334Z POST /cart/count 200 66 - 49.623 ms
[logger] 2021-05-23T03:54:57.343Z POST /product/listByRecommend 200 894 - 23.810 ms
[logger] 2021-05-23T03:54:57.394Z POST /cart/count 200 66 - 2.096 ms
[logger] 2021-05-23T03:55:13.959Z POST /cart/count 200 66 - 2.700 ms
[logger] 2021-05-23T03:55:13.994Z POST /product/listByRecommend 200 894 - 3.659 ms
[logger] 2021-05-23T03:55:14.048Z POST /cart/count 200 66 - 2.993 ms
[logger] 2021-05-23T03:55:48.401Z POST /cart/count 200 66 - 3.066 ms
[logger] 2021-05-23T03:55:48.445Z POST /product/listByRecommend 200 894 - 4.627 ms
[logger] 2021-05-23T03:55:48.506Z POST /cart/count 200 66 - 2.897 ms
[logger] 2021-05-23T03:56:13.512Z POST /cart/count 200 66 - 2.946 ms
[logger] 2021-05-23T03:56:13.557Z POST /product/listByRecommend 200 894 - 6.187 ms
[logger] 2021-05-23T03:56:13.681Z POST /cart/count 200 66 - 3.289 ms
[logger] 2021-05-23T03:56:28.983Z POST /cart/count 200 66 - 3.075 ms
[logger] 2021-05-23T03:56:29.041Z POST /product/listByRecommend 200 894 - 6.238 ms
[logger] 2021-05-23T03:56:29.190Z POST /cart/count 200 66 - 6.413 ms
[logger] 2021-05-23T03:56:47.666Z POST /cart/count 200 66 - 1.349 ms
[logger] 2021-05-23T03:56:47.698Z POST /product/listByRecommend 200 894 - 5.231 ms
[logger] 2021-05-23T03:56:47.760Z POST /cart/count 200 66 - 2.385 ms
[logger] 2021-05-23T03:56:56.629Z POST /cart/count 200 66 - 1.847 ms
[logger] 2021-05-23T03:56:56.676Z POST /product/listByRecommend 200 894 - 7.246 ms
[logger] 2021-05-23T03:56:56.843Z POST /cart/count 200 66 - 2.295 ms
[logger] 2021-05-23T03:57:01.719Z POST /sys/rollList - - - - ms
[logger] 2021-05-23T03:57:01.783Z POST /sys/rollList - - - - ms
[logger] 2021-05-23T03:57:36.954Z POST /cart/count 200 66 - 48.991 ms
[logger] 2021-05-23T03:57:36.966Z POST /product/listByRecommend 200 894 - 28.832 ms
[logger] 2021-05-23T03:57:37.147Z POST /cart/count 200 66 - 28.736 ms
[logger] 2021-05-23T03:57:41.944Z POST /sys/rollList - - - - ms
[logger] 2021-05-23T03:57:41.982Z POST /sys/rollList - - - - ms
[logger] 2021-05-23T03:59:56.288Z POST /cart/count 200 65 - 61.428 ms
[logger] 2021-05-23T03:59:56.344Z POST /product/listByRecommend 200 894 - 87.964 ms
[logger] 2021-05-23T03:59:56.599Z POST /cart/count 200 65 - 26.830 ms
[logger] 2021-05-23T04:00:01.431Z POST /sys/rollList - - - - ms
[logger] 2021-05-23T04:00:01.487Z POST /sys/rollList - - - - ms
[logger] 2021-05-23T04:00:44.639Z POST /cart/count 200 65 - 73.076 ms
[logger] 2021-05-23T04:00:44.688Z POST /sys/rollList 200 396 - 44.936 ms
[logger] 2021-05-23T04:00:44.721Z POST /product/listByRecommend 200 894 - 121.031 ms
[logger] 2021-05-23T04:00:44.750Z POST /sys/rollList 200 396 - 71.736 ms
[logger] 2021-05-23T04:00:44.807Z POST /cart/count 200 65 - 30.257 ms
[logger] 2021-05-23T04:01:42.327Z POST /sort/list 200 462 - 37.290 ms
[logger] 2021-05-23T04:01:42.397Z POST /classify/list 200 316 - 40.465 ms
[logger] 2021-05-23T04:01:42.526Z POST /product/listByClassify 200 8213 - 69.844 ms
[logger] 2021-05-23T04:02:54.478Z POST /sort/list 200 462 - 34.489 ms
[logger] 2021-05-23T04:02:54.541Z POST /classify/list 200 316 - 34.360 ms
[logger] 2021-05-23T04:02:54.702Z POST /product/listByClassify 200 8213 - 67.224 ms
[logger] 2021-05-23T04:04:39.387Z POST /cart/count 200 65 - 47.748 ms
[logger] 2021-05-23T04:04:39.455Z POST /product/listByRecommend 200 894 - 61.819 ms
[logger] 2021-05-23T04:04:39.486Z POST /sys/rollList 200 396 - 38.817 ms
[logger] 2021-05-23T04:04:39.632Z POST /sys/rollList 200 396 - 31.133 ms
[logger] 2021-05-23T04:04:39.733Z POST /cart/count 200 65 - 29.464 ms
[logger] 2021-05-23T05:42:58.239Z POST /cart/count 200 65 - 102.072 ms
[logger] 2021-05-23T05:42:58.465Z POST /product/listByRecommend 200 894 - 65.540 ms
[logger] 2021-05-23T05:42:58.499Z POST /sys/rollList 200 396 - 29.803 ms
[logger] 2021-05-23T05:42:58.571Z POST /sys/rollList 200 396 - 27.036 ms
[logger] 2021-05-23T05:42:58.697Z POST /cart/count 200 65 - 83.965 ms
[logger] 2021-05-23T05:47:10.593Z POST /cart/count 200 65 - 29.278 ms
[logger] 2021-05-23T05:47:10.651Z POST /sys/rollList 200 396 - 59.529 ms
[logger] 2021-05-23T05:47:10.675Z POST /sys/rollList 200 396 - 72.604 ms
[logger] 2021-05-23T05:47:10.714Z POST /product/listByRecommend 200 894 - 137.066 ms
[logger] 2021-05-23T05:47:10.740Z POST /cart/count 200 65 - 106.444 ms
[logger] 2021-05-23T05:47:16.561Z POST /cart/count 200 65 - 27.198 ms
[logger] 2021-05-23T05:47:16.616Z POST /sys/rollList 200 396 - 49.627 ms
[logger] 2021-05-23T05:47:16.642Z POST /sys/rollList 200 396 - 60.660 ms
[logger] 2021-05-23T05:47:16.667Z POST /product/listByRecommend 200 894 - 116.027 ms
[logger] 2021-05-23T05:47:16.693Z POST /cart/count 200 65 - 85.477 ms
[logger] 2021-05-23T05:47:25.523Z POST /cart/count 200 65 - 45.667 ms
[logger] 2021-05-23T05:47:25.607Z POST /sys/rollList 200 396 - 39.891 ms
[logger] 2021-05-23T05:47:25.644Z POST /product/listByRecommend 200 894 - 96.000 ms
[logger] 2021-05-23T05:47:25.677Z POST /sys/rollList 200 396 - 72.988 ms
[logger] 2021-05-23T05:47:25.705Z POST /cart/count 200 65 - 67.540 ms
[logger] 2021-05-23T05:48:09.686Z POST /cart/count 200 65 - 28.751 ms
[logger] 2021-05-23T05:48:09.743Z POST /sys/rollList 200 396 - 54.575 ms
[logger] 2021-05-23T05:48:09.780Z POST /sys/rollList 200 396 - 79.853 ms
[logger] 2021-05-23T05:48:09.807Z POST /product/listByRecommend 200 894 - 132.303 ms
[logger] 2021-05-23T05:48:09.835Z POST /cart/count 200 65 - 109.579 ms
[logger] 2021-05-23T05:48:25.228Z POST /cart/count 200 65 - 31.920 ms
[logger] 2021-05-23T05:48:25.283Z POST /product/listByRecommend 200 894 - 65.531 ms
[logger] 2021-05-23T05:48:25.308Z POST /sys/rollList 200 396 - 45.707 ms
[logger] 2021-05-23T05:48:25.344Z POST /sys/rollList 200 396 - 70.616 ms
[logger] 2021-05-23T05:48:25.370Z POST /cart/count 200 65 - 47.113 ms
[logger] 2021-05-23T05:48:43.536Z POST /cart/count 200 65 - 25.957 ms
[logger] 2021-05-23T05:48:43.617Z POST /sys/rollList 200 396 - 60.363 ms
[logger] 2021-05-23T05:48:43.633Z POST /cart/count - - - - ms
[logger] 2021-05-23T05:48:43.634Z POST /product/listByRecommend - - - - ms
[logger] 2021-05-23T05:48:43.635Z POST /sys/rollList - - - - ms
[logger] 2021-05-23T05:48:45.319Z POST /cart/count 200 65 - 26.630 ms
[logger] 2021-05-23T05:48:45.383Z POST /sys/rollList 200 396 - 56.575 ms
[logger] 2021-05-23T05:48:45.430Z POST /sys/rollList 200 396 - 89.832 ms
[logger] 2021-05-23T05:48:45.463Z POST /product/listByRecommend 200 894 - 151.239 ms
[logger] 2021-05-23T05:48:45.490Z POST /cart/count 200 65 - 127.469 ms
[logger] 2021-05-23T05:49:00.262Z POST /cart/count 200 65 - 35.850 ms
[logger] 2021-05-23T05:49:00.314Z POST /sys/rollList 200 396 - 53.927 ms
[logger] 2021-05-23T05:49:00.339Z POST /sys/rollList 200 396 - 62.146 ms
[logger] 2021-05-23T05:49:00.366Z POST /product/listByRecommend 200 894 - 120.920 ms
[logger] 2021-05-23T05:49:00.391Z POST /cart/count 200 65 - 75.362 ms
[logger] 2021-05-23T05:49:07.145Z POST /cart/count 200 65 - 26.780 ms
[logger] 2021-05-23T05:49:07.203Z POST /sys/rollList 200 396 - 46.960 ms
[logger] 2021-05-23T05:49:07.234Z POST /product/listByRecommend 200 894 - 95.320 ms
[logger] 2021-05-23T05:49:07.267Z POST /sys/rollList 200 396 - 83.108 ms
[logger] 2021-05-23T05:49:07.292Z POST /cart/count 200 65 - 69.726 ms
[logger] 2021-05-23T05:49:13.113Z POST /cart/count 200 65 - 25.864 ms
[logger] 2021-05-23T05:49:13.169Z POST /sys/rollList 200 396 - 52.867 ms
[logger] 2021-05-23T05:49:13.197Z POST /sys/rollList 200 396 - 67.904 ms
[logger] 2021-05-23T05:49:13.234Z POST /product/listByRecommend 200 894 - 130.411 ms
[logger] 2021-05-23T05:49:13.266Z POST /cart/count 200 65 - 107.098 ms
[logger] 2021-05-23T05:49:17.066Z POST /cart/count 200 65 - 48.553 ms
[logger] 2021-05-23T05:49:17.124Z POST /sys/rollList 200 396 - 79.460 ms
[logger] 2021-05-23T05:49:17.151Z POST /sys/rollList 200 396 - 94.154 ms
[logger] 2021-05-23T05:49:17.170Z POST /product/listByRecommend - - - - ms
[logger] 2021-05-23T05:49:17.170Z POST /cart/count - - - - ms
[logger] 2021-05-23T05:49:18.497Z POST /cart/count 200 65 - 28.766 ms
[logger] 2021-05-23T05:49:18.550Z POST /sys/rollList 200 396 - 72.415 ms
[logger] 2021-05-23T05:49:18.575Z POST /sys/rollList 200 396 - 77.637 ms
[logger] 2021-05-23T05:49:18.602Z POST /product/listByRecommend 200 894 - 131.934 ms
[logger] 2021-05-23T05:49:18.627Z POST /cart/count 200 65 - 68.339 ms
[logger] 2021-05-23T05:49:28.345Z POST /sort/list 200 462 - 40.658 ms
[logger] 2021-05-23T05:49:28.383Z POST /classify/list 200 316 - 61.411 ms
[logger] 2021-05-23T05:49:28.533Z POST /product/listByClassify 200 8213 - 93.580 ms
[logger] 2021-05-23T05:49:29.847Z POST /cart/list 200 589 - 29.034 ms
[logger] 2021-05-23T05:49:29.910Z POST /product/listByRecommend 200 894 - 74.092 ms
[logger] 2021-05-23T05:49:33.657Z POST /order/list 200 14511 - 391.954 ms
[logger] 2021-05-23T05:49:35.420Z POST /order/info 200 1107 - 68.379 ms
[logger] 2021-05-23T05:49:35.472Z POST /product/listByRecommend 200 894 - 100.653 ms
[logger] 2021-05-23T05:50:26.317Z POST /order/list 200 14511 - 402.992 ms
[logger] 2021-05-23T05:50:37.618Z POST /cart/count 200 65 - 30.599 ms
[logger] 2021-05-23T05:50:37.706Z POST /product/listByRecommend 200 894 - 63.122 ms
[logger] 2021-05-23T05:50:37.776Z POST /sys/rollList 200 396 - 85.123 ms
[logger] 2021-05-23T05:50:37.814Z POST /sys/rollList 200 396 - 67.620 ms
[logger] 2021-05-23T05:50:37.851Z POST /cart/count 200 65 - 38.805 ms
[logger] 2021-05-23T05:50:45.375Z POST /sort/list 200 462 - 30.139 ms
[logger] 2021-05-23T05:50:45.400Z POST /classify/list 200 316 - 37.776 ms
[logger] 2021-05-23T05:50:45.488Z POST /product/listByClassify 200 8213 - 58.205 ms
[logger] 2021-05-23T05:50:47.071Z POST /cart/list 200 589 - 53.730 ms
[logger] 2021-05-23T05:50:47.138Z POST /product/listByRecommend 200 894 - 102.391 ms
[logger] 2021-05-23T05:52:06.598Z POST /cart/count 200 65 - 31.265 ms
[logger] 2021-05-23T05:52:06.681Z POST /sys/rollList 200 396 - 87.774 ms
[logger] 2021-05-23T05:52:06.712Z POST /sys/rollList 200 396 - 103.603 ms
[logger] 2021-05-23T05:52:06.738Z POST /product/listByRecommend 200 894 - 160.016 ms
[logger] 2021-05-23T05:52:06.762Z POST /cart/count 200 65 - 125.785 ms
[logger] 2021-05-23T05:52:08.556Z POST /cart/list 200 589 - 30.626 ms
[logger] 2021-05-23T05:52:08.619Z POST /product/listByRecommend 200 894 - 79.051 ms
[logger] 2021-05-23T05:52:17.830Z POST /cart/count 200 65 - 33.581 ms
[logger] 2021-05-23T05:52:17.888Z POST /sys/rollList 200 396 - 46.728 ms
[logger] 2021-05-23T05:52:17.915Z POST /product/listByRecommend 200 894 - 91.985 ms
[logger] 2021-05-23T05:52:17.951Z POST /sys/rollList 200 396 - 91.516 ms
[logger] 2021-05-23T05:52:17.976Z POST /cart/count 200 65 - 66.120 ms
[logger] 2021-05-23T05:52:29.475Z POST /cart/count 200 65 - 45.995 ms
[logger] 2021-05-23T05:52:29.576Z POST /product/listByRecommend 200 894 - 65.675 ms
[logger] 2021-05-23T05:52:29.608Z POST /sys/rollList 200 396 - 66.058 ms
[logger] 2021-05-23T05:52:29.635Z POST /sys/rollList 200 396 - 80.323 ms
[logger] 2021-05-23T05:52:29.660Z POST /cart/count 200 65 - 72.999 ms
[logger] 2021-05-23T05:52:33.880Z POST /cart/list 200 589 - 27.865 ms
[logger] 2021-05-23T05:52:33.933Z POST /product/listByRecommend 200 894 - 63.483 ms
[logger] 2021-05-23T05:52:51.125Z POST /cart/count 200 65 - 37.843 ms
[logger] 2021-05-23T05:52:51.189Z POST /sys/rollList 200 396 - 64.984 ms
[logger] 2021-05-23T05:52:51.215Z POST /sys/rollList 200 396 - 76.410 ms
[logger] 2021-05-23T05:52:51.256Z POST /product/listByRecommend 200 894 - 147.856 ms
[logger] 2021-05-23T05:52:51.288Z POST /cart/count 200 65 - 118.415 ms
[logger] 2021-05-23T05:52:56.223Z POST /cart/count 200 65 - 35.159 ms
[logger] 2021-05-23T05:52:56.307Z POST /sys/rollList 200 396 - 88.315 ms
[logger] 2021-05-23T05:52:56.342Z POST /sys/rollList 200 396 - 111.824 ms
[logger] 2021-05-23T05:52:56.371Z POST /product/listByRecommend 200 894 - 165.593 ms
[logger] 2021-05-23T05:52:56.398Z POST /cart/count 200 65 - 129.151 ms
[logger] 2021-05-23T05:52:58.485Z POST /cart/list 200 589 - 28.473 ms
[logger] 2021-05-23T05:52:58.554Z POST /product/listByRecommend 200 894 - 74.585 ms
[logger] 2021-05-23T05:53:31.119Z POST /cart/count 200 65 - 28.652 ms
[logger] 2021-05-23T05:53:31.173Z POST /sys/rollList 200 396 - 48.714 ms
[logger] 2021-05-23T05:53:31.200Z POST /product/listByRecommend 200 894 - 93.028 ms
[logger] 2021-05-23T05:53:31.224Z POST /sys/rollList 200 396 - 80.223 ms
[logger] 2021-05-23T05:53:31.251Z POST /cart/count 200 65 - 75.007 ms
[logger] 2021-05-23T05:53:35.619Z POST /cart/count 200 65 - 39.183 ms
[logger] 2021-05-23T05:53:35.681Z POST /sys/rollList 200 396 - 70.759 ms
[logger] 2021-05-23T05:53:35.706Z POST /sys/rollList 200 396 - 80.269 ms
[logger] 2021-05-23T05:53:35.735Z POST /product/listByRecommend 200 894 - 141.547 ms
[logger] 2021-05-23T05:53:35.761Z POST /cart/count 200 65 - 106.127 ms
[logger] 2021-05-23T05:53:37.872Z POST /cart/list 200 589 - 26.257 ms
[logger] 2021-05-23T05:53:37.937Z POST /product/listByRecommend 200 894 - 66.487 ms
[logger] 2021-05-23T05:54:40.178Z POST /cart/count 200 65 - 26.989 ms
[logger] 2021-05-23T05:54:40.238Z POST /sys/rollList 200 396 - 51.414 ms
[logger] 2021-05-23T05:54:40.263Z POST /sys/rollList 200 396 - 61.769 ms
[logger] 2021-05-23T05:54:40.288Z POST /product/listByRecommend 200 894 - 118.605 ms
[logger] 2021-05-23T05:54:40.313Z POST /cart/count 200 65 - 82.411 ms
[logger] 2021-05-23T05:54:42.131Z POST /cart/list 200 589 - 26.409 ms
[logger] 2021-05-23T05:54:42.192Z POST /product/listByRecommend 200 894 - 72.322 ms
[logger] 2021-05-23T05:55:34.270Z POST /cart/count 200 65 - 26.081 ms
[logger] 2021-05-23T05:55:34.328Z POST /sys/rollList 200 396 - 30.748 ms
[logger] 2021-05-23T05:55:34.356Z POST /product/listByRecommend 200 894 - 87.037 ms
[logger] 2021-05-23T05:55:34.380Z POST /sys/rollList 200 396 - 61.222 ms
[logger] 2021-05-23T05:55:34.426Z POST /cart/count 200 65 - 25.917 ms
[logger] 2021-05-23T05:55:36.507Z POST /cart/list 200 589 - 30.261 ms
[logger] 2021-05-23T05:55:36.557Z POST /product/listByRecommend 200 894 - 61.913 ms
[logger] 2021-05-23T05:56:14.045Z POST /cart/count 200 65 - 25.611 ms
[logger] 2021-05-23T05:56:14.111Z POST /sys/rollList 200 396 - 61.556 ms
[logger] 2021-05-23T05:56:14.147Z POST /sys/rollList 200 396 - 79.372 ms
[logger] 2021-05-23T05:56:14.183Z POST /product/listByRecommend 200 894 - 148.037 ms
[logger] 2021-05-23T05:56:14.241Z POST /cart/count 200 65 - 150.237 ms
[logger] 2021-05-23T05:56:16.864Z POST /cart/list 200 589 - 32.477 ms
[logger] 2021-05-23T05:56:16.941Z POST /product/listByRecommend 200 894 - 92.191 ms
[logger] 2021-05-23T05:56:37.852Z POST /cart/count 200 65 - 26.134 ms
[logger] 2021-05-23T05:56:37.909Z POST /sys/rollList 200 396 - 25.853 ms
[logger] 2021-05-23T05:56:37.936Z POST /product/listByRecommend 200 894 - 86.606 ms
[logger] 2021-05-23T05:56:37.983Z POST /sys/rollList 200 396 - 27.783 ms
[logger] 2021-05-23T05:56:38.067Z POST /cart/count 200 65 - 36.613 ms
[logger] 2021-05-23T05:56:39.695Z POST /cart/list 200 589 - 27.035 ms
[logger] 2021-05-23T05:56:39.772Z POST /product/listByRecommend 200 894 - 83.132 ms
[logger] 2021-05-23T05:59:04.527Z POST /cart/count 200 65 - 34.431 ms
[logger] 2021-05-23T05:59:04.578Z POST /sys/rollList 200 396 - 34.702 ms
[logger] 2021-05-23T05:59:04.605Z POST /sys/rollList 200 396 - 53.756 ms
[logger] 2021-05-23T05:59:04.637Z POST /product/listByRecommend 200 894 - 124.179 ms
[logger] 2021-05-23T05:59:04.661Z POST /cart/count 200 65 - 75.849 ms
[logger] 2021-05-23T05:59:06.442Z POST /cart/list 200 589 - 28.120 ms
[logger] 2021-05-23T05:59:06.494Z POST /product/listByRecommend 200 894 - 63.088 ms
[logger] 2021-05-23T05:59:30.721Z POST /cart/count 200 65 - 27.111 ms
[logger] 2021-05-23T05:59:30.775Z POST /sys/rollList 200 396 - 39.113 ms
[logger] 2021-05-23T05:59:30.806Z POST /product/listByRecommend 200 894 - 95.614 ms
[logger] 2021-05-23T05:59:30.830Z POST /sys/rollList 200 396 - 54.376 ms
[logger] 2021-05-23T05:59:30.951Z POST /cart/count 200 65 - 30.100 ms
[logger] 2021-05-23T05:59:32.970Z POST /cart/list 200 589 - 27.404 ms
[logger] 2021-05-23T05:59:33.027Z POST /product/listByRecommend 200 894 - 66.084 ms
[logger] 2021-05-23T05:59:47.944Z POST /cart/list 200 589 - 42.576 ms
[logger] 2021-05-23T05:59:47.995Z POST /product/listByRecommend 200 894 - 66.566 ms
[logger] 2021-05-23T09:31:45.246Z POST /cart/count - - - - ms
[logger] 2021-05-23T09:31:45.269Z POST /product/listByRecommend - - - - ms
[logger] 2021-05-23T09:31:45.282Z POST /sys/rollList - - - - ms
[logger] 2021-05-23T09:31:45.301Z POST /sys/rollList - - - - ms
[logger] 2021-05-23T09:31:45.338Z POST /cart/count - - - - ms
[logger] 2021-05-23T09:32:12.635Z POST /cart/count 200 65 - 101.099 ms
[logger] 2021-05-23T09:32:12.687Z POST /sys/rollList 200 396 - 82.354 ms
[logger] 2021-05-23T09:32:12.717Z POST /sys/rollList 200 396 - 109.312 ms
[logger] 2021-05-23T09:32:12.772Z POST /cart/count 200 65 - 122.511 ms
[logger] 2021-05-23T09:32:12.808Z POST /product/listByRecommend 200 894 - 203.940 ms
[logger] 2021-05-23T09:32:19.263Z POST /sort/list 200 462 - 27.556 ms
[logger] 2021-05-23T09:32:19.289Z POST /classify/list 200 316 - 31.781 ms
[logger] 2021-05-23T09:32:19.381Z POST /product/listByClassify 200 8213 - 63.064 ms
[logger] 2021-05-23T09:32:21.099Z POST /cart/list 200 589 - 36.316 ms
[logger] 2021-05-23T09:32:21.191Z POST /product/listByRecommend 200 894 - 106.569 ms
[logger] 2021-05-23T09:34:20.597Z POST /cart/count 200 65 - 26.669 ms
[logger] 2021-05-23T09:34:20.678Z POST /product/listByRecommend 200 894 - 53.599 ms
[logger] 2021-05-23T09:34:20.704Z POST /sys/rollList 200 396 - 37.821 ms
[logger] 2021-05-23T09:34:20.859Z POST /sys/rollList 200 396 - 167.339 ms
[logger] 2021-05-23T09:34:20.860Z POST /cart/count 200 65 - 144.764 ms
[logger] 2021-05-23T09:34:23.254Z POST /cart/list 200 589 - 33.300 ms
[logger] 2021-05-23T09:34:23.309Z POST /product/listByRecommend 200 894 - 68.420 ms
[logger] 2021-05-23T09:36:05.073Z POST /cart/count 200 65 - 28.374 ms
[logger] 2021-05-23T09:36:05.132Z POST /product/listByRecommend 200 894 - 53.819 ms
[logger] 2021-05-23T09:36:05.167Z POST /sys/rollList 200 396 - 32.960 ms
[logger] 2021-05-23T09:36:05.191Z POST /sys/rollList 200 396 - 38.324 ms
[logger] 2021-05-23T09:36:05.219Z POST /cart/count 200 65 - 34.816 ms
[logger] 2021-05-23T09:36:06.623Z POST /cart/list 200 589 - 27.868 ms
[logger] 2021-05-23T09:36:06.676Z POST /product/listByRecommend 200 894 - 60.117 ms
[logger] 2021-05-23T09:36:57.769Z POST /cart/count 200 65 - 27.052 ms
[logger] 2021-05-23T09:36:57.820Z POST /sys/rollList 200 396 - 41.689 ms
[logger] 2021-05-23T09:36:57.848Z POST /sys/rollList 200 396 - 55.700 ms
[logger] 2021-05-23T09:36:57.879Z POST /product/listByRecommend 200 894 - 117.360 ms
[logger] 2021-05-23T09:36:57.908Z POST /cart/count 200 65 - 76.022 ms
[logger] 2021-05-23T09:37:04.988Z POST /cart/count 200 65 - 50.145 ms
[logger] 2021-05-23T09:37:05.041Z POST /sys/rollList 200 396 - 31.378 ms
[logger] 2021-05-23T09:37:05.070Z POST /product/listByRecommend 200 894 - 114.690 ms
[logger] 2021-05-23T09:37:05.099Z POST /sys/rollList 200 396 - 79.269 ms
[logger] 2021-05-23T09:37:05.124Z POST /cart/count 200 65 - 80.055 ms
[logger] 2021-05-23T09:37:07.722Z POST /cart/list 200 589 - 30.189 ms
[logger] 2021-05-23T09:37:07.775Z POST /product/listByRecommend 200 894 - 64.511 ms
[logger] 2021-05-23T09:39:55.552Z POST /cart/count 200 65 - 29.992 ms
[logger] 2021-05-23T09:39:55.604Z POST /sys/rollList 200 396 - 55.845 ms
[logger] 2021-05-23T09:39:55.638Z POST /sys/rollList 200 396 - 76.332 ms
[logger] 2021-05-23T09:39:55.666Z POST /product/listByRecommend 200 894 - 130.357 ms
[logger] 2021-05-23T09:39:55.694Z POST /cart/count 200 65 - 109.576 ms
[logger] 2021-05-23T09:41:41.108Z POST /cart/count 200 65 - 57.723 ms
[logger] 2021-05-23T09:41:41.159Z POST /sys/rollList 200 396 - 70.760 ms
[logger] 2021-05-23T09:41:41.185Z POST /sys/rollList 200 396 - 73.382 ms
[logger] 2021-05-23T09:41:41.211Z POST /product/listByRecommend 200 894 - 140.222 ms
[logger] 2021-05-23T09:41:41.236Z POST /cart/count 200 65 - 89.873 ms
[logger] 2021-05-23T09:41:41.273Z POST /cart/count 200 65 - 52.398 ms
[logger] 2021-05-23T09:41:41.326Z POST /sys/rollList 200 396 - 78.484 ms
[logger] 2021-05-23T09:41:41.354Z POST /sys/rollList 200 396 - 93.644 ms
[logger] 2021-05-23T09:41:41.379Z POST /cart/count 200 65 - 96.667 ms
[logger] 2021-05-23T09:41:41.410Z POST /product/listByRecommend 200 894 - 177.908 ms
[logger] 2021-05-23T14:28:46.417Z POST /cart/count - - - - ms
[logger] 2021-05-23T14:28:46.453Z POST /product/listByRecommend - - - - ms
[logger] 2021-05-23T14:28:46.490Z POST /sys/rollList - - - - ms
[logger] 2021-05-23T14:28:46.511Z POST /sys/rollList - - - - ms
[logger] 2021-05-23T14:28:46.543Z POST /cart/count - - - - ms
[logger] 2021-05-23T14:28:46.640Z POST /user/wxLogin - - - - ms
[logger] 2021-05-23T14:29:05.518Z POST /cart/count - - - - ms
[logger] 2021-05-23T14:29:05.535Z POST /product/listByRecommend - - - - ms
[logger] 2021-05-23T14:29:05.551Z POST /sys/rollList - - - - ms
[logger] 2021-05-23T14:29:05.572Z POST /sys/rollList - - - - ms
[logger] 2021-05-23T14:29:05.612Z POST /cart/count - - - - ms
[logger] 2021-05-23T14:29:05.777Z POST /user/wxLogin - - - - ms
[logger] 2021-05-23T14:29:52.249Z POST /cart/count 200 65 - 184.501 ms
[logger] 2021-05-23T14:29:52.315Z POST /sys/rollList 200 396 - 103.368 ms
[logger] 2021-05-23T14:29:52.349Z POST /sys/rollList 200 396 - 135.283 ms
[logger] 2021-05-23T14:29:52.382Z POST /cart/count 200 65 - 167.058 ms
[logger] 2021-05-23T14:29:52.419Z POST /product/listByRecommend 200 894 - 208.823 ms
[logger] 2021-05-23T14:29:53.122Z POST /user/wxLogin 200 383 - 431.071 ms
[logger] 2021-05-23T14:29:53.202Z POST /cart/count 200 65 - 34.603 ms
[logger] 2021-05-23T14:30:47.253Z POST /cart/count 200 65 - 33.507 ms
[logger] 2021-05-23T14:30:47.317Z POST /sys/rollList 200 396 - 69.998 ms
[logger] 2021-05-23T14:30:47.351Z POST /sys/rollList 200 396 - 88.680 ms
[logger] 2021-05-23T14:30:47.386Z POST /product/listByRecommend 200 894 - 155.704 ms
[logger] 2021-05-23T14:30:47.421Z POST /cart/count 200 65 - 127.496 ms
[logger] 2021-05-23T14:31:11.645Z POST /cart/count 200 65 - 35.890 ms
[logger] 2021-05-23T14:31:11.710Z POST /sys/rollList 200 396 - 63.254 ms
[logger] 2021-05-23T14:31:11.743Z POST /sys/rollList 200 396 - 75.130 ms
[logger] 2021-05-23T14:31:11.782Z POST /product/listByRecommend 200 894 - 154.458 ms
[logger] 2021-05-23T14:31:11.814Z POST /cart/count 200 65 - 114.028 ms
[logger] 2021-05-23T14:31:24.020Z POST /cart/count 200 65 - 65.075 ms
[logger] 2021-05-23T14:31:24.093Z POST /sys/rollList 200 396 - 81.481 ms
[logger] 2021-05-23T14:31:24.145Z POST /sys/rollList 200 396 - 121.162 ms
[logger] 2021-05-23T14:31:24.185Z POST /cart/count 200 65 - 133.887 ms
[logger] 2021-05-23T14:31:24.225Z POST /product/listByRecommend 200 894 - 247.526 ms
[logger] 2021-05-23T14:31:46.113Z POST /cart/count 200 65 - 33.555 ms
[logger] 2021-05-23T14:31:46.185Z POST /sys/rollList 200 396 - 68.535 ms
[logger] 2021-05-23T14:31:46.220Z POST /product/listByRecommend 200 894 - 124.145 ms
[logger] 2021-05-23T14:31:46.261Z POST /sys/rollList 200 396 - 93.448 ms
[logger] 2021-05-23T14:31:46.293Z POST /cart/count 200 65 - 87.278 ms
[logger] 2021-05-23T14:32:48.247Z POST /cart/count 200 65 - 33.805 ms
[logger] 2021-05-23T14:32:48.345Z POST /sys/rollList 200 396 - 34.930 ms
[logger] 2021-05-23T14:32:48.379Z POST /product/listByRecommend 200 894 - 111.878 ms
[logger] 2021-05-23T14:32:48.413Z POST /sys/rollList 200 396 - 74.852 ms
[logger] 2021-05-23T14:32:48.446Z POST /cart/count 200 65 - 34.497 ms
[logger] 2021-05-23T14:34:25.575Z POST /cart/count 200 65 - 32.002 ms
[logger] 2021-05-23T14:34:25.647Z POST /sys/rollList 200 396 - 60.699 ms
[logger] 2021-05-23T14:34:25.676Z POST /sys/rollList 200 396 - 74.830 ms
[logger] 2021-05-23T14:34:25.714Z POST /product/listByRecommend 200 894 - 149.629 ms
[logger] 2021-05-23T14:34:25.747Z POST /cart/count 200 65 - 102.019 ms
[logger] 2021-05-23T14:36:07.408Z POST /cart/count 200 65 - 33.517 ms
[logger] 2021-05-23T14:36:07.474Z POST /product/listByRecommend 200 894 - 87.644 ms
[logger] 2021-05-23T14:36:07.587Z POST /sys/rollList 200 396 - 35.452 ms
[logger] 2021-05-23T14:36:07.620Z POST /sys/rollList 200 396 - 38.250 ms
[logger] 2021-05-23T14:36:07.652Z POST /cart/count 200 65 - 45.870 ms
[logger] 2021-05-23T14:36:30.764Z POST /cart/count 200 65 - 34.851 ms
[logger] 2021-05-23T14:36:30.828Z POST /sys/rollList 200 396 - 69.652 ms
[logger] 2021-05-23T14:36:30.860Z POST /sys/rollList 200 396 - 85.373 ms
[logger] 2021-05-23T14:36:30.896Z POST /product/listByRecommend 200 894 - 152.102 ms
[logger] 2021-05-23T14:36:30.930Z POST /cart/count 200 65 - 129.915 ms
[logger] 2021-05-23T14:36:54.526Z POST /cart/count 200 65 - 33.802 ms
[logger] 2021-05-23T14:36:54.593Z POST /sys/rollList 200 396 - 64.958 ms
[logger] 2021-05-23T14:36:54.625Z POST /sys/rollList 200 396 - 78.035 ms
[logger] 2021-05-23T14:36:54.663Z POST /product/listByRecommend 200 894 - 154.384 ms
[logger] 2021-05-23T14:36:54.695Z POST /cart/count 200 65 - 122.729 ms
