[logger] GET /vue-element-admin/transaction/list?_t=1606945476062 404 173 - 61.249 ms
[logger] GET /vue-element-admin/transaction/list?_t=1606954490754 404 173 - 5.482 ms
[logger] GET /vue-element-admin/transaction/list?_t=1606955070515 404 173 - 1.506 ms
[logger] GET /vue-element-admin/transaction/list?_t=1606955106339 404 173 - 0.784 ms
[logger] GET /vue-element-admin/transaction/list?_t=1606955173980 404 173 - 0.474 ms
[logger] GET /vue-element-admin/transaction/list?_t=1606955252971 404 173 - 1.535 ms
[logger] GET /vue-element-admin/transaction/list?_t=1606955477652 404 173 - 0.683 ms
[logger] GET /vue-element-admin/transaction/list?_t=1606955574498 404 173 - 0.771 ms
[logger] GET /vue-element-admin/transaction/list?_t=1606955589828 404 173 - 0.740 ms
[logger] GET /vue-element-admin/transaction/list?_t=1606955699268 404 173 - 0.688 ms
[logger] GET /vue-element-admin/transaction/list?_t=1606955742016 404 173 - 1.094 ms
[logger] GET /vue-element-admin/transaction/list?_t=1606955876501 404 173 - 1.222 ms
[logger] GET /vue-element-admin/transaction/list?_t=1606956162411 404 173 - 2.041 ms
[logger] GET /vue-element-admin/transaction/list?_t=1606956200631 404 173 - 1.199 ms
[logger] GET /vue-element-admin/transaction/list?_t=1606956235702 404 173 - 0.598 ms
[logger] GET /vue-element-admin/transaction/list?_t=1606956306382 404 173 - 0.746 ms
[logger] GET /vue-element-admin/transaction/list?_t=1606956319075 404 173 - 0.612 ms
[logger] GET /vue-element-admin/transaction/list?_t=1606956326256 404 173 - 0.666 ms
[logger] GET /vue-element-admin/transaction/list?_t=1606956333169 404 173 - 0.613 ms
[logger] Thu, 03 Dec 2020 06:11:11 GMT POST /user/login?_t=1606975868066 200 584 - 3063.668 ms
[logger] Thu, 03 Dec 2020 06:11:11 GMT GET /vue-element-admin/transaction/list?_t=1606975871464 404 173 - 2.750 ms
[logger] Thu, 03 Dec 2020 06:11:20 GMT GET /vue-element-admin/transaction/list?_t=1606975879740 404 173 - 0.768 ms
[logger] - GET /vue-element-admin/transaction/list?_t=1606975969579 404 173 - 5.117 ms
[logger] 2020-12-03T06:13:09.500Z GET /vue-element-admin/transaction/list?_t=1606975989248 404 173 - 5.553 ms
