[access] GET /user/getUserInfo?_t=1606117824223 200 1023 - 125.585 ms
[access] GET /vue-element-admin/transaction/list?_t=1606117825307 404 173 - 3.983 ms
[access] GET /user/getUserInfo?_t=1606117843015 200 1023 - 2.566 ms
[access] GET /vue-element-admin/transaction/list?_t=1606117843892 404 173 - 0.807 ms
[logger] GET /user/getUserInfo?_t=1606118103824 200 1023 - 10.428 ms
[logger] GET /vue-element-admin/transaction/list?_t=1606118104679 404 173 - 3.357 ms
[logger] GET http://wx.qlogo.cn/mmhead/ver_1/UCjyiaNuTbdOtQnI6BVbBy6QkR87R6ibC4CwLx2ibXJh1DMMI4JgvBFTsLmRkIeso8tbWZfibXXSnNBPfoE65GNohSlqvlgWgGKhQBlkfAp7MYg/132 404 267 - 0.718 ms
[logger] GET /user/getUserInfo?_t=1606118599442 200 1023 - 6.914 ms
[logger] GET /vue-element-admin/transaction/list?_t=1606118600432 404 173 - 0.951 ms
[logger] GET /user/getUserInfo?_t=1606118842957 200 1023 - 1.818 ms
[logger] GET /vue-element-admin/transaction/list?_t=1606118843672 404 173 - 0.697 ms
[logger] GET /user/getUserInfo?_t=1606119426078 200 1023 - 2.062 ms
[logger] GET /vue-element-admin/transaction/list?_t=1606119426877 404 173 - 0.625 ms
[logger] GET /user/getUserInfo?_t=1606119519788 200 1023 - 3.061 ms
[logger] GET /vue-element-admin/transaction/list?_t=1606119520726 404 173 - 0.469 ms
[logger] GET /user/getUserInfo?_t=1606119618030 200 1023 - 2.798 ms
[logger] GET /user/getUserInfo?_t=1606119938859 200 1023 - 1.844 ms
[logger] GET http://wx.qlogo.cn/mmcrhead/NoFChqEQomG2ngPs51YFIy37m9wZVlLrBT13WMibeSGjqsiado7cCkhHCjPfvW4Coghy8qJaG7kcVLsxwS37DBpupxQFu5KVk0/0 404 248 - 0.381 ms
[logger] GET http://wx.qlogo.cn/mmcrhead/uI5pczeERTZfVZEOeFS0nDTwdDMzgvegQCqzztv1pTialMw1SwyX68q9picw3htLtuesyVYjlBNykzNOFefwDwiaPL8dHgYc0zM/0 404 249 - 0.590 ms
[logger] GET http://wx.qlogo.cn/mmcrhead/uI5pczeERTZfVZEOeFS0nDTwdDMzgvegQCqzztv1pTialMw1SwyX68q9picw3htLtuesyVYjlBNykzNOFefwDwiaPL8dHgYc0zM/0 404 249 - 0.353 ms
[logger] GET http://wx.qlogo.cn/mmcrhead/uI5pczeERTZfVZEOeFS0nDTwdDMzgvegQCqzztv1pTialMw1SwyX68q9picw3htLtuesyVYjlBNykzNOFefwDwiaPL8dHgYc0zM/0 404 249 - 0.352 ms
[logger] GET http://wx.qlogo.cn/mmcrhead/uI5pczeERTZfVZEOeFS0nDTwdDMzgvegQCqzztv1pTialMw1SwyX68q9picw3htLtuesyVYjlBNykzNOFefwDwiaPL8dHgYc0zM/0 404 249 - 0.359 ms
[logger] GET /user/getUserInfo?_t=1606120414682 200 1023 - 2.095 ms
[logger] GET /user/getUserInfo?_t=1606120448498 200 1023 - 1.587 ms
[logger] GET /user/getUserInfo?_t=1606120482411 401 13 - 2.099 ms
[logger] POST /user/login?_t=1606120484126 200 1218 - 115.547 ms
[logger] GET /user/getUserInfo?_t=1606120484260 200 1023 - 1.481 ms
[logger] GET http://wx.qlogo.cn/mmcrhead/uI5pczeERTZfVZEOeFS0nDTwdDMzgvegQCqzztv1pTialMw1SwyX68q9picw3htLtuesyVYjlBNykzNOFefwDwiaPL8dHgYc0zM/0 404 249 - 0.438 ms
[logger] GET http://wx.qlogo.cn/mmcrhead/uI5pczeERTZfVZEOeFS0nDTwdDMzgvegQCqzztv1pTialMw1SwyX68q9picw3htLtuesyVYjlBNykzNOFefwDwiaPL8dHgYc0zM/0 404 249 - 0.420 ms
[logger] GET http://wx.qlogo.cn/mmcrhead/uI5pczeERTZfVZEOeFS0nDTwdDMzgvegQCqzztv1pTialMw1SwyX68q9picw3htLtuesyVYjlBNykzNOFefwDwiaPL8dHgYc0zM/0 404 249 - 0.344 ms
[logger] GET http://wx.qlogo.cn/mmcrhead/uI5pczeERTZfVZEOeFS0nDTwdDMzgvegQCqzztv1pTialMw1SwyX68q9picw3htLtuesyVYjlBNykzNOFefwDwiaPL8dHgYc0zM/0 404 249 - 120.900 ms
