2021-05-23 08:38:13: redis启动成功
2021-05-23 08:38:13: null OK
2021-05-23 08:38:13: null aa
2021-05-23 08:38:13: null { a: 'aa' }
2021-05-23 08:39:03: redis启动成功
2021-05-23 08:39:03: null OK
2021-05-23 08:39:03: null aa
2021-05-23 08:39:03: null { a: 'aa' }
2021-05-23 08:39:45: redis启动成功
2021-05-23 08:39:45: null OK
2021-05-23 08:39:45: null aa
2021-05-23 08:39:45: null { a: 'aa' }
2021-05-23 08:39:58: redis启动成功
2021-05-23 08:39:58: null OK
2021-05-23 08:39:58: null aa
2021-05-23 08:39:58: null { a: 'aa' }
2021-05-23 08:40:22: redis启动成功
2021-05-23 08:40:22: null OK
2021-05-23 08:40:22: null aa
2021-05-23 08:40:22: null { a: 'aa' }
2021-05-23 11:41:48: redis启动成功
2021-05-23 11:41:48: null OK
2021-05-23 11:41:48: null aa
2021-05-23 11:41:48: null { a: 'aa' }
2021-05-23 11:42:23: redis启动成功
2021-05-23 11:42:23: null OK
2021-05-23 11:42:23: null aa
2021-05-23 11:42:24: null { a: 'aa' }
2021-05-23 11:42:45: redis启动成功
2021-05-23 11:42:45: null OK
2021-05-23 11:42:45: null aa
2021-05-23 11:42:45: null { a: 'aa' }
2021-05-23 11:51:43: redis启动成功
2021-05-23 11:51:43: null OK
2021-05-23 11:51:43: null aa
2021-05-23 11:51:43: null { a: 'aa' }
2021-05-23 11:52:18: redis启动成功
2021-05-23 11:52:18: null OK
2021-05-23 11:52:18: null aa
2021-05-23 11:52:18: null { a: 'aa' }
2021-05-23 11:52:24: redis启动成功
2021-05-23 11:52:24: null OK
2021-05-23 11:52:24: null aa
2021-05-23 11:52:24: null { a: 'aa' }
2021-05-23 11:52:40: redis启动成功
2021-05-23 11:52:40: null OK
2021-05-23 11:52:40: null aa
2021-05-23 11:52:40: null { a: 'aa' }
2021-05-23 11:52:54: redis启动成功
2021-05-23 11:52:54: null OK
2021-05-23 11:52:54: null aa
2021-05-23 11:52:54: null { a: 'aa' }
2021-05-23 11:53:07: redis启动成功
2021-05-23 11:53:07: null OK
2021-05-23 11:53:07: null aa
2021-05-23 11:53:07: null { a: 'aa' }
2021-05-23 11:53:17: redis启动成功
2021-05-23 11:53:17: null OK
2021-05-23 11:53:17: null aa
2021-05-23 11:53:17: null null
2021-05-23 11:53:23: redis启动成功
2021-05-23 11:53:23: null OK
2021-05-23 11:53:23: null aa
2021-05-23 11:53:23: null { a: 'aa' }
2021-05-23 11:53:46: redis启动成功
2021-05-23 11:53:46: null OK
2021-05-23 11:53:46: null aa
2021-05-23 11:53:46: null null
2021-05-23 11:53:51: redis启动成功
2021-05-23 11:53:51: null OK
2021-05-23 11:53:51: null aa
2021-05-23 11:53:51: null { a: 'aa' }
2021-05-23 11:54:02: redis启动成功
2021-05-23 11:54:02: null OK
2021-05-23 11:54:02: null aa
2021-05-23 11:54:02: null { a: 'aa' }
2021-05-24 11:28:13: redis启动成功
2021-05-24 11:28:13: null OK
2021-05-24 11:28:13: null aa
2021-05-24 11:28:13: null { a: 'aa' }
2021-05-24 15:42:05: SELECT * FROM tbl_product WHERE id IN (SELECT products FROM tbl_recommend WHERE type=0) LIMIT 0,10
2021-05-25 05:15:07: redis启动成功
2021-05-25 05:15:07: null OK
2021-05-25 05:15:07: null TOKEN:DJShd7HOE_xp5GIl0uRMnrAvCvEO0TED
2021-05-25 05:15:07: ReplyError: WRONGTYPE Operation against a key holding the wrong kind of value
    at parseError (F:\wlProjects\dxsApi\node_modules\redis-parser\lib\parser.js:179:12)
    at parseType (F:\wlProjects\dxsApi\node_modules\redis-parser\lib\parser.js:302:14) {
  command: 'HGETALL',
  args: [ 'TOKEN:DJShd7HOE_xp5GIl0uRMnrAvCvEO0TED' ],
  code: 'WRONGTYPE'
} undefined
2021-05-25 05:16:23: SELECT * FROM tbl_product WHERE id IN (SELECT products FROM tbl_recommend WHERE type=0) LIMIT 0,10
2021-05-25 05:38:57: SELECT * FROM tbl_product WHERE id IN (SELECT products FROM tbl_recommend WHERE type=0) LIMIT 0,10
2021-05-25 05:39:48: SELECT * FROM tbl_product WHERE id IN (SELECT products FROM tbl_recommend WHERE type=0) LIMIT 0,10
2021-05-25 05:39:51: SELECT * FROM tbl_product WHERE id IN (SELECT products FROM tbl_recommend WHERE type=0) LIMIT 0,10
2021-05-25 05:41:07: SELECT * FROM tbl_product WHERE id IN (SELECT products FROM tbl_recommend WHERE type=0) LIMIT 0,10
2021-05-25 05:41:31: SELECT * FROM tbl_product WHERE id IN (SELECT products FROM tbl_recommend WHERE type=0) LIMIT 0,10
2021-05-25 05:43:01: SELECT * FROM tbl_product WHERE id IN (SELECT products FROM tbl_recommend WHERE type=0) LIMIT 0,10
2021-05-25 05:45:17: SELECT * FROM tbl_product WHERE id IN (SELECT products FROM tbl_recommend WHERE type=0) LIMIT 0,10
2021-05-25 05:45:31: SELECT * FROM tbl_product WHERE id IN (SELECT products FROM tbl_recommend WHERE type=0) LIMIT 0,10
2021-05-25 05:46:12: SELECT * FROM tbl_product WHERE id IN (SELECT products FROM tbl_recommend WHERE type=0) LIMIT 0,10
2021-05-25 05:46:25: SELECT * FROM tbl_product WHERE id IN (SELECT products FROM tbl_recommend WHERE type=0) LIMIT 0,10
2021-05-25 05:46:52: SELECT * FROM tbl_product WHERE id IN (SELECT products FROM tbl_recommend WHERE type=0) LIMIT 0,10
2021-05-25 05:47:50: SELECT SUM(count) as TOTAL,a.id as cart_id FROM tbl_cart a INNER JOIN tbl_product b ON (a.product_id = b.id) WHERE b.sales_status=1 and a.product_id=3 and a.uid='oQ_p-wUcgzn8w4t7KsIM2MnJxw2Q'
2021-05-25 05:49:09: SELECT * FROM tbl_product WHERE id IN (SELECT products FROM tbl_recommend WHERE type=0) LIMIT 0,10
2021-05-25 06:00:04: SELECT * FROM tbl_product WHERE id IN (SELECT products FROM tbl_recommend WHERE type=0) LIMIT 0,10
2021-05-25 06:00:13: SELECT * FROM tbl_product WHERE id IN (SELECT products FROM tbl_recommend WHERE type=0) LIMIT 0,10
2021-05-25 06:00:33: SELECT * FROM tbl_product WHERE id IN (SELECT products FROM tbl_recommend WHERE type=0) LIMIT 0,10
2021-05-25 06:00:52: SELECT * FROM tbl_product WHERE id IN (SELECT products FROM tbl_recommend WHERE type=0) LIMIT 0,10
2021-05-25 06:01:42: SELECT * FROM tbl_product WHERE id IN (SELECT products FROM tbl_recommend WHERE type=0) LIMIT 0,10
2021-05-25 06:02:16: SELECT * FROM tbl_product WHERE id IN (SELECT products FROM tbl_recommend WHERE type=0) LIMIT 0,10
2021-05-25 06:02:55: SELECT * FROM tbl_product WHERE id IN (SELECT products FROM tbl_recommend WHERE type=0) LIMIT 0,10
2021-05-25 06:03:15: SELECT * FROM tbl_product WHERE id IN (SELECT products FROM tbl_recommend WHERE type=0) LIMIT 0,10
2021-05-25 06:03:18: SELECT * FROM tbl_product WHERE id IN (SELECT products FROM tbl_recommend WHERE type=0) LIMIT 0,10
2021-05-25 06:03:56: SELECT * FROM tbl_product WHERE id IN (SELECT products FROM tbl_recommend WHERE type=0) LIMIT 0,10
2021-05-25 06:04:19: SELECT * FROM tbl_product WHERE id IN (SELECT products FROM tbl_recommend WHERE type=0) LIMIT 0,10
2021-05-25 06:04:42: SELECT * FROM tbl_product WHERE id IN (SELECT products FROM tbl_recommend WHERE type=0) LIMIT 0,10
2021-05-25 06:04:52: SELECT * FROM tbl_product WHERE id IN (SELECT products FROM tbl_recommend WHERE type=0) LIMIT 0,10
2021-05-25 06:05:38: SELECT * FROM tbl_product WHERE id IN (SELECT products FROM tbl_recommend WHERE type=0) LIMIT 0,10
2021-05-25 06:05:55: SELECT * FROM tbl_product WHERE id IN (SELECT products FROM tbl_recommend WHERE type=0) LIMIT 0,10
2021-05-25 06:06:28: SELECT * FROM tbl_product WHERE id IN (SELECT products FROM tbl_recommend WHERE type=0) LIMIT 0,10
2021-05-25 06:06:32: SELECT * FROM tbl_product WHERE id IN (SELECT products FROM tbl_recommend WHERE type=0) LIMIT 0,10
2021-05-25 06:07:01: SELECT * FROM tbl_product WHERE id IN (SELECT products FROM tbl_recommend WHERE type=0) LIMIT 0,10
2021-05-25 06:08:03: SELECT * FROM tbl_product WHERE id IN (SELECT products FROM tbl_recommend WHERE type=0) LIMIT 0,10
2021-05-25 06:08:20: SELECT * FROM tbl_product WHERE id IN (SELECT products FROM tbl_recommend WHERE type=0) LIMIT 0,10
2021-05-25 06:09:31: SELECT * FROM tbl_product WHERE id IN (SELECT products FROM tbl_recommend WHERE type=0) LIMIT 0,10
2021-05-25 06:10:00: SELECT * FROM tbl_product WHERE id IN (SELECT products FROM tbl_recommend WHERE type=0) LIMIT 0,10
2021-05-25 06:11:04: SELECT * FROM tbl_product WHERE id IN (SELECT products FROM tbl_recommend WHERE type=0) LIMIT 0,10
2021-05-25 06:11:20: SELECT * FROM tbl_product WHERE id IN (SELECT products FROM tbl_recommend WHERE type=0) LIMIT 0,10
2021-05-25 06:11:30: SELECT * FROM tbl_product WHERE id IN (SELECT products FROM tbl_recommend WHERE type=0) LIMIT 0,10
2021-05-25 06:11:46: SELECT * FROM tbl_product WHERE id IN (SELECT products FROM tbl_recommend WHERE type=0) LIMIT 0,10
2021-05-25 06:11:52: SELECT * FROM tbl_product WHERE id IN (SELECT products FROM tbl_recommend WHERE type=0) LIMIT 0,10
2021-05-25 06:12:20: SELECT * FROM tbl_product WHERE id IN (SELECT products FROM tbl_recommend WHERE type=0) LIMIT 0,10
2021-05-25 06:12:52: SELECT * FROM tbl_product WHERE id IN (SELECT products FROM tbl_recommend WHERE type=0) LIMIT 0,10
2021-05-25 06:13:06: SELECT * FROM tbl_product WHERE id IN (SELECT products FROM tbl_recommend WHERE type=0) LIMIT 0,10
2021-05-25 06:13:45: SELECT * FROM tbl_product WHERE id IN (SELECT products FROM tbl_recommend WHERE type=0) LIMIT 0,10
2021-05-25 06:14:51: SELECT * FROM tbl_product WHERE id IN (SELECT products FROM tbl_recommend WHERE type=0) LIMIT 0,10
2021-05-25 06:14:58: SELECT * FROM tbl_product WHERE id IN (SELECT products FROM tbl_recommend WHERE type=0) LIMIT 0,10
2021-05-25 06:15:24: SELECT * FROM tbl_product WHERE id IN (SELECT products FROM tbl_recommend WHERE type=0) LIMIT 0,10
2021-05-25 06:15:31: SELECT * FROM tbl_product WHERE id IN (SELECT products FROM tbl_recommend WHERE type=0) LIMIT 0,10
2021-05-25 06:15:54: SELECT * FROM tbl_product WHERE id IN (SELECT products FROM tbl_recommend WHERE type=0) LIMIT 0,10
2021-05-25 06:16:39: SELECT * FROM tbl_product WHERE id IN (SELECT products FROM tbl_recommend WHERE type=0) LIMIT 0,10
2021-05-25 06:17:35: SELECT * FROM tbl_product WHERE id IN (SELECT products FROM tbl_recommend WHERE type=0) LIMIT 0,10
2021-05-25 06:18:09: SELECT * FROM tbl_product WHERE id IN (SELECT products FROM tbl_recommend WHERE type=0) LIMIT 0,10
2021-05-25 08:42:20: SELECT * FROM tbl_product WHERE id IN (SELECT products FROM tbl_recommend WHERE type=0) LIMIT 0,10
2021-05-25 08:42:43: SELECT * FROM tbl_product WHERE id IN (SELECT products FROM tbl_recommend WHERE type=0) LIMIT 0,10
2021-05-25 08:42:49: SELECT * FROM tbl_product WHERE id IN (SELECT products FROM tbl_recommend WHERE type=0) LIMIT 0,10
2021-05-25 08:42:57: SELECT * FROM tbl_product WHERE id IN (SELECT products FROM tbl_recommend WHERE type=0) LIMIT 0,10
2021-05-25 08:43:08: SELECT * FROM tbl_product WHERE id IN (SELECT products FROM tbl_recommend WHERE type=0) LIMIT 0,10
2021-05-25 08:43:25: SELECT * FROM tbl_product WHERE id IN (SELECT products FROM tbl_recommend WHERE type=0) LIMIT 0,10
2021-05-25 08:43:31: SELECT * FROM tbl_product WHERE id IN (SELECT products FROM tbl_recommend WHERE type=0) LIMIT 0,10
2021-05-25 08:48:19: SELECT * FROM tbl_product WHERE id IN (SELECT products FROM tbl_recommend WHERE type=0) LIMIT 0,10
2021-05-25 08:48:23: SELECT * FROM tbl_product WHERE id IN (SELECT products FROM tbl_recommend WHERE type=0) LIMIT 0,10
2021-05-25 08:49:05: SELECT * FROM tbl_product WHERE id IN (SELECT products FROM tbl_recommend WHERE type=0) LIMIT 0,10
2021-05-25 08:49:26: SELECT * FROM tbl_product WHERE id IN (SELECT products FROM tbl_recommend WHERE type=0) LIMIT 0,10
2021-05-25 08:49:27: SELECT * FROM tbl_product WHERE id IN (SELECT products FROM tbl_recommend WHERE type=0) LIMIT 0,10
2021-05-25 08:49:41: SELECT * FROM tbl_product WHERE id IN (SELECT products FROM tbl_recommend WHERE type=0) LIMIT 0,10
2021-05-25 08:50:06: SELECT * FROM tbl_product WHERE id IN (SELECT products FROM tbl_recommend WHERE type=0) LIMIT 0,10
2021-05-25 08:50:34: SELECT * FROM tbl_product WHERE id IN (SELECT products FROM tbl_recommend WHERE type=0) LIMIT 0,10
2021-05-25 08:50:41: SELECT * FROM tbl_product WHERE id IN (SELECT products FROM tbl_recommend WHERE type=0) LIMIT 0,10
2021-05-25 08:51:09: SELECT * FROM tbl_product WHERE id IN (SELECT products FROM tbl_recommend WHERE type=0) LIMIT 0,10
2021-05-25 08:51:16: SELECT * FROM tbl_product WHERE id IN (SELECT products FROM tbl_recommend WHERE type=0) LIMIT 0,10
2021-05-25 08:53:01: SELECT * FROM tbl_product WHERE id IN (SELECT products FROM tbl_recommend WHERE type=0) LIMIT 0,10
2021-05-25 08:53:20: SELECT * FROM tbl_product WHERE id IN (SELECT products FROM tbl_recommend WHERE type=0) LIMIT 0,10
2021-05-25 08:54:57: SELECT * FROM tbl_product WHERE id IN (SELECT products FROM tbl_recommend WHERE type=0) LIMIT 0,10
2021-05-25 08:55:10: SELECT * FROM tbl_product WHERE id IN (SELECT products FROM tbl_recommend WHERE type=0) LIMIT 0,10
2021-05-25 08:55:20: SELECT * FROM tbl_product WHERE id IN (SELECT products FROM tbl_recommend WHERE type=0) LIMIT 0,10
2021-05-25 08:55:41: SELECT * FROM tbl_product WHERE id IN (SELECT products FROM tbl_recommend WHERE type=0) LIMIT 0,10
2021-05-25 08:56:10: SELECT * FROM tbl_product WHERE id IN (SELECT products FROM tbl_recommend WHERE type=2) LIMIT 0,10
2021-05-25 08:56:13: SELECT SUM(count) as TOTAL,a.id as cart_id FROM tbl_cart a INNER JOIN tbl_product b ON (a.product_id = b.id) WHERE b.sales_status=1 and a.product_id=1 and a.uid='oQ_p-wUcgzn8w4t7KsIM2MnJxw2Q'
2021-05-25 08:57:33: redis启动成功
2021-05-25 08:57:33: null OK
2021-05-25 08:57:33: null aa
2021-05-25 08:57:33: null { a: 'aa' }
2021-05-25 08:57:34: SELECT * FROM tbl_product WHERE id IN (SELECT products FROM tbl_recommend WHERE type=0) LIMIT 0,10
2021-05-25 08:58:16: redis启动成功
2021-05-25 08:58:16: null OK
2021-05-25 08:58:16: null aa
2021-05-25 08:58:16: null { a: 'aa' }
2021-05-25 09:03:19: redis启动成功
2021-05-25 09:03:19: null OK
2021-05-25 09:03:19: null aa
2021-05-25 09:03:19: null { a: 'aa' }
2021-05-25 09:08:21: redis启动成功
2021-05-25 09:08:21: null OK
2021-05-25 09:08:21: null aa
2021-05-25 09:08:21: null { a: 'aa' }
2021-05-25 09:13:23: redis启动成功
2021-05-25 09:13:23: null OK
2021-05-25 09:13:23: null aa
2021-05-25 09:13:23: null { a: 'aa' }
2021-05-25 09:18:27: redis启动成功
2021-05-25 09:18:27: null OK
2021-05-25 09:18:27: null aa
2021-05-25 09:18:27: null { a: 'aa' }
2021-05-25 09:23:31: redis启动成功
2021-05-25 09:23:31: null OK
2021-05-25 09:23:31: null aa
2021-05-25 09:23:31: null { a: 'aa' }
2021-05-25 09:28:35: redis启动成功
2021-05-25 09:28:35: null OK
2021-05-25 09:28:35: null aa
2021-05-25 09:28:35: null { a: 'aa' }
2021-05-25 09:30:37: SELECT * FROM tbl_product WHERE id IN (SELECT products FROM tbl_recommend WHERE type=0) LIMIT 0,10
2021-05-25 09:31:17: SELECT * FROM tbl_product WHERE id IN (SELECT products FROM tbl_recommend WHERE type=0) LIMIT 0,10
2021-05-25 09:31:18: SELECT * FROM tbl_product WHERE id IN (SELECT products FROM tbl_recommend WHERE type=0) LIMIT 0,10
2021-05-25 09:36:23: redis启动成功
2021-05-25 09:36:23: null OK
2021-05-25 09:36:23: null aa
2021-05-25 09:36:23: null { a: 'aa' }
2021-05-25 09:36:33: SELECT * FROM tbl_product WHERE id IN (SELECT products FROM tbl_recommend WHERE type=0) LIMIT 0,10
2021-05-25 09:36:46: SELECT * FROM tbl_product WHERE id IN (SELECT products FROM tbl_recommend WHERE type=0) LIMIT 0,10
2021-05-25 09:37:47: SELECT * FROM tbl_product WHERE id IN (SELECT products FROM tbl_recommend WHERE type=0) LIMIT 0,10
2021-05-25 09:42:49: redis启动成功
2021-05-25 09:42:49: null OK
2021-05-25 09:42:49: null aa
2021-05-25 09:42:49: null { a: 'aa' }
2021-05-25 09:43:34: SELECT * FROM tbl_product WHERE id IN (SELECT products FROM tbl_recommend WHERE type=0) LIMIT 0,10
2021-05-25 09:43:55: SELECT * FROM tbl_product WHERE id IN (SELECT products FROM tbl_recommend WHERE type=0) LIMIT 0,10
2021-05-25 09:49:01: redis启动成功
2021-05-25 09:49:01: null OK
2021-05-25 09:49:01: null aa
2021-05-25 09:49:01: null { a: 'aa' }
2021-05-25 09:49:03: SELECT * FROM tbl_product WHERE id IN (SELECT products FROM tbl_recommend WHERE type=0) LIMIT 0,10
2021-05-25 09:54:08: redis启动成功
2021-05-25 09:54:08: null OK
2021-05-25 09:54:08: null aa
2021-05-25 09:54:08: null { a: 'aa' }
2021-05-25 09:54:15: SELECT * FROM tbl_product WHERE id IN (SELECT products FROM tbl_recommend WHERE type=0) LIMIT 0,10
2021-05-25 09:54:41: SELECT * FROM tbl_product WHERE id IN (SELECT products FROM tbl_recommend WHERE type=0) LIMIT 0,10
2021-05-25 09:59:44: redis启动成功
2021-05-25 09:59:44: null OK
2021-05-25 09:59:44: null aa
2021-05-25 09:59:44: null { a: 'aa' }
2021-05-25 10:02:37: SELECT * FROM tbl_product WHERE id IN (SELECT products FROM tbl_recommend WHERE type=0) LIMIT 0,10
2021-05-25 10:02:53: SELECT * FROM tbl_product WHERE id IN (SELECT products FROM tbl_recommend WHERE type=0) LIMIT 0,10
2021-05-25 10:03:30: SELECT * FROM tbl_product WHERE id IN (SELECT products FROM tbl_recommend WHERE type=0) LIMIT 0,10
2021-05-25 10:03:34: SELECT * FROM tbl_product WHERE id IN (SELECT products FROM tbl_recommend WHERE type=0) LIMIT 0,10
2021-05-25 10:08:35: redis启动成功
2021-05-25 10:08:35: null OK
2021-05-25 10:08:35: null aa
2021-05-25 10:08:35: null { a: 'aa' }
2021-05-25 10:13:40: redis启动成功
2021-05-25 10:13:40: null OK
2021-05-25 10:13:40: null aa
2021-05-25 10:13:40: null { a: 'aa' }
2021-05-25 10:18:44: redis启动成功
2021-05-25 10:18:44: null OK
2021-05-25 10:18:44: null aa
2021-05-25 10:18:44: null { a: 'aa' }
2021-05-25 10:23:45: redis启动成功
2021-05-25 10:23:45: null OK
2021-05-25 10:23:45: null aa
2021-05-25 10:23:45: null { a: 'aa' }
2021-05-25 10:25:40: SELECT * FROM tbl_product WHERE id IN (SELECT products FROM tbl_recommend WHERE type=0) LIMIT 0,10
2021-05-25 10:30:43: redis启动成功
2021-05-25 10:30:43: null OK
2021-05-25 10:30:43: null aa
2021-05-25 10:30:43: null { a: 'aa' }
2021-05-25 10:31:17: SELECT * FROM tbl_product WHERE id IN (SELECT products FROM tbl_recommend WHERE type=0) LIMIT 0,10
2021-05-25 10:31:29: SELECT * FROM tbl_product WHERE id IN (SELECT products FROM tbl_recommend WHERE type=0) LIMIT 0,10
2021-05-25 10:31:52: SELECT * FROM tbl_product WHERE id IN (SELECT products FROM tbl_recommend WHERE type=0) LIMIT 0,10
2021-05-25 10:36:56: redis启动成功
2021-05-25 10:36:56: null OK
2021-05-25 10:36:56: null aa
2021-05-25 10:36:56: null { a: 'aa' }
2021-05-25 10:41:58: redis启动成功
2021-05-25 10:41:58: null OK
2021-05-25 10:41:58: null aa
2021-05-25 10:41:58: null { a: 'aa' }
2021-05-25 10:47:01: redis启动成功
2021-05-25 10:47:01: null OK
2021-05-25 10:47:01: null aa
2021-05-25 10:47:01: null { a: 'aa' }
2021-05-25 10:52:05: redis启动成功
2021-05-25 10:52:05: null OK
2021-05-25 10:52:05: null aa
2021-05-25 10:52:05: null { a: 'aa' }
2021-05-25 10:57:09: redis启动成功
2021-05-25 10:57:09: null OK
2021-05-25 10:57:09: null aa
2021-05-25 10:57:09: null { a: 'aa' }
2021-05-25 11:02:12: redis启动成功
2021-05-25 11:02:12: null OK
2021-05-25 11:02:12: null aa
2021-05-25 11:02:12: null { a: 'aa' }
2021-05-25 11:07:16: redis启动成功
2021-05-25 11:07:16: null OK
2021-05-25 11:07:16: null aa
2021-05-25 11:07:16: null { a: 'aa' }
2021-05-25 11:12:21: redis启动成功
2021-05-25 11:12:21: null OK
2021-05-25 11:12:21: null aa
2021-05-25 11:12:21: null { a: 'aa' }
2021-05-25 11:17:25: redis启动成功
2021-05-25 11:17:25: null OK
2021-05-25 11:17:25: null aa
2021-05-25 11:17:25: null { a: 'aa' }
2021-05-25 11:22:28: redis启动成功
2021-05-25 11:22:28: null OK
2021-05-25 11:22:28: null aa
2021-05-25 11:22:28: null { a: 'aa' }
2021-05-25 11:27:33: redis启动成功
2021-05-25 11:27:33: null OK
2021-05-25 11:27:33: null aa
2021-05-25 11:27:33: null { a: 'aa' }
2021-05-25 11:32:35: redis启动成功
2021-05-25 11:32:35: null OK
2021-05-25 11:32:35: null aa
2021-05-25 11:32:35: null { a: 'aa' }
2021-05-25 11:37:37: redis启动成功
2021-05-25 11:37:37: null OK
2021-05-25 11:37:37: null aa
2021-05-25 11:37:37: null { a: 'aa' }
2021-05-25 11:42:40: redis启动成功
2021-05-25 11:42:40: null OK
2021-05-25 11:42:40: null aa
2021-05-25 11:42:40: null { a: 'aa' }
2021-05-25 11:47:43: redis启动成功
2021-05-25 11:47:43: null OK
2021-05-25 11:47:43: null aa
2021-05-25 11:47:43: null { a: 'aa' }
2021-05-25 11:52:46: redis启动成功
2021-05-25 11:52:46: null OK
2021-05-25 11:52:46: null aa
2021-05-25 11:52:46: null { a: 'aa' }
2021-05-25 11:57:51: redis启动成功
2021-05-25 11:57:51: null OK
2021-05-25 11:57:51: null aa
2021-05-25 11:57:51: null { a: 'aa' }
2021-05-25 12:02:53: redis启动成功
2021-05-25 12:02:53: null OK
2021-05-25 12:02:53: null aa
2021-05-25 12:02:53: null { a: 'aa' }
2021-05-25 12:07:55: redis启动成功
2021-05-25 12:07:55: null OK
2021-05-25 12:07:55: null aa
2021-05-25 12:07:55: null { a: 'aa' }
2021-05-25 12:13:00: redis启动成功
2021-05-25 12:13:00: null OK
2021-05-25 12:13:00: null aa
2021-05-25 12:13:00: null { a: 'aa' }
2021-05-25 12:18:03: redis启动成功
2021-05-25 12:18:03: null OK
2021-05-25 12:18:03: null aa
2021-05-25 12:18:03: null { a: 'aa' }
2021-05-25 12:23:07: redis启动成功
2021-05-25 12:23:07: null OK
2021-05-25 12:23:07: null aa
2021-05-25 12:23:07: null { a: 'aa' }
2021-05-25 12:28:11: redis启动成功
2021-05-25 12:28:11: null OK
2021-05-25 12:28:11: null aa
2021-05-25 12:28:11: null { a: 'aa' }
2021-05-25 12:33:13: redis启动成功
2021-05-25 12:33:13: null OK
2021-05-25 12:33:13: null aa
2021-05-25 12:33:13: null { a: 'aa' }
2021-05-25 12:38:16: redis启动成功
2021-05-25 12:38:16: null OK
2021-05-25 12:38:16: null aa
2021-05-25 12:38:16: null { a: 'aa' }
2021-05-25 12:43:19: redis启动成功
2021-05-25 12:43:19: null OK
2021-05-25 12:43:19: null aa
2021-05-25 12:43:19: null { a: 'aa' }
2021-05-25 14:01:20: redis启动成功
2021-05-25 14:01:20: null OK
2021-05-25 14:01:20: null aa
2021-05-25 14:01:20: null { a: 'aa' }
2021-05-25 14:06:24: redis启动成功
2021-05-25 14:06:24: null OK
2021-05-25 14:06:24: null aa
2021-05-25 14:06:24: null { a: 'aa' }
2021-05-25 14:11:27: redis启动成功
2021-05-25 14:11:27: null OK
2021-05-25 14:11:27: null aa
2021-05-25 14:11:27: null { a: 'aa' }
2021-05-25 14:16:30: redis启动成功
2021-05-25 14:16:30: null OK
2021-05-25 14:16:30: null aa
2021-05-25 14:16:30: null { a: 'aa' }
2021-05-25 14:16:56: SELECT * FROM tbl_product WHERE id IN (SELECT products FROM tbl_recommend WHERE type=4) LIMIT 0,10
2021-05-25 14:16:59: SELECT * FROM tbl_product WHERE id IN (SELECT products FROM tbl_recommend WHERE type=4) LIMIT 0,10
2021-05-25 14:17:02: SELECT * FROM tbl_product WHERE id IN (SELECT products FROM tbl_recommend WHERE type=4) LIMIT 0,10
2021-05-25 14:17:27: SELECT * FROM tbl_product WHERE id IN (SELECT products FROM tbl_recommend WHERE type=0) LIMIT 0,10
2021-05-25 14:17:31: SELECT * FROM tbl_product WHERE id IN (SELECT products FROM tbl_recommend WHERE type=0) LIMIT 0,10
2021-05-25 14:17:40: SELECT * FROM tbl_product WHERE id IN (SELECT products FROM tbl_recommend WHERE type=0) LIMIT 0,10
2021-05-25 14:18:06: SELECT * FROM tbl_product WHERE id IN (SELECT products FROM tbl_recommend WHERE type=0) LIMIT 0,10
2021-05-25 14:18:37: SELECT * FROM tbl_product WHERE id IN (SELECT products FROM tbl_recommend WHERE type=0) LIMIT 0,10
2021-05-25 14:18:41: SELECT * FROM tbl_product WHERE id IN (SELECT products FROM tbl_recommend WHERE type=0) LIMIT 0,10
2021-05-25 14:19:05: SELECT * FROM tbl_product WHERE id IN (SELECT products FROM tbl_recommend WHERE type=2) LIMIT 0,10
2021-05-25 14:24:19: redis启动成功
2021-05-25 14:24:19: null OK
2021-05-25 14:24:19: null aa
2021-05-25 14:24:19: null { a: 'aa' }
2021-05-25 14:24:27: SELECT * FROM tbl_product WHERE id IN (SELECT products FROM tbl_recommend WHERE type=0) LIMIT 0,10
2021-05-25 14:24:39: SELECT * FROM tbl_product WHERE id IN (SELECT products FROM tbl_recommend WHERE type=0) LIMIT 0,10
2021-05-25 14:24:49: SELECT * FROM tbl_product WHERE id IN (SELECT products FROM tbl_recommend WHERE type=2) LIMIT 0,10
2021-05-25 14:24:50: SELECT SUM(count) as TOTAL,a.id as cart_id FROM tbl_cart a INNER JOIN tbl_product b ON (a.product_id = b.id) WHERE b.sales_status=1 and a.product_id=1 and a.uid='oQ_p-wUcgzn8w4t7KsIM2MnJxw2Q'
2021-05-25 14:29:56: redis启动成功
2021-05-25 14:29:56: null OK
2021-05-25 14:29:56: null aa
2021-05-25 14:29:56: null { a: 'aa' }
2021-05-25 14:35:00: redis启动成功
2021-05-25 14:35:00: null OK
2021-05-25 14:35:00: null aa
2021-05-25 14:35:00: null { a: 'aa' }
2021-05-25 14:40:03: redis启动成功
2021-05-25 14:40:03: null OK
2021-05-25 14:40:03: null aa
2021-05-25 14:40:03: null { a: 'aa' }
2021-05-25 14:45:08: redis启动成功
2021-05-25 14:45:08: null OK
2021-05-25 14:45:08: null aa
2021-05-25 14:45:08: null { a: 'aa' }
2021-05-25 14:50:14: redis启动成功
2021-05-25 14:50:14: null OK
2021-05-25 14:50:14: null aa
2021-05-25 14:50:15: null { a: 'aa' }
2021-05-25 14:55:21: redis启动成功
2021-05-25 14:55:21: null OK
2021-05-25 14:55:21: null aa
2021-05-25 14:55:21: null { a: 'aa' }
2021-05-25 15:00:26: redis启动成功
2021-05-25 15:00:26: null OK
2021-05-25 15:00:26: null aa
2021-05-25 15:00:26: null { a: 'aa' }
